[Licensing::Module] Trying to connect to existing licensing client channel...
[Licensing::IpcConnector] Successfully connected to: "LicenseClient-신명근" at "2025-12-17T19:30:43.1115219Z"
Built from '6000.3/respin/6000.3.1f1-f56f53296c2c' branch; Version is '6000.3.1f1 (37142da19a94) revision 3609645'; Using compiler version '194234433'; Build Type 'Release'
OS: 'Windows 11  (10.0.26100) 64bit Core' Language: 'ko' Physical Memory: 32491 MB
BatchMode: 1, IsHumanControllingUs: 0, StartBugReporterOnCrash: 0, Is64bit: 1
Date: 2025-12-17T19:30:43Z

COMMAND LINE ARGUMENTS:
C:\Unity Editor\6000.3.1f1\Editor\Unity.exe
-adb2
-batchMode
-noUpm
-name
AssetImportWorker47
-projectPath
C:/Unity Project/GamZem
-logFile
Logs/AssetImportWorker47.log
-srvPort
58655
-licensingIpc
LicenseClient-신명근
-job-worker-count
15
-background-job-worker-count
8
-gc-helper-count
1
-name
AssetImport
Successfully changed project path to: C:/Unity Project/GamZem
C:/Unity Project/GamZem
[UnityMemory] Configuration Parameters - Can be set up in boot.config
    "memorysetup-temp-allocator-size-nav-mesh-worker=65536"
    "memorysetup-temp-allocator-size-audio-worker=65536"
    "memorysetup-temp-allocator-size-gfx=262144"
    "memorysetup-allocator-temp-initial-block-size-main=262144"
    "memorysetup-allocator-temp-initial-block-size-worker=262144"
    "memorysetup-temp-allocator-size-background-worker=32768"
    "memorysetup-temp-allocator-size-job-worker=262144"
    "memorysetup-temp-allocator-size-preload-manager=33554432"
    "memorysetup-temp-allocator-size-gi-baking-worker=262144"
    "memorysetup-temp-allocator-size-gi-baking-worker=262144"
    "memorysetup-temp-allocator-size-gi-baking-worker=262144"
    "memorysetup-temp-allocator-size-gi-baking-worker=262144"
    "memorysetup-temp-allocator-size-gi-baking-worker=262144"
    "memorysetup-bucket-allocator-granularity=16"
    "memorysetup-bucket-allocator-bucket-count=8"
    "memorysetup-bucket-allocator-block-size=33554432"
    "memorysetup-bucket-allocator-block-count=8"
    "memorysetup-main-allocator-block-size=16777216"
    "memorysetup-thread-allocator-block-size=16777216"
    "memorysetup-gfx-main-allocator-block-size=16777216"
    "memorysetup-gfx-thread-allocator-block-size=16777216"
    "memorysetup-cache-allocator-block-size=4194304"
    "memorysetup-typetree-allocator-block-size=2097152"
    "memorysetup-profiler-bucket-allocator-granularity=16"
    "memorysetup-profiler-bucket-allocator-bucket-count=8"
    "memorysetup-profiler-bucket-allocator-block-size=33554432"
    "memorysetup-profiler-bucket-allocator-block-count=8"
    "memorysetup-profiler-allocator-block-size=16777216"
    "memorysetup-profiler-editor-allocator-block-size=1048576"
    "memorysetup-temp-allocator-size-main=16777216"
    "memorysetup-job-temp-allocator-block-size=2097152"
    "memorysetup-job-temp-allocator-block-size-background=1048576"
    "memorysetup-job-temp-allocator-reduction-small-platforms=262144"
    "memorysetup-temp-allocator-size-cloud-worker=32768"
Player connection [4524]  Target information:

Player connection [4524]  * "[IP] 172.17.105.77 [Port] 0 [Flags] 2 [Guid] 774370912 [EditorId] 774370912 [Version] 1048832 [Id] WindowsEditor(7,TTingGS) [Debug] 1 [PackageName] WindowsEditor [ProjectName] Editor" 

Player connection [4524]  * "[IP] 192.168.137.1 [Port] 0 [Flags] 2 [Guid] 774370912 [EditorId] 774370912 [Version] 1048832 [Id] WindowsEditor(7,TTingGS) [Debug] 1 [PackageName] WindowsEditor [ProjectName] Editor" 

Player connection [4524] Host joined multi-casting on [225.0.0.222:54997]...
Player connection [4524] Host joined alternative multi-casting on [225.0.0.222:34997]...
JobSystem: Creating JobQueue using job-worker-count value 15
Input System module state changed to: Initialized.
[Physics::Module] Initialized fallback backend.
[Physics::Module] Id: 0xdecafbad
Library Redirect Path: Library/
[Physics::Module] Selected backend.
[Physics::Module] Name: PhysX
[Physics::Module] Id: 0xf2b8ea05
[Physics::Module] SDK Version: 4.1.2
[Physics::Module] Integration Version: 1.0.0
[Physics::Module] Threading Mode: Multi-Threaded
Refreshing native plugins compatible for Editor in 3.40 ms, found 4 plugins.
Preloading 0 native plugins for Editor in 0.00 ms.
Initialize engine version: 6000.3.1f1 (37142da19a94)
[Subsystems] Discovering subsystems at path C:/Unity Editor/6000.3.1f1/Editor/Data/Resources/UnitySubsystems
[Subsystems] Discovering subsystems at path C:/Unity Project/GamZem/Assets
GfxDevice: creating device client; kGfxThreadingModeNonThreaded
Direct3D:
    Version:  Direct3D 11.0 [level 11.1]
    Renderer: NVIDIA GeForce RTX 4070 Laptop GPU (ID=0x2860)
    Vendor:   NVIDIA
    VRAM:     7948 MB
    Driver:   32.0.15.6094
Initialize mono
Mono path[0] = 'C:/Unity Editor/6000.3.1f1/Editor/Data/Managed'
Mono path[1] = 'C:/Unity Editor/6000.3.1f1/Editor/Data/MonoBleedingEdge/lib/mono/unityjit-win32'
Mono config path = 'C:/Unity Editor/6000.3.1f1/Editor/Data/MonoBleedingEdge/etc'
Using monoOptions --debugger-agent=transport=dt_socket,embedding=1,server=y,suspend=n,address=127.0.0.1:56180
Begin MonoManager ReloadAssembly
Registering precompiled unity dll's ...
Register platform support module: C:/Unity Editor/6000.3.1f1/Editor/Data/PlaybackEngines/WindowsStandaloneSupport/UnityEditor.WindowsStandalone.Extensions.dll
[Licensing::Module] Licensing is not yet initialized.
[Licensing::Client] Error: HandshakeResponse reported an error:
	ResponseCode: 505
	ResponseStatus: Unsupported protocol version '1.17.4'.
[Licensing::Module] Error: Failed to handshake to channel: "LicenseClient-신명근"
[Licensing::IpcConnector] LicenseClient-신명근 channel disconnected successfully.
[Licensing::IpcConnector] Successfully connected to: "LicenseClient-신명근-6000.3.1" at "2025-12-17T19:30:44.5099254Z"
[Licensing::Client] Handshaking with LicensingClient:
  Version:                 1.17.4+4293ba1
  Session Id:              3921b5c4699b4da2b0cadd9be6e40943
  Correlation Id:          59de42ca91f0245af30488d335f8a9f5
  External correlation Id: 6690581579327134172
  Machine Id:              0M/ABMMGBGM+hP/9vJJ0T88awfw=
[Licensing::Module] Successfully connected to LicensingClient on channel: "LicenseClient-신명근-6000.3.1" (connect: 0.00s, validation: 0.00s, handshake: 0.97s)
[Licensing::IpcConnector] Successfully connected to: "LicenseClient-신명근-6000.3.1-notifications" at "2025-12-17T19:30:45.4824559Z"
[Licensing::Module] Licensing Background thread has ended after 2.37s
[Licensing::Module] Licensing is initialized (took 1.13s).
[Licensing::Client] Successfully resolved entitlement details
[Licensing::Module] License group:
  Id: 14569682563822-gwichana-UnityProStuXXXX
  Product: Unity Student
  Type: Assigned
  Expiration: 2026-10-04T14:32:33Z
Register platform support module: C:/Unity Editor/6000.3.1f1/Editor/Data/PlaybackEngines/AndroidPlayer/UnityEditor.Android.Extensions.dll
Registered in 1.135444 seconds.
- Loaded All Assemblies, in  1.546 seconds
Native extension for Android target not found
Android Extension - Scanning For ADB Devices 752 ms
Native extension for WindowsStandalone target not found
Mono: successfully reloaded assembly
- Finished resetting the current domain, in  1.316 seconds
Domain Reload Profiling: 2860ms
	BeginReloadAssembly (126ms)
		ExecutionOrderSort (0ms)
		DisableScriptedObjects (0ms)
		BackupInstance (0ms)
		ReleaseScriptingObjects (0ms)
		CreateAndSetChildDomain (1ms)
	RebuildCommonClasses (38ms)
	RebuildNativeTypeToScriptingClass (12ms)
	initialDomainReloadingComplete (1180ms)
	LoadAllAssembliesAndSetupDomain (187ms)
		LoadAssemblies (118ms)
		RebuildTransferFunctionScriptingTraits (0ms)
		AnalyzeDomain (184ms)
			TypeCache.Refresh (182ms)
				TypeCache.ScanAssembly (170ms)
			BuildScriptInfoCaches (0ms)
			ResolveRequiredComponents (0ms)
	FinalizeReload (1317ms)
		ReleaseScriptCaches (0ms)
		RebuildScriptCaches (0ms)
		SetupLoadedEditorAssemblies (1265ms)
			LogAssemblyErrors (0ms)
			InitializePlatformSupportModulesInManaged (847ms)
			SetLoadedEditorAssemblies (7ms)
			BeforeProcessingInitializeOnLoad (139ms)
			ProcessInitializeOnLoadAttributes (191ms)
			ProcessInitializeOnLoadMethodAttributes (81ms)
			AfterProcessingInitializeOnLoad (0ms)
			EditorAssembliesLoaded (0ms)
		ExecutionOrderSort2 (0ms)
		AwakeInstancesAfterBackupRestoration (0ms)
Assembly reference Packages/com.unity.cinemachine/Editor/Samples/ExposeHDRPInternals/HDRP-Editor-ref.asmref has no target assembly definition
========================================================================
Worker process is ready to serve import requests
Import Worker Mode flag is 0x00
Assembly reference Packages/com.unity.cinemachine/Editor/Samples/ExposeHDRPInternals/HDRP-Editor-ref.asmref has no target assembly definition
Assembly reference Packages/com.unity.cinemachine/Editor/Samples/ExposeHDRPInternals/HDRP-Editor-ref.asmref has no target assembly definition
Begin MonoManager ReloadAssembly
[Licensing::Client] Successfully resolved entitlement details
- Loaded All Assemblies, in  1.112 seconds
Assembly reference Packages/com.unity.cinemachine/Editor/Samples/ExposeHDRPInternals/HDRP-Editor-ref.asmref has no target assembly definition
'Packages/com.unity.cinemachine/Editor/Obsolete/CinemachineVirtualCameraBaseEditor.cs' contains partial class of Unity.Object, exactly 1 of the partial classes needs to be in a file with the same filename. This is to know the one that can be referenced from ie. GameObjects
'Packages/com.unity.cinemachine/Editor/Editors/CinemachineVirtualCameraBaseEditor.cs' contains partial class of Unity.Object, exactly 1 of the partial classes needs to be in a file with the same filename. This is to know the one that can be referenced from ie. GameObjects
Refreshing native plugins compatible for Editor in 1.49 ms, found 4 plugins.
Native extension for Android target not found
Native extension for WindowsStandalone target not found
Assembly reference Packages/com.unity.cinemachine/Editor/Samples/ExposeHDRPInternals/HDRP-Editor-ref.asmref has no target assembly definition
Package Manager log level set to [2]
[Package Manager] Failed to launch server process. Reason: Unity was launched with the -noUpm command-line argument
[Package Manager] Unable to send message (not connected to server process).
[Package Manager] Cannot connect to Unity Package Manager local server
[Package Manager] Failed to launch server process. Reason: Unity was launched with the -noUpm command-line argument
[Package Manager] Unable to send message (not connected to server process).
[Package Manager] Cannot connect to Unity Package Manager local server
Mono: successfully reloaded assembly
- Finished resetting the current domain, in  1.197 seconds
Domain Reload Profiling: 2300ms
	BeginReloadAssembly (202ms)
		ExecutionOrderSort (0ms)
		DisableScriptedObjects (5ms)
		BackupInstance (0ms)
		ReleaseScriptingObjects (0ms)
		CreateAndSetChildDomain (36ms)
	RebuildCommonClasses (56ms)
	RebuildNativeTypeToScriptingClass (18ms)
	initialDomainReloadingComplete (69ms)
	LoadAllAssembliesAndSetupDomain (759ms)
		LoadAssemblies (487ms)
		RebuildTransferFunctionScriptingTraits (0ms)
		AnalyzeDomain (354ms)
			TypeCache.Refresh (258ms)
				TypeCache.ScanAssembly (237ms)
			BuildScriptInfoCaches (75ms)
			ResolveRequiredComponents (13ms)
	FinalizeReload (1197ms)
		ReleaseScriptCaches (0ms)
		RebuildScriptCaches (0ms)
		SetupLoadedEditorAssemblies (938ms)
			LogAssemblyErrors (0ms)
			InitializePlatformSupportModulesInManaged (13ms)
			SetLoadedEditorAssemblies (10ms)
			BeforeProcessingInitializeOnLoad (214ms)
			ProcessInitializeOnLoadAttributes (518ms)
			ProcessInitializeOnLoadMethodAttributes (175ms)
			AfterProcessingInitializeOnLoad (8ms)
			EditorAssembliesLoaded (0ms)
		ExecutionOrderSort2 (0ms)
		AwakeInstancesAfterBackupRestoration (7ms)
Launched and connected shader compiler UnityShaderCompiler.exe after 0.10 seconds
Refreshing native plugins compatible for Editor in 3.47 ms, found 4 plugins.
Preloading 0 native plugins for Editor in 0.00 ms.
Unloading 17 Unused Serialized files (Serialized files now loaded: 0)
Unloading 7264 unused Assets / (4.8 MB). Loaded Objects now: 8084.
Memory consumption went from 171.3 MB to 166.4 MB.
Total: 18.450900 ms (FindLiveObjects: 1.532100 ms CreateObjectMapping: 0.843800 ms MarkObjects: 12.796800 ms  DeleteObjects: 3.276100 ms)

========================================================================
Received Import Request.
  Time since last request: 407225.676404 seconds.
  path: Assets/Asset/Map/TileMap/Object Tile/Objects_0.asset
  artifactKey: Guid(356d87ab43f52954a9dd161cdd14619a) Importer(815301076,1909f56bfc062723c751e8b465ee728b)
Start importing Assets/Asset/Map/TileMap/Object Tile/Objects_0.asset using Guid(356d87ab43f52954a9dd161cdd14619a) Importer(815301076,1909f56bfc062723c751e8b465ee728b) (PreviewImporter) -> (artifact id: '12f9e49c3369dd0ee22b4d92bf036a5d') in 0.0923007 seconds
Number of updated asset objects reloaded before import = 0Number of asset objects unloaded after import = 3

========================================================================
Received Import Request.
  Time since last request: 0.000034 seconds.
  path: Assets/Asset/Map/TileMap/Object Tile/Objects_38.asset
  artifactKey: Guid(695de3d703e5fd749aeb7f2af4d8e49b) Importer(815301076,1909f56bfc062723c751e8b465ee728b)
Start importing Assets/Asset/Map/TileMap/Object Tile/Objects_38.asset using Guid(695de3d703e5fd749aeb7f2af4d8e49b) Importer(815301076,1909f56bfc062723c751e8b465ee728b) (PreviewImporter) -> (artifact id: '0a242c7aebce4d4361f453147ec96b7c') in 0.0255728 seconds
Number of updated asset objects reloaded before import = 0Number of asset objects unloaded after import = 3

========================================================================
Received Import Request.
  Time since last request: 0.000056 seconds.
  path: Assets/Asset/Map/TileMap/Object Tile/Objects_7.asset
  artifactKey: Guid(cc4775ef156b5f5438a60389d707a9d5) Importer(815301076,1909f56bfc062723c751e8b465ee728b)
Start importing Assets/Asset/Map/TileMap/Object Tile/Objects_7.asset using Guid(cc4775ef156b5f5438a60389d707a9d5) Importer(815301076,1909f56bfc062723c751e8b465ee728b) (PreviewImporter) -> (artifact id: '890045242665fa2e5ff9676689292e25') in 0.0066815 seconds
Number of updated asset objects reloaded before import = 0Number of asset objects unloaded after import = 3

========================================================================
Received Import Request.
  Time since last request: 0.081849 seconds.
  path: Assets/Asset/Map/TileMap/Object Tile/Objects_41.asset
  artifactKey: Guid(d261971d5cb687f4baeea3bea2afcd1f) Importer(815301076,1909f56bfc062723c751e8b465ee728b)
Start importing Assets/Asset/Map/TileMap/Object Tile/Objects_41.asset using Guid(d261971d5cb687f4baeea3bea2afcd1f) Importer(815301076,1909f56bfc062723c751e8b465ee728b) (PreviewImporter) -> (artifact id: 'ce1f01419cd59406fd91ac287484ef48') in 0.0220451 seconds
Number of updated asset objects reloaded before import = 0Number of asset objects unloaded after import = 3

========================================================================
Received Import Request.
  Time since last request: 0.000016 seconds.
  path: Assets/Asset/Map/TileMap/Object Tile/Objects_51.asset
  artifactKey: Guid(d632ff58125b0c3449886c0a2ac537bf) Importer(815301076,1909f56bfc062723c751e8b465ee728b)
Start importing Assets/Asset/Map/TileMap/Object Tile/Objects_51.asset using Guid(d632ff58125b0c3449886c0a2ac537bf) Importer(815301076,1909f56bfc062723c751e8b465ee728b) (PreviewImporter) -> (artifact id: 'b971372a13cdafbbe2aa921c4c6baf66') in 0.0198799 seconds
Number of updated asset objects reloaded before import = 0Number of asset objects unloaded after import = 3

========================================================================
Received Import Request.
  Time since last request: 0.000035 seconds.
  path: Assets/Asset/Map/TileMap/Object Tile/Objects_66.asset
  artifactKey: Guid(d4a0fe9a07ecdfa48a3b1a7db54859d9) Importer(815301076,1909f56bfc062723c751e8b465ee728b)
Start importing Assets/Asset/Map/TileMap/Object Tile/Objects_66.asset using Guid(d4a0fe9a07ecdfa48a3b1a7db54859d9) Importer(815301076,1909f56bfc062723c751e8b465ee728b) (PreviewImporter) -> (artifact id: 'c493278c3e05b067414717b3916e51dc') in 0.022866 seconds
Number of updated asset objects reloaded before import = 0Number of asset objects unloaded after import = 3

========================================================================
Received Import Request.
  Time since last request: 0.160795 seconds.
  path: Assets/Asset/Map/TileMap/Object Tile/Objects_73.asset
  artifactKey: Guid(55ed1f2ca759f8b43a3e48cff08d2064) Importer(815301076,1909f56bfc062723c751e8b465ee728b)
Start importing Assets/Asset/Map/TileMap/Object Tile/Objects_73.asset using Guid(55ed1f2ca759f8b43a3e48cff08d2064) Importer(815301076,1909f56bfc062723c751e8b465ee728b) (PreviewImporter) -> (artifact id: '2a4eaf148e930d72475555e3e8324a76') in 0.0220015 seconds
Number of updated asset objects reloaded before import = 0Number of asset objects unloaded after import = 3

========================================================================
Received Import Request.
  Time since last request: 0.000018 seconds.
  path: Assets/Asset/Map/TileMap/Object Tile/Objects_83.asset
  artifactKey: Guid(02edfa40416c14240a1e25f88afe2895) Importer(815301076,1909f56bfc062723c751e8b465ee728b)
Start importing Assets/Asset/Map/TileMap/Object Tile/Objects_83.asset using Guid(02edfa40416c14240a1e25f88afe2895) Importer(815301076,1909f56bfc062723c751e8b465ee728b) (PreviewImporter) -> (artifact id: '01cee1cdf65b232a61f32f86e9fa8d94') in 0.0073689 seconds
Number of updated asset objects reloaded before import = 0Number of asset objects unloaded after import = 3

========================================================================
Received Import Request.
  Time since last request: 0.162056 seconds.
  path: Assets/Asset/Map/TileMap/Object Tile/Objects_102.asset
  artifactKey: Guid(058555b540c72984693c91312a2a6247) Importer(815301076,1909f56bfc062723c751e8b465ee728b)
Start importing Assets/Asset/Map/TileMap/Object Tile/Objects_102.asset using Guid(058555b540c72984693c91312a2a6247) Importer(815301076,1909f56bfc062723c751e8b465ee728b) (PreviewImporter) -> (artifact id: '65132e93924c42a8e2caaeb4535aeb6a') in 0.0214369 seconds
Number of updated asset objects reloaded before import = 0Number of asset objects unloaded after import = 3

========================================================================
Received Import Request.
  Time since last request: 0.000015 seconds.
  path: Assets/Asset/Map/TileMap/Object Tile/Objects_110.asset
  artifactKey: Guid(799b69a6dcd800240ae73e7c76a242fa) Importer(815301076,1909f56bfc062723c751e8b465ee728b)
Start importing Assets/Asset/Map/TileMap/Object Tile/Objects_110.asset using Guid(799b69a6dcd800240ae73e7c76a242fa) Importer(815301076,1909f56bfc062723c751e8b465ee728b) (PreviewImporter) -> (artifact id: 'b27e3231836c33198779f537b8710008') in 0.0189151 seconds
Number of updated asset objects reloaded before import = 0Number of asset objects unloaded after import = 3

========================================================================
Received Import Request.
  Time since last request: 0.000035 seconds.
  path: Assets/Asset/Map/TileMap/Object Tile/Objects_125.asset
  artifactKey: Guid(9a440fa16bb2da04ea94739a65ba22d2) Importer(815301076,1909f56bfc062723c751e8b465ee728b)
Start importing Assets/Asset/Map/TileMap/Object Tile/Objects_125.asset using Guid(9a440fa16bb2da04ea94739a65ba22d2) Importer(815301076,1909f56bfc062723c751e8b465ee728b) (PreviewImporter) -> (artifact id: '2a6512430bcbfd41c5f44f9c98a171dc') in 0.0057989 seconds
Number of updated asset objects reloaded before import = 0Number of asset objects unloaded after import = 3

========================================================================
Received Import Request.
  Time since last request: 0.000025 seconds.
  path: Assets/Asset/Map/TileMap/Object Tile/Objects_142.asset
  artifactKey: Guid(68449355213ff164b8ba940b912819cd) Importer(815301076,1909f56bfc062723c751e8b465ee728b)
Start importing Assets/Asset/Map/TileMap/Object Tile/Objects_142.asset using Guid(68449355213ff164b8ba940b912819cd) Importer(815301076,1909f56bfc062723c751e8b465ee728b) (PreviewImporter) -> (artifact id: '705ab3f66249c0f04c17b48473b41644') in 0.0222137 seconds
Number of updated asset objects reloaded before import = 0Number of asset objects unloaded after import = 3

========================================================================
Received Import Request.
  Time since last request: 0.066693 seconds.
  path: Assets/Asset/Map/TileMap/Object Tile/Objects_145.asset
  artifactKey: Guid(c1455aab7276ebf429cef69b68902448) Importer(815301076,1909f56bfc062723c751e8b465ee728b)
Start importing Assets/Asset/Map/TileMap/Object Tile/Objects_145.asset using Guid(c1455aab7276ebf429cef69b68902448) Importer(815301076,1909f56bfc062723c751e8b465ee728b) (PreviewImporter) -> (artifact id: 'c5ddc04e5baac6f160e7cd11da271eae') in 0.0226346 seconds
Number of updated asset objects reloaded before import = 0Number of asset objects unloaded after import = 3

========================================================================
Received Import Request.
  Time since last request: 0.000019 seconds.
  path: Assets/Asset/Map/TileMap/Object Tile/Objects_157.asset
  artifactKey: Guid(c75ed00da4631534c8e16776af687170) Importer(815301076,1909f56bfc062723c751e8b465ee728b)
Start importing Assets/Asset/Map/TileMap/Object Tile/Objects_157.asset using Guid(c75ed00da4631534c8e16776af687170) Importer(815301076,1909f56bfc062723c751e8b465ee728b) (PreviewImporter) -> (artifact id: 'c86258104bec72d14426c4eef939491d') in 0.0064019 seconds
Number of updated asset objects reloaded before import = 0Number of asset objects unloaded after import = 3

========================================================================
Received Import Request.
  Time since last request: 0.000035 seconds.
  path: Assets/Asset/Map/TileMap/Object Tile/Objects_162.asset
  artifactKey: Guid(3cf2d6cbf91486f4c9eea511e37e64cd) Importer(815301076,1909f56bfc062723c751e8b465ee728b)
Start importing Assets/Asset/Map/TileMap/Object Tile/Objects_162.asset using Guid(3cf2d6cbf91486f4c9eea511e37e64cd) Importer(815301076,1909f56bfc062723c751e8b465ee728b) (PreviewImporter) -> (artifact id: '61965c4d3919c19e78ac6d1482b9c08b') in 0.0228529 seconds
Number of updated asset objects reloaded before import = 0Number of asset objects unloaded after import = 3

========================================================================
Received Import Request.
  Time since last request: 0.000022 seconds.
  path: Assets/Asset/Map/TileMap/Object Tile/Objects_182.asset
  artifactKey: Guid(cf0c639e9b1297c4ab5f6a84938abfa3) Importer(815301076,1909f56bfc062723c751e8b465ee728b)
Start importing Assets/Asset/Map/TileMap/Object Tile/Objects_182.asset using Guid(cf0c639e9b1297c4ab5f6a84938abfa3) Importer(815301076,1909f56bfc062723c751e8b465ee728b) (PreviewImporter) -> (artifact id: 'bb8fa63015e20435baf6dc3d890dc14d') in 0.0203692 seconds
Number of updated asset objects reloaded before import = 0Number of asset objects unloaded after import = 3

========================================================================
Received Import Request.
  Time since last request: 0.268586 seconds.
  path: Assets/Asset/Map/TileMap/Object Tile/Objects_185.asset
  artifactKey: Guid(7299352b9345ac643a99a695ee4ab676) Importer(815301076,1909f56bfc062723c751e8b465ee728b)
Start importing Assets/Asset/Map/TileMap/Object Tile/Objects_185.asset using Guid(7299352b9345ac643a99a695ee4ab676) Importer(815301076,1909f56bfc062723c751e8b465ee728b) (PreviewImporter) -> (artifact id: 'e5ea2d160b4ba486fcfc252ac1f69a4a') in 0.021978 seconds
Number of updated asset objects reloaded before import = 0Number of asset objects unloaded after import = 3

========================================================================
Received Import Request.
  Time since last request: 0.000012 seconds.
  path: Assets/Asset/Map/TileMap/Object Tile/Objects_229.asset
  artifactKey: Guid(84f090d50d7b5e04ca1cfb59866a725b) Importer(815301076,1909f56bfc062723c751e8b465ee728b)
Start importing Assets/Asset/Map/TileMap/Object Tile/Objects_229.asset using Guid(84f090d50d7b5e04ca1cfb59866a725b) Importer(815301076,1909f56bfc062723c751e8b465ee728b) (PreviewImporter) -> (artifact id: 'a3ef33f3b822a4e1fb50e8fdfd00015b') in 0.0198264 seconds
Number of updated asset objects reloaded before import = 0Number of asset objects unloaded after import = 3

========================================================================
Received Import Request.
  Time since last request: 0.000023 seconds.
  path: Assets/Asset/Map/TileMap/Object Tile/Objects_278.asset
  artifactKey: Guid(a21cc836b63901b4b89d94f9086061c9) Importer(815301076,1909f56bfc062723c751e8b465ee728b)
Start importing Assets/Asset/Map/TileMap/Object Tile/Objects_278.asset using Guid(a21cc836b63901b4b89d94f9086061c9) Importer(815301076,1909f56bfc062723c751e8b465ee728b) (PreviewImporter) -> (artifact id: '815862939053135d7613f6b8d00c6985') in 0.0225718 seconds
Number of updated asset objects reloaded before import = 0Number of asset objects unloaded after import = 3

========================================================================
Received Import Request.
  Time since last request: 0.000034 seconds.
  path: Assets/Asset/Map/TileMap/Object Tile/Objects_934.asset
  artifactKey: Guid(9bdb5de22b342c04f9674622f1b675f3) Importer(815301076,1909f56bfc062723c751e8b465ee728b)
Start importing Assets/Asset/Map/TileMap/Object Tile/Objects_934.asset using Guid(9bdb5de22b342c04f9674622f1b675f3) Importer(815301076,1909f56bfc062723c751e8b465ee728b) (PreviewImporter) -> (artifact id: '16e94d40d81e16ee9564a7073f7e4f84') in 0.0023087 seconds
Number of updated asset objects reloaded before import = 0Number of asset objects unloaded after import = 1

========================================================================
Received Import Request.
  Time since last request: 0.000026 seconds.
  path: Assets/Asset/Map/TileMap/Object Tile/Objects_972.asset
  artifactKey: Guid(0dd45987a5eaa7847b124a2beb89475e) Importer(815301076,1909f56bfc062723c751e8b465ee728b)
Start importing Assets/Asset/Map/TileMap/Object Tile/Objects_972.asset using Guid(0dd45987a5eaa7847b124a2beb89475e) Importer(815301076,1909f56bfc062723c751e8b465ee728b) (PreviewImporter) -> (artifact id: '8a70f5b58df5a98bebbf885f6ff3205b') in 0.0035546 seconds
Number of updated asset objects reloaded before import = 0Number of asset objects unloaded after import = 1

========================================================================
Received Import Request.
  Time since last request: 0.000016 seconds.
  path: Assets/Asset/Map/TileMap/Object Tile/Objects_1191.asset
  artifactKey: Guid(365f1d6185ec75446942052c0ca27d3d) Importer(815301076,1909f56bfc062723c751e8b465ee728b)
Start importing Assets/Asset/Map/TileMap/Object Tile/Objects_1191.asset using Guid(365f1d6185ec75446942052c0ca27d3d) Importer(815301076,1909f56bfc062723c751e8b465ee728b) (PreviewImporter) -> (artifact id: '45ec5b595ef4ebd0b712e7c9baa27d5a') in 0.002164 seconds
Number of updated asset objects reloaded before import = 0Number of asset objects unloaded after import = 1

========================================================================
Received Import Request.
  Time since last request: 0.000019 seconds.
  path: Assets/Asset/Map/TileMap/Object Tile/Objects_257.asset
  artifactKey: Guid(1ff62753633ee0443ba2fbd805989858) Importer(815301076,1909f56bfc062723c751e8b465ee728b)
Start importing Assets/Asset/Map/TileMap/Object Tile/Objects_257.asset using Guid(1ff62753633ee0443ba2fbd805989858) Importer(815301076,1909f56bfc062723c751e8b465ee728b) (PreviewImporter) -> (artifact id: '8986e75c624a4fe82f75d0aeb635777e') in 0.005796 seconds
Number of updated asset objects reloaded before import = 0Number of asset objects unloaded after import = 3

========================================================================
Received Import Request.
  Time since last request: 0.000025 seconds.
  path: Assets/Asset/Map/TileMap/Object Tile/Objects_396.asset
  artifactKey: Guid(7e863e1495bbb5242905ee130218cf0a) Importer(815301076,1909f56bfc062723c751e8b465ee728b)
Start importing Assets/Asset/Map/TileMap/Object Tile/Objects_396.asset using Guid(7e863e1495bbb5242905ee130218cf0a) Importer(815301076,1909f56bfc062723c751e8b465ee728b) (PreviewImporter) -> (artifact id: '86a08467db3ac5721b73fbb5c9817903') in 0.0224426 seconds
Number of updated asset objects reloaded before import = 0Number of asset objects unloaded after import = 3

========================================================================
Received Import Request.
  Time since last request: 0.000036 seconds.
  path: Assets/Asset/Map/TileMap/Object Tile/Objects_370.asset
  artifactKey: Guid(32928be0bc0e1bf4da350c13e9a5ba9e) Importer(815301076,1909f56bfc062723c751e8b465ee728b)
Start importing Assets/Asset/Map/TileMap/Object Tile/Objects_370.asset using Guid(32928be0bc0e1bf4da350c13e9a5ba9e) Importer(815301076,1909f56bfc062723c751e8b465ee728b) (PreviewImporter) -> (artifact id: 'f716ff6dc16ea28ba04fcbd7ff72119f') in 0.0205393 seconds
Number of updated asset objects reloaded before import = 0Number of asset objects unloaded after import = 3

========================================================================
Received Import Request.
  Time since last request: 0.000015 seconds.
  path: Assets/Asset/Map/TileMap/Object Tile/Objects_1182.asset
  artifactKey: Guid(6fa7b2d51edfd734db39f40bc22e23d7) Importer(815301076,1909f56bfc062723c751e8b465ee728b)
Start importing Assets/Asset/Map/TileMap/Object Tile/Objects_1182.asset using Guid(6fa7b2d51edfd734db39f40bc22e23d7) Importer(815301076,1909f56bfc062723c751e8b465ee728b) (PreviewImporter) -> (artifact id: '492ee1b3785af35912cb1c84bafa465d') in 0.0023362 seconds
Number of updated asset objects reloaded before import = 0Number of asset objects unloaded after import = 1

========================================================================
Received Import Request.
  Time since last request: 0.000015 seconds.
  path: Assets/Asset/Map/TileMap/Object Tile/Objects_1009.asset
  artifactKey: Guid(7d984a7f94d177d4399cfd72453b06d3) Importer(815301076,1909f56bfc062723c751e8b465ee728b)
Start importing Assets/Asset/Map/TileMap/Object Tile/Objects_1009.asset using Guid(7d984a7f94d177d4399cfd72453b06d3) Importer(815301076,1909f56bfc062723c751e8b465ee728b) (PreviewImporter) -> (artifact id: '4baaf03b0f4e7b568e75148df8b2e504') in 0.0022859 seconds
Number of updated asset objects reloaded before import = 0Number of asset objects unloaded after import = 1

========================================================================
Received Import Request.
  Time since last request: 0.000018 seconds.
  path: Assets/Asset/Map/TileMap/Object Tile/Objects_292.asset
  artifactKey: Guid(b0e610fb4eaf66148949eb34c7131905) Importer(815301076,1909f56bfc062723c751e8b465ee728b)
Start importing Assets/Asset/Map/TileMap/Object Tile/Objects_292.asset using Guid(b0e610fb4eaf66148949eb34c7131905) Importer(815301076,1909f56bfc062723c751e8b465ee728b) (PreviewImporter) -> (artifact id: '8844e808bdd31d5bcd35b179ae858f10') in 0.0231509 seconds
Number of updated asset objects reloaded before import = 0Number of asset objects unloaded after import = 3

========================================================================
Received Import Request.
  Time since last request: 0.000054 seconds.
  path: Assets/Asset/Map/TileMap/Object Tile/Objects_280.asset
  artifactKey: Guid(c736f972011876c45876b6b74f4064c4) Importer(815301076,1909f56bfc062723c751e8b465ee728b)
Start importing Assets/Asset/Map/TileMap/Object Tile/Objects_280.asset using Guid(c736f972011876c45876b6b74f4064c4) Importer(815301076,1909f56bfc062723c751e8b465ee728b) (PreviewImporter) -> (artifact id: '4044c9fff0d8a5a7c4062897851fb1d3') in 0.0088162 seconds
Number of updated asset objects reloaded before import = 0Number of asset objects unloaded after import = 3

========================================================================
Received Import Request.
  Time since last request: 0.000025 seconds.
  path: Assets/Asset/Map/TileMap/Object Tile/Objects_1008.asset
  artifactKey: Guid(b9b6b9de510d0134f8a82161b341a4bc) Importer(815301076,1909f56bfc062723c751e8b465ee728b)
Start importing Assets/Asset/Map/TileMap/Object Tile/Objects_1008.asset using Guid(b9b6b9de510d0134f8a82161b341a4bc) Importer(815301076,1909f56bfc062723c751e8b465ee728b) (PreviewImporter) -> (artifact id: '9772a089f5c53e8a05d4b3be17a318c3') in 0.0025961 seconds
Number of updated asset objects reloaded before import = 0Number of asset objects unloaded after import = 1

========================================================================
Received Import Request.
  Time since last request: 0.000020 seconds.
  path: Assets/Asset/Map/TileMap/Object Tile/Objects_197.asset
  artifactKey: Guid(5973d8c14c5ea444a911206eb12c253a) Importer(815301076,1909f56bfc062723c751e8b465ee728b)
Start importing Assets/Asset/Map/TileMap/Object Tile/Objects_197.asset using Guid(5973d8c14c5ea444a911206eb12c253a) Importer(815301076,1909f56bfc062723c751e8b465ee728b) (PreviewImporter) -> (artifact id: '2e7fad3bcfe95def2a58591c9cb76574') in 0.0070627 seconds
Number of updated asset objects reloaded before import = 0Number of asset objects unloaded after import = 3

========================================================================
Received Import Request.
  Time since last request: 0.000031 seconds.
  path: Assets/Asset/Map/TileMap/Object Tile/Objects_933.asset
  artifactKey: Guid(8c22535720e56b345811f2300d69f208) Importer(815301076,1909f56bfc062723c751e8b465ee728b)
Start importing Assets/Asset/Map/TileMap/Object Tile/Objects_933.asset using Guid(8c22535720e56b345811f2300d69f208) Importer(815301076,1909f56bfc062723c751e8b465ee728b) (PreviewImporter) -> (artifact id: '86dd20e90a0cc77498d549f8eec57ecc') in 0.0035058 seconds
Number of updated asset objects reloaded before import = 0Number of asset objects unloaded after import = 1

========================================================================
Received Import Request.
  Time since last request: 0.000016 seconds.
  path: Assets/Asset/Map/TileMap/Object Tile/Objects_1005.asset
  artifactKey: Guid(ab7a239b56b47a745bef4da5c36f8a3c) Importer(815301076,1909f56bfc062723c751e8b465ee728b)
Start importing Assets/Asset/Map/TileMap/Object Tile/Objects_1005.asset using Guid(ab7a239b56b47a745bef4da5c36f8a3c) Importer(815301076,1909f56bfc062723c751e8b465ee728b) (PreviewImporter) -> (artifact id: '95a3be311090a88bd44a79acc9d82b96') in 0.0030613 seconds
Number of updated asset objects reloaded before import = 0Number of asset objects unloaded after import = 1

========================================================================
Received Import Request.
  Time since last request: 0.000018 seconds.
  path: Assets/Asset/Map/TileMap/Object Tile/Objects_393.asset
  artifactKey: Guid(0b7bda6be201dae40a2a2e97fdc854c6) Importer(815301076,1909f56bfc062723c751e8b465ee728b)
Start importing Assets/Asset/Map/TileMap/Object Tile/Objects_393.asset using Guid(0b7bda6be201dae40a2a2e97fdc854c6) Importer(815301076,1909f56bfc062723c751e8b465ee728b) (PreviewImporter) -> (artifact id: 'ee47bf65a2ab33346df7b0da10e28de1') in 0.0231881 seconds
Number of updated asset objects reloaded before import = 0Number of asset objects unloaded after import = 3

========================================================================
Received Import Request.
  Time since last request: 0.000029 seconds.
  path: Assets/Asset/Map/TileMap/Object Tile/Objects_1428.asset
  artifactKey: Guid(1ee5055838c1a7b448c44982f02873b4) Importer(815301076,1909f56bfc062723c751e8b465ee728b)
Start importing Assets/Asset/Map/TileMap/Object Tile/Objects_1428.asset using Guid(1ee5055838c1a7b448c44982f02873b4) Importer(815301076,1909f56bfc062723c751e8b465ee728b) (PreviewImporter) -> (artifact id: '056a7834a2630eb8f7dabff281ab80a4') in 0.0022427 seconds
Number of updated asset objects reloaded before import = 0Number of asset objects unloaded after import = 1

========================================================================
Received Import Request.
  Time since last request: 0.000027 seconds.
  path: Assets/Asset/Map/TileMap/Object Tile/Objects_1318.asset
  artifactKey: Guid(394f78ab7f5bf5b408b30c727322ea61) Importer(815301076,1909f56bfc062723c751e8b465ee728b)
Start importing Assets/Asset/Map/TileMap/Object Tile/Objects_1318.asset using Guid(394f78ab7f5bf5b408b30c727322ea61) Importer(815301076,1909f56bfc062723c751e8b465ee728b) (PreviewImporter) -> (artifact id: '6ea1999c5899ca3d40096841db0cd4f9') in 0.0021045 seconds
Number of updated asset objects reloaded before import = 0Number of asset objects unloaded after import = 1

========================================================================
Received Import Request.
  Time since last request: 0.000014 seconds.
  path: Assets/Asset/Map/TileMap/Object Tile/Objects_1248.asset
  artifactKey: Guid(ababa3d1ad6aeea4c836f2c7b9ebf35a) Importer(815301076,1909f56bfc062723c751e8b465ee728b)
Start importing Assets/Asset/Map/TileMap/Object Tile/Objects_1248.asset using Guid(ababa3d1ad6aeea4c836f2c7b9ebf35a) Importer(815301076,1909f56bfc062723c751e8b465ee728b) (PreviewImporter) -> (artifact id: 'ec4b7a6eeb140b8031540efbc4a68bc8') in 0.0031649 seconds
Number of updated asset objects reloaded before import = 0Number of asset objects unloaded after import = 1

========================================================================
Received Import Request.
  Time since last request: 0.000016 seconds.
  path: Assets/Asset/Map/TileMap/Object Tile/Objects_1310.asset
  artifactKey: Guid(525c2007b92e9b84a85793653330edb2) Importer(815301076,1909f56bfc062723c751e8b465ee728b)
Start importing Assets/Asset/Map/TileMap/Object Tile/Objects_1310.asset using Guid(525c2007b92e9b84a85793653330edb2) Importer(815301076,1909f56bfc062723c751e8b465ee728b) (PreviewImporter) -> (artifact id: '9a835d9ef152e4d3d070c76b49dbb9a9') in 0.00282 seconds
Number of updated asset objects reloaded before import = 0Number of asset objects unloaded after import = 1

========================================================================
Received Import Request.
  Time since last request: 0.000013 seconds.
  path: Assets/Asset/Map/TileMap/Object Tile/Objects_1286.asset
  artifactKey: Guid(7bf90cb9a72f7be4492a9db0569ac490) Importer(815301076,1909f56bfc062723c751e8b465ee728b)
Start importing Assets/Asset/Map/TileMap/Object Tile/Objects_1286.asset using Guid(7bf90cb9a72f7be4492a9db0569ac490) Importer(815301076,1909f56bfc062723c751e8b465ee728b) (PreviewImporter) -> (artifact id: '9fb5f69f6fcb8413bf9ae7a6f427b3d2') in 0.004448 seconds
Number of updated asset objects reloaded before import = 0Number of asset objects unloaded after import = 1

========================================================================
Received Import Request.
  Time since last request: 0.000020 seconds.
  path: Assets/Asset/Map/TileMap/Object Tile/Objects_1279.asset
  artifactKey: Guid(f7ca286f99b4b104da594e3356c3977b) Importer(815301076,1909f56bfc062723c751e8b465ee728b)
Start importing Assets/Asset/Map/TileMap/Object Tile/Objects_1279.asset using Guid(f7ca286f99b4b104da594e3356c3977b) Importer(815301076,1909f56bfc062723c751e8b465ee728b) (PreviewImporter) -> (artifact id: '9309fa63712fe66c3351c2d6714bcd92') in 0.0026767 seconds
Number of updated asset objects reloaded before import = 0Number of asset objects unloaded after import = 1

========================================================================
Received Import Request.
  Time since last request: 0.000027 seconds.
  path: Assets/Asset/Map/TileMap/Object Tile/Objects_1000.asset
  artifactKey: Guid(10cb999843fbcfd45bcd121e89daf668) Importer(815301076,1909f56bfc062723c751e8b465ee728b)
Start importing Assets/Asset/Map/TileMap/Object Tile/Objects_1000.asset using Guid(10cb999843fbcfd45bcd121e89daf668) Importer(815301076,1909f56bfc062723c751e8b465ee728b) (PreviewImporter) -> (artifact id: '735ce992954e8c7780cbdc85692b0edc') in 0.0025264 seconds
Number of updated asset objects reloaded before import = 0Number of asset objects unloaded after import = 1

========================================================================
Received Import Request.
  Time since last request: 0.000016 seconds.
  path: Assets/Asset/Map/TileMap/Object Tile/Objects_1272.asset
  artifactKey: Guid(07ad8ed089da65742987e8b1e5983621) Importer(815301076,1909f56bfc062723c751e8b465ee728b)
Start importing Assets/Asset/Map/TileMap/Object Tile/Objects_1272.asset using Guid(07ad8ed089da65742987e8b1e5983621) Importer(815301076,1909f56bfc062723c751e8b465ee728b) (PreviewImporter) -> (artifact id: '53db7c787a5b14bafa3022b19b8696d1') in 0.0020169 seconds
Number of updated asset objects reloaded before import = 0Number of asset objects unloaded after import = 1

========================================================================
Received Import Request.
  Time since last request: 1.503208 seconds.
  path: Assets/Asset/Map/TileMap/Object Tile/Objects_926.asset
  artifactKey: Guid(8a2b494654999394fa1d2132b62e0d8b) Importer(815301076,1909f56bfc062723c751e8b465ee728b)
Start importing Assets/Asset/Map/TileMap/Object Tile/Objects_926.asset using Guid(8a2b494654999394fa1d2132b62e0d8b) Importer(815301076,1909f56bfc062723c751e8b465ee728b) (PreviewImporter) -> (artifact id: '68450e4d40042dbc168b9ee239026d28') in 0.004402 seconds
Number of updated asset objects reloaded before import = 0Number of asset objects unloaded after import = 1

========================================================================
Received Import Request.
  Time since last request: 0.000013 seconds.
  path: Assets/Asset/Map/TileMap/Object Tile/Objects_922.asset
  artifactKey: Guid(ea8a3c365c9a8604bb645c73628af301) Importer(815301076,1909f56bfc062723c751e8b465ee728b)
Start importing Assets/Asset/Map/TileMap/Object Tile/Objects_922.asset using Guid(ea8a3c365c9a8604bb645c73628af301) Importer(815301076,1909f56bfc062723c751e8b465ee728b) (PreviewImporter) -> (artifact id: 'b0c7ea25b50afbfbfa62310ee5d2162f') in 0.0034213 seconds
Number of updated asset objects reloaded before import = 0Number of asset objects unloaded after import = 1

========================================================================
Received Import Request.
  Time since last request: 0.000015 seconds.
  path: Assets/Asset/Map/TileMap/Object Tile/Objects_824.asset
  artifactKey: Guid(f89b56f6fcc089748af2523fd78b0e17) Importer(815301076,1909f56bfc062723c751e8b465ee728b)
Start importing Assets/Asset/Map/TileMap/Object Tile/Objects_824.asset using Guid(f89b56f6fcc089748af2523fd78b0e17) Importer(815301076,1909f56bfc062723c751e8b465ee728b) (PreviewImporter) -> (artifact id: '6058a62c7a72d959778703b19c63e9e4') in 0.0043017 seconds
Number of updated asset objects reloaded before import = 0Number of asset objects unloaded after import = 1

========================================================================
Received Import Request.
  Time since last request: 0.570985 seconds.
  path: Assets/Asset/Map/TileMap/Object Tile/Objects_401.asset
  artifactKey: Guid(233c2e30bc31d0544a4051a7e8b28d9b) Importer(815301076,1909f56bfc062723c751e8b465ee728b)
Start importing Assets/Asset/Map/TileMap/Object Tile/Objects_401.asset using Guid(233c2e30bc31d0544a4051a7e8b28d9b) Importer(815301076,1909f56bfc062723c751e8b465ee728b) (PreviewImporter) -> (artifact id: 'a1b584e8b60ae5e90849aa7a5410dc68') in 0.0217103 seconds
Number of updated asset objects reloaded before import = 0Number of asset objects unloaded after import = 3

========================================================================
Received Import Request.
  Time since last request: 1.318980 seconds.
  path: Assets/Asset/Map/TileMap/Object Tile/Objects_352.asset
  artifactKey: Guid(62d0ebd27f18f7f4e97d333dafcac0dc) Importer(815301076,1909f56bfc062723c751e8b465ee728b)
Start importing Assets/Asset/Map/TileMap/Object Tile/Objects_352.asset using Guid(62d0ebd27f18f7f4e97d333dafcac0dc) Importer(815301076,1909f56bfc062723c751e8b465ee728b) (PreviewImporter) -> (artifact id: '3e58b232105903db72710858d5b72f77') in 0.0060396 seconds
Number of updated asset objects reloaded before import = 0Number of asset objects unloaded after import = 3

========================================================================
Received Import Request.
  Time since last request: 0.000018 seconds.
  path: Assets/Asset/Map/TileMap/Object Tile/Objects_347.asset
  artifactKey: Guid(08a56774f83fb8c47940fdebe5252ddf) Importer(815301076,1909f56bfc062723c751e8b465ee728b)
Start importing Assets/Asset/Map/TileMap/Object Tile/Objects_347.asset using Guid(08a56774f83fb8c47940fdebe5252ddf) Importer(815301076,1909f56bfc062723c751e8b465ee728b) (PreviewImporter) -> (artifact id: '17d8fd080bf6e5fe4d3eedccf32328a1') in 0.0235485 seconds
Number of updated asset objects reloaded before import = 0Number of asset objects unloaded after import = 3

========================================================================
Received Import Request.
  Time since last request: 0.000107 seconds.
  path: Assets/Asset/Map/TileMap/Object Tile/Objects_331.asset
  artifactKey: Guid(bba97fa009d9e1745971357affa4f475) Importer(815301076,1909f56bfc062723c751e8b465ee728b)
Start importing Assets/Asset/Map/TileMap/Object Tile/Objects_331.asset using Guid(bba97fa009d9e1745971357affa4f475) Importer(815301076,1909f56bfc062723c751e8b465ee728b) (PreviewImporter) -> (artifact id: 'f9d34ca42acc39decda03dd9bc3e9699') in 0.0334123 seconds
Number of updated asset objects reloaded before import = 0Number of asset objects unloaded after import = 3

========================================================================
Received Import Request.
  Time since last request: 0.079523 seconds.
  path: Assets/Asset/Map/TileMap/Object Tile/Objects_320.asset
  artifactKey: Guid(0e8592e4d51961d4894242111fa86bd1) Importer(815301076,1909f56bfc062723c751e8b465ee728b)
Start importing Assets/Asset/Map/TileMap/Object Tile/Objects_320.asset using Guid(0e8592e4d51961d4894242111fa86bd1) Importer(815301076,1909f56bfc062723c751e8b465ee728b) (PreviewImporter) -> (artifact id: '9eb8e1821899617467ff8d41875cc6ed') in 0.0310512 seconds
Number of updated asset objects reloaded before import = 0Number of asset objects unloaded after import = 3

========================================================================
Received Import Request.
  Time since last request: 0.000031 seconds.
  path: Assets/Asset/Map/TileMap/Object Tile/Objects_312.asset
  artifactKey: Guid(8cb2b97dd6adafa43975cd4bff406d21) Importer(815301076,1909f56bfc062723c751e8b465ee728b)
Start importing Assets/Asset/Map/TileMap/Object Tile/Objects_312.asset using Guid(8cb2b97dd6adafa43975cd4bff406d21) Importer(815301076,1909f56bfc062723c751e8b465ee728b) (PreviewImporter) -> (artifact id: '9d14fef116d2e592180f0985b88603ac') in 0.0236256 seconds
Number of updated asset objects reloaded before import = 0Number of asset objects unloaded after import = 3

========================================================================
Received Import Request.
  Time since last request: 25.414803 seconds.
  path: Assets/Asset/Map/TileMap/Object Tile/Objects_309.asset
  artifactKey: Guid(3684019bb490e9442b1bf45871132876) Importer(815301076,1909f56bfc062723c751e8b465ee728b)
Start importing Assets/Asset/Map/TileMap/Object Tile/Objects_309.asset using Guid(3684019bb490e9442b1bf45871132876) Importer(815301076,1909f56bfc062723c751e8b465ee728b) (PreviewImporter) -> (artifact id: 'b3378fdde02c38fcc9c0b2e6f96271e4') in 0.0301272 seconds
Number of updated asset objects reloaded before import = 0Number of asset objects unloaded after import = 3

========================================================================
Received Import Request.
  Time since last request: 0.480495 seconds.
  path: Assets/Asset/Map/TileMap/Object Tile/Objects_248.asset
  artifactKey: Guid(82224080b1723e94f82362fe809df516) Importer(815301076,1909f56bfc062723c751e8b465ee728b)
Start importing Assets/Asset/Map/TileMap/Object Tile/Objects_248.asset using Guid(82224080b1723e94f82362fe809df516) Importer(815301076,1909f56bfc062723c751e8b465ee728b) (PreviewImporter) -> (artifact id: 'ebebecbbb1a722fe89ad5e93eed30299') in 0.0204609 seconds
Number of updated asset objects reloaded before import = 0Number of asset objects unloaded after import = 3

Editor requested this worker to shutdown with reason: Scaling down because of idle timeout
AssetImportWorker is now disconnected from the server
Process exiting
Exiting without the bug reporter. Application will terminate with return code 0