[Licensing::Module] Trying to connect to existing licensing client channel...
Built from '6000.3/respin/6000.3.1f1-f56f53296c2c' branch; Version is '6000.3.1f1 (37142da19a94) revision 3609645'; Using compiler version '194234433'; Build Type 'Release'
OS: 'Windows 11  (10.0.26100) 64bit Core' Language: 'ko' Physical Memory: 32491 MB
[Licensing::IpcConnector] Successfully connected to: "LicenseClient-신명근" at "2025-12-17T19:27:50.3029118Z"
BatchMode: 1, IsHumanControllingUs: 0, StartBugReporterOnCrash: 0, Is64bit: 1
Date: 2025-12-17T19:27:50Z

COMMAND LINE ARGUMENTS:
C:\Unity Editor\6000.3.1f1\Editor\Unity.exe
-adb2
-batchMode
-noUpm
-name
AssetImportWorker43
-projectPath
C:/Unity Project/GamZem
-logFile
Logs/AssetImportWorker43.log
-srvPort
58655
-licensingIpc
LicenseClient-신명근
-job-worker-count
15
-background-job-worker-count
8
-gc-helper-count
1
-name
AssetImport
Successfully changed project path to: C:/Unity Project/GamZem
C:/Unity Project/GamZem
[UnityMemory] Configuration Parameters - Can be set up in boot.config
    "memorysetup-temp-allocator-size-nav-mesh-worker=65536"
    "memorysetup-temp-allocator-size-audio-worker=65536"
    "memorysetup-temp-allocator-size-gfx=262144"
    "memorysetup-allocator-temp-initial-block-size-main=262144"
    "memorysetup-allocator-temp-initial-block-size-worker=262144"
    "memorysetup-temp-allocator-size-background-worker=32768"
    "memorysetup-temp-allocator-size-job-worker=262144"
    "memorysetup-temp-allocator-size-preload-manager=33554432"
    "memorysetup-temp-allocator-size-gi-baking-worker=262144"
    "memorysetup-temp-allocator-size-gi-baking-worker=262144"
    "memorysetup-temp-allocator-size-gi-baking-worker=262144"
    "memorysetup-temp-allocator-size-gi-baking-worker=262144"
    "memorysetup-temp-allocator-size-gi-baking-worker=262144"
    "memorysetup-bucket-allocator-granularity=16"
    "memorysetup-bucket-allocator-bucket-count=8"
    "memorysetup-bucket-allocator-block-size=33554432"
    "memorysetup-bucket-allocator-block-count=8"
    "memorysetup-main-allocator-block-size=16777216"
    "memorysetup-thread-allocator-block-size=16777216"
    "memorysetup-gfx-main-allocator-block-size=16777216"
    "memorysetup-gfx-thread-allocator-block-size=16777216"
    "memorysetup-cache-allocator-block-size=4194304"
    "memorysetup-typetree-allocator-block-size=2097152"
    "memorysetup-profiler-bucket-allocator-granularity=16"
    "memorysetup-profiler-bucket-allocator-bucket-count=8"
    "memorysetup-profiler-bucket-allocator-block-size=33554432"
    "memorysetup-profiler-bucket-allocator-block-count=8"
    "memorysetup-profiler-allocator-block-size=16777216"
    "memorysetup-profiler-editor-allocator-block-size=1048576"
    "memorysetup-temp-allocator-size-main=16777216"
    "memorysetup-job-temp-allocator-block-size=2097152"
    "memorysetup-job-temp-allocator-block-size-background=1048576"
    "memorysetup-job-temp-allocator-reduction-small-platforms=262144"
    "memorysetup-temp-allocator-size-cloud-worker=32768"
Player connection [40792]  Target information:

Player connection [40792]  * "[IP] 172.17.105.77 [Port] 0 [Flags] 2 [Guid] 186174139 [EditorId] 186174139 [Version] 1048832 [Id] WindowsEditor(7,TTingGS) [Debug] 1 [PackageName] WindowsEditor [ProjectName] Editor" 

Player connection [40792]  * "[IP] 192.168.137.1 [Port] 0 [Flags] 2 [Guid] 186174139 [EditorId] 186174139 [Version] 1048832 [Id] WindowsEditor(7,TTingGS) [Debug] 1 [PackageName] WindowsEditor [ProjectName] Editor" 

Player connection [40792] Host joined multi-casting on [225.0.0.222:54997]...
Player connection [40792] Host joined alternative multi-casting on [225.0.0.222:34997]...
JobSystem: Creating JobQueue using job-worker-count value 15
Input System module state changed to: Initialized.
[Physics::Module] Initialized fallback backend.
[Physics::Module] Id: 0xdecafbad
Library Redirect Path: Library/
[Physics::Module] Selected backend.
[Physics::Module] Name: PhysX
[Physics::Module] Id: 0xf2b8ea05
[Physics::Module] SDK Version: 4.1.2
[Physics::Module] Integration Version: 1.0.0
[Physics::Module] Threading Mode: Multi-Threaded
Refreshing native plugins compatible for Editor in 3.69 ms, found 4 plugins.
Preloading 0 native plugins for Editor in 0.00 ms.
Initialize engine version: 6000.3.1f1 (37142da19a94)
[Subsystems] Discovering subsystems at path C:/Unity Editor/6000.3.1f1/Editor/Data/Resources/UnitySubsystems
[Subsystems] Discovering subsystems at path C:/Unity Project/GamZem/Assets
GfxDevice: creating device client; kGfxThreadingModeNonThreaded
Direct3D:
    Version:  Direct3D 11.0 [level 11.1]
    Renderer: NVIDIA GeForce RTX 4070 Laptop GPU (ID=0x2860)
    Vendor:   NVIDIA
    VRAM:     7948 MB
    Driver:   32.0.15.6094
Initialize mono
Mono path[0] = 'C:/Unity Editor/6000.3.1f1/Editor/Data/Managed'
Mono path[1] = 'C:/Unity Editor/6000.3.1f1/Editor/Data/MonoBleedingEdge/lib/mono/unityjit-win32'
Mono config path = 'C:/Unity Editor/6000.3.1f1/Editor/Data/MonoBleedingEdge/etc'
Using monoOptions --debugger-agent=transport=dt_socket,embedding=1,server=y,suspend=n,address=127.0.0.1:56224
Begin MonoManager ReloadAssembly
Registering precompiled unity dll's ...
Register platform support module: C:/Unity Editor/6000.3.1f1/Editor/Data/PlaybackEngines/WindowsStandaloneSupport/UnityEditor.WindowsStandalone.Extensions.dll
[Licensing::Module] Licensing is not yet initialized.
[Licensing::Client] Error: HandshakeResponse reported an error:
	ResponseCode: 505
	ResponseStatus: Unsupported protocol version '1.17.4'.
[Licensing::Module] Error: Failed to handshake to channel: "LicenseClient-신명근"
[Licensing::IpcConnector] LicenseClient-신명근 channel disconnected successfully.
[Licensing::IpcConnector] Successfully connected to: "LicenseClient-신명근-6000.3.1" at "2025-12-17T19:27:51.7340469Z"
[Licensing::Client] Handshaking with LicensingClient:
  Version:                 1.17.4+4293ba1
  Session Id:              a9e9096f16b8461d8cf3b0ca4f061fa8
  Correlation Id:          59de42ca91f0245af30488d335f8a9f5
  External correlation Id: 8772084322402203000
  Machine Id:              0M/ABMMGBGM+hP/9vJJ0T88awfw=
[Licensing::Module] Successfully connected to LicensingClient on channel: "LicenseClient-신명근-6000.3.1" (connect: 0.00s, validation: 0.00s, handshake: 1.01s)
[Licensing::IpcConnector] Successfully connected to: "LicenseClient-신명근-6000.3.1-notifications" at "2025-12-17T19:27:52.7446675Z"
[Licensing::Module] Licensing Background thread has ended after 2.44s
[Licensing::Module] Licensing is initialized (took 1.23s).
[Licensing::Client] Successfully resolved entitlement details
[Licensing::Module] License group:
  Id: 14569682563822-gwichana-UnityProStuXXXX
  Product: Unity Student
  Type: Assigned
  Expiration: 2026-10-04T14:32:33Z
Register platform support module: C:/Unity Editor/6000.3.1f1/Editor/Data/PlaybackEngines/AndroidPlayer/UnityEditor.Android.Extensions.dll
Registered in 1.241307 seconds.
- Loaded All Assemblies, in  1.725 seconds
Native extension for Android target not found
Android Extension - Scanning For ADB Devices 849 ms
Native extension for WindowsStandalone target not found
Mono: successfully reloaded assembly
- Finished resetting the current domain, in  1.429 seconds
Domain Reload Profiling: 3152ms
	BeginReloadAssembly (135ms)
		ExecutionOrderSort (0ms)
		DisableScriptedObjects (0ms)
		BackupInstance (0ms)
		ReleaseScriptingObjects (0ms)
		CreateAndSetChildDomain (1ms)
	RebuildCommonClasses (68ms)
	RebuildNativeTypeToScriptingClass (14ms)
	initialDomainReloadingComplete (1293ms)
	LoadAllAssembliesAndSetupDomain (213ms)
		LoadAssemblies (128ms)
		RebuildTransferFunctionScriptingTraits (0ms)
		AnalyzeDomain (209ms)
			TypeCache.Refresh (206ms)
				TypeCache.ScanAssembly (189ms)
			BuildScriptInfoCaches (0ms)
			ResolveRequiredComponents (1ms)
	FinalizeReload (1430ms)
		ReleaseScriptCaches (0ms)
		RebuildScriptCaches (0ms)
		SetupLoadedEditorAssemblies (1371ms)
			LogAssemblyErrors (0ms)
			InitializePlatformSupportModulesInManaged (953ms)
			SetLoadedEditorAssemblies (6ms)
			BeforeProcessingInitializeOnLoad (123ms)
			ProcessInitializeOnLoadAttributes (199ms)
			ProcessInitializeOnLoadMethodAttributes (89ms)
			AfterProcessingInitializeOnLoad (0ms)
			EditorAssembliesLoaded (0ms)
		ExecutionOrderSort2 (0ms)
		AwakeInstancesAfterBackupRestoration (0ms)
Assembly reference Packages/com.unity.cinemachine/Editor/Samples/ExposeHDRPInternals/HDRP-Editor-ref.asmref has no target assembly definition
========================================================================
Worker process is ready to serve import requests
Import Worker Mode flag is 0x00
Assembly reference Packages/com.unity.cinemachine/Editor/Samples/ExposeHDRPInternals/HDRP-Editor-ref.asmref has no target assembly definition
Assembly reference Packages/com.unity.cinemachine/Editor/Samples/ExposeHDRPInternals/HDRP-Editor-ref.asmref has no target assembly definition
Begin MonoManager ReloadAssembly
[Licensing::Client] Successfully resolved entitlement details
- Loaded All Assemblies, in  0.996 seconds
Assembly reference Packages/com.unity.cinemachine/Editor/Samples/ExposeHDRPInternals/HDRP-Editor-ref.asmref has no target assembly definition
'Packages/com.unity.cinemachine/Editor/Obsolete/CinemachineVirtualCameraBaseEditor.cs' contains partial class of Unity.Object, exactly 1 of the partial classes needs to be in a file with the same filename. This is to know the one that can be referenced from ie. GameObjects
'Packages/com.unity.cinemachine/Editor/Editors/CinemachineVirtualCameraBaseEditor.cs' contains partial class of Unity.Object, exactly 1 of the partial classes needs to be in a file with the same filename. This is to know the one that can be referenced from ie. GameObjects
Refreshing native plugins compatible for Editor in 2.72 ms, found 4 plugins.
Native extension for Android target not found
Native extension for WindowsStandalone target not found
Assembly reference Packages/com.unity.cinemachine/Editor/Samples/ExposeHDRPInternals/HDRP-Editor-ref.asmref has no target assembly definition
Package Manager log level set to [2]
[Package Manager] Failed to launch server process. Reason: Unity was launched with the -noUpm command-line argument
[Package Manager] Unable to send message (not connected to server process).
[Package Manager] Cannot connect to Unity Package Manager local server
[Package Manager] Failed to launch server process. Reason: Unity was launched with the -noUpm command-line argument
[Package Manager] Unable to send message (not connected to server process).
[Package Manager] Cannot connect to Unity Package Manager local server
Mono: successfully reloaded assembly
- Finished resetting the current domain, in  1.105 seconds
Domain Reload Profiling: 2095ms
	BeginReloadAssembly (190ms)
		ExecutionOrderSort (0ms)
		DisableScriptedObjects (8ms)
		BackupInstance (0ms)
		ReleaseScriptingObjects (0ms)
		CreateAndSetChildDomain (35ms)
	RebuildCommonClasses (48ms)
	RebuildNativeTypeToScriptingClass (14ms)
	initialDomainReloadingComplete (49ms)
	LoadAllAssembliesAndSetupDomain (687ms)
		LoadAssemblies (436ms)
		RebuildTransferFunctionScriptingTraits (0ms)
		AnalyzeDomain (346ms)
			TypeCache.Refresh (257ms)
				TypeCache.ScanAssembly (235ms)
			BuildScriptInfoCaches (72ms)
			ResolveRequiredComponents (12ms)
	FinalizeReload (1106ms)
		ReleaseScriptCaches (0ms)
		RebuildScriptCaches (0ms)
		SetupLoadedEditorAssemblies (920ms)
			LogAssemblyErrors (0ms)
			InitializePlatformSupportModulesInManaged (17ms)
			SetLoadedEditorAssemblies (7ms)
			BeforeProcessingInitializeOnLoad (222ms)
			ProcessInitializeOnLoadAttributes (512ms)
			ProcessInitializeOnLoadMethodAttributes (153ms)
			AfterProcessingInitializeOnLoad (8ms)
			EditorAssembliesLoaded (0ms)
		ExecutionOrderSort2 (0ms)
		AwakeInstancesAfterBackupRestoration (8ms)
Launched and connected shader compiler UnityShaderCompiler.exe after 0.07 seconds
Refreshing native plugins compatible for Editor in 2.85 ms, found 4 plugins.
Preloading 0 native plugins for Editor in 0.00 ms.
Unloading 17 Unused Serialized files (Serialized files now loaded: 0)
Unloading 7264 unused Assets / (5.1 MB). Loaded Objects now: 8084.
Memory consumption went from 183.2 MB to 178.1 MB.
Total: 15.371100 ms (FindLiveObjects: 0.831400 ms CreateObjectMapping: 0.805700 ms MarkObjects: 9.888100 ms  DeleteObjects: 3.844100 ms)

========================================================================
Received Import Request.
  Time since last request: 407025.655044 seconds.
  path: Assets/Asset/Map/TileMap/Wall Tile/Sand_ground_251.asset
  artifactKey: Guid(2aef060e275ddf841a44c7ebe5d3fa11) Importer(815301076,1909f56bfc062723c751e8b465ee728b)
Start importing Assets/Asset/Map/TileMap/Wall Tile/Sand_ground_251.asset using Guid(2aef060e275ddf841a44c7ebe5d3fa11) Importer(815301076,1909f56bfc062723c751e8b465ee728b) (PreviewImporter) -> (artifact id: 'ed2adda9fdd3edf77fe1371769ca699c') in 0.0258123 seconds
Number of updated asset objects reloaded before import = 0Number of asset objects unloaded after import = 1

========================================================================
Received Import Request.
  Time since last request: 0.000023 seconds.
  path: Assets/Asset/Map/TileMap/Wall Tile/Sand_ground_303.asset
  artifactKey: Guid(b2a39e680c769a54a8754f78cfdad545) Importer(815301076,1909f56bfc062723c751e8b465ee728b)
Start importing Assets/Asset/Map/TileMap/Wall Tile/Sand_ground_303.asset using Guid(b2a39e680c769a54a8754f78cfdad545) Importer(815301076,1909f56bfc062723c751e8b465ee728b) (PreviewImporter) -> (artifact id: '35a0964eb6ca4210c038b2a1861984c8') in 0.0020029 seconds
Number of updated asset objects reloaded before import = 0Number of asset objects unloaded after import = 1

========================================================================
Received Import Request.
  Time since last request: 0.000013 seconds.
  path: Assets/Asset/Map/TileMap/Wall Tile/Sand_ground_441.asset
  artifactKey: Guid(dc8070f4ba1aaff44aaa4480b80655db) Importer(815301076,1909f56bfc062723c751e8b465ee728b)
Start importing Assets/Asset/Map/TileMap/Wall Tile/Sand_ground_441.asset using Guid(dc8070f4ba1aaff44aaa4480b80655db) Importer(815301076,1909f56bfc062723c751e8b465ee728b) (PreviewImporter) -> (artifact id: '237a7cd7717150795a4b59ca69e7f95e') in 0.0023908 seconds
Number of updated asset objects reloaded before import = 0Number of asset objects unloaded after import = 1

========================================================================
Received Import Request.
  Time since last request: 0.000015 seconds.
  path: Assets/Asset/Map/TileMap/Wall Tile/Sand_ground_471.asset
  artifactKey: Guid(9a09cbd4fc78ca64aa866ab97fe42275) Importer(815301076,1909f56bfc062723c751e8b465ee728b)
Start importing Assets/Asset/Map/TileMap/Wall Tile/Sand_ground_471.asset using Guid(9a09cbd4fc78ca64aa866ab97fe42275) Importer(815301076,1909f56bfc062723c751e8b465ee728b) (PreviewImporter) -> (artifact id: '1a8bb2fdbd8f70f80e4592b97f174332') in 0.0020232 seconds
Number of updated asset objects reloaded before import = 0Number of asset objects unloaded after import = 1

========================================================================
Received Import Request.
  Time since last request: 0.000015 seconds.
  path: Assets/Asset/Map/TileMap/Wall Tile/Sand_ground_467.asset
  artifactKey: Guid(fe53f362e213db244aec649bdc880cc1) Importer(815301076,1909f56bfc062723c751e8b465ee728b)
Start importing Assets/Asset/Map/TileMap/Wall Tile/Sand_ground_467.asset using Guid(fe53f362e213db244aec649bdc880cc1) Importer(815301076,1909f56bfc062723c751e8b465ee728b) (PreviewImporter) -> (artifact id: 'f340dab29ed7f19c79f75144aa090b86') in 0.0024179 seconds
Number of updated asset objects reloaded before import = 0Number of asset objects unloaded after import = 1

========================================================================
Received Import Request.
  Time since last request: 0.000019 seconds.
  path: Assets/Asset/Map/TileMap/Wall Tile/Sand_ground_508.asset
  artifactKey: Guid(948ad030d9e49584daf75274cfea5d98) Importer(815301076,1909f56bfc062723c751e8b465ee728b)
Start importing Assets/Asset/Map/TileMap/Wall Tile/Sand_ground_508.asset using Guid(948ad030d9e49584daf75274cfea5d98) Importer(815301076,1909f56bfc062723c751e8b465ee728b) (PreviewImporter) -> (artifact id: '023f9f31b92076490ca2c59fcd7786ec') in 0.0028715 seconds
Number of updated asset objects reloaded before import = 0Number of asset objects unloaded after import = 1

========================================================================
Received Import Request.
  Time since last request: 0.000027 seconds.
  path: Assets/Asset/Map/TileMap/Wall Tile/Sand_ground_603.asset
  artifactKey: Guid(64852a9ffee2f4f41a6eafa0f6964785) Importer(815301076,1909f56bfc062723c751e8b465ee728b)
Start importing Assets/Asset/Map/TileMap/Wall Tile/Sand_ground_603.asset using Guid(64852a9ffee2f4f41a6eafa0f6964785) Importer(815301076,1909f56bfc062723c751e8b465ee728b) (PreviewImporter) -> (artifact id: '805bf8ab1ddba81ec8f0ccd2e5d3749a') in 0.0020402 seconds
Number of updated asset objects reloaded before import = 0Number of asset objects unloaded after import = 1

========================================================================
Received Import Request.
  Time since last request: 0.000015 seconds.
  path: Assets/Asset/Map/TileMap/Wall Tile/Sand_ground_622.asset
  artifactKey: Guid(51923cceade19b44baa2014cd1118b16) Importer(815301076,1909f56bfc062723c751e8b465ee728b)
Start importing Assets/Asset/Map/TileMap/Wall Tile/Sand_ground_622.asset using Guid(51923cceade19b44baa2014cd1118b16) Importer(815301076,1909f56bfc062723c751e8b465ee728b) (PreviewImporter) -> (artifact id: 'e0115447f49bbba50ae5918d16e388db') in 0.0029934 seconds
Number of updated asset objects reloaded before import = 0Number of asset objects unloaded after import = 1

========================================================================
Received Import Request.
  Time since last request: 0.000017 seconds.
  path: Assets/Asset/Map/TileMap/Wall Tile/Sand_ground_637.asset
  artifactKey: Guid(5c61616f360248b4280e608505d46e12) Importer(815301076,1909f56bfc062723c751e8b465ee728b)
Start importing Assets/Asset/Map/TileMap/Wall Tile/Sand_ground_637.asset using Guid(5c61616f360248b4280e608505d46e12) Importer(815301076,1909f56bfc062723c751e8b465ee728b) (PreviewImporter) -> (artifact id: 'fa79603ab81674e03ccd6f10fd508a6c') in 0.0020776 seconds
Number of updated asset objects reloaded before import = 0Number of asset objects unloaded after import = 1

========================================================================
Received Import Request.
  Time since last request: 0.000015 seconds.
  path: Assets/Asset/Map/TileMap/Wall Tile/Sand_ground_651.asset
  artifactKey: Guid(4910bf3c7aa2d8a48b7ae66396f2ceb1) Importer(815301076,1909f56bfc062723c751e8b465ee728b)
Start importing Assets/Asset/Map/TileMap/Wall Tile/Sand_ground_651.asset using Guid(4910bf3c7aa2d8a48b7ae66396f2ceb1) Importer(815301076,1909f56bfc062723c751e8b465ee728b) (PreviewImporter) -> (artifact id: 'abbc00422ec933256aebd3316175d16b') in 0.002102 seconds
Number of updated asset objects reloaded before import = 0Number of asset objects unloaded after import = 1

========================================================================
Received Import Request.
  Time since last request: 0.000014 seconds.
  path: Assets/Asset/Map/TileMap/Wall Tile/Sand_ground_527.asset
  artifactKey: Guid(af33d82bf58885540bfa2e83463560f9) Importer(815301076,1909f56bfc062723c751e8b465ee728b)
Start importing Assets/Asset/Map/TileMap/Wall Tile/Sand_ground_527.asset using Guid(af33d82bf58885540bfa2e83463560f9) Importer(815301076,1909f56bfc062723c751e8b465ee728b) (PreviewImporter) -> (artifact id: '1e027580f9aab76db0c73f535ce60e38') in 0.0025003 seconds
Number of updated asset objects reloaded before import = 0Number of asset objects unloaded after import = 1

========================================================================
Received Import Request.
  Time since last request: 0.000023 seconds.
  path: Assets/Asset/Map/TileMap/Wall Tile/Sand_ground_477.asset
  artifactKey: Guid(22ca89dd83f4901479db980fc7e2ba7a) Importer(815301076,1909f56bfc062723c751e8b465ee728b)
Start importing Assets/Asset/Map/TileMap/Wall Tile/Sand_ground_477.asset using Guid(22ca89dd83f4901479db980fc7e2ba7a) Importer(815301076,1909f56bfc062723c751e8b465ee728b) (PreviewImporter) -> (artifact id: '76f4f6737dca10ed939dbaa11d026983') in 0.0019868 seconds
Number of updated asset objects reloaded before import = 0Number of asset objects unloaded after import = 1

========================================================================
Received Import Request.
  Time since last request: 0.000037 seconds.
  path: Assets/Asset/Map/TileMap/Wall Tile/Sand_ground_454.asset
  artifactKey: Guid(bb6bc4f6b711b6b4793551931071b956) Importer(815301076,1909f56bfc062723c751e8b465ee728b)
Start importing Assets/Asset/Map/TileMap/Wall Tile/Sand_ground_454.asset using Guid(bb6bc4f6b711b6b4793551931071b956) Importer(815301076,1909f56bfc062723c751e8b465ee728b) (PreviewImporter) -> (artifact id: '81159c13bb6cf5ecf887190d4feef681') in 0.0021892 seconds
Number of updated asset objects reloaded before import = 0Number of asset objects unloaded after import = 1

========================================================================
Received Import Request.
  Time since last request: 0.000017 seconds.
  path: Assets/Asset/Map/TileMap/Wall Tile/Sand_ground_671.asset
  artifactKey: Guid(f8adf3eea51a8404ca007391aa21e0a6) Importer(815301076,1909f56bfc062723c751e8b465ee728b)
Start importing Assets/Asset/Map/TileMap/Wall Tile/Sand_ground_671.asset using Guid(f8adf3eea51a8404ca007391aa21e0a6) Importer(815301076,1909f56bfc062723c751e8b465ee728b) (PreviewImporter) -> (artifact id: '67a518d228c68aaa613e763b6c4aa20b') in 0.0026263 seconds
Number of updated asset objects reloaded before import = 0Number of asset objects unloaded after import = 1

========================================================================
Received Import Request.
  Time since last request: 0.000014 seconds.
  path: Assets/Asset/Map/TileMap/Wall Tile/Sand_ground_703.asset
  artifactKey: Guid(477234feb6b719d488ef60ec49bbcd99) Importer(815301076,1909f56bfc062723c751e8b465ee728b)
Start importing Assets/Asset/Map/TileMap/Wall Tile/Sand_ground_703.asset using Guid(477234feb6b719d488ef60ec49bbcd99) Importer(815301076,1909f56bfc062723c751e8b465ee728b) (PreviewImporter) -> (artifact id: '166fde78864e20faf169340a5015fb3f') in 0.0021767 seconds
Number of updated asset objects reloaded before import = 0Number of asset objects unloaded after import = 1

========================================================================
Received Import Request.
  Time since last request: 0.000017 seconds.
  path: Assets/Asset/Map/TileMap/Wall Tile/Sand_ground_714.asset
  artifactKey: Guid(de9bc7bffc60be945b994b7e5b734220) Importer(815301076,1909f56bfc062723c751e8b465ee728b)
Start importing Assets/Asset/Map/TileMap/Wall Tile/Sand_ground_714.asset using Guid(de9bc7bffc60be945b994b7e5b734220) Importer(815301076,1909f56bfc062723c751e8b465ee728b) (PreviewImporter) -> (artifact id: '639ed87a00392dcf1c145c777d9670e9') in 0.0030857 seconds
Number of updated asset objects reloaded before import = 0Number of asset objects unloaded after import = 1

========================================================================
Received Import Request.
  Time since last request: 0.000016 seconds.
  path: Assets/Asset/Map/TileMap/Wall Tile/Sand_ground_753.asset
  artifactKey: Guid(e357cee794c8b354bb9a6b39b02a5185) Importer(815301076,1909f56bfc062723c751e8b465ee728b)
Start importing Assets/Asset/Map/TileMap/Wall Tile/Sand_ground_753.asset using Guid(e357cee794c8b354bb9a6b39b02a5185) Importer(815301076,1909f56bfc062723c751e8b465ee728b) (PreviewImporter) -> (artifact id: '16fb1c3df39e11b0bd2382ac38efb020') in 0.00204 seconds
Number of updated asset objects reloaded before import = 0Number of asset objects unloaded after import = 1

========================================================================
Received Import Request.
  Time since last request: 0.000037 seconds.
  path: Assets/Asset/Map/TileMap/Wall Tile/Sand_ground_783.asset
  artifactKey: Guid(0ed7ca2d270039d498b68e20b1fad8e1) Importer(815301076,1909f56bfc062723c751e8b465ee728b)
Start importing Assets/Asset/Map/TileMap/Wall Tile/Sand_ground_783.asset using Guid(0ed7ca2d270039d498b68e20b1fad8e1) Importer(815301076,1909f56bfc062723c751e8b465ee728b) (PreviewImporter) -> (artifact id: '7ccd15f23c42a9d40ffc5f88692c36ce') in 0.0028568 seconds
Number of updated asset objects reloaded before import = 0Number of asset objects unloaded after import = 1

========================================================================
Received Import Request.
  Time since last request: 0.000027 seconds.
  path: Assets/Asset/Map/TileMap/Wall Tile/Sand_ground_805.asset
  artifactKey: Guid(c8bea93d76718b74c9caf638cbc9f619) Importer(815301076,1909f56bfc062723c751e8b465ee728b)
Start importing Assets/Asset/Map/TileMap/Wall Tile/Sand_ground_805.asset using Guid(c8bea93d76718b74c9caf638cbc9f619) Importer(815301076,1909f56bfc062723c751e8b465ee728b) (PreviewImporter) -> (artifact id: 'ae2ecf3b4e22ae8b17c42fbae1c0bdf2') in 0.0037766 seconds
Number of updated asset objects reloaded before import = 0Number of asset objects unloaded after import = 1

========================================================================
Received Import Request.
  Time since last request: 0.000017 seconds.
  path: Assets/Asset/Map/TileMap/Wall Tile/Sand_ground_830.asset
  artifactKey: Guid(7963434959950bb4a9e0c403a92fdd47) Importer(815301076,1909f56bfc062723c751e8b465ee728b)
Start importing Assets/Asset/Map/TileMap/Wall Tile/Sand_ground_830.asset using Guid(7963434959950bb4a9e0c403a92fdd47) Importer(815301076,1909f56bfc062723c751e8b465ee728b) (PreviewImporter) -> (artifact id: '5f0f64763fb49baf1f69818edbdf4198') in 0.0021904 seconds
Number of updated asset objects reloaded before import = 0Number of asset objects unloaded after import = 1

========================================================================
Received Import Request.
  Time since last request: 0.000015 seconds.
  path: Assets/Asset/Map/TileMap/Wall Tile/Sand_ground_839.asset
  artifactKey: Guid(f5ec4acb28a7fd047833f7cbc8f45047) Importer(815301076,1909f56bfc062723c751e8b465ee728b)
Start importing Assets/Asset/Map/TileMap/Wall Tile/Sand_ground_839.asset using Guid(f5ec4acb28a7fd047833f7cbc8f45047) Importer(815301076,1909f56bfc062723c751e8b465ee728b) (PreviewImporter) -> (artifact id: '849d394e6d4d4c8964c605bbd42026b7') in 0.0026742 seconds
Number of updated asset objects reloaded before import = 0Number of asset objects unloaded after import = 1

========================================================================
Received Import Request.
  Time since last request: 0.000016 seconds.
  path: Assets/Asset/Map/TileMap/Wall Tile/Sand_ground_804.asset
  artifactKey: Guid(7be17fa3d8214c145b6c19131329516c) Importer(815301076,1909f56bfc062723c751e8b465ee728b)
Start importing Assets/Asset/Map/TileMap/Wall Tile/Sand_ground_804.asset using Guid(7be17fa3d8214c145b6c19131329516c) Importer(815301076,1909f56bfc062723c751e8b465ee728b) (PreviewImporter) -> (artifact id: '13eede3612725a34ab072bdf9e160565') in 0.0022303 seconds
Number of updated asset objects reloaded before import = 0Number of asset objects unloaded after import = 1

========================================================================
Received Import Request.
  Time since last request: 0.000028 seconds.
  path: Assets/Asset/Map/TileMap/Wall Tile/Sand_ground_734.asset
  artifactKey: Guid(f5bc0442c3942ce40a0c30e2f8f3815f) Importer(815301076,1909f56bfc062723c751e8b465ee728b)
Start importing Assets/Asset/Map/TileMap/Wall Tile/Sand_ground_734.asset using Guid(f5bc0442c3942ce40a0c30e2f8f3815f) Importer(815301076,1909f56bfc062723c751e8b465ee728b) (PreviewImporter) -> (artifact id: 'ce277ac4b25747c0a7359e95aaca87a3') in 0.0035677 seconds
Number of updated asset objects reloaded before import = 0Number of asset objects unloaded after import = 1

========================================================================
Received Import Request.
  Time since last request: 0.000018 seconds.
  path: Assets/Asset/Map/TileMap/Wall Tile/Sand_ground_797.asset
  artifactKey: Guid(4393990c856607743bf4f46d8ee19c27) Importer(815301076,1909f56bfc062723c751e8b465ee728b)
Start importing Assets/Asset/Map/TileMap/Wall Tile/Sand_ground_797.asset using Guid(4393990c856607743bf4f46d8ee19c27) Importer(815301076,1909f56bfc062723c751e8b465ee728b) (PreviewImporter) -> (artifact id: '24a089ca621bd51ff0debc49f34de1a4') in 0.0024306 seconds
Number of updated asset objects reloaded before import = 0Number of asset objects unloaded after import = 1

========================================================================
Received Import Request.
  Time since last request: 0.000026 seconds.
  path: Assets/Asset/Map/TileMap/Wall Tile/Sand_ground_725.asset
  artifactKey: Guid(c7eba99c8ce8834419d8ee2e84e65b8d) Importer(815301076,1909f56bfc062723c751e8b465ee728b)
Start importing Assets/Asset/Map/TileMap/Wall Tile/Sand_ground_725.asset using Guid(c7eba99c8ce8834419d8ee2e84e65b8d) Importer(815301076,1909f56bfc062723c751e8b465ee728b) (PreviewImporter) -> (artifact id: '3fa898d96a5a90681c7ad0ec6f42f5d3') in 0.0039461 seconds
Number of updated asset objects reloaded before import = 0Number of asset objects unloaded after import = 1

========================================================================
Received Import Request.
  Time since last request: 0.000014 seconds.
  path: Assets/Asset/Map/TileMap/Wall Tile/Sand_ground_761.asset
  artifactKey: Guid(f12497a4d7cb0d34c92854826df41d31) Importer(815301076,1909f56bfc062723c751e8b465ee728b)
Start importing Assets/Asset/Map/TileMap/Wall Tile/Sand_ground_761.asset using Guid(f12497a4d7cb0d34c92854826df41d31) Importer(815301076,1909f56bfc062723c751e8b465ee728b) (PreviewImporter) -> (artifact id: '3a4eff9f86b20cc9a32df33cd7d251a8') in 0.0027676 seconds
Number of updated asset objects reloaded before import = 0Number of asset objects unloaded after import = 1

========================================================================
Received Import Request.
  Time since last request: 0.000017 seconds.
  path: Assets/Asset/Map/TileMap/Wall Tile/Sand_ground_702.asset
  artifactKey: Guid(e5b3c484e43e9694ebc798a0b9079ed1) Importer(815301076,1909f56bfc062723c751e8b465ee728b)
Start importing Assets/Asset/Map/TileMap/Wall Tile/Sand_ground_702.asset using Guid(e5b3c484e43e9694ebc798a0b9079ed1) Importer(815301076,1909f56bfc062723c751e8b465ee728b) (PreviewImporter) -> (artifact id: '7eaccd64469a8ca2fbf3f66126c450d6') in 0.0023904 seconds
Number of updated asset objects reloaded before import = 0Number of asset objects unloaded after import = 1

========================================================================
Received Import Request.
  Time since last request: 0.000016 seconds.
  path: Assets/Asset/Map/TileMap/Wall Tile/Sand_ground_704.asset
  artifactKey: Guid(a897c7636d6598844836b16cf495c7bc) Importer(815301076,1909f56bfc062723c751e8b465ee728b)
Start importing Assets/Asset/Map/TileMap/Wall Tile/Sand_ground_704.asset using Guid(a897c7636d6598844836b16cf495c7bc) Importer(815301076,1909f56bfc062723c751e8b465ee728b) (PreviewImporter) -> (artifact id: '443d1d6749c9316ba403840371dfd5c3') in 0.0033827 seconds
Number of updated asset objects reloaded before import = 0Number of asset objects unloaded after import = 1

========================================================================
Received Import Request.
  Time since last request: 0.000017 seconds.
  path: Assets/Asset/Map/TileMap/Wall Tile/Sand_ground_847.asset
  artifactKey: Guid(2047fec0ea80acd4db4e53b2043de32d) Importer(815301076,1909f56bfc062723c751e8b465ee728b)
Start importing Assets/Asset/Map/TileMap/Wall Tile/Sand_ground_847.asset using Guid(2047fec0ea80acd4db4e53b2043de32d) Importer(815301076,1909f56bfc062723c751e8b465ee728b) (PreviewImporter) -> (artifact id: 'b60dda2aaa5bf97c5e4aea79d01e1d36') in 0.0028813 seconds
Number of updated asset objects reloaded before import = 0Number of asset objects unloaded after import = 1

========================================================================
Received Import Request.
  Time since last request: 0.000026 seconds.
  path: Assets/Asset/Map/TileMap/Wall Tile/Sand_ground_625.asset
  artifactKey: Guid(98d3ce0156bd7004880e03770cac5abc) Importer(815301076,1909f56bfc062723c751e8b465ee728b)
Start importing Assets/Asset/Map/TileMap/Wall Tile/Sand_ground_625.asset using Guid(98d3ce0156bd7004880e03770cac5abc) Importer(815301076,1909f56bfc062723c751e8b465ee728b) (PreviewImporter) -> (artifact id: '48e41f4dccdf770f25aec431ababe8ca') in 0.0033876 seconds
Number of updated asset objects reloaded before import = 0Number of asset objects unloaded after import = 1

========================================================================
Received Import Request.
  Time since last request: 0.000017 seconds.
  path: Assets/Asset/Map/TileMap/Wall Tile/Sand_ground_712.asset
  artifactKey: Guid(5bbda4594dd6be5488c1a9dfaa678616) Importer(815301076,1909f56bfc062723c751e8b465ee728b)
Start importing Assets/Asset/Map/TileMap/Wall Tile/Sand_ground_712.asset using Guid(5bbda4594dd6be5488c1a9dfaa678616) Importer(815301076,1909f56bfc062723c751e8b465ee728b) (PreviewImporter) -> (artifact id: '09929a83fabac17b84bd1143e8b0cd16') in 0.0029859 seconds
Number of updated asset objects reloaded before import = 0Number of asset objects unloaded after import = 1

========================================================================
Received Import Request.
  Time since last request: 0.000016 seconds.
  path: Assets/Asset/Map/TileMap/Wall Tile/Sand_ground_513.asset
  artifactKey: Guid(28f199c09c0588547842b929b3fae901) Importer(815301076,1909f56bfc062723c751e8b465ee728b)
Start importing Assets/Asset/Map/TileMap/Wall Tile/Sand_ground_513.asset using Guid(28f199c09c0588547842b929b3fae901) Importer(815301076,1909f56bfc062723c751e8b465ee728b) (PreviewImporter) -> (artifact id: '8e981739ccd28fb6f0f1b49d40ca90ac') in 0.0025377 seconds
Number of updated asset objects reloaded before import = 0Number of asset objects unloaded after import = 1

========================================================================
Received Import Request.
  Time since last request: 0.000017 seconds.
  path: Assets/Asset/Map/TileMap/Wall Tile/Sand_ground_267.asset
  artifactKey: Guid(0696f6b1c9f559645b0b5baa2b136187) Importer(815301076,1909f56bfc062723c751e8b465ee728b)
Start importing Assets/Asset/Map/TileMap/Wall Tile/Sand_ground_267.asset using Guid(0696f6b1c9f559645b0b5baa2b136187) Importer(815301076,1909f56bfc062723c751e8b465ee728b) (PreviewImporter) -> (artifact id: '7febc4097c5eeaa1c0164cba3970005e') in 0.0022651 seconds
Number of updated asset objects reloaded before import = 0Number of asset objects unloaded after import = 1

========================================================================
Received Import Request.
  Time since last request: 0.000014 seconds.
  path: Assets/Asset/Map/TileMap/Wall Tile/Sand_ground_313.asset
  artifactKey: Guid(2aaa427bcca7bcb42ba74451849850bf) Importer(815301076,1909f56bfc062723c751e8b465ee728b)
Start importing Assets/Asset/Map/TileMap/Wall Tile/Sand_ground_313.asset using Guid(2aaa427bcca7bcb42ba74451849850bf) Importer(815301076,1909f56bfc062723c751e8b465ee728b) (PreviewImporter) -> (artifact id: 'db9f73ab32f6010011ca8e5b69e8a065') in 0.002961 seconds
Number of updated asset objects reloaded before import = 0Number of asset objects unloaded after import = 1

========================================================================
Received Import Request.
  Time since last request: 0.000031 seconds.
  path: Assets/Asset/Map/TileMap/Wall Tile/Sand_ground_831.asset
  artifactKey: Guid(5c8396517849b8243a72c8a19e31bfc2) Importer(815301076,1909f56bfc062723c751e8b465ee728b)
Start importing Assets/Asset/Map/TileMap/Wall Tile/Sand_ground_831.asset using Guid(5c8396517849b8243a72c8a19e31bfc2) Importer(815301076,1909f56bfc062723c751e8b465ee728b) (PreviewImporter) -> (artifact id: '058342f5fcf65fc7fee02ba606c257d1') in 0.0021477 seconds
Number of updated asset objects reloaded before import = 0Number of asset objects unloaded after import = 1

========================================================================
Received Import Request.
  Time since last request: 0.000052 seconds.
  path: Assets/Asset/Map/TileMap/Wall Tile/Sand_ground_845.asset
  artifactKey: Guid(66b8ccd16c60c314e95f866a04aeac67) Importer(815301076,1909f56bfc062723c751e8b465ee728b)
Start importing Assets/Asset/Map/TileMap/Wall Tile/Sand_ground_845.asset using Guid(66b8ccd16c60c314e95f866a04aeac67) Importer(815301076,1909f56bfc062723c751e8b465ee728b) (PreviewImporter) -> (artifact id: '653a2f8b8d3b0473d516dc8bc776339d') in 0.0021656 seconds
Number of updated asset objects reloaded before import = 0Number of asset objects unloaded after import = 1

========================================================================
Received Import Request.
  Time since last request: 0.000016 seconds.
  path: Assets/Asset/Map/TileMap/Wall Tile/Sand_ground_784.asset
  artifactKey: Guid(045e1392e61137644b10376c6c5f7d61) Importer(815301076,1909f56bfc062723c751e8b465ee728b)
Start importing Assets/Asset/Map/TileMap/Wall Tile/Sand_ground_784.asset using Guid(045e1392e61137644b10376c6c5f7d61) Importer(815301076,1909f56bfc062723c751e8b465ee728b) (PreviewImporter) -> (artifact id: 'f7a83e041fe9ea69c36f2cbed7db1c42') in 0.0037473 seconds
Number of updated asset objects reloaded before import = 0Number of asset objects unloaded after import = 1

========================================================================
Received Import Request.
  Time since last request: 0.000019 seconds.
  path: Assets/Asset/Map/TileMap/Wall Tile/Sand_ground_325.asset
  artifactKey: Guid(c6eab4337e58c634aae06be9974f1462) Importer(815301076,1909f56bfc062723c751e8b465ee728b)
Start importing Assets/Asset/Map/TileMap/Wall Tile/Sand_ground_325.asset using Guid(c6eab4337e58c634aae06be9974f1462) Importer(815301076,1909f56bfc062723c751e8b465ee728b) (PreviewImporter) -> (artifact id: 'e6f9bd87a9c9d7015c8fb937ceec1e22') in 0.0024783 seconds
Number of updated asset objects reloaded before import = 0Number of asset objects unloaded after import = 1

========================================================================
Received Import Request.
  Time since last request: 0.000014 seconds.
  path: Assets/Asset/Map/TileMap/Wall Tile/Sand_ground_261.asset
  artifactKey: Guid(dbecbf4590bdddf4c93a06c84ec10178) Importer(815301076,1909f56bfc062723c751e8b465ee728b)
Start importing Assets/Asset/Map/TileMap/Wall Tile/Sand_ground_261.asset using Guid(dbecbf4590bdddf4c93a06c84ec10178) Importer(815301076,1909f56bfc062723c751e8b465ee728b) (PreviewImporter) -> (artifact id: '9cc83780ba9e4d02b074d7ee5c457ed9') in 0.0025289 seconds
Number of updated asset objects reloaded before import = 0Number of asset objects unloaded after import = 1

========================================================================
Received Import Request.
  Time since last request: 0.000019 seconds.
  path: Assets/Asset/Map/TileMap/Wall Tile/Sand_ground_305.asset
  artifactKey: Guid(723dea35b6e306e46ac4bc1d8f898951) Importer(815301076,1909f56bfc062723c751e8b465ee728b)
Start importing Assets/Asset/Map/TileMap/Wall Tile/Sand_ground_305.asset using Guid(723dea35b6e306e46ac4bc1d8f898951) Importer(815301076,1909f56bfc062723c751e8b465ee728b) (PreviewImporter) -> (artifact id: '6ea0ddf4c70686563b76c6c3d068e190') in 0.0022848 seconds
Number of updated asset objects reloaded before import = 0Number of asset objects unloaded after import = 1

========================================================================
Received Import Request.
  Time since last request: 0.000021 seconds.
  path: Assets/Asset/Map/TileMap/Wall Tile/Sand_ground_265.asset
  artifactKey: Guid(dde83b39954a8ce418d03f0a5fe5eb0d) Importer(815301076,1909f56bfc062723c751e8b465ee728b)
Start importing Assets/Asset/Map/TileMap/Wall Tile/Sand_ground_265.asset using Guid(dde83b39954a8ce418d03f0a5fe5eb0d) Importer(815301076,1909f56bfc062723c751e8b465ee728b) (PreviewImporter) -> (artifact id: 'ea7e6fd384ebc1e76c77c058c2389850') in 0.0023425 seconds
Number of updated asset objects reloaded before import = 0Number of asset objects unloaded after import = 1

========================================================================
Received Import Request.
  Time since last request: 0.000016 seconds.
  path: Assets/Asset/Map/TileMap/Wall Tile/Sand_ground_318.asset
  artifactKey: Guid(edc6a84850db7514981d5ce6ac56cb08) Importer(815301076,1909f56bfc062723c751e8b465ee728b)
Start importing Assets/Asset/Map/TileMap/Wall Tile/Sand_ground_318.asset using Guid(edc6a84850db7514981d5ce6ac56cb08) Importer(815301076,1909f56bfc062723c751e8b465ee728b) (PreviewImporter) -> (artifact id: '743e90ff902d4cff0a47c1093b37c999') in 0.0028235 seconds
Number of updated asset objects reloaded before import = 0Number of asset objects unloaded after import = 1

========================================================================
Received Import Request.
  Time since last request: 0.000029 seconds.
  path: Assets/Asset/Map/TileMap/Wall Tile/Sand_ground_479.asset
  artifactKey: Guid(050dac75e401dc944808714143b0180f) Importer(815301076,1909f56bfc062723c751e8b465ee728b)
Start importing Assets/Asset/Map/TileMap/Wall Tile/Sand_ground_479.asset using Guid(050dac75e401dc944808714143b0180f) Importer(815301076,1909f56bfc062723c751e8b465ee728b) (PreviewImporter) -> (artifact id: '8ddbef391ae31eb55adaaa07d1910fdc') in 0.0020829 seconds
Number of updated asset objects reloaded before import = 0Number of asset objects unloaded after import = 1

========================================================================
Received Import Request.
  Time since last request: 0.000014 seconds.
  path: Assets/Asset/Map/TileMap/Wall Tile/Sand_ground_317.asset
  artifactKey: Guid(0811387554a3912479bc2a89ecc8a049) Importer(815301076,1909f56bfc062723c751e8b465ee728b)
Start importing Assets/Asset/Map/TileMap/Wall Tile/Sand_ground_317.asset using Guid(0811387554a3912479bc2a89ecc8a049) Importer(815301076,1909f56bfc062723c751e8b465ee728b) (PreviewImporter) -> (artifact id: 'e6331f28a84ffdb8f10729325b9ed08a') in 0.0026311 seconds
Number of updated asset objects reloaded before import = 0Number of asset objects unloaded after import = 1

========================================================================
Received Import Request.
  Time since last request: 0.000015 seconds.
  path: Assets/Asset/Map/TileMap/Wall Tile/Sand_ground_269.asset
  artifactKey: Guid(50585715ea5d8fa4e900ee466fba104c) Importer(815301076,1909f56bfc062723c751e8b465ee728b)
Start importing Assets/Asset/Map/TileMap/Wall Tile/Sand_ground_269.asset using Guid(50585715ea5d8fa4e900ee466fba104c) Importer(815301076,1909f56bfc062723c751e8b465ee728b) (PreviewImporter) -> (artifact id: 'dbd4b628ca25ade9a23d7c33ce3d9198') in 0.0030174 seconds
Number of updated asset objects reloaded before import = 0Number of asset objects unloaded after import = 1

========================================================================
Received Import Request.
  Time since last request: 0.000023 seconds.
  path: Assets/Asset/Map/TileMap/Wall Tile/Sand_ground_692.asset
  artifactKey: Guid(1071ed1a4e0fa7949bf18ab85bc73513) Importer(815301076,1909f56bfc062723c751e8b465ee728b)
Start importing Assets/Asset/Map/TileMap/Wall Tile/Sand_ground_692.asset using Guid(1071ed1a4e0fa7949bf18ab85bc73513) Importer(815301076,1909f56bfc062723c751e8b465ee728b) (PreviewImporter) -> (artifact id: '6745dc0b72856edb418412396c8cae77') in 0.0023175 seconds
Number of updated asset objects reloaded before import = 0Number of asset objects unloaded after import = 1

========================================================================
Received Import Request.
  Time since last request: 0.000026 seconds.
  path: Assets/Asset/Map/TileMap/Wall Tile/Sand_ground_474.asset
  artifactKey: Guid(0a351e2420c741a4e82dc01864c793ab) Importer(815301076,1909f56bfc062723c751e8b465ee728b)
Start importing Assets/Asset/Map/TileMap/Wall Tile/Sand_ground_474.asset using Guid(0a351e2420c741a4e82dc01864c793ab) Importer(815301076,1909f56bfc062723c751e8b465ee728b) (PreviewImporter) -> (artifact id: 'aa516f338b1af6ba4dfec4b5279010b4') in 0.0032835 seconds
Number of updated asset objects reloaded before import = 0Number of asset objects unloaded after import = 1

========================================================================
Received Import Request.
  Time since last request: 0.000016 seconds.
  path: Assets/Asset/Map/TileMap/Wall Tile/Sand_ground_709.asset
  artifactKey: Guid(372ea00a20250be4e9528d5be5108e7a) Importer(815301076,1909f56bfc062723c751e8b465ee728b)
Start importing Assets/Asset/Map/TileMap/Wall Tile/Sand_ground_709.asset using Guid(372ea00a20250be4e9528d5be5108e7a) Importer(815301076,1909f56bfc062723c751e8b465ee728b) (PreviewImporter) -> (artifact id: '87e6ec8f66d29cd2d6277721ea4eea87') in 0.0020258 seconds
Number of updated asset objects reloaded before import = 0Number of asset objects unloaded after import = 1

========================================================================
Received Import Request.
  Time since last request: 0.000027 seconds.
  path: Assets/Asset/Map/TileMap/Wall Tile/Sand_ground_326.asset
  artifactKey: Guid(aec76086f5f98a14591e6c1a0cff55d0) Importer(815301076,1909f56bfc062723c751e8b465ee728b)
Start importing Assets/Asset/Map/TileMap/Wall Tile/Sand_ground_326.asset using Guid(aec76086f5f98a14591e6c1a0cff55d0) Importer(815301076,1909f56bfc062723c751e8b465ee728b) (PreviewImporter) -> (artifact id: 'c83b3e41bb6ed70f26ac65d5c16aeaed') in 0.0027147 seconds
Number of updated asset objects reloaded before import = 0Number of asset objects unloaded after import = 1

========================================================================
Received Import Request.
  Time since last request: 0.000016 seconds.
  path: Assets/Asset/Map/TileMap/Wall Tile/Sand_ground_829.asset
  artifactKey: Guid(c0457d0e370eba14caf7a0bc3439f6e3) Importer(815301076,1909f56bfc062723c751e8b465ee728b)
Start importing Assets/Asset/Map/TileMap/Wall Tile/Sand_ground_829.asset using Guid(c0457d0e370eba14caf7a0bc3439f6e3) Importer(815301076,1909f56bfc062723c751e8b465ee728b) (PreviewImporter) -> (artifact id: '35ca905396214cc05098085cc13f22f7') in 0.0023422 seconds
Number of updated asset objects reloaded before import = 0Number of asset objects unloaded after import = 1

========================================================================
Received Import Request.
  Time since last request: 0.000019 seconds.
  path: Assets/Asset/Map/TileMap/Wall Tile/Sand_ground_717.asset
  artifactKey: Guid(bc4f65370099599409b4ef13471da869) Importer(815301076,1909f56bfc062723c751e8b465ee728b)
Start importing Assets/Asset/Map/TileMap/Wall Tile/Sand_ground_717.asset using Guid(bc4f65370099599409b4ef13471da869) Importer(815301076,1909f56bfc062723c751e8b465ee728b) (PreviewImporter) -> (artifact id: 'fef2db2b1beb2aceeafc35e5d9f34cad') in 0.0022637 seconds
Number of updated asset objects reloaded before import = 0Number of asset objects unloaded after import = 1

========================================================================
Received Import Request.
  Time since last request: 0.741649 seconds.
  path: Assets/Asset/Map/TileMap/Wall Tile/Sand_ground_787.asset
  artifactKey: Guid(e886c4445bf2d6a4fab4f5f98211f138) Importer(815301076,1909f56bfc062723c751e8b465ee728b)
Start importing Assets/Asset/Map/TileMap/Wall Tile/Sand_ground_787.asset using Guid(e886c4445bf2d6a4fab4f5f98211f138) Importer(815301076,1909f56bfc062723c751e8b465ee728b) (PreviewImporter) -> (artifact id: '9420b8aadbbbc271b7e066d0987b3342') in 0.002632 seconds
Number of updated asset objects reloaded before import = 0Number of asset objects unloaded after import = 1

========================================================================
Received Import Request.
  Time since last request: 0.276736 seconds.
  path: Assets/Asset/Map/TileMap/Wall Tile/Sand_ground_739.asset
  artifactKey: Guid(62c77762f43462f4b914d6e25be9d0c9) Importer(815301076,1909f56bfc062723c751e8b465ee728b)
Start importing Assets/Asset/Map/TileMap/Wall Tile/Sand_ground_739.asset using Guid(62c77762f43462f4b914d6e25be9d0c9) Importer(815301076,1909f56bfc062723c751e8b465ee728b) (PreviewImporter) -> (artifact id: 'd1af5c9a122f7e3e20e7202937789e23') in 0.0018213 seconds
Number of updated asset objects reloaded before import = 0Number of asset objects unloaded after import = 1

========================================================================
Received Import Request.
  Time since last request: 6.662575 seconds.
  path: Assets/Asset/Map/TileMap/Wall Tile/Sand_ground_594.asset
  artifactKey: Guid(9f3ddd0e3ad55a3468917a40dfd82927) Importer(815301076,1909f56bfc062723c751e8b465ee728b)
Start importing Assets/Asset/Map/TileMap/Wall Tile/Sand_ground_594.asset using Guid(9f3ddd0e3ad55a3468917a40dfd82927) Importer(815301076,1909f56bfc062723c751e8b465ee728b) (PreviewImporter) -> (artifact id: '4b3be99ee95b40f3db73ff3abc3a552a') in 0.0017092 seconds
Number of updated asset objects reloaded before import = 0Number of asset objects unloaded after import = 1

========================================================================
Received Import Request.
  Time since last request: 0.207400 seconds.
  path: Assets/Asset/Map/TileMap/Wall Tile/Sand_ground_586.asset
  artifactKey: Guid(25b4d9665da1d5c4690cbce2b1987d9c) Importer(815301076,1909f56bfc062723c751e8b465ee728b)
Start importing Assets/Asset/Map/TileMap/Wall Tile/Sand_ground_586.asset using Guid(25b4d9665da1d5c4690cbce2b1987d9c) Importer(815301076,1909f56bfc062723c751e8b465ee728b) (PreviewImporter) -> (artifact id: 'dcd55dc867b98acb5070df94d427d1c2') in 0.0015934 seconds
Number of updated asset objects reloaded before import = 0Number of asset objects unloaded after import = 1

========================================================================
Received Import Request.
  Time since last request: 0.000015 seconds.
  path: Assets/Asset/Map/TileMap/Wall Tile/Sand_ground_577.asset
  artifactKey: Guid(dd2f6fd2055391744b36c49c81c224d9) Importer(815301076,1909f56bfc062723c751e8b465ee728b)
Start importing Assets/Asset/Map/TileMap/Wall Tile/Sand_ground_577.asset using Guid(dd2f6fd2055391744b36c49c81c224d9) Importer(815301076,1909f56bfc062723c751e8b465ee728b) (PreviewImporter) -> (artifact id: '9284d84f21f6e9ccc4a20e1948433266') in 0.0026255 seconds
Number of updated asset objects reloaded before import = 0Number of asset objects unloaded after import = 1

========================================================================
Received Import Request.
  Time since last request: 0.000033 seconds.
  path: Assets/Asset/Map/TileMap/Wall Tile/Sand_ground_564.asset
  artifactKey: Guid(3b9c665ce96b80f4c8fd9f950e482af7) Importer(815301076,1909f56bfc062723c751e8b465ee728b)
Start importing Assets/Asset/Map/TileMap/Wall Tile/Sand_ground_564.asset using Guid(3b9c665ce96b80f4c8fd9f950e482af7) Importer(815301076,1909f56bfc062723c751e8b465ee728b) (PreviewImporter) -> (artifact id: '3779d814bcd9f9319145e51f6f080f7b') in 0.0019459 seconds
Number of updated asset objects reloaded before import = 0Number of asset objects unloaded after import = 1

========================================================================
Received Import Request.
  Time since last request: 0.000022 seconds.
  path: Assets/Asset/Map/TileMap/Wall Tile/Sand_ground_573.asset
  artifactKey: Guid(cad8216d0e5a0094997ab0841fd4d499) Importer(815301076,1909f56bfc062723c751e8b465ee728b)
Start importing Assets/Asset/Map/TileMap/Wall Tile/Sand_ground_573.asset using Guid(cad8216d0e5a0094997ab0841fd4d499) Importer(815301076,1909f56bfc062723c751e8b465ee728b) (PreviewImporter) -> (artifact id: 'f64e5faf36bfbc8bb1a17593ff82359e') in 0.0024077 seconds
Number of updated asset objects reloaded before import = 0Number of asset objects unloaded after import = 1

========================================================================
Received Import Request.
  Time since last request: 0.120468 seconds.
  path: Assets/Asset/Map/TileMap/Wall Tile/Sand_ground_554.asset
  artifactKey: Guid(72ce6cfdd32a64a4c8f6a0d6ccba264d) Importer(815301076,1909f56bfc062723c751e8b465ee728b)
Start importing Assets/Asset/Map/TileMap/Wall Tile/Sand_ground_554.asset using Guid(72ce6cfdd32a64a4c8f6a0d6ccba264d) Importer(815301076,1909f56bfc062723c751e8b465ee728b) (PreviewImporter) -> (artifact id: '35f263536a4dd8ce74b74514ec6036cd') in 0.0030376 seconds
Number of updated asset objects reloaded before import = 0Number of asset objects unloaded after import = 1

========================================================================
Received Import Request.
  Time since last request: 0.000014 seconds.
  path: Assets/Asset/Map/TileMap/Wall Tile/Sand_ground_546.asset
  artifactKey: Guid(eea655d6ce3594e42bae16ec977b990c) Importer(815301076,1909f56bfc062723c751e8b465ee728b)
Start importing Assets/Asset/Map/TileMap/Wall Tile/Sand_ground_546.asset using Guid(eea655d6ce3594e42bae16ec977b990c) Importer(815301076,1909f56bfc062723c751e8b465ee728b) (PreviewImporter) -> (artifact id: 'd7d9b89f76b346f6a7f4b7ce1fc21922') in 0.0026611 seconds
Number of updated asset objects reloaded before import = 0Number of asset objects unloaded after import = 1

========================================================================
Received Import Request.
  Time since last request: 0.000021 seconds.
  path: Assets/Asset/Map/TileMap/Wall Tile/Sand_ground_536.asset
  artifactKey: Guid(0389bc6d0de776048994def87eb508f7) Importer(815301076,1909f56bfc062723c751e8b465ee728b)
Start importing Assets/Asset/Map/TileMap/Wall Tile/Sand_ground_536.asset using Guid(0389bc6d0de776048994def87eb508f7) Importer(815301076,1909f56bfc062723c751e8b465ee728b) (PreviewImporter) -> (artifact id: '5423ea107c244c314c32efee0b73a84f') in 0.0027073 seconds
Number of updated asset objects reloaded before import = 0Number of asset objects unloaded after import = 1

========================================================================
Received Import Request.
  Time since last request: 0.000017 seconds.
  path: Assets/Asset/Map/TileMap/Wall Tile/Sand_ground_529.asset
  artifactKey: Guid(3e79ccc3bc317f94ba66c915c66af4fd) Importer(815301076,1909f56bfc062723c751e8b465ee728b)
Start importing Assets/Asset/Map/TileMap/Wall Tile/Sand_ground_529.asset using Guid(3e79ccc3bc317f94ba66c915c66af4fd) Importer(815301076,1909f56bfc062723c751e8b465ee728b) (PreviewImporter) -> (artifact id: '10a3fb9002d2adc8ab8c678d16993d75') in 0.0024103 seconds
Number of updated asset objects reloaded before import = 0Number of asset objects unloaded after import = 1

========================================================================
Received Import Request.
  Time since last request: 1.981687 seconds.
  path: Assets/Asset/Map/TileMap/Wall Tile/Sand_ground_483.asset
  artifactKey: Guid(22b6d8b5e0e262c4d96cc0bda4d2c617) Importer(815301076,1909f56bfc062723c751e8b465ee728b)
Start importing Assets/Asset/Map/TileMap/Wall Tile/Sand_ground_483.asset using Guid(22b6d8b5e0e262c4d96cc0bda4d2c617) Importer(815301076,1909f56bfc062723c751e8b465ee728b) (PreviewImporter) -> (artifact id: '6b6527cd971434424105bc1e380540d3') in 0.0017244 seconds
Number of updated asset objects reloaded before import = 0Number of asset objects unloaded after import = 1

========================================================================
Received Import Request.
  Time since last request: 0.000016 seconds.
  path: Assets/Asset/Map/TileMap/Wall Tile/Sand_ground_418.asset
  artifactKey: Guid(7bbdc02bea4916046be2be950490f4b6) Importer(815301076,1909f56bfc062723c751e8b465ee728b)
Start importing Assets/Asset/Map/TileMap/Wall Tile/Sand_ground_418.asset using Guid(7bbdc02bea4916046be2be950490f4b6) Importer(815301076,1909f56bfc062723c751e8b465ee728b) (PreviewImporter) -> (artifact id: 'ca602e32028cf0ba04106602ed6d0fe5') in 0.0019313 seconds
Number of updated asset objects reloaded before import = 0Number of asset objects unloaded after import = 1

========================================================================
Received Import Request.
  Time since last request: 0.000021 seconds.
  path: Assets/Asset/Map/TileMap/Wall Tile/Sand_ground_429.asset
  artifactKey: Guid(ba554589a324e664094fbe1bf640dfba) Importer(815301076,1909f56bfc062723c751e8b465ee728b)
Start importing Assets/Asset/Map/TileMap/Wall Tile/Sand_ground_429.asset using Guid(ba554589a324e664094fbe1bf640dfba) Importer(815301076,1909f56bfc062723c751e8b465ee728b) (PreviewImporter) -> (artifact id: '50fa6a8953f07f1a77283dc0ddef886f') in 0.0020325 seconds
Number of updated asset objects reloaded before import = 0Number of asset objects unloaded after import = 1

========================================================================
Received Import Request.
  Time since last request: 0.000016 seconds.
  path: Assets/Asset/Map/TileMap/Wall Tile/Sand_ground_435.asset
  artifactKey: Guid(261119f6f91299b40b374ff0d62de4e7) Importer(815301076,1909f56bfc062723c751e8b465ee728b)
Start importing Assets/Asset/Map/TileMap/Wall Tile/Sand_ground_435.asset using Guid(261119f6f91299b40b374ff0d62de4e7) Importer(815301076,1909f56bfc062723c751e8b465ee728b) (PreviewImporter) -> (artifact id: '804e72d764821b09503fdec3f2be08b3') in 0.0033587 seconds
Number of updated asset objects reloaded before import = 0Number of asset objects unloaded after import = 1

========================================================================
Received Import Request.
  Time since last request: 30.953298 seconds.
  path: Assets/Asset/Map/TileMap/Wall Tile/Sand_ground_275.asset
  artifactKey: Guid(ff432d9e68fe9a14b9408a93a39d2e4e) Importer(815301076,1909f56bfc062723c751e8b465ee728b)
Start importing Assets/Asset/Map/TileMap/Wall Tile/Sand_ground_275.asset using Guid(ff432d9e68fe9a14b9408a93a39d2e4e) Importer(815301076,1909f56bfc062723c751e8b465ee728b) (PreviewImporter) -> (artifact id: 'ec8bb26b24a2f2470f20c0742370760f') in 0.00456 seconds
Number of updated asset objects reloaded before import = 0Number of asset objects unloaded after import = 1

========================================================================
Received Import Request.
  Time since last request: 0.000016 seconds.
  path: Assets/Asset/Map/TileMap/Wall Tile/Sand_ground_283.asset
  artifactKey: Guid(876312cf259725a4ea33a1478111c3b9) Importer(815301076,1909f56bfc062723c751e8b465ee728b)
Start importing Assets/Asset/Map/TileMap/Wall Tile/Sand_ground_283.asset using Guid(876312cf259725a4ea33a1478111c3b9) Importer(815301076,1909f56bfc062723c751e8b465ee728b) (PreviewImporter) -> (artifact id: 'f0e4dbf1839b8ee254ae67211fe5ab95') in 0.0027123 seconds
Number of updated asset objects reloaded before import = 0Number of asset objects unloaded after import = 1

========================================================================
Received Import Request.
  Time since last request: 0.000021 seconds.
  path: Assets/Asset/Map/TileMap/Wall Tile/Sand_ground_294.asset
  artifactKey: Guid(9a0813991dac00c48b885dcd9b5b0a09) Importer(815301076,1909f56bfc062723c751e8b465ee728b)
Start importing Assets/Asset/Map/TileMap/Wall Tile/Sand_ground_294.asset using Guid(9a0813991dac00c48b885dcd9b5b0a09) Importer(815301076,1909f56bfc062723c751e8b465ee728b) (PreviewImporter) -> (artifact id: '42101c8acb48e5ca9424e04e8b12a91b') in 0.0026957 seconds
Number of updated asset objects reloaded before import = 0Number of asset objects unloaded after import = 1

========================================================================
Received Import Request.
  Time since last request: 0.903089 seconds.
  path: Assets/Asset/Map/TileMap/Wall Tile/Sand_ground_339.asset
  artifactKey: Guid(f6bb3441e4ff738478ef6f44d7db5cc6) Importer(815301076,1909f56bfc062723c751e8b465ee728b)
Start importing Assets/Asset/Map/TileMap/Wall Tile/Sand_ground_339.asset using Guid(f6bb3441e4ff738478ef6f44d7db5cc6) Importer(815301076,1909f56bfc062723c751e8b465ee728b) (PreviewImporter) -> (artifact id: '72adba4772d89ff41edb3ccee84caef4') in 0.0016824 seconds
Number of updated asset objects reloaded before import = 0Number of asset objects unloaded after import = 1

========================================================================
Received Import Request.
  Time since last request: 0.011331 seconds.
  path: Assets/Asset/Map/TileMap/Wall Tile/Sand_ground_347.asset
  artifactKey: Guid(4ea695dceb87b144295f0c23d380f77f) Importer(815301076,1909f56bfc062723c751e8b465ee728b)
Start importing Assets/Asset/Map/TileMap/Wall Tile/Sand_ground_347.asset using Guid(4ea695dceb87b144295f0c23d380f77f) Importer(815301076,1909f56bfc062723c751e8b465ee728b) (PreviewImporter) -> (artifact id: 'bb14999a275e378498af9b91c4b6e695') in 0.0020684 seconds
Number of updated asset objects reloaded before import = 0Number of asset objects unloaded after import = 1

========================================================================
Received Import Request.
  Time since last request: 0.177375 seconds.
  path: Assets/Asset/Map/TileMap/Wall Tile/Sand_ground_355.asset
  artifactKey: Guid(8ed733a155b3f274b95a31abb8976464) Importer(815301076,1909f56bfc062723c751e8b465ee728b)
Start importing Assets/Asset/Map/TileMap/Wall Tile/Sand_ground_355.asset using Guid(8ed733a155b3f274b95a31abb8976464) Importer(815301076,1909f56bfc062723c751e8b465ee728b) (PreviewImporter) -> (artifact id: 'be3e6659c37ee5ce990040762d9ecba7') in 0.0044055 seconds
Number of updated asset objects reloaded before import = 0Number of asset objects unloaded after import = 1

========================================================================
Received Import Request.
  Time since last request: 0.000018 seconds.
  path: Assets/Asset/Map/TileMap/Wall Tile/Sand_ground_362.asset
  artifactKey: Guid(05b3480d4caf8c24b8cae8ea7a90e695) Importer(815301076,1909f56bfc062723c751e8b465ee728b)
Start importing Assets/Asset/Map/TileMap/Wall Tile/Sand_ground_362.asset using Guid(05b3480d4caf8c24b8cae8ea7a90e695) Importer(815301076,1909f56bfc062723c751e8b465ee728b) (PreviewImporter) -> (artifact id: 'd4be14cbbebc08aa171fd7ad8e4f4d4f') in 0.0016543 seconds
Number of updated asset objects reloaded before import = 0Number of asset objects unloaded after import = 1

========================================================================
Received Import Request.
  Time since last request: 0.000020 seconds.
  path: Assets/Asset/Map/TileMap/Wall Tile/Sand_ground_371.asset
  artifactKey: Guid(d5896b55d74d13041ba82fb7d23e5f28) Importer(815301076,1909f56bfc062723c751e8b465ee728b)
Start importing Assets/Asset/Map/TileMap/Wall Tile/Sand_ground_371.asset using Guid(d5896b55d74d13041ba82fb7d23e5f28) Importer(815301076,1909f56bfc062723c751e8b465ee728b) (PreviewImporter) -> (artifact id: '34c598604362be6519ce9ae95e9ef3fb') in 0.0032328 seconds
Number of updated asset objects reloaded before import = 0Number of asset objects unloaded after import = 1

========================================================================
Received Import Request.
  Time since last request: 0.000017 seconds.
  path: Assets/Asset/Map/TileMap/Wall Tile/Sand_ground_385.asset
  artifactKey: Guid(8e9e9ea3393aa524497f752f3d19ccdc) Importer(815301076,1909f56bfc062723c751e8b465ee728b)
Start importing Assets/Asset/Map/TileMap/Wall Tile/Sand_ground_385.asset using Guid(8e9e9ea3393aa524497f752f3d19ccdc) Importer(815301076,1909f56bfc062723c751e8b465ee728b) (PreviewImporter) -> (artifact id: '56b3a095f1274146650288e12dd4e606') in 0.0027601 seconds
Number of updated asset objects reloaded before import = 0Number of asset objects unloaded after import = 1

========================================================================
Received Import Request.
  Time since last request: 0.000016 seconds.
  path: Assets/Asset/Map/TileMap/Wall Tile/Sand_ground_383.asset
  artifactKey: Guid(390737f8557291b44b3bc590db218c23) Importer(815301076,1909f56bfc062723c751e8b465ee728b)
Start importing Assets/Asset/Map/TileMap/Wall Tile/Sand_ground_383.asset using Guid(390737f8557291b44b3bc590db218c23) Importer(815301076,1909f56bfc062723c751e8b465ee728b) (PreviewImporter) -> (artifact id: '9dd4f9c19d4db020038a282b2585b3c2') in 0.0019655 seconds
Number of updated asset objects reloaded before import = 0Number of asset objects unloaded after import = 1

========================================================================
Received Import Request.
  Time since last request: 0.081294 seconds.
  path: Assets/Asset/Map/TileMap/Wall Tile/Sand_ground_395.asset
  artifactKey: Guid(e1d777d91651db74799235c871a6d556) Importer(815301076,1909f56bfc062723c751e8b465ee728b)
Start importing Assets/Asset/Map/TileMap/Wall Tile/Sand_ground_395.asset using Guid(e1d777d91651db74799235c871a6d556) Importer(815301076,1909f56bfc062723c751e8b465ee728b) (PreviewImporter) -> (artifact id: '7d8eef7563c3a59c5b937f08b5f02e9c') in 0.0019022 seconds
Number of updated asset objects reloaded before import = 0Number of asset objects unloaded after import = 1

========================================================================
Received Import Request.
  Time since last request: 0.000020 seconds.
  path: Assets/Asset/Map/TileMap/Wall Tile/Sand_ground_403.asset
  artifactKey: Guid(f7075b7cd1029704eb4645811bb8d38e) Importer(815301076,1909f56bfc062723c751e8b465ee728b)
Start importing Assets/Asset/Map/TileMap/Wall Tile/Sand_ground_403.asset using Guid(f7075b7cd1029704eb4645811bb8d38e) Importer(815301076,1909f56bfc062723c751e8b465ee728b) (PreviewImporter) -> (artifact id: '73fabef81d2df2f1496e71e4a402bed0') in 0.0017404 seconds
Number of updated asset objects reloaded before import = 0Number of asset objects unloaded after import = 1

========================================================================
Received Import Request.
  Time since last request: 0.000024 seconds.
  path: Assets/Asset/Map/TileMap/Wall Tile/Sand_ground_411.asset
  artifactKey: Guid(60f7754c75e6bc14e922c087b50f93af) Importer(815301076,1909f56bfc062723c751e8b465ee728b)
Start importing Assets/Asset/Map/TileMap/Wall Tile/Sand_ground_411.asset using Guid(60f7754c75e6bc14e922c087b50f93af) Importer(815301076,1909f56bfc062723c751e8b465ee728b) (PreviewImporter) -> (artifact id: 'e480a84d188c2bc6971c4359b048c9a6') in 0.0020167 seconds
Number of updated asset objects reloaded before import = 0Number of asset objects unloaded after import = 1

Editor requested this worker to shutdown with reason: Scaling down because of idle timeout
AssetImportWorker is now disconnected from the server
Process exiting
Exiting without the bug reporter. Application will terminate with return code 0