[Licensing::Module] Trying to connect to existing licensing client channel...
Built from '6000.3/respin/6000.3.1f1-f56f53296c2c' branch; Version is '6000.3.1f1 (37142da19a94) revision 3609645'; Using compiler version '194234433'; Build Type 'Release'
[Licensing::IpcConnector] Successfully connected to: "LicenseClient-신명근" at "2025-12-17T08:55:31.1952311Z"
OS: 'Windows 11  (10.0.26100) 64bit Core' Language: 'ko' Physical Memory: 32491 MB
BatchMode: 1, IsHumanControllingUs: 0, StartBugReporterOnCrash: 0, Is64bit: 1
Date: 2025-12-17T08:55:31Z

COMMAND LINE ARGUMENTS:
C:\Unity Editor\6000.3.1f1\Editor\Unity.exe
-adb2
-batchMode
-noUpm
-name
AssetImportWorker2
-projectPath
C:/Unity Project/GamZem
-logFile
Logs/AssetImportWorker2.log
-srvPort
61047
-licensingIpc
LicenseClient-신명근
-job-worker-count
15
-background-job-worker-count
8
-gc-helper-count
1
-name
AssetImport
Successfully changed project path to: C:/Unity Project/GamZem
C:/Unity Project/GamZem
[UnityMemory] Configuration Parameters - Can be set up in boot.config
    "memorysetup-temp-allocator-size-nav-mesh-worker=65536"
    "memorysetup-temp-allocator-size-audio-worker=65536"
    "memorysetup-temp-allocator-size-gfx=262144"
    "memorysetup-allocator-temp-initial-block-size-main=262144"
    "memorysetup-allocator-temp-initial-block-size-worker=262144"
    "memorysetup-temp-allocator-size-background-worker=32768"
    "memorysetup-temp-allocator-size-job-worker=262144"
    "memorysetup-temp-allocator-size-preload-manager=33554432"
    "memorysetup-temp-allocator-size-gi-baking-worker=262144"
    "memorysetup-temp-allocator-size-gi-baking-worker=262144"
    "memorysetup-temp-allocator-size-gi-baking-worker=262144"
    "memorysetup-temp-allocator-size-gi-baking-worker=262144"
    "memorysetup-temp-allocator-size-gi-baking-worker=262144"
    "memorysetup-bucket-allocator-granularity=16"
    "memorysetup-bucket-allocator-bucket-count=8"
    "memorysetup-bucket-allocator-block-size=33554432"
    "memorysetup-bucket-allocator-block-count=8"
    "memorysetup-main-allocator-block-size=16777216"
    "memorysetup-thread-allocator-block-size=16777216"
    "memorysetup-gfx-main-allocator-block-size=16777216"
    "memorysetup-gfx-thread-allocator-block-size=16777216"
    "memorysetup-cache-allocator-block-size=4194304"
    "memorysetup-typetree-allocator-block-size=2097152"
    "memorysetup-profiler-bucket-allocator-granularity=16"
    "memorysetup-profiler-bucket-allocator-bucket-count=8"
    "memorysetup-profiler-bucket-allocator-block-size=33554432"
    "memorysetup-profiler-bucket-allocator-block-count=8"
    "memorysetup-profiler-allocator-block-size=16777216"
    "memorysetup-profiler-editor-allocator-block-size=1048576"
    "memorysetup-temp-allocator-size-main=16777216"
    "memorysetup-job-temp-allocator-block-size=2097152"
    "memorysetup-job-temp-allocator-block-size-background=1048576"
    "memorysetup-job-temp-allocator-reduction-small-platforms=262144"
    "memorysetup-temp-allocator-size-cloud-worker=32768"
Player connection [27240]  Target information:

Player connection [27240]  * "[IP] 172.17.105.77 [Port] 0 [Flags] 2 [Guid] 160046591 [EditorId] 160046591 [Version] 1048832 [Id] WindowsEditor(7,TTingGS) [Debug] 1 [PackageName] WindowsEditor [ProjectName] Editor" 

Player connection [27240] Host joined multi-casting on [225.0.0.222:54997]...
Player connection [27240] Host joined alternative multi-casting on [225.0.0.222:34997]...
JobSystem: Creating JobQueue using job-worker-count value 15
Input System module state changed to: Initialized.
[Physics::Module] Initialized fallback backend.
[Physics::Module] Id: 0xdecafbad
Library Redirect Path: Library/
[Physics::Module] Selected backend.
[Physics::Module] Name: PhysX
[Physics::Module] Id: 0xf2b8ea05
[Physics::Module] SDK Version: 4.1.2
[Physics::Module] Integration Version: 1.0.0
[Physics::Module] Threading Mode: Multi-Threaded
Refreshing native plugins compatible for Editor in 3.16 ms, found 4 plugins.
Preloading 0 native plugins for Editor in 0.00 ms.
Initialize engine version: 6000.3.1f1 (37142da19a94)
[Subsystems] Discovering subsystems at path C:/Unity Editor/6000.3.1f1/Editor/Data/Resources/UnitySubsystems
[Subsystems] Discovering subsystems at path C:/Unity Project/GamZem/Assets
GfxDevice: creating device client; kGfxThreadingModeNonThreaded
Direct3D:
    Version:  Direct3D 11.0 [level 11.1]
    Renderer: NVIDIA GeForce RTX 4070 Laptop GPU (ID=0x2860)
    Vendor:   NVIDIA
    VRAM:     7948 MB
    Driver:   32.0.15.6094
Initialize mono
Mono path[0] = 'C:/Unity Editor/6000.3.1f1/Editor/Data/Managed'
Mono path[1] = 'C:/Unity Editor/6000.3.1f1/Editor/Data/MonoBleedingEdge/lib/mono/unityjit-win32'
Mono config path = 'C:/Unity Editor/6000.3.1f1/Editor/Data/MonoBleedingEdge/etc'
Using monoOptions --debugger-agent=transport=dt_socket,embedding=1,server=y,suspend=n,address=127.0.0.1:56772
Begin MonoManager ReloadAssembly
[Licensing::Client] Error: HandshakeResponse reported an error:
	ResponseCode: 505
	ResponseStatus: Unsupported protocol version '1.17.4'.
[Licensing::Module] Error: Failed to handshake to channel: "LicenseClient-신명근"
[Licensing::IpcConnector] LicenseClient-신명근 channel disconnected successfully.
[Licensing::IpcConnector] Successfully connected to: "LicenseClient-신명근-6000.3.1" at "2025-12-17T08:55:32.1183087Z"
Registering precompiled unity dll's ...
Register platform support module: C:/Unity Editor/6000.3.1f1/Editor/Data/PlaybackEngines/WindowsStandaloneSupport/UnityEditor.WindowsStandalone.Extensions.dll
[Licensing::Module] Licensing is not yet initialized.
[Licensing::Client] Handshaking with LicensingClient:
  Version:                 1.17.4+4293ba1
  Session Id:              8d29415757c24c16bcfb56876f777367
  Correlation Id:          fb7c93f9e49ea444670d73d30ba71317
  External correlation Id: 4007168796236058557
  Machine Id:              0M/ABMMGBGM+hP/9vJJ0T88awfw=
[Licensing::Module] Successfully connected to LicensingClient on channel: "LicenseClient-신명근-6000.3.1" (connect: 0.00s, validation: 0.00s, handshake: 0.73s)
[Licensing::IpcConnector] Successfully connected to: "LicenseClient-신명근-6000.3.1-notifications" at "2025-12-17T08:55:32.8532151Z"
[Licensing::Module] Licensing Background thread has ended after 1.66s
[Licensing::Module] Licensing is initialized (took 0.60s).
[Licensing::Client] Successfully resolved entitlement details
[Licensing::Module] License group:
  Id: 14569682563822-gwichana-UnityProStuXXXX
  Product: Unity Student
  Type: Assigned
  Expiration: 2026-10-04T14:32:33Z
Register platform support module: C:/Unity Editor/6000.3.1f1/Editor/Data/PlaybackEngines/AndroidPlayer/UnityEditor.Android.Extensions.dll
Registered in 0.605696 seconds.
- Loaded All Assemblies, in  0.964 seconds
Native extension for Android target not found
Android Extension - Scanning For ADB Devices 616 ms
Native extension for WindowsStandalone target not found
Mono: successfully reloaded assembly
- Finished resetting the current domain, in  0.990 seconds
Domain Reload Profiling: 1951ms
	BeginReloadAssembly (117ms)
		ExecutionOrderSort (0ms)
		DisableScriptedObjects (0ms)
		BackupInstance (0ms)
		ReleaseScriptingObjects (0ms)
		CreateAndSetChildDomain (1ms)
	RebuildCommonClasses (37ms)
	RebuildNativeTypeToScriptingClass (12ms)
	initialDomainReloadingComplete (644ms)
	LoadAllAssembliesAndSetupDomain (150ms)
		LoadAssemblies (114ms)
		RebuildTransferFunctionScriptingTraits (0ms)
		AnalyzeDomain (147ms)
			TypeCache.Refresh (145ms)
				TypeCache.ScanAssembly (133ms)
			BuildScriptInfoCaches (0ms)
			ResolveRequiredComponents (0ms)
	FinalizeReload (990ms)
		ReleaseScriptCaches (0ms)
		RebuildScriptCaches (0ms)
		SetupLoadedEditorAssemblies (952ms)
			LogAssemblyErrors (0ms)
			InitializePlatformSupportModulesInManaged (688ms)
			SetLoadedEditorAssemblies (4ms)
			BeforeProcessingInitializeOnLoad (76ms)
			ProcessInitializeOnLoadAttributes (125ms)
			ProcessInitializeOnLoadMethodAttributes (59ms)
			AfterProcessingInitializeOnLoad (0ms)
			EditorAssembliesLoaded (0ms)
		ExecutionOrderSort2 (0ms)
		AwakeInstancesAfterBackupRestoration (0ms)
========================================================================
Worker process is ready to serve import requests
Import Worker Mode flag is 0x00
Begin MonoManager ReloadAssembly
[Licensing::Client] Successfully resolved entitlement details
- Loaded All Assemblies, in  0.654 seconds
Refreshing native plugins compatible for Editor in 1.11 ms, found 4 plugins.
Native extension for Android target not found
Native extension for WindowsStandalone target not found
Package Manager log level set to [2]
[Package Manager] Failed to launch server process. Reason: Unity was launched with the -noUpm command-line argument
[Package Manager] Unable to send message (not connected to server process).
[Package Manager] Cannot connect to Unity Package Manager local server
Mono: successfully reloaded assembly
- Finished resetting the current domain, in  0.662 seconds
Domain Reload Profiling: 1312ms
	BeginReloadAssembly (119ms)
		ExecutionOrderSort (0ms)
		DisableScriptedObjects (4ms)
		BackupInstance (0ms)
		ReleaseScriptingObjects (0ms)
		CreateAndSetChildDomain (26ms)
	RebuildCommonClasses (28ms)
	RebuildNativeTypeToScriptingClass (10ms)
	initialDomainReloadingComplete (30ms)
	LoadAllAssembliesAndSetupDomain (462ms)
		LoadAssemblies (306ms)
		RebuildTransferFunctionScriptingTraits (0ms)
		AnalyzeDomain (212ms)
			TypeCache.Refresh (159ms)
				TypeCache.ScanAssembly (145ms)
			BuildScriptInfoCaches (42ms)
			ResolveRequiredComponents (7ms)
	FinalizeReload (663ms)
		ReleaseScriptCaches (0ms)
		RebuildScriptCaches (0ms)
		SetupLoadedEditorAssemblies (551ms)
			LogAssemblyErrors (0ms)
			InitializePlatformSupportModulesInManaged (8ms)
			SetLoadedEditorAssemblies (3ms)
			BeforeProcessingInitializeOnLoad (130ms)
			ProcessInitializeOnLoadAttributes (303ms)
			ProcessInitializeOnLoadMethodAttributes (101ms)
			AfterProcessingInitializeOnLoad (6ms)
			EditorAssembliesLoaded (0ms)
		ExecutionOrderSort2 (0ms)
		AwakeInstancesAfterBackupRestoration (5ms)
Launched and connected shader compiler UnityShaderCompiler.exe after 0.05 seconds
Refreshing native plugins compatible for Editor in 3.11 ms, found 4 plugins.
Preloading 0 native plugins for Editor in 0.00 ms.
Unloading 16 Unused Serialized files (Serialized files now loaded: 0)
Unloading 6871 unused Assets / (4.4 MB). Loaded Objects now: 7690.
Memory consumption went from 179.2 MB to 174.9 MB.
Total: 13.952600 ms (FindLiveObjects: 0.736000 ms CreateObjectMapping: 0.709100 ms MarkObjects: 9.150500 ms  DeleteObjects: 3.354900 ms)

========================================================================
Received Import Request.
  Time since last request: 369067.460775 seconds.
  path: Assets/Asset/Map/TileMap/Wall Tile/Sand_ground_32.asset
  artifactKey: Guid(5363d5f76f892764688d0609c15e613e) Importer(815301076,1909f56bfc062723c751e8b465ee728b)
Start importing Assets/Asset/Map/TileMap/Wall Tile/Sand_ground_32.asset using Guid(5363d5f76f892764688d0609c15e613e) Importer(815301076,1909f56bfc062723c751e8b465ee728b) (PreviewImporter) -> (artifact id: '25e6a152c26d1cc1ee482f07e51fe5a4') in 0.0443926 seconds
Number of updated asset objects reloaded before import = 0Number of asset objects unloaded after import = 3

========================================================================
Received Import Request.
  Time since last request: 0.000025 seconds.
  path: Assets/Asset/Map/TileMap/Wall Tile/Sand_ground_42.asset
  artifactKey: Guid(f41b7afa414497748b8993b8cd4a748f) Importer(815301076,1909f56bfc062723c751e8b465ee728b)
Start importing Assets/Asset/Map/TileMap/Wall Tile/Sand_ground_42.asset using Guid(f41b7afa414497748b8993b8cd4a748f) Importer(815301076,1909f56bfc062723c751e8b465ee728b) (PreviewImporter) -> (artifact id: '9c2eb0b2f9998c3f0c3f6f8ed4e36fdd') in 0.0268448 seconds
Number of updated asset objects reloaded before import = 0Number of asset objects unloaded after import = 3

========================================================================
Received Import Request.
  Time since last request: 0.000034 seconds.
  path: Assets/Asset/Map/TileMap/Wall Tile/Sand_ground_39.asset
  artifactKey: Guid(d9c6753636ac7814b88150e34701e280) Importer(815301076,1909f56bfc062723c751e8b465ee728b)
Start importing Assets/Asset/Map/TileMap/Wall Tile/Sand_ground_39.asset using Guid(d9c6753636ac7814b88150e34701e280) Importer(815301076,1909f56bfc062723c751e8b465ee728b) (PreviewImporter) -> (artifact id: '33548399e957f4ec2243f2a903d587c9') in 0.0183016 seconds
Number of updated asset objects reloaded before import = 0Number of asset objects unloaded after import = 3

========================================================================
Received Import Request.
  Time since last request: 0.108926 seconds.
  path: Assets/Asset/Map/TileMap/Wall Tile/Sand_ground_50.asset
  artifactKey: Guid(35285cb8b5e428841b1905e146e58dc8) Importer(815301076,1909f56bfc062723c751e8b465ee728b)
Start importing Assets/Asset/Map/TileMap/Wall Tile/Sand_ground_50.asset using Guid(35285cb8b5e428841b1905e146e58dc8) Importer(815301076,1909f56bfc062723c751e8b465ee728b) (PreviewImporter) -> (artifact id: '6b400e1a9e4c5291ace5db44cab3cd5b') in 0.0067632 seconds
Number of updated asset objects reloaded before import = 0Number of asset objects unloaded after import = 3

========================================================================
Received Import Request.
  Time since last request: 0.000014 seconds.
  path: Assets/Asset/Map/TileMap/Wall Tile/Sand_ground_55.asset
  artifactKey: Guid(8f876506368adc54089ba299221659f5) Importer(815301076,1909f56bfc062723c751e8b465ee728b)
Start importing Assets/Asset/Map/TileMap/Wall Tile/Sand_ground_55.asset using Guid(8f876506368adc54089ba299221659f5) Importer(815301076,1909f56bfc062723c751e8b465ee728b) (PreviewImporter) -> (artifact id: '554bcdd0d016496fd3eaad2ffc91593b') in 0.0149888 seconds
Number of updated asset objects reloaded before import = 0Number of asset objects unloaded after import = 3

========================================================================
Received Import Request.
  Time since last request: 0.000022 seconds.
  path: Assets/Asset/Map/TileMap/Wall Tile/Sand_ground_61.asset
  artifactKey: Guid(87ffdb6998701d048bbe204ff1bc613f) Importer(815301076,1909f56bfc062723c751e8b465ee728b)
Start importing Assets/Asset/Map/TileMap/Wall Tile/Sand_ground_61.asset using Guid(87ffdb6998701d048bbe204ff1bc613f) Importer(815301076,1909f56bfc062723c751e8b465ee728b) (PreviewImporter) -> (artifact id: 'c19c0c8f8f9de386c0c3be340f11715d') in 0.0126432 seconds
Number of updated asset objects reloaded before import = 0Number of asset objects unloaded after import = 3

========================================================================
Received Import Request.
  Time since last request: 0.000035 seconds.
  path: Assets/Asset/Map/TileMap/Wall Tile/Sand_ground_64.asset
  artifactKey: Guid(313731dae09ae454583dbe2284f9ece6) Importer(815301076,1909f56bfc062723c751e8b465ee728b)
Start importing Assets/Asset/Map/TileMap/Wall Tile/Sand_ground_64.asset using Guid(313731dae09ae454583dbe2284f9ece6) Importer(815301076,1909f56bfc062723c751e8b465ee728b) (PreviewImporter) -> (artifact id: '1be44a5210639afbc3f9759bf8507f17') in 0.006692 seconds
Number of updated asset objects reloaded before import = 0Number of asset objects unloaded after import = 3

========================================================================
Received Import Request.
  Time since last request: 0.000018 seconds.
  path: Assets/Asset/Map/TileMap/Wall Tile/Sand_ground_70.asset
  artifactKey: Guid(36f3b428642417f4e965d885940f18bd) Importer(815301076,1909f56bfc062723c751e8b465ee728b)
Start importing Assets/Asset/Map/TileMap/Wall Tile/Sand_ground_70.asset using Guid(36f3b428642417f4e965d885940f18bd) Importer(815301076,1909f56bfc062723c751e8b465ee728b) (PreviewImporter) -> (artifact id: 'b74d3e0ec34c156b56e6279e3c7fdd4b') in 0.0130933 seconds
Number of updated asset objects reloaded before import = 0Number of asset objects unloaded after import = 3

========================================================================
Received Import Request.
  Time since last request: 0.203701 seconds.
  path: Assets/Asset/Map/TileMap/Wall Tile/Sand_ground_74.asset
  artifactKey: Guid(274ab166ce8897c48b5768d4b4dcfb86) Importer(815301076,1909f56bfc062723c751e8b465ee728b)
Start importing Assets/Asset/Map/TileMap/Wall Tile/Sand_ground_74.asset using Guid(274ab166ce8897c48b5768d4b4dcfb86) Importer(815301076,1909f56bfc062723c751e8b465ee728b) (PreviewImporter) -> (artifact id: 'a1dace7cb811c3500638b098379302a9') in 0.0145662 seconds
Number of updated asset objects reloaded before import = 0Number of asset objects unloaded after import = 3

========================================================================
Received Import Request.
  Time since last request: 0.000031 seconds.
  path: Assets/Asset/Map/TileMap/Wall Tile/Sand_ground_79.asset
  artifactKey: Guid(f1d12d07a32bf87488a38627ff312c87) Importer(815301076,1909f56bfc062723c751e8b465ee728b)
Start importing Assets/Asset/Map/TileMap/Wall Tile/Sand_ground_79.asset using Guid(f1d12d07a32bf87488a38627ff312c87) Importer(815301076,1909f56bfc062723c751e8b465ee728b) (PreviewImporter) -> (artifact id: '55989337a17f95f8c9bd9a518938614d') in 0.0119811 seconds
Number of updated asset objects reloaded before import = 0Number of asset objects unloaded after import = 3

========================================================================
Received Import Request.
  Time since last request: 0.000021 seconds.
  path: Assets/Asset/Map/TileMap/Wall Tile/Sand_ground_85.asset
  artifactKey: Guid(48626817e04f04844b3218a03c1a71e9) Importer(815301076,1909f56bfc062723c751e8b465ee728b)
Start importing Assets/Asset/Map/TileMap/Wall Tile/Sand_ground_85.asset using Guid(48626817e04f04844b3218a03c1a71e9) Importer(815301076,1909f56bfc062723c751e8b465ee728b) (PreviewImporter) -> (artifact id: 'd8e8362203a4791b51460268ff50cfc4') in 0.0120905 seconds
Number of updated asset objects reloaded before import = 0Number of asset objects unloaded after import = 3

========================================================================
Received Import Request.
  Time since last request: 0.000022 seconds.
  path: Assets/Asset/Map/TileMap/Wall Tile/Sand_ground_87.asset
  artifactKey: Guid(7f67a1bd3f5537d43bbe10c32180197d) Importer(815301076,1909f56bfc062723c751e8b465ee728b)
Start importing Assets/Asset/Map/TileMap/Wall Tile/Sand_ground_87.asset using Guid(7f67a1bd3f5537d43bbe10c32180197d) Importer(815301076,1909f56bfc062723c751e8b465ee728b) (PreviewImporter) -> (artifact id: '414f4356129baeff838146686aa8937a') in 0.0128569 seconds
Number of updated asset objects reloaded before import = 0Number of asset objects unloaded after import = 3

========================================================================
Received Import Request.
  Time since last request: 0.139055 seconds.
  path: Assets/Asset/Map/TileMap/Wall Tile/Sand_ground_92.asset
  artifactKey: Guid(f7895619758808f42b0d88e6cfa556a8) Importer(815301076,1909f56bfc062723c751e8b465ee728b)
Start importing Assets/Asset/Map/TileMap/Wall Tile/Sand_ground_92.asset using Guid(f7895619758808f42b0d88e6cfa556a8) Importer(815301076,1909f56bfc062723c751e8b465ee728b) (PreviewImporter) -> (artifact id: '9c8f534b888c8329e10eb89c85c0608d') in 0.0052305 seconds
Number of updated asset objects reloaded before import = 0Number of asset objects unloaded after import = 3

========================================================================
Received Import Request.
  Time since last request: 0.000017 seconds.
  path: Assets/Asset/Map/TileMap/Wall Tile/Sand_ground_98.asset
  artifactKey: Guid(bd6f549701ebf3b44a9184d81581819d) Importer(815301076,1909f56bfc062723c751e8b465ee728b)
Start importing Assets/Asset/Map/TileMap/Wall Tile/Sand_ground_98.asset using Guid(bd6f549701ebf3b44a9184d81581819d) Importer(815301076,1909f56bfc062723c751e8b465ee728b) (PreviewImporter) -> (artifact id: 'da1173caa1738e4f6f9b1c4f4ac56d35') in 0.0131056 seconds
Number of updated asset objects reloaded before import = 0Number of asset objects unloaded after import = 3

========================================================================
Received Import Request.
  Time since last request: 0.000039 seconds.
  path: Assets/Asset/Map/TileMap/Wall Tile/Sand_ground_106.asset
  artifactKey: Guid(9327fa75942d50241b1a9e8c98147731) Importer(815301076,1909f56bfc062723c751e8b465ee728b)
Start importing Assets/Asset/Map/TileMap/Wall Tile/Sand_ground_106.asset using Guid(9327fa75942d50241b1a9e8c98147731) Importer(815301076,1909f56bfc062723c751e8b465ee728b) (PreviewImporter) -> (artifact id: 'bcafa919999248081ac855f4802c3ff1') in 0.0126996 seconds
Number of updated asset objects reloaded before import = 0Number of asset objects unloaded after import = 3

========================================================================
Received Import Request.
  Time since last request: 0.000026 seconds.
  path: Assets/Asset/Map/TileMap/Wall Tile/Sand_ground_111.asset
  artifactKey: Guid(10f85e3a7a57a464a88864c5444f0552) Importer(815301076,1909f56bfc062723c751e8b465ee728b)
Start importing Assets/Asset/Map/TileMap/Wall Tile/Sand_ground_111.asset using Guid(10f85e3a7a57a464a88864c5444f0552) Importer(815301076,1909f56bfc062723c751e8b465ee728b) (PreviewImporter) -> (artifact id: 'a43d927cbe86afcf96cccaf827f84257') in 0.0055303 seconds
Number of updated asset objects reloaded before import = 0Number of asset objects unloaded after import = 3

========================================================================
Received Import Request.
  Time since last request: 0.000019 seconds.
  path: Assets/Asset/Map/TileMap/Wall Tile/Sand_ground_108.asset
  artifactKey: Guid(470bc8954cc1c5647930c91e5b4b6775) Importer(815301076,1909f56bfc062723c751e8b465ee728b)
Start importing Assets/Asset/Map/TileMap/Wall Tile/Sand_ground_108.asset using Guid(470bc8954cc1c5647930c91e5b4b6775) Importer(815301076,1909f56bfc062723c751e8b465ee728b) (PreviewImporter) -> (artifact id: 'a3a3b2a6a63b0e0445e571e2d4100c1d') in 0.0066567 seconds
Number of updated asset objects reloaded before import = 0Number of asset objects unloaded after import = 3

========================================================================
Received Import Request.
  Time since last request: 0.066809 seconds.
  path: Assets/Asset/Map/TileMap/Wall Tile/Sand_ground_116.asset
  artifactKey: Guid(5c857fe3ed6ac8f448aae3cab2bfc9ae) Importer(815301076,1909f56bfc062723c751e8b465ee728b)
Start importing Assets/Asset/Map/TileMap/Wall Tile/Sand_ground_116.asset using Guid(5c857fe3ed6ac8f448aae3cab2bfc9ae) Importer(815301076,1909f56bfc062723c751e8b465ee728b) (PreviewImporter) -> (artifact id: '70e8926b12810ca6fa46ac8b8723d912') in 0.0118627 seconds
Number of updated asset objects reloaded before import = 0Number of asset objects unloaded after import = 3

========================================================================
Received Import Request.
  Time since last request: 0.000035 seconds.
  path: Assets/Asset/Map/TileMap/Wall Tile/Sand_ground_121.asset
  artifactKey: Guid(1f2b073417a246c4abcd1adab7ae52f9) Importer(815301076,1909f56bfc062723c751e8b465ee728b)
Start importing Assets/Asset/Map/TileMap/Wall Tile/Sand_ground_121.asset using Guid(1f2b073417a246c4abcd1adab7ae52f9) Importer(815301076,1909f56bfc062723c751e8b465ee728b) (PreviewImporter) -> (artifact id: '7fac9bc2bdac42da5a547193748664e1') in 0.012781 seconds
Number of updated asset objects reloaded before import = 0Number of asset objects unloaded after import = 3

========================================================================
Received Import Request.
  Time since last request: 0.000050 seconds.
  path: Assets/Asset/Map/TileMap/Wall Tile/Sand_ground_127.asset
  artifactKey: Guid(a778e3fa814182044ae305f8734d7507) Importer(815301076,1909f56bfc062723c751e8b465ee728b)
Start importing Assets/Asset/Map/TileMap/Wall Tile/Sand_ground_127.asset using Guid(a778e3fa814182044ae305f8734d7507) Importer(815301076,1909f56bfc062723c751e8b465ee728b) (PreviewImporter) -> (artifact id: '388fba1790b329e0c01472f23254f78b') in 0.0140283 seconds
Number of updated asset objects reloaded before import = 0Number of asset objects unloaded after import = 3

========================================================================
Received Import Request.
  Time since last request: 0.000037 seconds.
  path: Assets/Asset/Map/TileMap/Wall Tile/Sand_ground_128.asset
  artifactKey: Guid(fc533e7a699a51d4ea4fa2dd7b4344f0) Importer(815301076,1909f56bfc062723c751e8b465ee728b)
Start importing Assets/Asset/Map/TileMap/Wall Tile/Sand_ground_128.asset using Guid(fc533e7a699a51d4ea4fa2dd7b4344f0) Importer(815301076,1909f56bfc062723c751e8b465ee728b) (PreviewImporter) -> (artifact id: '771b4b59a0c405b7eb118b2eabc20448') in 0.0053857 seconds
Number of updated asset objects reloaded before import = 0Number of asset objects unloaded after import = 3

========================================================================
Received Import Request.
  Time since last request: 0.000031 seconds.
  path: Assets/Asset/Map/TileMap/Wall Tile/Sand_ground_133.asset
  artifactKey: Guid(0128b3788759c494d8df836ad3bcbddc) Importer(815301076,1909f56bfc062723c751e8b465ee728b)
Start importing Assets/Asset/Map/TileMap/Wall Tile/Sand_ground_133.asset using Guid(0128b3788759c494d8df836ad3bcbddc) Importer(815301076,1909f56bfc062723c751e8b465ee728b) (PreviewImporter) -> (artifact id: 'f69b10b5e4e3ee7f404cf5ade5cd0f9a') in 0.0125367 seconds
Number of updated asset objects reloaded before import = 0Number of asset objects unloaded after import = 3

========================================================================
Received Import Request.
  Time since last request: 0.088376 seconds.
  path: Assets/Asset/Map/TileMap/Wall Tile/Sand_ground_140.asset
  artifactKey: Guid(b9b0dcafe746c7940be9071193dfd655) Importer(815301076,1909f56bfc062723c751e8b465ee728b)
Start importing Assets/Asset/Map/TileMap/Wall Tile/Sand_ground_140.asset using Guid(b9b0dcafe746c7940be9071193dfd655) Importer(815301076,1909f56bfc062723c751e8b465ee728b) (PreviewImporter) -> (artifact id: '8294534c485df7e480e7d4ce917448b9') in 0.0118596 seconds
Number of updated asset objects reloaded before import = 0Number of asset objects unloaded after import = 3

========================================================================
Received Import Request.
  Time since last request: 0.000016 seconds.
  path: Assets/Asset/Map/TileMap/Wall Tile/Sand_ground_146.asset
  artifactKey: Guid(f9da30a88e928484289795cdcaf3c750) Importer(815301076,1909f56bfc062723c751e8b465ee728b)
Start importing Assets/Asset/Map/TileMap/Wall Tile/Sand_ground_146.asset using Guid(f9da30a88e928484289795cdcaf3c750) Importer(815301076,1909f56bfc062723c751e8b465ee728b) (PreviewImporter) -> (artifact id: 'e971e34afc70c12e0974f9bcc5599fdf') in 0.0119002 seconds
Number of updated asset objects reloaded before import = 0Number of asset objects unloaded after import = 3

========================================================================
Received Import Request.
  Time since last request: 0.000021 seconds.
  path: Assets/Asset/Map/TileMap/Wall Tile/Sand_ground_152.asset
  artifactKey: Guid(afa58532d824e3b499a3fc2492ba2877) Importer(815301076,1909f56bfc062723c751e8b465ee728b)
Start importing Assets/Asset/Map/TileMap/Wall Tile/Sand_ground_152.asset using Guid(afa58532d824e3b499a3fc2492ba2877) Importer(815301076,1909f56bfc062723c751e8b465ee728b) (PreviewImporter) -> (artifact id: '610a80dd3ea1285de7d2d51cb482b239') in 0.0109615 seconds
Number of updated asset objects reloaded before import = 0Number of asset objects unloaded after import = 3

========================================================================
Received Import Request.
  Time since last request: 0.205007 seconds.
  path: Assets/Asset/Map/TileMap/Wall Tile/Sand_ground_158.asset
  artifactKey: Guid(c79ef5814abfea946a8bc49237ee9c22) Importer(815301076,1909f56bfc062723c751e8b465ee728b)
Start importing Assets/Asset/Map/TileMap/Wall Tile/Sand_ground_158.asset using Guid(c79ef5814abfea946a8bc49237ee9c22) Importer(815301076,1909f56bfc062723c751e8b465ee728b) (PreviewImporter) -> (artifact id: 'af292e4a112a2968d2e05618ad45adb7') in 0.0115326 seconds
Number of updated asset objects reloaded before import = 0Number of asset objects unloaded after import = 3

========================================================================
Received Import Request.
  Time since last request: 0.000017 seconds.
  path: Assets/Asset/Map/TileMap/Wall Tile/Sand_ground_165.asset
  artifactKey: Guid(cbf0a7d5ec11683409bf571044012599) Importer(815301076,1909f56bfc062723c751e8b465ee728b)
Start importing Assets/Asset/Map/TileMap/Wall Tile/Sand_ground_165.asset using Guid(cbf0a7d5ec11683409bf571044012599) Importer(815301076,1909f56bfc062723c751e8b465ee728b) (PreviewImporter) -> (artifact id: 'cf71b963cbe37abe7a6808a2850628aa') in 0.0055831 seconds
Number of updated asset objects reloaded before import = 0Number of asset objects unloaded after import = 3

========================================================================
Received Import Request.
  Time since last request: 0.000021 seconds.
  path: Assets/Asset/Map/TileMap/Wall Tile/Sand_ground_169.asset
  artifactKey: Guid(45d65f0ddbd0f4b4e9ee05b3edf3e79d) Importer(815301076,1909f56bfc062723c751e8b465ee728b)
Start importing Assets/Asset/Map/TileMap/Wall Tile/Sand_ground_169.asset using Guid(45d65f0ddbd0f4b4e9ee05b3edf3e79d) Importer(815301076,1909f56bfc062723c751e8b465ee728b) (PreviewImporter) -> (artifact id: 'b870462c93a4cdcbe4e881a5ec53ccf9') in 0.0113425 seconds
Number of updated asset objects reloaded before import = 0Number of asset objects unloaded after import = 3

========================================================================
Received Import Request.
  Time since last request: 0.000032 seconds.
  path: Assets/Asset/Map/TileMap/Wall Tile/Sand_ground_174.asset
  artifactKey: Guid(580b4fca40aeae34b8d11fe87c653108) Importer(815301076,1909f56bfc062723c751e8b465ee728b)
Start importing Assets/Asset/Map/TileMap/Wall Tile/Sand_ground_174.asset using Guid(580b4fca40aeae34b8d11fe87c653108) Importer(815301076,1909f56bfc062723c751e8b465ee728b) (PreviewImporter) -> (artifact id: 'ce8a19ccd94b7698854c99b96e72d0b7') in 0.0050811 seconds
Number of updated asset objects reloaded before import = 0Number of asset objects unloaded after import = 3

========================================================================
Received Import Request.
  Time since last request: 0.128243 seconds.
  path: Assets/Asset/Map/TileMap/Wall Tile/Sand_ground_176.asset
  artifactKey: Guid(6d27bc3e1e9541d4186ab50654240614) Importer(815301076,1909f56bfc062723c751e8b465ee728b)
Start importing Assets/Asset/Map/TileMap/Wall Tile/Sand_ground_176.asset using Guid(6d27bc3e1e9541d4186ab50654240614) Importer(815301076,1909f56bfc062723c751e8b465ee728b) (PreviewImporter) -> (artifact id: '83fbceb7bc7bf1d8c5c0e884465d085a') in 0.0112706 seconds
Number of updated asset objects reloaded before import = 0Number of asset objects unloaded after import = 3

========================================================================
Received Import Request.
  Time since last request: 0.015558 seconds.
  path: Assets/Asset/Map/TileMap/Wall Tile/Sand_ground_182.asset
  artifactKey: Guid(c45fca236538eed48893749b49e53ad2) Importer(815301076,1909f56bfc062723c751e8b465ee728b)
Start importing Assets/Asset/Map/TileMap/Wall Tile/Sand_ground_182.asset using Guid(c45fca236538eed48893749b49e53ad2) Importer(815301076,1909f56bfc062723c751e8b465ee728b) (PreviewImporter) -> (artifact id: 'd3989901664005afd018a52cba647dd5') in 0.0115025 seconds
Number of updated asset objects reloaded before import = 0Number of asset objects unloaded after import = 3

========================================================================
Received Import Request.
  Time since last request: 0.000018 seconds.
  path: Assets/Asset/Map/TileMap/Wall Tile/Sand_ground_188.asset
  artifactKey: Guid(fd0ce263c1f2f2d4d84b717fda949fd0) Importer(815301076,1909f56bfc062723c751e8b465ee728b)
Start importing Assets/Asset/Map/TileMap/Wall Tile/Sand_ground_188.asset using Guid(fd0ce263c1f2f2d4d84b717fda949fd0) Importer(815301076,1909f56bfc062723c751e8b465ee728b) (PreviewImporter) -> (artifact id: '808801932e311f5115e08b953004d0b0') in 0.0112582 seconds
Number of updated asset objects reloaded before import = 0Number of asset objects unloaded after import = 3

========================================================================
Received Import Request.
  Time since last request: 0.000027 seconds.
  path: Assets/Asset/Map/TileMap/Wall Tile/Sand_ground_193.asset
  artifactKey: Guid(98249c78a5928884a836c6d223891a97) Importer(815301076,1909f56bfc062723c751e8b465ee728b)
Start importing Assets/Asset/Map/TileMap/Wall Tile/Sand_ground_193.asset using Guid(98249c78a5928884a836c6d223891a97) Importer(815301076,1909f56bfc062723c751e8b465ee728b) (PreviewImporter) -> (artifact id: 'c3cf58f030cb04ef60c9a5267960c792') in 0.0108754 seconds
Number of updated asset objects reloaded before import = 0Number of asset objects unloaded after import = 3

========================================================================
Received Import Request.
  Time since last request: 0.189506 seconds.
  path: Assets/Asset/Map/TileMap/Wall Tile/Sand_ground_200.asset
  artifactKey: Guid(982abec06a558e64fab186bfa63b39b7) Importer(815301076,1909f56bfc062723c751e8b465ee728b)
Start importing Assets/Asset/Map/TileMap/Wall Tile/Sand_ground_200.asset using Guid(982abec06a558e64fab186bfa63b39b7) Importer(815301076,1909f56bfc062723c751e8b465ee728b) (PreviewImporter) -> (artifact id: '724674cde14dd797961292415a828d6a') in 0.0046916 seconds
Number of updated asset objects reloaded before import = 0Number of asset objects unloaded after import = 3

========================================================================
Received Import Request.
  Time since last request: 0.013965 seconds.
  path: Assets/Asset/Map/TileMap/Wall Tile/Sand_ground_206.asset
  artifactKey: Guid(8204f4dcda27b2047a413ee651597863) Importer(815301076,1909f56bfc062723c751e8b465ee728b)
Start importing Assets/Asset/Map/TileMap/Wall Tile/Sand_ground_206.asset using Guid(8204f4dcda27b2047a413ee651597863) Importer(815301076,1909f56bfc062723c751e8b465ee728b) (PreviewImporter) -> (artifact id: '2d4897ad8f0e5af5874280df0e8e1195') in 0.0120343 seconds
Number of updated asset objects reloaded before import = 0Number of asset objects unloaded after import = 3

========================================================================
Received Import Request.
  Time since last request: 0.000048 seconds.
  path: Assets/Asset/Map/TileMap/Wall Tile/Sand_ground_211.asset
  artifactKey: Guid(00b041e90bf840f4faf89075a11413ae) Importer(815301076,1909f56bfc062723c751e8b465ee728b)
Start importing Assets/Asset/Map/TileMap/Wall Tile/Sand_ground_211.asset using Guid(00b041e90bf840f4faf89075a11413ae) Importer(815301076,1909f56bfc062723c751e8b465ee728b) (PreviewImporter) -> (artifact id: '7c59c9434261a8f0e10bfdcb0b6a713b') in 0.01119 seconds
Number of updated asset objects reloaded before import = 0Number of asset objects unloaded after import = 3

========================================================================
Received Import Request.
  Time since last request: 0.000032 seconds.
  path: Assets/Asset/Map/TileMap/Wall Tile/Sand_ground_222.asset
  artifactKey: Guid(b5a6561ac4fd1904e8c5246fdaccb093) Importer(815301076,1909f56bfc062723c751e8b465ee728b)
Start importing Assets/Asset/Map/TileMap/Wall Tile/Sand_ground_222.asset using Guid(b5a6561ac4fd1904e8c5246fdaccb093) Importer(815301076,1909f56bfc062723c751e8b465ee728b) (PreviewImporter) -> (artifact id: '6110e2e2a802b286f468346b6e1c3f94') in 0.0116972 seconds
Number of updated asset objects reloaded before import = 0Number of asset objects unloaded after import = 3

========================================================================
Received Import Request.
  Time since last request: 0.216471 seconds.
  path: Assets/Asset/Map/TileMap/Wall Tile/Sand_ground_224.asset
  artifactKey: Guid(30d2cf627680a6f43bc278df1310e9aa) Importer(815301076,1909f56bfc062723c751e8b465ee728b)
Start importing Assets/Asset/Map/TileMap/Wall Tile/Sand_ground_224.asset using Guid(30d2cf627680a6f43bc278df1310e9aa) Importer(815301076,1909f56bfc062723c751e8b465ee728b) (PreviewImporter) -> (artifact id: 'c7e76554cc17471052ac862d977072ed') in 0.0112877 seconds
Number of updated asset objects reloaded before import = 0Number of asset objects unloaded after import = 3

========================================================================
Received Import Request.
  Time since last request: 0.000016 seconds.
  path: Assets/Asset/Map/TileMap/Wall Tile/Sand_ground_231.asset
  artifactKey: Guid(1c1863de7be6c964d8608169b7fe6a2e) Importer(815301076,1909f56bfc062723c751e8b465ee728b)
Start importing Assets/Asset/Map/TileMap/Wall Tile/Sand_ground_231.asset using Guid(1c1863de7be6c964d8608169b7fe6a2e) Importer(815301076,1909f56bfc062723c751e8b465ee728b) (PreviewImporter) -> (artifact id: '819b05040e1427171c8692998ea3987b') in 0.0111898 seconds
Number of updated asset objects reloaded before import = 0Number of asset objects unloaded after import = 3

========================================================================
Received Import Request.
  Time since last request: 0.000016 seconds.
  path: Assets/Asset/Map/TileMap/Wall Tile/Sand_ground_235.asset
  artifactKey: Guid(6839092cb7976a94dbf75f915c21aeab) Importer(815301076,1909f56bfc062723c751e8b465ee728b)
Start importing Assets/Asset/Map/TileMap/Wall Tile/Sand_ground_235.asset using Guid(6839092cb7976a94dbf75f915c21aeab) Importer(815301076,1909f56bfc062723c751e8b465ee728b) (PreviewImporter) -> (artifact id: '7ef21a10bedbfb2e872503d6b2bafdb8') in 0.0053355 seconds
Number of updated asset objects reloaded before import = 0Number of asset objects unloaded after import = 3

========================================================================
Received Import Request.
  Time since last request: 0.000017 seconds.
  path: Assets/Asset/Map/TileMap/Wall Tile/Sand_ground_236.asset
  artifactKey: Guid(f71ddc3d690c3e1479fa13d984528b9e) Importer(815301076,1909f56bfc062723c751e8b465ee728b)
Start importing Assets/Asset/Map/TileMap/Wall Tile/Sand_ground_236.asset using Guid(f71ddc3d690c3e1479fa13d984528b9e) Importer(815301076,1909f56bfc062723c751e8b465ee728b) (PreviewImporter) -> (artifact id: '59977db76cbe9363383e9fdd3c6db2cc') in 0.0116295 seconds
Number of updated asset objects reloaded before import = 0Number of asset objects unloaded after import = 3

========================================================================
Received Import Request.
  Time since last request: 0.000021 seconds.
  path: Assets/Asset/Map/TileMap/Wall Tile/Sand_ground_239.asset
  artifactKey: Guid(7732dcdb65191d44a85611609fa0859e) Importer(815301076,1909f56bfc062723c751e8b465ee728b)
Start importing Assets/Asset/Map/TileMap/Wall Tile/Sand_ground_239.asset using Guid(7732dcdb65191d44a85611609fa0859e) Importer(815301076,1909f56bfc062723c751e8b465ee728b) (PreviewImporter) -> (artifact id: '5ba273ea501ebc2a26784e13873abca3') in 0.0070688 seconds
Number of updated asset objects reloaded before import = 0Number of asset objects unloaded after import = 3

========================================================================
Received Import Request.
  Time since last request: 0.145998 seconds.
  path: Assets/Asset/Map/TileMap/Wall Tile/Sand_ground_248.asset
  artifactKey: Guid(55a943d04e649a6459a170380563d3c3) Importer(815301076,1909f56bfc062723c751e8b465ee728b)
Start importing Assets/Asset/Map/TileMap/Wall Tile/Sand_ground_248.asset using Guid(55a943d04e649a6459a170380563d3c3) Importer(815301076,1909f56bfc062723c751e8b465ee728b) (PreviewImporter) -> (artifact id: '44e444bca7de0e232c6c175573a4e92b') in 0.0052363 seconds
Number of updated asset objects reloaded before import = 0Number of asset objects unloaded after import = 3

========================================================================
Received Import Request.
  Time since last request: 0.000015 seconds.
  path: Assets/Asset/Map/TileMap/Wall Tile/Sand_ground_253.asset
  artifactKey: Guid(12c3f141cabf61449822baafae223a31) Importer(815301076,1909f56bfc062723c751e8b465ee728b)
Start importing Assets/Asset/Map/TileMap/Wall Tile/Sand_ground_253.asset using Guid(12c3f141cabf61449822baafae223a31) Importer(815301076,1909f56bfc062723c751e8b465ee728b) (PreviewImporter) -> (artifact id: 'ff4621e2c5cd85d27e08798443632b86') in 0.0056803 seconds
Number of updated asset objects reloaded before import = 0Number of asset objects unloaded after import = 3

========================================================================
Received Import Request.
  Time since last request: 0.000033 seconds.
  path: Assets/Asset/Map/TileMap/Wall Tile/Sand_ground_259.asset
  artifactKey: Guid(0d5e180992c4f8645849341d73533485) Importer(815301076,1909f56bfc062723c751e8b465ee728b)
Start importing Assets/Asset/Map/TileMap/Wall Tile/Sand_ground_259.asset using Guid(0d5e180992c4f8645849341d73533485) Importer(815301076,1909f56bfc062723c751e8b465ee728b) (PreviewImporter) -> (artifact id: '35a0ec9fcdfe46ddd0e194f195815a6d') in 0.0055975 seconds
Number of updated asset objects reloaded before import = 0Number of asset objects unloaded after import = 3

========================================================================
Received Import Request.
  Time since last request: 0.000028 seconds.
  path: Assets/Asset/Map/TileMap/Wall Tile/Sand_ground_266.asset
  artifactKey: Guid(4cc07303750d6d44d845be95ce47dbfd) Importer(815301076,1909f56bfc062723c751e8b465ee728b)
Start importing Assets/Asset/Map/TileMap/Wall Tile/Sand_ground_266.asset using Guid(4cc07303750d6d44d845be95ce47dbfd) Importer(815301076,1909f56bfc062723c751e8b465ee728b) (PreviewImporter) -> (artifact id: '126c0b49c68365698ac8c530839feaef') in 0.0140084 seconds
Number of updated asset objects reloaded before import = 0Number of asset objects unloaded after import = 3

========================================================================
Received Import Request.
  Time since last request: 0.000018 seconds.
  path: Assets/Asset/Map/TileMap/Wall Tile/Sand_ground_269.asset
  artifactKey: Guid(50585715ea5d8fa4e900ee466fba104c) Importer(815301076,1909f56bfc062723c751e8b465ee728b)
Start importing Assets/Asset/Map/TileMap/Wall Tile/Sand_ground_269.asset using Guid(50585715ea5d8fa4e900ee466fba104c) Importer(815301076,1909f56bfc062723c751e8b465ee728b) (PreviewImporter) -> (artifact id: '3bc2f10c6b5dfc04b6ea860ff401f37d') in 0.0060925 seconds
Number of updated asset objects reloaded before import = 0Number of asset objects unloaded after import = 3

========================================================================
Received Import Request.
  Time since last request: 0.121630 seconds.
  path: Assets/Asset/Map/TileMap/Wall Tile/Sand_ground_272.asset
  artifactKey: Guid(19bc72cf42712b742898e519a33213db) Importer(815301076,1909f56bfc062723c751e8b465ee728b)
Start importing Assets/Asset/Map/TileMap/Wall Tile/Sand_ground_272.asset using Guid(19bc72cf42712b742898e519a33213db) Importer(815301076,1909f56bfc062723c751e8b465ee728b) (PreviewImporter) -> (artifact id: 'af6bc37df8dc4cc8d383633555d286ca') in 0.0055338 seconds
Number of updated asset objects reloaded before import = 0Number of asset objects unloaded after import = 3

========================================================================
Received Import Request.
  Time since last request: 0.000736 seconds.
  path: Assets/Asset/Map/TileMap/Wall Tile/Sand_ground_278.asset
  artifactKey: Guid(c4dbdc5e9874884429a6cd2470c9d7fa) Importer(815301076,1909f56bfc062723c751e8b465ee728b)
Start importing Assets/Asset/Map/TileMap/Wall Tile/Sand_ground_278.asset using Guid(c4dbdc5e9874884429a6cd2470c9d7fa) Importer(815301076,1909f56bfc062723c751e8b465ee728b) (PreviewImporter) -> (artifact id: '0163e9ab03eca295e804670c3168de68') in 0.0135463 seconds
Number of updated asset objects reloaded before import = 0Number of asset objects unloaded after import = 3

========================================================================
Received Import Request.
  Time since last request: 0.000020 seconds.
  path: Assets/Asset/Map/TileMap/Wall Tile/Sand_ground_288.asset
  artifactKey: Guid(cd1be4dc9b7ee7e4491e0d3a541afc02) Importer(815301076,1909f56bfc062723c751e8b465ee728b)
Start importing Assets/Asset/Map/TileMap/Wall Tile/Sand_ground_288.asset using Guid(cd1be4dc9b7ee7e4491e0d3a541afc02) Importer(815301076,1909f56bfc062723c751e8b465ee728b) (PreviewImporter) -> (artifact id: '6618740a31efbec116aa584162b05e66') in 0.0069444 seconds
Number of updated asset objects reloaded before import = 0Number of asset objects unloaded after import = 3

========================================================================
Received Import Request.
  Time since last request: 0.236056 seconds.
  path: Assets/Asset/Map/TileMap/Wall Tile/Sand_ground_290.asset
  artifactKey: Guid(276e44483c3e30543b7e7115e4747262) Importer(815301076,1909f56bfc062723c751e8b465ee728b)
Start importing Assets/Asset/Map/TileMap/Wall Tile/Sand_ground_290.asset using Guid(276e44483c3e30543b7e7115e4747262) Importer(815301076,1909f56bfc062723c751e8b465ee728b) (PreviewImporter) -> (artifact id: '37d0182e0b14edfe3bea5bbca0849d1b') in 0.0060323 seconds
Number of updated asset objects reloaded before import = 0Number of asset objects unloaded after import = 3

========================================================================
Received Import Request.
  Time since last request: 0.000021 seconds.
  path: Assets/Asset/Map/TileMap/Wall Tile/Sand_ground_296.asset
  artifactKey: Guid(d96c74f150e1a054983be90273667118) Importer(815301076,1909f56bfc062723c751e8b465ee728b)
Start importing Assets/Asset/Map/TileMap/Wall Tile/Sand_ground_296.asset using Guid(d96c74f150e1a054983be90273667118) Importer(815301076,1909f56bfc062723c751e8b465ee728b) (PreviewImporter) -> (artifact id: 'c4e185cc40ee5dd0299619891d826d9d') in 0.0120394 seconds
Number of updated asset objects reloaded before import = 0Number of asset objects unloaded after import = 3

========================================================================
Received Import Request.
  Time since last request: 0.000064 seconds.
  path: Assets/Asset/Map/TileMap/Wall Tile/Sand_ground_301.asset
  artifactKey: Guid(34249bc82253e834482f7e3db9d02929) Importer(815301076,1909f56bfc062723c751e8b465ee728b)
Start importing Assets/Asset/Map/TileMap/Wall Tile/Sand_ground_301.asset using Guid(34249bc82253e834482f7e3db9d02929) Importer(815301076,1909f56bfc062723c751e8b465ee728b) (PreviewImporter) -> (artifact id: 'f71360083fecc9bf3463f1e8b8e66da0') in 0.0112717 seconds
Number of updated asset objects reloaded before import = 0Number of asset objects unloaded after import = 3

========================================================================
Received Import Request.
  Time since last request: 0.000020 seconds.
  path: Assets/Asset/Map/TileMap/Wall Tile/Sand_ground_312.asset
  artifactKey: Guid(5da001464b5eea142801505b68975fa3) Importer(815301076,1909f56bfc062723c751e8b465ee728b)
Start importing Assets/Asset/Map/TileMap/Wall Tile/Sand_ground_312.asset using Guid(5da001464b5eea142801505b68975fa3) Importer(815301076,1909f56bfc062723c751e8b465ee728b) (PreviewImporter) -> (artifact id: '96b162296f735be0d815f7437ff08c8f') in 0.0074346 seconds
Number of updated asset objects reloaded before import = 0Number of asset objects unloaded after import = 3

========================================================================
Received Import Request.
  Time since last request: 0.000018 seconds.
  path: Assets/Asset/Map/TileMap/Wall Tile/Sand_ground_302.asset
  artifactKey: Guid(e31608a6f1d3abd4e83675df01f764bc) Importer(815301076,1909f56bfc062723c751e8b465ee728b)
Start importing Assets/Asset/Map/TileMap/Wall Tile/Sand_ground_302.asset using Guid(e31608a6f1d3abd4e83675df01f764bc) Importer(815301076,1909f56bfc062723c751e8b465ee728b) (PreviewImporter) -> (artifact id: '81f6ed0fc532def87eb6894cd8d6c30c') in 0.0062812 seconds
Number of updated asset objects reloaded before import = 0Number of asset objects unloaded after import = 3

========================================================================
Received Import Request.
  Time since last request: 0.523774 seconds.
  path: Assets/Asset/Map/TileMap/Wall Tile/Sand_ground_314.asset
  artifactKey: Guid(4ebe7646105f1c8409d0c76d03849544) Importer(815301076,1909f56bfc062723c751e8b465ee728b)
Start importing Assets/Asset/Map/TileMap/Wall Tile/Sand_ground_314.asset using Guid(4ebe7646105f1c8409d0c76d03849544) Importer(815301076,1909f56bfc062723c751e8b465ee728b) (PreviewImporter) -> (artifact id: '6f7c3cb006894e36adbd783f9ef04318') in 0.0073075 seconds
Number of updated asset objects reloaded before import = 0Number of asset objects unloaded after import = 3

========================================================================
Received Import Request.
  Time since last request: 0.000017 seconds.
  path: Assets/Asset/Map/TileMap/Wall Tile/Sand_ground_320.asset
  artifactKey: Guid(4e68388ba7c09dc41ac97514e37c1848) Importer(815301076,1909f56bfc062723c751e8b465ee728b)
Start importing Assets/Asset/Map/TileMap/Wall Tile/Sand_ground_320.asset using Guid(4e68388ba7c09dc41ac97514e37c1848) Importer(815301076,1909f56bfc062723c751e8b465ee728b) (PreviewImporter) -> (artifact id: '5fd2ddacd025f4774e2801feff9ef68b') in 0.0056797 seconds
Number of updated asset objects reloaded before import = 0Number of asset objects unloaded after import = 3

========================================================================
Received Import Request.
  Time since last request: 0.000031 seconds.
  path: Assets/Asset/Map/TileMap/Wall Tile/Sand_ground_326.asset
  artifactKey: Guid(aec76086f5f98a14591e6c1a0cff55d0) Importer(815301076,1909f56bfc062723c751e8b465ee728b)
Start importing Assets/Asset/Map/TileMap/Wall Tile/Sand_ground_326.asset using Guid(aec76086f5f98a14591e6c1a0cff55d0) Importer(815301076,1909f56bfc062723c751e8b465ee728b) (PreviewImporter) -> (artifact id: '3a5c06fd63daec0948965be43e0c3bdc') in 0.0064002 seconds
Number of updated asset objects reloaded before import = 0Number of asset objects unloaded after import = 3

========================================================================
Received Import Request.
  Time since last request: 0.337939 seconds.
  path: Assets/Asset/Map/TileMap/Wall Tile/Sand_ground_332.asset
  artifactKey: Guid(5763595eadeb35b4585b8e4095318077) Importer(815301076,1909f56bfc062723c751e8b465ee728b)
Start importing Assets/Asset/Map/TileMap/Wall Tile/Sand_ground_332.asset using Guid(5763595eadeb35b4585b8e4095318077) Importer(815301076,1909f56bfc062723c751e8b465ee728b) (PreviewImporter) -> (artifact id: '48d9a946515675185caafeb337e9975a') in 0.0110524 seconds
Number of updated asset objects reloaded before import = 0Number of asset objects unloaded after import = 3

========================================================================
Received Import Request.
  Time since last request: 0.000015 seconds.
  path: Assets/Asset/Map/TileMap/Wall Tile/Sand_ground_338.asset
  artifactKey: Guid(c668e23330e668e428c0bf6396d784b5) Importer(815301076,1909f56bfc062723c751e8b465ee728b)
Start importing Assets/Asset/Map/TileMap/Wall Tile/Sand_ground_338.asset using Guid(c668e23330e668e428c0bf6396d784b5) Importer(815301076,1909f56bfc062723c751e8b465ee728b) (PreviewImporter) -> (artifact id: '15ac3fa4a858ca5d5b1e31eaf957588e') in 0.0125086 seconds
Number of updated asset objects reloaded before import = 0Number of asset objects unloaded after import = 3

========================================================================
Received Import Request.
  Time since last request: 2.106098 seconds.
  path: Assets/Asset/Map/TileMap/Wall Tile/Sand_ground_344.asset
  artifactKey: Guid(900572d10e9a6de4bbcdb681df5fee25) Importer(815301076,1909f56bfc062723c751e8b465ee728b)
Start importing Assets/Asset/Map/TileMap/Wall Tile/Sand_ground_344.asset using Guid(900572d10e9a6de4bbcdb681df5fee25) Importer(815301076,1909f56bfc062723c751e8b465ee728b) (PreviewImporter) -> (artifact id: 'da27f2ca2c9a10396c3bd109a95fd71a') in 0.0144355 seconds
Number of updated asset objects reloaded before import = 0Number of asset objects unloaded after import = 3

========================================================================
Received Import Request.
  Time since last request: 0.000018 seconds.
  path: Assets/Asset/Map/TileMap/Wall Tile/Sand_ground_351.asset
  artifactKey: Guid(775cfc8e872a93e4e8133b8fc467c0ab) Importer(815301076,1909f56bfc062723c751e8b465ee728b)
Start importing Assets/Asset/Map/TileMap/Wall Tile/Sand_ground_351.asset using Guid(775cfc8e872a93e4e8133b8fc467c0ab) Importer(815301076,1909f56bfc062723c751e8b465ee728b) (PreviewImporter) -> (artifact id: '80474a62320a688792ffe2d8b6a2a9fc') in 0.0227689 seconds
Number of updated asset objects reloaded before import = 0Number of asset objects unloaded after import = 3

========================================================================
Received Import Request.
  Time since last request: 1.143531 seconds.
  path: Assets/Asset/Map/TileMap/Wall Tile/Sand_ground_356.asset
  artifactKey: Guid(c1ae27da68c6bed499d39312e6688ec0) Importer(815301076,1909f56bfc062723c751e8b465ee728b)
Start importing Assets/Asset/Map/TileMap/Wall Tile/Sand_ground_356.asset using Guid(c1ae27da68c6bed499d39312e6688ec0) Importer(815301076,1909f56bfc062723c751e8b465ee728b) (PreviewImporter) -> (artifact id: '31398173cc765773c983ad4de5fd66b1') in 0.0051094 seconds
Number of updated asset objects reloaded before import = 0Number of asset objects unloaded after import = 3

========================================================================
Received Import Request.
  Time since last request: 0.009335 seconds.
  path: Assets/Asset/Map/TileMap/Wall Tile/Sand_ground_362.asset
  artifactKey: Guid(05b3480d4caf8c24b8cae8ea7a90e695) Importer(815301076,1909f56bfc062723c751e8b465ee728b)
Start importing Assets/Asset/Map/TileMap/Wall Tile/Sand_ground_362.asset using Guid(05b3480d4caf8c24b8cae8ea7a90e695) Importer(815301076,1909f56bfc062723c751e8b465ee728b) (PreviewImporter) -> (artifact id: '3c6753970449d8c9768386bc89464f8d') in 0.0088592 seconds
Number of updated asset objects reloaded before import = 0Number of asset objects unloaded after import = 3

========================================================================
Received Import Request.
  Time since last request: 0.287993 seconds.
  path: Assets/Asset/Map/TileMap/Wall Tile/Sand_ground_368.asset
  artifactKey: Guid(84ded69f4cffb8c4fa0d1957ba459c16) Importer(815301076,1909f56bfc062723c751e8b465ee728b)
Start importing Assets/Asset/Map/TileMap/Wall Tile/Sand_ground_368.asset using Guid(84ded69f4cffb8c4fa0d1957ba459c16) Importer(815301076,1909f56bfc062723c751e8b465ee728b) (PreviewImporter) -> (artifact id: 'ba2faa3ccd1e969774e72f118b979ab5') in 0.0046373 seconds
Number of updated asset objects reloaded before import = 0Number of asset objects unloaded after import = 3

========================================================================
Received Import Request.
  Time since last request: 0.000019 seconds.
  path: Assets/Asset/Map/TileMap/Wall Tile/Sand_ground_375.asset
  artifactKey: Guid(e7df536de4134e24da64fb13b3a11aeb) Importer(815301076,1909f56bfc062723c751e8b465ee728b)
Start importing Assets/Asset/Map/TileMap/Wall Tile/Sand_ground_375.asset using Guid(e7df536de4134e24da64fb13b3a11aeb) Importer(815301076,1909f56bfc062723c751e8b465ee728b) (PreviewImporter) -> (artifact id: '7798d01e818e838d3b6d935587a49e2a') in 0.0050868 seconds
Number of updated asset objects reloaded before import = 0Number of asset objects unloaded after import = 3

========================================================================
Received Import Request.
  Time since last request: 0.558291 seconds.
  path: Assets/Asset/Map/TileMap/Wall Tile/Sand_ground_380.asset
  artifactKey: Guid(cbf88a98d506ddb439351a8a5583d887) Importer(815301076,1909f56bfc062723c751e8b465ee728b)
Start importing Assets/Asset/Map/TileMap/Wall Tile/Sand_ground_380.asset using Guid(cbf88a98d506ddb439351a8a5583d887) Importer(815301076,1909f56bfc062723c751e8b465ee728b) (PreviewImporter) -> (artifact id: '390467defab7a49df4259e31d81b79c0') in 0.0050069 seconds
Number of updated asset objects reloaded before import = 0Number of asset objects unloaded after import = 3

========================================================================
Received Import Request.
  Time since last request: 0.000011 seconds.
  path: Assets/Asset/Map/TileMap/Wall Tile/Sand_ground_385.asset
  artifactKey: Guid(8e9e9ea3393aa524497f752f3d19ccdc) Importer(815301076,1909f56bfc062723c751e8b465ee728b)
Start importing Assets/Asset/Map/TileMap/Wall Tile/Sand_ground_385.asset using Guid(8e9e9ea3393aa524497f752f3d19ccdc) Importer(815301076,1909f56bfc062723c751e8b465ee728b) (PreviewImporter) -> (artifact id: '94c13d60b35c16ee50bfd0189b9661d1') in 0.0112785 seconds
Number of updated asset objects reloaded before import = 0Number of asset objects unloaded after import = 3

========================================================================
Received Import Request.
  Time since last request: 0.318912 seconds.
  path: Assets/Asset/Map/TileMap/Wall Tile/Sand_ground_392.asset
  artifactKey: Guid(dd3e107942e6c4e4eaf6668834b77432) Importer(815301076,1909f56bfc062723c751e8b465ee728b)
Start importing Assets/Asset/Map/TileMap/Wall Tile/Sand_ground_392.asset using Guid(dd3e107942e6c4e4eaf6668834b77432) Importer(815301076,1909f56bfc062723c751e8b465ee728b) (PreviewImporter) -> (artifact id: '8b7b1a42aa314c85a5140525f7bbced3') in 0.0049004 seconds
Number of updated asset objects reloaded before import = 0Number of asset objects unloaded after import = 3

========================================================================
Received Import Request.
  Time since last request: 0.012236 seconds.
  path: Assets/Asset/Map/TileMap/Wall Tile/Sand_ground_398.asset
  artifactKey: Guid(f97ab9ad9241b1f4782b3f6c31b6ee30) Importer(815301076,1909f56bfc062723c751e8b465ee728b)
Start importing Assets/Asset/Map/TileMap/Wall Tile/Sand_ground_398.asset using Guid(f97ab9ad9241b1f4782b3f6c31b6ee30) Importer(815301076,1909f56bfc062723c751e8b465ee728b) (PreviewImporter) -> (artifact id: '9c504ad513a1b3c7bf338d1935d699b2') in 0.0150159 seconds
Number of updated asset objects reloaded before import = 0Number of asset objects unloaded after import = 3

========================================================================
Received Import Request.
  Time since last request: 0.000016 seconds.
  path: Assets/Asset/Map/TileMap/Wall Tile/Sand_ground_403.asset
  artifactKey: Guid(f7075b7cd1029704eb4645811bb8d38e) Importer(815301076,1909f56bfc062723c751e8b465ee728b)
Start importing Assets/Asset/Map/TileMap/Wall Tile/Sand_ground_403.asset using Guid(f7075b7cd1029704eb4645811bb8d38e) Importer(815301076,1909f56bfc062723c751e8b465ee728b) (PreviewImporter) -> (artifact id: '864fc43ce1780aa52c1d83786ef827be') in 0.0204755 seconds
Number of updated asset objects reloaded before import = 0Number of asset objects unloaded after import = 3

========================================================================
Received Import Request.
  Time since last request: 0.268124 seconds.
  path: Assets/Asset/Map/TileMap/Wall Tile/Sand_ground_410.asset
  artifactKey: Guid(e7ce7f7011035ec4f992752fe66625d7) Importer(815301076,1909f56bfc062723c751e8b465ee728b)
Start importing Assets/Asset/Map/TileMap/Wall Tile/Sand_ground_410.asset using Guid(e7ce7f7011035ec4f992752fe66625d7) Importer(815301076,1909f56bfc062723c751e8b465ee728b) (PreviewImporter) -> (artifact id: '80bc222d45ceb09f80b8add390e5e3dd') in 0.0054471 seconds
Number of updated asset objects reloaded before import = 0Number of asset objects unloaded after import = 3

========================================================================
Received Import Request.
  Time since last request: 0.000013 seconds.
  path: Assets/Asset/Map/TileMap/Wall Tile/Sand_ground_419.asset
  artifactKey: Guid(919910c5cd8105148a317443bf147a65) Importer(815301076,1909f56bfc062723c751e8b465ee728b)
Start importing Assets/Asset/Map/TileMap/Wall Tile/Sand_ground_419.asset using Guid(919910c5cd8105148a317443bf147a65) Importer(815301076,1909f56bfc062723c751e8b465ee728b) (PreviewImporter) -> (artifact id: '07e605300d3399548092ffe4ad0f72bd') in 0.0128799 seconds
Number of updated asset objects reloaded before import = 0Number of asset objects unloaded after import = 3

========================================================================
Received Import Request.
  Time since last request: 0.000014 seconds.
  path: Assets/Asset/Map/TileMap/Wall Tile/Sand_ground_421.asset
  artifactKey: Guid(f1b65b62b47df5e4f9d04f9fdab23d0a) Importer(815301076,1909f56bfc062723c751e8b465ee728b)
Start importing Assets/Asset/Map/TileMap/Wall Tile/Sand_ground_421.asset using Guid(f1b65b62b47df5e4f9d04f9fdab23d0a) Importer(815301076,1909f56bfc062723c751e8b465ee728b) (PreviewImporter) -> (artifact id: 'b0ddf7aaaa5a1402ebe26e816bab880a') in 0.0115406 seconds
Number of updated asset objects reloaded before import = 0Number of asset objects unloaded after import = 3

========================================================================
Received Import Request.
  Time since last request: 0.000015 seconds.
  path: Assets/Asset/Map/TileMap/Wall Tile/Sand_ground_429.asset
  artifactKey: Guid(ba554589a324e664094fbe1bf640dfba) Importer(815301076,1909f56bfc062723c751e8b465ee728b)
Start importing Assets/Asset/Map/TileMap/Wall Tile/Sand_ground_429.asset using Guid(ba554589a324e664094fbe1bf640dfba) Importer(815301076,1909f56bfc062723c751e8b465ee728b) (PreviewImporter) -> (artifact id: 'a52f11bd2622bef1af2354b049c47432') in 0.0107468 seconds
Number of updated asset objects reloaded before import = 0Number of asset objects unloaded after import = 3

========================================================================
Received Import Request.
  Time since last request: 0.223640 seconds.
  path: Assets/Asset/Map/TileMap/Wall Tile/Sand_ground_434.asset
  artifactKey: Guid(007179a3e1ccdc443958bb86cf8f5202) Importer(815301076,1909f56bfc062723c751e8b465ee728b)
Start importing Assets/Asset/Map/TileMap/Wall Tile/Sand_ground_434.asset using Guid(007179a3e1ccdc443958bb86cf8f5202) Importer(815301076,1909f56bfc062723c751e8b465ee728b) (PreviewImporter) -> (artifact id: '4f68b1f5cdbc8b062c568fe3a9e47d4e') in 0.0116566 seconds
Number of updated asset objects reloaded before import = 0Number of asset objects unloaded after import = 3

========================================================================
Received Import Request.
  Time since last request: 0.000015 seconds.
  path: Assets/Asset/Map/TileMap/Wall Tile/Sand_ground_441.asset
  artifactKey: Guid(dc8070f4ba1aaff44aaa4480b80655db) Importer(815301076,1909f56bfc062723c751e8b465ee728b)
Start importing Assets/Asset/Map/TileMap/Wall Tile/Sand_ground_441.asset using Guid(dc8070f4ba1aaff44aaa4480b80655db) Importer(815301076,1909f56bfc062723c751e8b465ee728b) (PreviewImporter) -> (artifact id: '59a690362a74f0baeb04174cb95af185') in 0.0054375 seconds
Number of updated asset objects reloaded before import = 0Number of asset objects unloaded after import = 3

========================================================================
Received Import Request.
  Time since last request: 0.293220 seconds.
  path: Assets/Asset/Map/TileMap/Wall Tile/Sand_ground_446.asset
  artifactKey: Guid(bfdf23fa6237b8a4f872327d37967e75) Importer(815301076,1909f56bfc062723c751e8b465ee728b)
Start importing Assets/Asset/Map/TileMap/Wall Tile/Sand_ground_446.asset using Guid(bfdf23fa6237b8a4f872327d37967e75) Importer(815301076,1909f56bfc062723c751e8b465ee728b) (PreviewImporter) -> (artifact id: 'c4a7b29e0a9d9e8a8ce01f12e64d277a') in 0.0057038 seconds
Number of updated asset objects reloaded before import = 0Number of asset objects unloaded after import = 3

========================================================================
Received Import Request.
  Time since last request: 0.002716 seconds.
  path: Assets/Asset/Map/TileMap/Wall Tile/Sand_ground_452.asset
  artifactKey: Guid(b0ce255822a1de44e82ac81ac5506183) Importer(815301076,1909f56bfc062723c751e8b465ee728b)
Start importing Assets/Asset/Map/TileMap/Wall Tile/Sand_ground_452.asset using Guid(b0ce255822a1de44e82ac81ac5506183) Importer(815301076,1909f56bfc062723c751e8b465ee728b) (PreviewImporter) -> (artifact id: '22170cd75e533761515bd57581129950') in 0.0115771 seconds
Number of updated asset objects reloaded before import = 0Number of asset objects unloaded after import = 3

========================================================================
Received Import Request.
  Time since last request: 0.000014 seconds.
  path: Assets/Asset/Map/TileMap/Wall Tile/Sand_ground_457.asset
  artifactKey: Guid(5d9bdf91c377eeb41a373f2b70be0742) Importer(815301076,1909f56bfc062723c751e8b465ee728b)
Start importing Assets/Asset/Map/TileMap/Wall Tile/Sand_ground_457.asset using Guid(5d9bdf91c377eeb41a373f2b70be0742) Importer(815301076,1909f56bfc062723c751e8b465ee728b) (PreviewImporter) -> (artifact id: '3aee90effa4a6634bba73726eaf10cb6') in 0.0106878 seconds
Number of updated asset objects reloaded before import = 0Number of asset objects unloaded after import = 3

========================================================================
Received Import Request.
  Time since last request: 0.410633 seconds.
  path: Assets/Asset/Map/TileMap/Wall Tile/Sand_ground_464.asset
  artifactKey: Guid(ada3cb64cda19a242b982c79c8bbe8fe) Importer(815301076,1909f56bfc062723c751e8b465ee728b)
Start importing Assets/Asset/Map/TileMap/Wall Tile/Sand_ground_464.asset using Guid(ada3cb64cda19a242b982c79c8bbe8fe) Importer(815301076,1909f56bfc062723c751e8b465ee728b) (PreviewImporter) -> (artifact id: '5864dff0d97db0695a6b862e8e45eea4') in 0.0095198 seconds
Number of updated asset objects reloaded before import = 0Number of asset objects unloaded after import = 3

========================================================================
Received Import Request.
  Time since last request: 0.000014 seconds.
  path: Assets/Asset/Map/TileMap/Wall Tile/Sand_ground_472.asset
  artifactKey: Guid(f1085623534d35747810e47b7add0be4) Importer(815301076,1909f56bfc062723c751e8b465ee728b)
Start importing Assets/Asset/Map/TileMap/Wall Tile/Sand_ground_472.asset using Guid(f1085623534d35747810e47b7add0be4) Importer(815301076,1909f56bfc062723c751e8b465ee728b) (PreviewImporter) -> (artifact id: 'dd09aaad893595ac860be6421b80eac9') in 0.0111499 seconds
Number of updated asset objects reloaded before import = 0Number of asset objects unloaded after import = 3

========================================================================
Received Import Request.
  Time since last request: 0.025104 seconds.
  path: Assets/Asset/Map/TileMap/Wall Tile/Sand_ground_476.asset
  artifactKey: Guid(81980c384c289224ab9bba0b16d46454) Importer(815301076,1909f56bfc062723c751e8b465ee728b)
Start importing Assets/Asset/Map/TileMap/Wall Tile/Sand_ground_476.asset using Guid(81980c384c289224ab9bba0b16d46454) Importer(815301076,1909f56bfc062723c751e8b465ee728b) (PreviewImporter) -> (artifact id: '208bce57d2211258bf1e10ae1aa2f994') in 0.0059185 seconds
Number of updated asset objects reloaded before import = 0Number of asset objects unloaded after import = 3

========================================================================
Received Import Request.
  Time since last request: 0.281771 seconds.
  path: Assets/Asset/Map/TileMap/Wall Tile/Sand_ground_482.asset
  artifactKey: Guid(5b6d759566faabe4aa2b14b1ba6d8aca) Importer(815301076,1909f56bfc062723c751e8b465ee728b)
Start importing Assets/Asset/Map/TileMap/Wall Tile/Sand_ground_482.asset using Guid(5b6d759566faabe4aa2b14b1ba6d8aca) Importer(815301076,1909f56bfc062723c751e8b465ee728b) (PreviewImporter) -> (artifact id: '028180c790d2a3b3caa8ca4c72e75bf3') in 0.0096019 seconds
Number of updated asset objects reloaded before import = 0Number of asset objects unloaded after import = 3

========================================================================
Received Import Request.
  Time since last request: 0.014837 seconds.
  path: Assets/Asset/Map/TileMap/Wall Tile/Sand_ground_488.asset
  artifactKey: Guid(00bb947a9ba14624bbc186e0f617976a) Importer(815301076,1909f56bfc062723c751e8b465ee728b)
Start importing Assets/Asset/Map/TileMap/Wall Tile/Sand_ground_488.asset using Guid(00bb947a9ba14624bbc186e0f617976a) Importer(815301076,1909f56bfc062723c751e8b465ee728b) (PreviewImporter) -> (artifact id: '0381cbd90ee3e675cf7e7f295cc802e5') in 0.0116233 seconds
Number of updated asset objects reloaded before import = 0Number of asset objects unloaded after import = 3

========================================================================
Received Import Request.
  Time since last request: 11.176697 seconds.
  path: Assets/Asset/Map/TileMap/Wall Tile/Sand_ground_494.asset
  artifactKey: Guid(67643599c0e91604b8349a5485a73856) Importer(815301076,1909f56bfc062723c751e8b465ee728b)
Start importing Assets/Asset/Map/TileMap/Wall Tile/Sand_ground_494.asset using Guid(67643599c0e91604b8349a5485a73856) Importer(815301076,1909f56bfc062723c751e8b465ee728b) (PreviewImporter) -> (artifact id: 'c9cd13490d28695474d155187d9b9976') in 0.0135846 seconds
Number of updated asset objects reloaded before import = 0Number of asset objects unloaded after import = 3

========================================================================
Received Import Request.
  Time since last request: 0.224258 seconds.
  path: Assets/Asset/Map/TileMap/Wall Tile/Sand_ground_500.asset
  artifactKey: Guid(ec5039b2a3283254ca9e57164179fe76) Importer(815301076,1909f56bfc062723c751e8b465ee728b)
Start importing Assets/Asset/Map/TileMap/Wall Tile/Sand_ground_500.asset using Guid(ec5039b2a3283254ca9e57164179fe76) Importer(815301076,1909f56bfc062723c751e8b465ee728b) (PreviewImporter) -> (artifact id: '3bcc9f461990226055c92aeae2b5eb5d') in 0.0045713 seconds
Number of updated asset objects reloaded before import = 0Number of asset objects unloaded after import = 3

========================================================================
Received Import Request.
  Time since last request: 0.000017 seconds.
  path: Assets/Asset/Map/TileMap/Wall Tile/Sand_ground_509.asset
  artifactKey: Guid(ae990d0dbf5105f44a04dcf4cdd9cabf) Importer(815301076,1909f56bfc062723c751e8b465ee728b)
Start importing Assets/Asset/Map/TileMap/Wall Tile/Sand_ground_509.asset using Guid(ae990d0dbf5105f44a04dcf4cdd9cabf) Importer(815301076,1909f56bfc062723c751e8b465ee728b) (PreviewImporter) -> (artifact id: '4985ae8ed983e1712e46f73ee6f95101') in 0.0113982 seconds
Number of updated asset objects reloaded before import = 0Number of asset objects unloaded after import = 3

========================================================================
Received Import Request.
  Time since last request: 0.000023 seconds.
  path: Assets/Asset/Map/TileMap/Wall Tile/Sand_ground_513.asset
  artifactKey: Guid(28f199c09c0588547842b929b3fae901) Importer(815301076,1909f56bfc062723c751e8b465ee728b)
Start importing Assets/Asset/Map/TileMap/Wall Tile/Sand_ground_513.asset using Guid(28f199c09c0588547842b929b3fae901) Importer(815301076,1909f56bfc062723c751e8b465ee728b) (PreviewImporter) -> (artifact id: 'a08e7f0effc61924d5e80786cab01d9a') in 0.0118753 seconds
Number of updated asset objects reloaded before import = 0Number of asset objects unloaded after import = 3

========================================================================
Received Import Request.
  Time since last request: 0.000019 seconds.
  path: Assets/Asset/Map/TileMap/Wall Tile/Sand_ground_518.asset
  artifactKey: Guid(2b471608932de2b45bf6697d322db101) Importer(815301076,1909f56bfc062723c751e8b465ee728b)
Start importing Assets/Asset/Map/TileMap/Wall Tile/Sand_ground_518.asset using Guid(2b471608932de2b45bf6697d322db101) Importer(815301076,1909f56bfc062723c751e8b465ee728b) (PreviewImporter) -> (artifact id: '2f6f02ad3a73f62f34eaa80bc0ae6705') in 0.0119537 seconds
Number of updated asset objects reloaded before import = 0Number of asset objects unloaded after import = 3

========================================================================
Received Import Request.
  Time since last request: 0.000022 seconds.
  path: Assets/Asset/Map/TileMap/Wall Tile/Sand_ground_527.asset
  artifactKey: Guid(af33d82bf58885540bfa2e83463560f9) Importer(815301076,1909f56bfc062723c751e8b465ee728b)
Start importing Assets/Asset/Map/TileMap/Wall Tile/Sand_ground_527.asset using Guid(af33d82bf58885540bfa2e83463560f9) Importer(815301076,1909f56bfc062723c751e8b465ee728b) (PreviewImporter) -> (artifact id: '88becca5dc961ab15af534a9c1377df4') in 0.0080232 seconds
Number of updated asset objects reloaded before import = 0Number of asset objects unloaded after import = 3

========================================================================
Received Import Request.
  Time since last request: 0.094528 seconds.
  path: Assets/Asset/Map/TileMap/Wall Tile/Sand_ground_530.asset
  artifactKey: Guid(261cdc4ce89c3db47897c59b5cbdeef0) Importer(815301076,1909f56bfc062723c751e8b465ee728b)
Start importing Assets/Asset/Map/TileMap/Wall Tile/Sand_ground_530.asset using Guid(261cdc4ce89c3db47897c59b5cbdeef0) Importer(815301076,1909f56bfc062723c751e8b465ee728b) (PreviewImporter) -> (artifact id: '33c30c5a0dea7d8c5fded34f6449d3a9') in 0.0111197 seconds
Number of updated asset objects reloaded before import = 0Number of asset objects unloaded after import = 3

========================================================================
Received Import Request.
  Time since last request: 0.000013 seconds.
  path: Assets/Asset/Map/TileMap/Wall Tile/Sand_ground_537.asset
  artifactKey: Guid(6f4a08a489e873943919eccd7330d581) Importer(815301076,1909f56bfc062723c751e8b465ee728b)
Start importing Assets/Asset/Map/TileMap/Wall Tile/Sand_ground_537.asset using Guid(6f4a08a489e873943919eccd7330d581) Importer(815301076,1909f56bfc062723c751e8b465ee728b) (PreviewImporter) -> (artifact id: '520c2a07e9a5069c8064817e4b551c74') in 0.0110698 seconds
Number of updated asset objects reloaded before import = 0Number of asset objects unloaded after import = 3

========================================================================
Received Import Request.
  Time since last request: 0.518273 seconds.
  path: Assets/Asset/Map/TileMap/Wall Tile/Sand_ground_548.asset
  artifactKey: Guid(ad92a71b33fc0824bb55ac0470282f26) Importer(815301076,1909f56bfc062723c751e8b465ee728b)
Start importing Assets/Asset/Map/TileMap/Wall Tile/Sand_ground_548.asset using Guid(ad92a71b33fc0824bb55ac0470282f26) Importer(815301076,1909f56bfc062723c751e8b465ee728b) (PreviewImporter) -> (artifact id: '1e9f0680f8e79f926eade9e31e489c72') in 0.0194826 seconds
Number of updated asset objects reloaded before import = 0Number of asset objects unloaded after import = 3

========================================================================
Received Import Request.
  Time since last request: 0.015985 seconds.
  path: Assets/Asset/Map/TileMap/Wall Tile/Sand_ground_554.asset
  artifactKey: Guid(72ce6cfdd32a64a4c8f6a0d6ccba264d) Importer(815301076,1909f56bfc062723c751e8b465ee728b)
Start importing Assets/Asset/Map/TileMap/Wall Tile/Sand_ground_554.asset using Guid(72ce6cfdd32a64a4c8f6a0d6ccba264d) Importer(815301076,1909f56bfc062723c751e8b465ee728b) (PreviewImporter) -> (artifact id: '12874673d600006e92e4cb32be4d8bdf') in 0.0112383 seconds
Number of updated asset objects reloaded before import = 0Number of asset objects unloaded after import = 3

========================================================================
Received Import Request.
  Time since last request: 0.000015 seconds.
  path: Assets/Asset/Map/TileMap/Wall Tile/Sand_ground_564.asset
  artifactKey: Guid(3b9c665ce96b80f4c8fd9f950e482af7) Importer(815301076,1909f56bfc062723c751e8b465ee728b)
Start importing Assets/Asset/Map/TileMap/Wall Tile/Sand_ground_564.asset using Guid(3b9c665ce96b80f4c8fd9f950e482af7) Importer(815301076,1909f56bfc062723c751e8b465ee728b) (PreviewImporter) -> (artifact id: '6354923fa1467a6f79681a112a586ec0') in 0.0112431 seconds
Number of updated asset objects reloaded before import = 0Number of asset objects unloaded after import = 3

========================================================================
Received Import Request.
  Time since last request: 0.000017 seconds.
  path: Assets/Asset/Map/TileMap/Wall Tile/Sand_ground_582.asset
  artifactKey: Guid(c232a940a44690e46ab78fa1b87bf9bc) Importer(815301076,1909f56bfc062723c751e8b465ee728b)
Start importing Assets/Asset/Map/TileMap/Wall Tile/Sand_ground_582.asset using Guid(c232a940a44690e46ab78fa1b87bf9bc) Importer(815301076,1909f56bfc062723c751e8b465ee728b) (PreviewImporter) -> (artifact id: '90a951587a8689ee5ae71749803eca27') in 0.0055471 seconds
Number of updated asset objects reloaded before import = 0Number of asset objects unloaded after import = 3

========================================================================
Received Import Request.
  Time since last request: 0.000016 seconds.
  path: Assets/Asset/Map/TileMap/Wall Tile/Sand_ground_620.asset
  artifactKey: Guid(12ec702c5094084418a34b29a7582d3a) Importer(815301076,1909f56bfc062723c751e8b465ee728b)
Start importing Assets/Asset/Map/TileMap/Wall Tile/Sand_ground_620.asset using Guid(12ec702c5094084418a34b29a7582d3a) Importer(815301076,1909f56bfc062723c751e8b465ee728b) (PreviewImporter) -> (artifact id: '553473e84fe51f365efff1f6ffef75de') in 0.0122851 seconds
Number of updated asset objects reloaded before import = 0Number of asset objects unloaded after import = 3

========================================================================
Received Import Request.
  Time since last request: 0.000055 seconds.
  path: Assets/Asset/Map/TileMap/Wall Tile/Sand_ground_592.asset
  artifactKey: Guid(ec27596e86bcc344a8705041bce6daba) Importer(815301076,1909f56bfc062723c751e8b465ee728b)
Start importing Assets/Asset/Map/TileMap/Wall Tile/Sand_ground_592.asset using Guid(ec27596e86bcc344a8705041bce6daba) Importer(815301076,1909f56bfc062723c751e8b465ee728b) (PreviewImporter) -> (artifact id: '44818c28b5c825ee0f85fdd2781b67f4') in 0.0115711 seconds
Number of updated asset objects reloaded before import = 0Number of asset objects unloaded after import = 3

========================================================================
Received Import Request.
  Time since last request: 0.000019 seconds.
  path: Assets/Asset/Map/TileMap/Wall Tile/Sand_ground_613.asset
  artifactKey: Guid(79cdd08bf53c8e649bb5152429d39515) Importer(815301076,1909f56bfc062723c751e8b465ee728b)
Start importing Assets/Asset/Map/TileMap/Wall Tile/Sand_ground_613.asset using Guid(79cdd08bf53c8e649bb5152429d39515) Importer(815301076,1909f56bfc062723c751e8b465ee728b) (PreviewImporter) -> (artifact id: 'b291ebe2a63eb092b77d5040aa403208') in 0.0120514 seconds
Number of updated asset objects reloaded before import = 0Number of asset objects unloaded after import = 3

========================================================================
Received Import Request.
  Time since last request: 0.000034 seconds.
  path: Assets/Asset/Map/TileMap/Wall Tile/Sand_ground_715.asset
  artifactKey: Guid(a6aefc5badbba9447abf0a9111216ae4) Importer(815301076,1909f56bfc062723c751e8b465ee728b)
Start importing Assets/Asset/Map/TileMap/Wall Tile/Sand_ground_715.asset using Guid(a6aefc5badbba9447abf0a9111216ae4) Importer(815301076,1909f56bfc062723c751e8b465ee728b) (PreviewImporter) -> (artifact id: '90df568524485c1b3def5222b129a06f') in 0.0142597 seconds
Number of updated asset objects reloaded before import = 0Number of asset objects unloaded after import = 3

========================================================================
Received Import Request.
  Time since last request: 0.000017 seconds.
  path: Assets/Asset/Map/TileMap/Wall Tile/Sand_ground_843.asset
  artifactKey: Guid(fb0a5c96afaf46148a0439e06192ccb8) Importer(815301076,1909f56bfc062723c751e8b465ee728b)
Start importing Assets/Asset/Map/TileMap/Wall Tile/Sand_ground_843.asset using Guid(fb0a5c96afaf46148a0439e06192ccb8) Importer(815301076,1909f56bfc062723c751e8b465ee728b) (PreviewImporter) -> (artifact id: 'c2233b262c094a61cc72093f02c3a079') in 0.014075 seconds
Number of updated asset objects reloaded before import = 0Number of asset objects unloaded after import = 3

========================================================================
Received Import Request.
  Time since last request: 0.000020 seconds.
  path: Assets/Asset/Map/TileMap/Wall Tile/Sand_ground_792.asset
  artifactKey: Guid(c3949d728ae2cde40a02972ec560b59a) Importer(815301076,1909f56bfc062723c751e8b465ee728b)
Start importing Assets/Asset/Map/TileMap/Wall Tile/Sand_ground_792.asset using Guid(c3949d728ae2cde40a02972ec560b59a) Importer(815301076,1909f56bfc062723c751e8b465ee728b) (PreviewImporter) -> (artifact id: '1eb11d00cf49f698ab5b287ae3d2d984') in 0.0062871 seconds
Number of updated asset objects reloaded before import = 0Number of asset objects unloaded after import = 3

========================================================================
Received Import Request.
  Time since last request: 0.000014 seconds.
  path: Assets/Asset/Map/TileMap/Wall Tile/Sand_ground_624.asset
  artifactKey: Guid(8263c77a0ce88184c97f731e5533d36e) Importer(815301076,1909f56bfc062723c751e8b465ee728b)
Start importing Assets/Asset/Map/TileMap/Wall Tile/Sand_ground_624.asset using Guid(8263c77a0ce88184c97f731e5533d36e) Importer(815301076,1909f56bfc062723c751e8b465ee728b) (PreviewImporter) -> (artifact id: '38c9cd8962714a727965a3ccf88c419d') in 0.0055096 seconds
Number of updated asset objects reloaded before import = 0Number of asset objects unloaded after import = 3

========================================================================
Received Import Request.
  Time since last request: 0.000018 seconds.
  path: Assets/Asset/Map/TileMap/Wall Tile/Sand_ground_738.asset
  artifactKey: Guid(e63b7a0c8d2620549b72752af74fd4f9) Importer(815301076,1909f56bfc062723c751e8b465ee728b)
Start importing Assets/Asset/Map/TileMap/Wall Tile/Sand_ground_738.asset using Guid(e63b7a0c8d2620549b72752af74fd4f9) Importer(815301076,1909f56bfc062723c751e8b465ee728b) (PreviewImporter) -> (artifact id: '4e395f0f8d249ef55b99a6e48ad5a221') in 0.0059799 seconds
Number of updated asset objects reloaded before import = 0Number of asset objects unloaded after import = 3

========================================================================
Received Import Request.
  Time since last request: 0.000022 seconds.
  path: Assets/Asset/Map/TileMap/Wall Tile/Sand_ground_619.asset
  artifactKey: Guid(7fb12ead2c67ff0428aa45d26553310a) Importer(815301076,1909f56bfc062723c751e8b465ee728b)
Start importing Assets/Asset/Map/TileMap/Wall Tile/Sand_ground_619.asset using Guid(7fb12ead2c67ff0428aa45d26553310a) Importer(815301076,1909f56bfc062723c751e8b465ee728b) (PreviewImporter) -> (artifact id: 'fee89d228a1f744dcd7c46aff34534d2') in 0.0133697 seconds
Number of updated asset objects reloaded before import = 0Number of asset objects unloaded after import = 3

========================================================================
Received Import Request.
  Time since last request: 0.000046 seconds.
  path: Assets/Asset/Map/TileMap/Wall Tile/Sand_ground_800.asset
  artifactKey: Guid(05950e0bc61a9b342bdbaf640480f8c8) Importer(815301076,1909f56bfc062723c751e8b465ee728b)
Start importing Assets/Asset/Map/TileMap/Wall Tile/Sand_ground_800.asset using Guid(05950e0bc61a9b342bdbaf640480f8c8) Importer(815301076,1909f56bfc062723c751e8b465ee728b) (PreviewImporter) -> (artifact id: '1fddcd774ea4c8399392c2238bb1760f') in 0.0057815 seconds
Number of updated asset objects reloaded before import = 0Number of asset objects unloaded after import = 3

========================================================================
Received Import Request.
  Time since last request: 0.000017 seconds.
  path: Assets/Asset/Map/TileMap/Wall Tile/Sand_ground_718.asset
  artifactKey: Guid(97cc9eeca2c6d6b47af9b972371ed6c4) Importer(815301076,1909f56bfc062723c751e8b465ee728b)
Start importing Assets/Asset/Map/TileMap/Wall Tile/Sand_ground_718.asset using Guid(97cc9eeca2c6d6b47af9b972371ed6c4) Importer(815301076,1909f56bfc062723c751e8b465ee728b) (PreviewImporter) -> (artifact id: '01c0d6dfed73a7b35e05ede3a64b5bc5') in 0.0054557 seconds
Number of updated asset objects reloaded before import = 0Number of asset objects unloaded after import = 3

========================================================================
Received Import Request.
  Time since last request: 0.000023 seconds.
  path: Assets/Asset/Map/TileMap/Wall Tile/Sand_ground_734.asset
  artifactKey: Guid(f5bc0442c3942ce40a0c30e2f8f3815f) Importer(815301076,1909f56bfc062723c751e8b465ee728b)
Start importing Assets/Asset/Map/TileMap/Wall Tile/Sand_ground_734.asset using Guid(f5bc0442c3942ce40a0c30e2f8f3815f) Importer(815301076,1909f56bfc062723c751e8b465ee728b) (PreviewImporter) -> (artifact id: '349861885bd79285d29c4e5d54793d23') in 0.0117018 seconds
Number of updated asset objects reloaded before import = 0Number of asset objects unloaded after import = 3

========================================================================
Received Import Request.
  Time since last request: 0.000017 seconds.
  path: Assets/Asset/Map/TileMap/Wall Tile/Sand_ground_809.asset
  artifactKey: Guid(ccdcaeb268470e74a9ec6d1d2a8f73cf) Importer(815301076,1909f56bfc062723c751e8b465ee728b)
Start importing Assets/Asset/Map/TileMap/Wall Tile/Sand_ground_809.asset using Guid(ccdcaeb268470e74a9ec6d1d2a8f73cf) Importer(815301076,1909f56bfc062723c751e8b465ee728b) (PreviewImporter) -> (artifact id: 'c41e809c5041bb4da06e0bf2c3785f27') in 0.0127107 seconds
Number of updated asset objects reloaded before import = 0Number of asset objects unloaded after import = 3

========================================================================
Received Import Request.
  Time since last request: 0.000016 seconds.
  path: Assets/Asset/Map/TileMap/Wall Tile/Sand_ground_735.asset
  artifactKey: Guid(4c7167af46bc924449b8cf29b60adfcf) Importer(815301076,1909f56bfc062723c751e8b465ee728b)
Start importing Assets/Asset/Map/TileMap/Wall Tile/Sand_ground_735.asset using Guid(4c7167af46bc924449b8cf29b60adfcf) Importer(815301076,1909f56bfc062723c751e8b465ee728b) (PreviewImporter) -> (artifact id: '732a1021bcec9fb621d812ddaef53e16') in 0.0053604 seconds
Number of updated asset objects reloaded before import = 0Number of asset objects unloaded after import = 3

========================================================================
Received Import Request.
  Time since last request: 0.000023 seconds.
  path: Assets/Asset/Map/TileMap/Wall Tile/Sand_ground_580.asset
  artifactKey: Guid(72c638f479806f14ab81e3c3a7c278b4) Importer(815301076,1909f56bfc062723c751e8b465ee728b)
Start importing Assets/Asset/Map/TileMap/Wall Tile/Sand_ground_580.asset using Guid(72c638f479806f14ab81e3c3a7c278b4) Importer(815301076,1909f56bfc062723c751e8b465ee728b) (PreviewImporter) -> (artifact id: '7aa2d098b42977f99c156547154d6045') in 0.0054186 seconds
Number of updated asset objects reloaded before import = 0Number of asset objects unloaded after import = 3

========================================================================
Received Import Request.
  Time since last request: 0.000028 seconds.
  path: Assets/Asset/Map/TileMap/Wall Tile/Sand_ground_834.asset
  artifactKey: Guid(b00d2092dc8ee3942a18bfc6e85f7dde) Importer(815301076,1909f56bfc062723c751e8b465ee728b)
Start importing Assets/Asset/Map/TileMap/Wall Tile/Sand_ground_834.asset using Guid(b00d2092dc8ee3942a18bfc6e85f7dde) Importer(815301076,1909f56bfc062723c751e8b465ee728b) (PreviewImporter) -> (artifact id: '0558f569697b897d632042e6c3a44368') in 0.0134945 seconds
Number of updated asset objects reloaded before import = 0Number of asset objects unloaded after import = 3

========================================================================
Received Import Request.
  Time since last request: 0.000017 seconds.
  path: Assets/Asset/Map/TileMap/Wall Tile/Sand_ground_574.asset
  artifactKey: Guid(26cb568d7bf0ae6439f6581a11d4aad0) Importer(815301076,1909f56bfc062723c751e8b465ee728b)
Start importing Assets/Asset/Map/TileMap/Wall Tile/Sand_ground_574.asset using Guid(26cb568d7bf0ae6439f6581a11d4aad0) Importer(815301076,1909f56bfc062723c751e8b465ee728b) (PreviewImporter) -> (artifact id: '4dafb833ebf5f0e6cf57b8825f89b2f5') in 0.0057182 seconds
Number of updated asset objects reloaded before import = 0Number of asset objects unloaded after import = 3

========================================================================
Received Import Request.
  Time since last request: 0.000029 seconds.
  path: Assets/Asset/Map/TileMap/Wall Tile/Sand_ground_803.asset
  artifactKey: Guid(8d59e240f6711f848bb636caf4ef1873) Importer(815301076,1909f56bfc062723c751e8b465ee728b)
Start importing Assets/Asset/Map/TileMap/Wall Tile/Sand_ground_803.asset using Guid(8d59e240f6711f848bb636caf4ef1873) Importer(815301076,1909f56bfc062723c751e8b465ee728b) (PreviewImporter) -> (artifact id: 'e95b020eea272f0ab65c3f89c938eb87') in 0.0123074 seconds
Number of updated asset objects reloaded before import = 0Number of asset objects unloaded after import = 3

========================================================================
Received Import Request.
  Time since last request: 0.000017 seconds.
  path: Assets/Asset/Map/TileMap/Wall Tile/Sand_ground_577.asset
  artifactKey: Guid(dd2f6fd2055391744b36c49c81c224d9) Importer(815301076,1909f56bfc062723c751e8b465ee728b)
Start importing Assets/Asset/Map/TileMap/Wall Tile/Sand_ground_577.asset using Guid(dd2f6fd2055391744b36c49c81c224d9) Importer(815301076,1909f56bfc062723c751e8b465ee728b) (PreviewImporter) -> (artifact id: '8d1d46c43378c68accecec927960d2d0') in 0.0054903 seconds
Number of updated asset objects reloaded before import = 0Number of asset objects unloaded after import = 3

========================================================================
Received Import Request.
  Time since last request: 0.000018 seconds.
  path: Assets/Asset/Map/TileMap/Wall Tile/Sand_ground_835.asset
  artifactKey: Guid(465aa3dbccdea6c419a131aabf764ab1) Importer(815301076,1909f56bfc062723c751e8b465ee728b)
Start importing Assets/Asset/Map/TileMap/Wall Tile/Sand_ground_835.asset using Guid(465aa3dbccdea6c419a131aabf764ab1) Importer(815301076,1909f56bfc062723c751e8b465ee728b) (PreviewImporter) -> (artifact id: 'aa57655d6de3156bb9dcaaccb758c4ff') in 0.0126682 seconds
Number of updated asset objects reloaded before import = 0Number of asset objects unloaded after import = 3

========================================================================
Received Import Request.
  Time since last request: 0.000049 seconds.
  path: Assets/Asset/Map/TileMap/Wall Tile/Sand_ground_788.asset
  artifactKey: Guid(37565d41d259b9d479e47ea5c8334a71) Importer(815301076,1909f56bfc062723c751e8b465ee728b)
Start importing Assets/Asset/Map/TileMap/Wall Tile/Sand_ground_788.asset using Guid(37565d41d259b9d479e47ea5c8334a71) Importer(815301076,1909f56bfc062723c751e8b465ee728b) (PreviewImporter) -> (artifact id: 'ba54cd25bfb88f941f19c334dad765cb') in 0.0059556 seconds
Number of updated asset objects reloaded before import = 0Number of asset objects unloaded after import = 3

========================================================================
Received Import Request.
  Time since last request: 0.000027 seconds.
  path: Assets/Asset/Map/TileMap/Wall Tile/Sand_ground_813.asset
  artifactKey: Guid(2e608b48a5d93df448c9a638398a3709) Importer(815301076,1909f56bfc062723c751e8b465ee728b)
Start importing Assets/Asset/Map/TileMap/Wall Tile/Sand_ground_813.asset using Guid(2e608b48a5d93df448c9a638398a3709) Importer(815301076,1909f56bfc062723c751e8b465ee728b) (PreviewImporter) -> (artifact id: '3b0c03b4e62cb8212a78f177ccfb0b05') in 0.0116511 seconds
Number of updated asset objects reloaded before import = 0Number of asset objects unloaded after import = 3

========================================================================
Received Import Request.
  Time since last request: 0.000021 seconds.
  path: Assets/Asset/Map/TileMap/Wall Tile/Sand_ground_612.asset
  artifactKey: Guid(5e920a659b47afc49b31a02f489eb95c) Importer(815301076,1909f56bfc062723c751e8b465ee728b)
Start importing Assets/Asset/Map/TileMap/Wall Tile/Sand_ground_612.asset using Guid(5e920a659b47afc49b31a02f489eb95c) Importer(815301076,1909f56bfc062723c751e8b465ee728b) (PreviewImporter) -> (artifact id: '6d3d6237d17fbc900b7463102a98408b') in 0.0115198 seconds
Number of updated asset objects reloaded before import = 0Number of asset objects unloaded after import = 3

Editor requested this worker to shutdown with reason: Scaling down because of idle timeout
AssetImportWorker is now disconnected from the server
Process exiting
Exiting without the bug reporter. Application will terminate with return code 0