[Licensing::Module] Trying to connect to existing licensing client channel...
[Licensing::IpcConnector] Successfully connected to: "LicenseClient-신명근" at "2025-12-17T20:40:50.9805205Z"
Built from '6000.3/respin/6000.3.1f1-f56f53296c2c' branch; Version is '6000.3.1f1 (37142da19a94) revision 3609645'; Using compiler version '194234433'; Build Type 'Release'
OS: 'Windows 11  (10.0.26100) 64bit Core' Language: 'ko' Physical Memory: 32491 MB
BatchMode: 1, IsHumanControllingUs: 0, StartBugReporterOnCrash: 0, Is64bit: 1
Date: 2025-12-17T20:40:50Z

COMMAND LINE ARGUMENTS:
C:\Unity Editor\6000.3.1f1\Editor\Unity.exe
-adb2
-batchMode
-noUpm
-name
AssetImportWorker59
-projectPath
C:/Unity Project/GamZem
-logFile
Logs/AssetImportWorker59.log
-srvPort
58655
-licensingIpc
LicenseClient-신명근
-job-worker-count
15
-background-job-worker-count
8
-gc-helper-count
1
-name
AssetImport
Successfully changed project path to: C:/Unity Project/GamZem
C:/Unity Project/GamZem
[UnityMemory] Configuration Parameters - Can be set up in boot.config
    "memorysetup-temp-allocator-size-nav-mesh-worker=65536"
    "memorysetup-temp-allocator-size-audio-worker=65536"
    "memorysetup-temp-allocator-size-gfx=262144"
    "memorysetup-allocator-temp-initial-block-size-main=262144"
    "memorysetup-allocator-temp-initial-block-size-worker=262144"
    "memorysetup-temp-allocator-size-background-worker=32768"
    "memorysetup-temp-allocator-size-job-worker=262144"
    "memorysetup-temp-allocator-size-preload-manager=33554432"
    "memorysetup-temp-allocator-size-gi-baking-worker=262144"
    "memorysetup-temp-allocator-size-gi-baking-worker=262144"
    "memorysetup-temp-allocator-size-gi-baking-worker=262144"
    "memorysetup-temp-allocator-size-gi-baking-worker=262144"
    "memorysetup-temp-allocator-size-gi-baking-worker=262144"
    "memorysetup-bucket-allocator-granularity=16"
    "memorysetup-bucket-allocator-bucket-count=8"
    "memorysetup-bucket-allocator-block-size=33554432"
    "memorysetup-bucket-allocator-block-count=8"
    "memorysetup-main-allocator-block-size=16777216"
    "memorysetup-thread-allocator-block-size=16777216"
    "memorysetup-gfx-main-allocator-block-size=16777216"
    "memorysetup-gfx-thread-allocator-block-size=16777216"
    "memorysetup-cache-allocator-block-size=4194304"
    "memorysetup-typetree-allocator-block-size=2097152"
    "memorysetup-profiler-bucket-allocator-granularity=16"
    "memorysetup-profiler-bucket-allocator-bucket-count=8"
    "memorysetup-profiler-bucket-allocator-block-size=33554432"
    "memorysetup-profiler-bucket-allocator-block-count=8"
    "memorysetup-profiler-allocator-block-size=16777216"
    "memorysetup-profiler-editor-allocator-block-size=1048576"
    "memorysetup-temp-allocator-size-main=16777216"
    "memorysetup-job-temp-allocator-block-size=2097152"
    "memorysetup-job-temp-allocator-block-size-background=1048576"
    "memorysetup-job-temp-allocator-reduction-small-platforms=262144"
    "memorysetup-temp-allocator-size-cloud-worker=32768"
Player connection [38860]  Target information:

Player connection [38860]  * "[IP] 172.17.105.77 [Port] 0 [Flags] 2 [Guid] 3654742408 [EditorId] 3654742408 [Version] 1048832 [Id] WindowsEditor(7,TTingGS) [Debug] 1 [PackageName] WindowsEditor [ProjectName] Editor" 

Player connection [38860]  * "[IP] 192.168.137.1 [Port] 0 [Flags] 2 [Guid] 3654742408 [EditorId] 3654742408 [Version] 1048832 [Id] WindowsEditor(7,TTingGS) [Debug] 1 [PackageName] WindowsEditor [ProjectName] Editor" 

Player connection [38860] Host joined multi-casting on [225.0.0.222:54997]...
Player connection [38860] Host joined alternative multi-casting on [225.0.0.222:34997]...
JobSystem: Creating JobQueue using job-worker-count value 15
Input System module state changed to: Initialized.
[Physics::Module] Initialized fallback backend.
[Physics::Module] Id: 0xdecafbad
Library Redirect Path: Library/
[Physics::Module] Selected backend.
[Physics::Module] Name: PhysX
[Physics::Module] Id: 0xf2b8ea05
[Physics::Module] SDK Version: 4.1.2
[Physics::Module] Integration Version: 1.0.0
[Physics::Module] Threading Mode: Multi-Threaded
Refreshing native plugins compatible for Editor in 4.69 ms, found 4 plugins.
Preloading 0 native plugins for Editor in 0.00 ms.
Initialize engine version: 6000.3.1f1 (37142da19a94)
[Subsystems] Discovering subsystems at path C:/Unity Editor/6000.3.1f1/Editor/Data/Resources/UnitySubsystems
[Subsystems] Discovering subsystems at path C:/Unity Project/GamZem/Assets
GfxDevice: creating device client; kGfxThreadingModeNonThreaded
Direct3D:
    Version:  Direct3D 11.0 [level 11.1]
    Renderer: NVIDIA GeForce RTX 4070 Laptop GPU (ID=0x2860)
    Vendor:   NVIDIA
    VRAM:     7948 MB
    Driver:   32.0.15.6094
Initialize mono
Mono path[0] = 'C:/Unity Editor/6000.3.1f1/Editor/Data/Managed'
Mono path[1] = 'C:/Unity Editor/6000.3.1f1/Editor/Data/MonoBleedingEdge/lib/mono/unityjit-win32'
Mono config path = 'C:/Unity Editor/6000.3.1f1/Editor/Data/MonoBleedingEdge/etc'
Using monoOptions --debugger-agent=transport=dt_socket,embedding=1,server=y,suspend=n,address=127.0.0.1:56860
Begin MonoManager ReloadAssembly
[Licensing::Client] Error: HandshakeResponse reported an error:
	ResponseCode: 505
	ResponseStatus: Unsupported protocol version '1.17.4'.
[Licensing::Module] Error: Failed to handshake to channel: "LicenseClient-신명근"
[Licensing::IpcConnector] LicenseClient-신명근 channel disconnected successfully.
[Licensing::IpcConnector] Successfully connected to: "LicenseClient-신명근-6000.3.1" at "2025-12-17T20:40:52.3877391Z"
Registering precompiled unity dll's ...
Register platform support module: C:/Unity Editor/6000.3.1f1/Editor/Data/PlaybackEngines/WindowsStandaloneSupport/UnityEditor.WindowsStandalone.Extensions.dll
[Licensing::Module] Licensing is not yet initialized.
[Licensing::Client] Handshaking with LicensingClient:
  Version:                 1.17.4+4293ba1
  Session Id:              21507edd84604545bab36f01fd155e6b
  Correlation Id:          59de42ca91f0245af30488d335f8a9f5
  External correlation Id: 2108843147879698945
  Machine Id:              0M/ABMMGBGM+hP/9vJJ0T88awfw=
[Licensing::Module] Successfully connected to LicensingClient on channel: "LicenseClient-신명근-6000.3.1" (connect: 0.00s, validation: 0.00s, handshake: 0.81s)
[Licensing::IpcConnector] Successfully connected to: "LicenseClient-신명근-6000.3.1-notifications" at "2025-12-17T20:40:53.2002121Z"
[Licensing::Module] Licensing Background thread has ended after 2.22s
[Licensing::Module] Licensing is initialized (took 0.81s).
[Licensing::Client] Successfully resolved entitlement details
[Licensing::Module] License group:
  Id: 14569682563822-gwichana-UnityProStuXXXX
  Product: Unity Student
  Type: Assigned
  Expiration: 2026-10-04T14:32:33Z
Register platform support module: C:/Unity Editor/6000.3.1f1/Editor/Data/PlaybackEngines/AndroidPlayer/UnityEditor.Android.Extensions.dll
Registered in 0.815242 seconds.
- Loaded All Assemblies, in  1.184 seconds
Native extension for Android target not found
Android Extension - Scanning For ADB Devices 643 ms
Native extension for WindowsStandalone target not found
Mono: successfully reloaded assembly
- Finished resetting the current domain, in  1.073 seconds
Domain Reload Profiling: 2254ms
	BeginReloadAssembly (94ms)
		ExecutionOrderSort (0ms)
		DisableScriptedObjects (0ms)
		BackupInstance (0ms)
		ReleaseScriptingObjects (0ms)
		CreateAndSetChildDomain (1ms)
	RebuildCommonClasses (42ms)
	RebuildNativeTypeToScriptingClass (13ms)
	initialDomainReloadingComplete (858ms)
	LoadAllAssembliesAndSetupDomain (173ms)
		LoadAssemblies (89ms)
		RebuildTransferFunctionScriptingTraits (0ms)
		AnalyzeDomain (170ms)
			TypeCache.Refresh (168ms)
				TypeCache.ScanAssembly (153ms)
			BuildScriptInfoCaches (0ms)
			ResolveRequiredComponents (1ms)
	FinalizeReload (1074ms)
		ReleaseScriptCaches (0ms)
		RebuildScriptCaches (0ms)
		SetupLoadedEditorAssemblies (1025ms)
			LogAssemblyErrors (0ms)
			InitializePlatformSupportModulesInManaged (728ms)
			SetLoadedEditorAssemblies (4ms)
			BeforeProcessingInitializeOnLoad (73ms)
			ProcessInitializeOnLoadAttributes (145ms)
			ProcessInitializeOnLoadMethodAttributes (75ms)
			AfterProcessingInitializeOnLoad (0ms)
			EditorAssembliesLoaded (0ms)
		ExecutionOrderSort2 (0ms)
		AwakeInstancesAfterBackupRestoration (0ms)
Assembly reference Packages/com.unity.cinemachine/Editor/Samples/ExposeHDRPInternals/HDRP-Editor-ref.asmref has no target assembly definition
========================================================================
Worker process is ready to serve import requests
Import Worker Mode flag is 0x00
Assembly reference Packages/com.unity.cinemachine/Editor/Samples/ExposeHDRPInternals/HDRP-Editor-ref.asmref has no target assembly definition
Assembly reference Packages/com.unity.cinemachine/Editor/Samples/ExposeHDRPInternals/HDRP-Editor-ref.asmref has no target assembly definition
Begin MonoManager ReloadAssembly
[Licensing::Client] Successfully resolved entitlement details
- Loaded All Assemblies, in  0.801 seconds
Assembly reference Packages/com.unity.cinemachine/Editor/Samples/ExposeHDRPInternals/HDRP-Editor-ref.asmref has no target assembly definition
'Packages/com.unity.cinemachine/Editor/Obsolete/CinemachineVirtualCameraBaseEditor.cs' contains partial class of Unity.Object, exactly 1 of the partial classes needs to be in a file with the same filename. This is to know the one that can be referenced from ie. GameObjects
'Packages/com.unity.cinemachine/Editor/Editors/CinemachineVirtualCameraBaseEditor.cs' contains partial class of Unity.Object, exactly 1 of the partial classes needs to be in a file with the same filename. This is to know the one that can be referenced from ie. GameObjects
Refreshing native plugins compatible for Editor in 1.23 ms, found 4 plugins.
Native extension for Android target not found
Native extension for WindowsStandalone target not found
Assembly reference Packages/com.unity.cinemachine/Editor/Samples/ExposeHDRPInternals/HDRP-Editor-ref.asmref has no target assembly definition
Package Manager log level set to [2]
[Package Manager] Failed to launch server process. Reason: Unity was launched with the -noUpm command-line argument
[Package Manager] Unable to send message (not connected to server process).
[Package Manager] Cannot connect to Unity Package Manager local server
[Package Manager] Failed to launch server process. Reason: Unity was launched with the -noUpm command-line argument
[Package Manager] Unable to send message (not connected to server process).
[Package Manager] Cannot connect to Unity Package Manager local server
Mono: successfully reloaded assembly
- Finished resetting the current domain, in  0.780 seconds
Domain Reload Profiling: 1575ms
	BeginReloadAssembly (150ms)
		ExecutionOrderSort (0ms)
		DisableScriptedObjects (5ms)
		BackupInstance (0ms)
		ReleaseScriptingObjects (0ms)
		CreateAndSetChildDomain (30ms)
	RebuildCommonClasses (36ms)
	RebuildNativeTypeToScriptingClass (12ms)
	initialDomainReloadingComplete (38ms)
	LoadAllAssembliesAndSetupDomain (558ms)
		LoadAssemblies (354ms)
		RebuildTransferFunctionScriptingTraits (0ms)
		AnalyzeDomain (277ms)
			TypeCache.Refresh (219ms)
				TypeCache.ScanAssembly (203ms)
			BuildScriptInfoCaches (46ms)
			ResolveRequiredComponents (8ms)
	FinalizeReload (780ms)
		ReleaseScriptCaches (0ms)
		RebuildScriptCaches (0ms)
		SetupLoadedEditorAssemblies (638ms)
			LogAssemblyErrors (0ms)
			InitializePlatformSupportModulesInManaged (8ms)
			SetLoadedEditorAssemblies (5ms)
			BeforeProcessingInitializeOnLoad (136ms)
			ProcessInitializeOnLoadAttributes (342ms)
			ProcessInitializeOnLoadMethodAttributes (137ms)
			AfterProcessingInitializeOnLoad (10ms)
			EditorAssembliesLoaded (0ms)
		ExecutionOrderSort2 (0ms)
		AwakeInstancesAfterBackupRestoration (8ms)
Launched and connected shader compiler UnityShaderCompiler.exe after 0.06 seconds
Refreshing native plugins compatible for Editor in 2.97 ms, found 4 plugins.
Preloading 0 native plugins for Editor in 0.00 ms.
Unloading 17 Unused Serialized files (Serialized files now loaded: 0)
Unloading 7264 unused Assets / (4.8 MB). Loaded Objects now: 8084.
Memory consumption went from 171.2 MB to 166.4 MB.
Total: 14.436600 ms (FindLiveObjects: 0.775300 ms CreateObjectMapping: 1.071200 ms MarkObjects: 9.382100 ms  DeleteObjects: 3.206100 ms)

========================================================================
Received Import Request.
  Time since last request: 411380.305884 seconds.
  path: Assets/Asset/Pixel Item/Singles/61_XMark.png
  artifactKey: Guid(faf9d2d6046d71a4cbe53cab28692f2a) Importer(815301076,1909f56bfc062723c751e8b465ee728b)
Start importing Assets/Asset/Pixel Item/Singles/61_XMark.png using Guid(faf9d2d6046d71a4cbe53cab28692f2a) Importer(815301076,1909f56bfc062723c751e8b465ee728b) (PreviewImporter) -> (artifact id: 'f3fa2dd23986a8de8f335086eff41745') in 0.1434738 seconds
Number of updated asset objects reloaded before import = 0Number of asset objects unloaded after import = 3

========================================================================
Received Import Request.
  Time since last request: 0.000037 seconds.
  path: Assets/Asset/Pixel Item/Singles/70_Dead.png
  artifactKey: Guid(902ce794d75d77b439cbca0840ffbeda) Importer(815301076,1909f56bfc062723c751e8b465ee728b)
Start importing Assets/Asset/Pixel Item/Singles/70_Dead.png using Guid(902ce794d75d77b439cbca0840ffbeda) Importer(815301076,1909f56bfc062723c751e8b465ee728b) (PreviewImporter) -> (artifact id: 'ab5d0b5a6944ca1f36a5b3ea32da8d61') in 0.0234363 seconds
Number of updated asset objects reloaded before import = 0Number of asset objects unloaded after import = 3

========================================================================
Received Import Request.
  Time since last request: 0.000029 seconds.
  path: Assets/Asset/Pixel Item/Singles/66_Laidback.png
  artifactKey: Guid(d7a564cf40224f547b5d785a5248fb07) Importer(815301076,1909f56bfc062723c751e8b465ee728b)
Start importing Assets/Asset/Pixel Item/Singles/66_Laidback.png using Guid(d7a564cf40224f547b5d785a5248fb07) Importer(815301076,1909f56bfc062723c751e8b465ee728b) (PreviewImporter) -> (artifact id: '8936ae51f781c139b637fe89d0c0550e') in 0.0110082 seconds
Number of updated asset objects reloaded before import = 0Number of asset objects unloaded after import = 3

========================================================================
Received Import Request.
  Time since last request: 0.000029 seconds.
  path: Assets/Asset/Pixel Item/Singles/93_Present.png
  artifactKey: Guid(35783ade2472639419b663aa7a2741c2) Importer(815301076,1909f56bfc062723c751e8b465ee728b)
Start importing Assets/Asset/Pixel Item/Singles/93_Present.png using Guid(35783ade2472639419b663aa7a2741c2) Importer(815301076,1909f56bfc062723c751e8b465ee728b) (PreviewImporter) -> (artifact id: '51d9fd597a0113275b85d54cac0136e9') in 0.0110738 seconds
Number of updated asset objects reloaded before import = 0Number of asset objects unloaded after import = 3

========================================================================
Received Import Request.
  Time since last request: 0.000017 seconds.
  path: Assets/Asset/Pixel Item/Singles/117_MusicNote.png
  artifactKey: Guid(09f335ae913997746b420119f5d48b65) Importer(815301076,1909f56bfc062723c751e8b465ee728b)
Start importing Assets/Asset/Pixel Item/Singles/117_MusicNote.png using Guid(09f335ae913997746b420119f5d48b65) Importer(815301076,1909f56bfc062723c751e8b465ee728b) (PreviewImporter) -> (artifact id: 'ac334df55e0568d1b889030a5231a547') in 0.0157562 seconds
Number of updated asset objects reloaded before import = 0Number of asset objects unloaded after import = 3

========================================================================
Received Import Request.
  Time since last request: 0.000019 seconds.
  path: Assets/Asset/Pixel Item/Singles/115_MusicNote.png
  artifactKey: Guid(d64aca169d3d9a64d91c0b9f6c698043) Importer(815301076,1909f56bfc062723c751e8b465ee728b)
Start importing Assets/Asset/Pixel Item/Singles/115_MusicNote.png using Guid(d64aca169d3d9a64d91c0b9f6c698043) Importer(815301076,1909f56bfc062723c751e8b465ee728b) (PreviewImporter) -> (artifact id: '68ffe5ab3006a14a725dadf5fdc9ea45') in 0.0117043 seconds
Number of updated asset objects reloaded before import = 0Number of asset objects unloaded after import = 3

========================================================================
Received Import Request.
  Time since last request: 0.000023 seconds.
  path: Assets/Asset/Pixel Item/Singles/50_Skull.png
  artifactKey: Guid(b3788a74e4ef35f43a1c14347ad7538f) Importer(815301076,1909f56bfc062723c751e8b465ee728b)
Start importing Assets/Asset/Pixel Item/Singles/50_Skull.png using Guid(b3788a74e4ef35f43a1c14347ad7538f) Importer(815301076,1909f56bfc062723c751e8b465ee728b) (PreviewImporter) -> (artifact id: '28908a7fd5e59f06c3d95749a1896d5d') in 0.0206916 seconds
Number of updated asset objects reloaded before import = 0Number of asset objects unloaded after import = 3

========================================================================
Received Import Request.
  Time since last request: 0.000034 seconds.
  path: Assets/Asset/Pixel Item/Singles/63_Annoyed.png
  artifactKey: Guid(1d54e23b6cea94749af06333a945706d) Importer(815301076,1909f56bfc062723c751e8b465ee728b)
Start importing Assets/Asset/Pixel Item/Singles/63_Annoyed.png using Guid(1d54e23b6cea94749af06333a945706d) Importer(815301076,1909f56bfc062723c751e8b465ee728b) (PreviewImporter) -> (artifact id: 'ef521fb3c0cddfa9288c47e3522ccae7') in 0.0133703 seconds
Number of updated asset objects reloaded before import = 0Number of asset objects unloaded after import = 3

========================================================================
Received Import Request.
  Time since last request: 0.000021 seconds.
  path: Assets/Asset/Pixel Item/Singles/75_Hearts.png
  artifactKey: Guid(d155e111cd0b6a94b89e28fca3af16aa) Importer(815301076,1909f56bfc062723c751e8b465ee728b)
Start importing Assets/Asset/Pixel Item/Singles/75_Hearts.png using Guid(d155e111cd0b6a94b89e28fca3af16aa) Importer(815301076,1909f56bfc062723c751e8b465ee728b) (PreviewImporter) -> (artifact id: '465a9a151e88dd346fb1dca2b6ce9bf9') in 0.0205742 seconds
Number of updated asset objects reloaded before import = 0Number of asset objects unloaded after import = 3

========================================================================
Received Import Request.
  Time since last request: 0.000040 seconds.
  path: Assets/Asset/Pixel Item/Singles/57_QuestionMark.png
  artifactKey: Guid(a7f866ce458ce4a4b91d803bd3f23cd7) Importer(815301076,1909f56bfc062723c751e8b465ee728b)
Start importing Assets/Asset/Pixel Item/Singles/57_QuestionMark.png using Guid(a7f866ce458ce4a4b91d803bd3f23cd7) Importer(815301076,1909f56bfc062723c751e8b465ee728b) (PreviewImporter) -> (artifact id: 'f15e50437d706be9eb945bd96131029f') in 0.0256671 seconds
Number of updated asset objects reloaded before import = 0Number of asset objects unloaded after import = 3

========================================================================
Received Import Request.
  Time since last request: 0.000020 seconds.
  path: Assets/Asset/Pixel Item/Singles/90_Shield.png
  artifactKey: Guid(d583b3fc96ceff34380309cda20639b1) Importer(815301076,1909f56bfc062723c751e8b465ee728b)
Start importing Assets/Asset/Pixel Item/Singles/90_Shield.png using Guid(d583b3fc96ceff34380309cda20639b1) Importer(815301076,1909f56bfc062723c751e8b465ee728b) (PreviewImporter) -> (artifact id: '16fba3ff3fb942656ceb26276684b399') in 0.0250489 seconds
Number of updated asset objects reloaded before import = 0Number of asset objects unloaded after import = 3

========================================================================
Received Import Request.
  Time since last request: 0.000032 seconds.
  path: Assets/Asset/Pixel Item/Singles/46_ExclamationMark.png
  artifactKey: Guid(445713b08445fd0418a3fa29cf411a02) Importer(815301076,1909f56bfc062723c751e8b465ee728b)
Start importing Assets/Asset/Pixel Item/Singles/46_ExclamationMark.png using Guid(445713b08445fd0418a3fa29cf411a02) Importer(815301076,1909f56bfc062723c751e8b465ee728b) (PreviewImporter) -> (artifact id: 'f60644c9782552402553626f701dd9b6') in 0.0261741 seconds
Number of updated asset objects reloaded before import = 0Number of asset objects unloaded after import = 3

