[Licensing::Module] Trying to connect to existing licensing client channel...
Built from '6000.3/respin/6000.3.1f1-f56f53296c2c' branch; Version is '6000.3.1f1 (37142da19a94) revision 3609645'; Using compiler version '194234433'; Build Type 'Release'
[Licensing::IpcConnector] Successfully connected to: "LicenseClient-신명근" at "2025-12-17T08:57:50.7155256Z"
OS: 'Windows 11  (10.0.26100) 64bit Core' Language: 'ko' Physical Memory: 32491 MB
BatchMode: 1, IsHumanControllingUs: 0, StartBugReporterOnCrash: 0, Is64bit: 1
Date: 2025-12-17T08:57:50Z

COMMAND LINE ARGUMENTS:
C:\Unity Editor\6000.3.1f1\Editor\Unity.exe
-adb2
-batchMode
-noUpm
-name
AssetImportWorker12
-projectPath
C:/Unity Project/GamZem
-logFile
Logs/AssetImportWorker12.log
-srvPort
61047
-licensingIpc
LicenseClient-신명근
-job-worker-count
15
-background-job-worker-count
8
-gc-helper-count
1
-name
AssetImport
Successfully changed project path to: C:/Unity Project/GamZem
C:/Unity Project/GamZem
[UnityMemory] Configuration Parameters - Can be set up in boot.config
    "memorysetup-temp-allocator-size-nav-mesh-worker=65536"
    "memorysetup-temp-allocator-size-audio-worker=65536"
    "memorysetup-temp-allocator-size-gfx=262144"
    "memorysetup-allocator-temp-initial-block-size-main=262144"
    "memorysetup-allocator-temp-initial-block-size-worker=262144"
    "memorysetup-temp-allocator-size-background-worker=32768"
    "memorysetup-temp-allocator-size-job-worker=262144"
    "memorysetup-temp-allocator-size-preload-manager=33554432"
    "memorysetup-temp-allocator-size-gi-baking-worker=262144"
    "memorysetup-temp-allocator-size-gi-baking-worker=262144"
    "memorysetup-temp-allocator-size-gi-baking-worker=262144"
    "memorysetup-temp-allocator-size-gi-baking-worker=262144"
    "memorysetup-temp-allocator-size-gi-baking-worker=262144"
    "memorysetup-bucket-allocator-granularity=16"
    "memorysetup-bucket-allocator-bucket-count=8"
    "memorysetup-bucket-allocator-block-size=33554432"
    "memorysetup-bucket-allocator-block-count=8"
    "memorysetup-main-allocator-block-size=16777216"
    "memorysetup-thread-allocator-block-size=16777216"
    "memorysetup-gfx-main-allocator-block-size=16777216"
    "memorysetup-gfx-thread-allocator-block-size=16777216"
    "memorysetup-cache-allocator-block-size=4194304"
    "memorysetup-typetree-allocator-block-size=2097152"
    "memorysetup-profiler-bucket-allocator-granularity=16"
    "memorysetup-profiler-bucket-allocator-bucket-count=8"
    "memorysetup-profiler-bucket-allocator-block-size=33554432"
    "memorysetup-profiler-bucket-allocator-block-count=8"
    "memorysetup-profiler-allocator-block-size=16777216"
    "memorysetup-profiler-editor-allocator-block-size=1048576"
    "memorysetup-temp-allocator-size-main=16777216"
    "memorysetup-job-temp-allocator-block-size=2097152"
    "memorysetup-job-temp-allocator-block-size-background=1048576"
    "memorysetup-job-temp-allocator-reduction-small-platforms=262144"
    "memorysetup-temp-allocator-size-cloud-worker=32768"
Player connection [27788]  Target information:

Player connection [27788]  * "[IP] 172.17.105.77 [Port] 0 [Flags] 2 [Guid] 571024173 [EditorId] 571024173 [Version] 1048832 [Id] WindowsEditor(7,TTingGS) [Debug] 1 [PackageName] WindowsEditor [ProjectName] Editor" 

Player connection [27788] Host joined multi-casting on [225.0.0.222:54997]...
Player connection [27788] Host joined alternative multi-casting on [225.0.0.222:34997]...
JobSystem: Creating JobQueue using job-worker-count value 15
Input System module state changed to: Initialized.
[Physics::Module] Initialized fallback backend.
[Physics::Module] Id: 0xdecafbad
Library Redirect Path: Library/
[Physics::Module] Selected backend.
[Physics::Module] Name: PhysX
[Physics::Module] Id: 0xf2b8ea05
[Physics::Module] SDK Version: 4.1.2
[Physics::Module] Integration Version: 1.0.0
[Physics::Module] Threading Mode: Multi-Threaded
Refreshing native plugins compatible for Editor in 2.71 ms, found 4 plugins.
Preloading 0 native plugins for Editor in 0.00 ms.
Initialize engine version: 6000.3.1f1 (37142da19a94)
[Subsystems] Discovering subsystems at path C:/Unity Editor/6000.3.1f1/Editor/Data/Resources/UnitySubsystems
[Subsystems] Discovering subsystems at path C:/Unity Project/GamZem/Assets
GfxDevice: creating device client; kGfxThreadingModeNonThreaded
Direct3D:
    Version:  Direct3D 11.0 [level 11.1]
    Renderer: NVIDIA GeForce RTX 4070 Laptop GPU (ID=0x2860)
    Vendor:   NVIDIA
    VRAM:     7948 MB
    Driver:   32.0.15.6094
Initialize mono
Mono path[0] = 'C:/Unity Editor/6000.3.1f1/Editor/Data/Managed'
Mono path[1] = 'C:/Unity Editor/6000.3.1f1/Editor/Data/MonoBleedingEdge/lib/mono/unityjit-win32'
Mono config path = 'C:/Unity Editor/6000.3.1f1/Editor/Data/MonoBleedingEdge/etc'
Using monoOptions --debugger-agent=transport=dt_socket,embedding=1,server=y,suspend=n,address=127.0.0.1:56728
Begin MonoManager ReloadAssembly
Registering precompiled unity dll's ...
Register platform support module: C:/Unity Editor/6000.3.1f1/Editor/Data/PlaybackEngines/WindowsStandaloneSupport/UnityEditor.WindowsStandalone.Extensions.dll
[Licensing::Module] Licensing is not yet initialized.
[Licensing::Client] Error: HandshakeResponse reported an error:
	ResponseCode: 505
	ResponseStatus: Unsupported protocol version '1.17.4'.
[Licensing::Module] Error: Failed to handshake to channel: "LicenseClient-신명근"
[Licensing::IpcConnector] LicenseClient-신명근 channel disconnected successfully.
[Licensing::IpcConnector] Successfully connected to: "LicenseClient-신명근-6000.3.1" at "2025-12-17T08:57:52.0799727Z"
[Licensing::Client] Handshaking with LicensingClient:
  Version:                 1.17.4+4293ba1
  Session Id:              1000a38931574bf796b2082a84d89e73
  Correlation Id:          fb7c93f9e49ea444670d73d30ba71317
  External correlation Id: 8207298183532529790
  Machine Id:              0M/ABMMGBGM+hP/9vJJ0T88awfw=
[Licensing::Module] Successfully connected to LicensingClient on channel: "LicenseClient-신명근-6000.3.1" (connect: 0.00s, validation: 0.00s, handshake: 0.81s)
[Licensing::IpcConnector] Successfully connected to: "LicenseClient-신명근-6000.3.1-notifications" at "2025-12-17T08:57:52.8912775Z"
[Licensing::Module] Licensing Background thread has ended after 2.18s
[Licensing::Module] Licensing is initialized (took 1.04s).
[Licensing::Client] Successfully resolved entitlement details
[Licensing::Module] License group:
  Id: 14569682563822-gwichana-UnityProStuXXXX
  Product: Unity Student
  Type: Assigned
  Expiration: 2026-10-04T14:32:33Z
Register platform support module: C:/Unity Editor/6000.3.1f1/Editor/Data/PlaybackEngines/AndroidPlayer/UnityEditor.Android.Extensions.dll
Registered in 1.046316 seconds.
- Loaded All Assemblies, in  1.484 seconds
Native extension for Android target not found
Android Extension - Scanning For ADB Devices 595 ms
Native extension for WindowsStandalone target not found
Mono: successfully reloaded assembly
- Finished resetting the current domain, in  1.053 seconds
Domain Reload Profiling: 2535ms
	BeginReloadAssembly (167ms)
		ExecutionOrderSort (0ms)
		DisableScriptedObjects (0ms)
		BackupInstance (0ms)
		ReleaseScriptingObjects (0ms)
		CreateAndSetChildDomain (1ms)
	RebuildCommonClasses (41ms)
	RebuildNativeTypeToScriptingClass (14ms)
	initialDomainReloadingComplete (1090ms)
	LoadAllAssembliesAndSetupDomain (169ms)
		LoadAssemblies (161ms)
		RebuildTransferFunctionScriptingTraits (0ms)
		AnalyzeDomain (166ms)
			TypeCache.Refresh (162ms)
				TypeCache.ScanAssembly (149ms)
			BuildScriptInfoCaches (0ms)
			ResolveRequiredComponents (1ms)
	FinalizeReload (1054ms)
		ReleaseScriptCaches (0ms)
		RebuildScriptCaches (0ms)
		SetupLoadedEditorAssemblies (1005ms)
			LogAssemblyErrors (0ms)
			InitializePlatformSupportModulesInManaged (682ms)
			SetLoadedEditorAssemblies (4ms)
			BeforeProcessingInitializeOnLoad (106ms)
			ProcessInitializeOnLoadAttributes (143ms)
			ProcessInitializeOnLoadMethodAttributes (69ms)
			AfterProcessingInitializeOnLoad (0ms)
			EditorAssembliesLoaded (0ms)
		ExecutionOrderSort2 (0ms)
		AwakeInstancesAfterBackupRestoration (0ms)
========================================================================
Worker process is ready to serve import requests
Import Worker Mode flag is 0x00
Begin MonoManager ReloadAssembly
[Licensing::Client] Successfully resolved entitlement details
- Loaded All Assemblies, in  0.722 seconds
Refreshing native plugins compatible for Editor in 1.25 ms, found 4 plugins.
Native extension for Android target not found
Native extension for WindowsStandalone target not found
Package Manager log level set to [2]
[Package Manager] Failed to launch server process. Reason: Unity was launched with the -noUpm command-line argument
[Package Manager] Unable to send message (not connected to server process).
[Package Manager] Cannot connect to Unity Package Manager local server
Mono: successfully reloaded assembly
- Finished resetting the current domain, in  0.722 seconds
Domain Reload Profiling: 1437ms
	BeginReloadAssembly (136ms)
		ExecutionOrderSort (0ms)
		DisableScriptedObjects (5ms)
		BackupInstance (0ms)
		ReleaseScriptingObjects (0ms)
		CreateAndSetChildDomain (27ms)
	RebuildCommonClasses (34ms)
	RebuildNativeTypeToScriptingClass (12ms)
	initialDomainReloadingComplete (39ms)
	LoadAllAssembliesAndSetupDomain (494ms)
		LoadAssemblies (330ms)
		RebuildTransferFunctionScriptingTraits (0ms)
		AnalyzeDomain (228ms)
			TypeCache.Refresh (169ms)
				TypeCache.ScanAssembly (154ms)
			BuildScriptInfoCaches (47ms)
			ResolveRequiredComponents (8ms)
	FinalizeReload (722ms)
		ReleaseScriptCaches (0ms)
		RebuildScriptCaches (0ms)
		SetupLoadedEditorAssemblies (584ms)
			LogAssemblyErrors (0ms)
			InitializePlatformSupportModulesInManaged (9ms)
			SetLoadedEditorAssemblies (4ms)
			BeforeProcessingInitializeOnLoad (146ms)
			ProcessInitializeOnLoadAttributes (322ms)
			ProcessInitializeOnLoadMethodAttributes (99ms)
			AfterProcessingInitializeOnLoad (5ms)
			EditorAssembliesLoaded (0ms)
		ExecutionOrderSort2 (0ms)
		AwakeInstancesAfterBackupRestoration (5ms)
Launched and connected shader compiler UnityShaderCompiler.exe after 0.08 seconds
Refreshing native plugins compatible for Editor in 2.85 ms, found 4 plugins.
Preloading 0 native plugins for Editor in 0.00 ms.
Unloading 16 Unused Serialized files (Serialized files now loaded: 0)
Unloading 6871 unused Assets / (4.2 MB). Loaded Objects now: 7690.
Memory consumption went from 165.8 MB to 161.6 MB.
Total: 13.967900 ms (FindLiveObjects: 0.804100 ms CreateObjectMapping: 0.624000 ms MarkObjects: 9.485500 ms  DeleteObjects: 3.052700 ms)

========================================================================
Received Import Request.
  Time since last request: 369216.355803 seconds.
  path: Assets/Asset/Map/TileMap/Wall Tile/Sand_ground_656.asset
  artifactKey: Guid(cb8a8505443f86f4caad93777ca9cd4c) Importer(815301076,1909f56bfc062723c751e8b465ee728b)
Start importing Assets/Asset/Map/TileMap/Wall Tile/Sand_ground_656.asset using Guid(cb8a8505443f86f4caad93777ca9cd4c) Importer(815301076,1909f56bfc062723c751e8b465ee728b) (PreviewImporter) -> (artifact id: '82a5590d1c076fb216f2b165f0428328') in 0.0903089 seconds
Number of updated asset objects reloaded before import = 0Number of asset objects unloaded after import = 3

========================================================================
Received Import Request.
  Time since last request: 0.000028 seconds.
  path: Assets/Asset/Map/TileMap/Wall Tile/Sand_ground_663.asset
  artifactKey: Guid(8168cdd8f7d738241ad95dd9989f7b0a) Importer(815301076,1909f56bfc062723c751e8b465ee728b)
Start importing Assets/Asset/Map/TileMap/Wall Tile/Sand_ground_663.asset using Guid(8168cdd8f7d738241ad95dd9989f7b0a) Importer(815301076,1909f56bfc062723c751e8b465ee728b) (PreviewImporter) -> (artifact id: 'eebce186ee0549badc53bbd76904290d') in 0.0078086 seconds
Number of updated asset objects reloaded before import = 0Number of asset objects unloaded after import = 3

========================================================================
Received Import Request.
  Time since last request: 0.000047 seconds.
  path: Assets/Asset/Map/TileMap/Wall Tile/Sand_ground_665.asset
  artifactKey: Guid(361fe535c42d57342a4e3c1aae7c6077) Importer(815301076,1909f56bfc062723c751e8b465ee728b)
Start importing Assets/Asset/Map/TileMap/Wall Tile/Sand_ground_665.asset using Guid(361fe535c42d57342a4e3c1aae7c6077) Importer(815301076,1909f56bfc062723c751e8b465ee728b) (PreviewImporter) -> (artifact id: 'dc339a61097f298b4cd148fd4fd7ea57') in 0.0055294 seconds
Number of updated asset objects reloaded before import = 0Number of asset objects unloaded after import = 3

========================================================================
Received Import Request.
  Time since last request: 0.000017 seconds.
  path: Assets/Asset/Map/TileMap/Wall Tile/Sand_ground_666.asset
  artifactKey: Guid(b4f350f26d0a8ee4f8cf44ac5c8515b9) Importer(815301076,1909f56bfc062723c751e8b465ee728b)
Start importing Assets/Asset/Map/TileMap/Wall Tile/Sand_ground_666.asset using Guid(b4f350f26d0a8ee4f8cf44ac5c8515b9) Importer(815301076,1909f56bfc062723c751e8b465ee728b) (PreviewImporter) -> (artifact id: '9dd5aba19ca431a7a927f3f258943a89') in 0.006488 seconds
Number of updated asset objects reloaded before import = 0Number of asset objects unloaded after import = 3

========================================================================
Received Import Request.
  Time since last request: 808.442506 seconds.
  path: Assets/Asset/Map/TileMap/Object Tile/Objects_0.asset
  artifactKey: Guid(356d87ab43f52954a9dd161cdd14619a) Importer(815301076,1909f56bfc062723c751e8b465ee728b)
Start importing Assets/Asset/Map/TileMap/Object Tile/Objects_0.asset using Guid(356d87ab43f52954a9dd161cdd14619a) Importer(815301076,1909f56bfc062723c751e8b465ee728b) (PreviewImporter) -> (artifact id: 'e820af4b12d8e03694c7d7e593869c2a') in 0.028509 seconds
Number of updated asset objects reloaded before import = 0Number of asset objects unloaded after import = 3

========================================================================
Received Import Request.
  Time since last request: 0.000024 seconds.
  path: Assets/Asset/Map/TileMap/Object Tile/Objects_7.asset
  artifactKey: Guid(cc4775ef156b5f5438a60389d707a9d5) Importer(815301076,1909f56bfc062723c751e8b465ee728b)
Start importing Assets/Asset/Map/TileMap/Object Tile/Objects_7.asset using Guid(cc4775ef156b5f5438a60389d707a9d5) Importer(815301076,1909f56bfc062723c751e8b465ee728b) (PreviewImporter) -> (artifact id: 'e009317f0561ddf274e60b59e709e5b8') in 0.0229537 seconds
Number of updated asset objects reloaded before import = 0Number of asset objects unloaded after import = 3

========================================================================
Received Import Request.
  Time since last request: 0.000019 seconds.
  path: Assets/Asset/Map/TileMap/Object Tile/Objects_16.asset
  artifactKey: Guid(fa7bb28e747e35d4693a142442b9bd18) Importer(815301076,1909f56bfc062723c751e8b465ee728b)
Start importing Assets/Asset/Map/TileMap/Object Tile/Objects_16.asset using Guid(fa7bb28e747e35d4693a142442b9bd18) Importer(815301076,1909f56bfc062723c751e8b465ee728b) (PreviewImporter) -> (artifact id: '41439cb8940e901e5402d8930bdf8114') in 0.0247689 seconds
Number of updated asset objects reloaded before import = 0Number of asset objects unloaded after import = 3

========================================================================
Received Import Request.
  Time since last request: 0.000021 seconds.
  path: Assets/Asset/Map/TileMap/Object Tile/Objects_19.asset
  artifactKey: Guid(5b1db6337bfe72a44b944118c6077470) Importer(815301076,1909f56bfc062723c751e8b465ee728b)
Start importing Assets/Asset/Map/TileMap/Object Tile/Objects_19.asset using Guid(5b1db6337bfe72a44b944118c6077470) Importer(815301076,1909f56bfc062723c751e8b465ee728b) (PreviewImporter) -> (artifact id: '493690232a0a9d643acdbd23e5d0e29a') in 0.0356585 seconds
Number of updated asset objects reloaded before import = 0Number of asset objects unloaded after import = 3

========================================================================
Received Import Request.
  Time since last request: 0.000025 seconds.
  path: Assets/Asset/Map/TileMap/Object Tile/Objects_14.asset
  artifactKey: Guid(969e6cbc5b6c86749bcd5b8eb820e408) Importer(815301076,1909f56bfc062723c751e8b465ee728b)
Start importing Assets/Asset/Map/TileMap/Object Tile/Objects_14.asset using Guid(969e6cbc5b6c86749bcd5b8eb820e408) Importer(815301076,1909f56bfc062723c751e8b465ee728b) (PreviewImporter) -> (artifact id: '2dae9cf89c1334c04f40ff2b8baf22a2') in 0.0239934 seconds
Number of updated asset objects reloaded before import = 0Number of asset objects unloaded after import = 3

========================================================================
Received Import Request.
  Time since last request: 0.000032 seconds.
  path: Assets/Asset/Map/TileMap/Object Tile/Objects_4.asset
  artifactKey: Guid(9b84a02a6067cc943b6ac079b6290d88) Importer(815301076,1909f56bfc062723c751e8b465ee728b)
Start importing Assets/Asset/Map/TileMap/Object Tile/Objects_4.asset using Guid(9b84a02a6067cc943b6ac079b6290d88) Importer(815301076,1909f56bfc062723c751e8b465ee728b) (PreviewImporter) -> (artifact id: '4b469428b294cd1f82d048586dd4b723') in 0.0076236 seconds
Number of updated asset objects reloaded before import = 0Number of asset objects unloaded after import = 3

========================================================================
Received Import Request.
  Time since last request: 0.000024 seconds.
  path: Assets/Asset/Map/TileMap/Object Tile/Objects_22.asset
  artifactKey: Guid(7ac3c2cb7d1620642bc22599deae360b) Importer(815301076,1909f56bfc062723c751e8b465ee728b)
Start importing Assets/Asset/Map/TileMap/Object Tile/Objects_22.asset using Guid(7ac3c2cb7d1620642bc22599deae360b) Importer(815301076,1909f56bfc062723c751e8b465ee728b) (PreviewImporter) -> (artifact id: '298d1743d23f13a5986392df589e67ba') in 0.0281407 seconds
Number of updated asset objects reloaded before import = 0Number of asset objects unloaded after import = 3

========================================================================
Received Import Request.
  Time since last request: 0.000022 seconds.
  path: Assets/Asset/Map/TileMap/Object Tile/Objects_10.asset
  artifactKey: Guid(ee705ab82ff2de84aad654d6fb7889b0) Importer(815301076,1909f56bfc062723c751e8b465ee728b)
Start importing Assets/Asset/Map/TileMap/Object Tile/Objects_10.asset using Guid(ee705ab82ff2de84aad654d6fb7889b0) Importer(815301076,1909f56bfc062723c751e8b465ee728b) (PreviewImporter) -> (artifact id: 'bf8bf638e9da5eb6c371105087cc285d') in 0.0240272 seconds
Number of updated asset objects reloaded before import = 0Number of asset objects unloaded after import = 3

========================================================================
Received Import Request.
  Time since last request: 0.000034 seconds.
  path: Assets/Asset/Map/TileMap/Object Tile/Objects_13.asset
  artifactKey: Guid(352f50c3f2ec4664798888ca627fa9a9) Importer(815301076,1909f56bfc062723c751e8b465ee728b)
Start importing Assets/Asset/Map/TileMap/Object Tile/Objects_13.asset using Guid(352f50c3f2ec4664798888ca627fa9a9) Importer(815301076,1909f56bfc062723c751e8b465ee728b) (PreviewImporter) -> (artifact id: '1e3a096426c80955ebcea3f1373c5892') in 0.0220868 seconds
Number of updated asset objects reloaded before import = 0Number of asset objects unloaded after import = 3

========================================================================
Received Import Request.
  Time since last request: 0.000029 seconds.
  path: Assets/Asset/Map/TileMap/Object Tile/Objects_3.asset
  artifactKey: Guid(e19f3260830156d4c9c04942a6b55a88) Importer(815301076,1909f56bfc062723c751e8b465ee728b)
Start importing Assets/Asset/Map/TileMap/Object Tile/Objects_3.asset using Guid(e19f3260830156d4c9c04942a6b55a88) Importer(815301076,1909f56bfc062723c751e8b465ee728b) (PreviewImporter) -> (artifact id: '1e6e8e8ce173f05be560038d606a0e52') in 0.00624 seconds
Number of updated asset objects reloaded before import = 0Number of asset objects unloaded after import = 3

========================================================================
Received Import Request.
  Time since last request: 0.000034 seconds.
  path: Assets/Asset/Map/TileMap/Object Tile/Objects_18.asset
  artifactKey: Guid(2e77cf427c10b1343b35cec9ebb2e2c4) Importer(815301076,1909f56bfc062723c751e8b465ee728b)
Start importing Assets/Asset/Map/TileMap/Object Tile/Objects_18.asset using Guid(2e77cf427c10b1343b35cec9ebb2e2c4) Importer(815301076,1909f56bfc062723c751e8b465ee728b) (PreviewImporter) -> (artifact id: 'e647e32f435e2ba0e31fca2d6b5c87fd') in 0.0243108 seconds
Number of updated asset objects reloaded before import = 0Number of asset objects unloaded after import = 3

========================================================================
Received Import Request.
  Time since last request: 0.000035 seconds.
  path: Assets/Asset/Map/TileMap/Object Tile/Objects_8.asset
  artifactKey: Guid(89be2e369fc9b70419df8f8452b2b3b3) Importer(815301076,1909f56bfc062723c751e8b465ee728b)
Start importing Assets/Asset/Map/TileMap/Object Tile/Objects_8.asset using Guid(89be2e369fc9b70419df8f8452b2b3b3) Importer(815301076,1909f56bfc062723c751e8b465ee728b) (PreviewImporter) -> (artifact id: '56e144af9eda7ca324149b5cc07ab645') in 0.0083644 seconds
Number of updated asset objects reloaded before import = 0Number of asset objects unloaded after import = 3

========================================================================
Received Import Request.
  Time since last request: 0.000025 seconds.
  path: Assets/Asset/Map/TileMap/Object Tile/Objects_28.asset
  artifactKey: Guid(1ce967481cf07ae47a32c628b3b9db73) Importer(815301076,1909f56bfc062723c751e8b465ee728b)
Start importing Assets/Asset/Map/TileMap/Object Tile/Objects_28.asset using Guid(1ce967481cf07ae47a32c628b3b9db73) Importer(815301076,1909f56bfc062723c751e8b465ee728b) (PreviewImporter) -> (artifact id: '7eab825464938b920fd189004320aff7') in 0.0221359 seconds
Number of updated asset objects reloaded before import = 0Number of asset objects unloaded after import = 3

========================================================================
Received Import Request.
  Time since last request: 0.000028 seconds.
  path: Assets/Asset/Map/TileMap/Object Tile/Objects_25.asset
  artifactKey: Guid(bedb2af0062a27d4f9498ae1fd71d0df) Importer(815301076,1909f56bfc062723c751e8b465ee728b)
Start importing Assets/Asset/Map/TileMap/Object Tile/Objects_25.asset using Guid(bedb2af0062a27d4f9498ae1fd71d0df) Importer(815301076,1909f56bfc062723c751e8b465ee728b) (PreviewImporter) -> (artifact id: '0e8450f90c3977095344de7211f4bc78') in 0.0217719 seconds
Number of updated asset objects reloaded before import = 0Number of asset objects unloaded after import = 3

========================================================================
Received Import Request.
  Time since last request: 0.000052 seconds.
  path: Assets/Asset/Map/TileMap/Object Tile/Objects_20.asset
  artifactKey: Guid(7fc71e10b9a413b4885463dcd9a1ccb9) Importer(815301076,1909f56bfc062723c751e8b465ee728b)
Start importing Assets/Asset/Map/TileMap/Object Tile/Objects_20.asset using Guid(7fc71e10b9a413b4885463dcd9a1ccb9) Importer(815301076,1909f56bfc062723c751e8b465ee728b) (PreviewImporter) -> (artifact id: 'e3a0259e3e274aa0a468b1dbecc26639') in 0.0221141 seconds
Number of updated asset objects reloaded before import = 0Number of asset objects unloaded after import = 3

========================================================================
Received Import Request.
  Time since last request: 0.000021 seconds.
  path: Assets/Asset/Map/TileMap/Object Tile/Objects_21.asset
  artifactKey: Guid(ea59ac13a81014743b5adf01328000e7) Importer(815301076,1909f56bfc062723c751e8b465ee728b)
Start importing Assets/Asset/Map/TileMap/Object Tile/Objects_21.asset using Guid(ea59ac13a81014743b5adf01328000e7) Importer(815301076,1909f56bfc062723c751e8b465ee728b) (PreviewImporter) -> (artifact id: 'bc848fdd55a621bdcc1a3f78b231aec8') in 0.0240893 seconds
Number of updated asset objects reloaded before import = 0Number of asset objects unloaded after import = 3

========================================================================
Received Import Request.
  Time since last request: 0.000032 seconds.
  path: Assets/Asset/Map/TileMap/Object Tile/Objects_23.asset
  artifactKey: Guid(e353b40f124d5824d85cc2d9784f7e4f) Importer(815301076,1909f56bfc062723c751e8b465ee728b)
Start importing Assets/Asset/Map/TileMap/Object Tile/Objects_23.asset using Guid(e353b40f124d5824d85cc2d9784f7e4f) Importer(815301076,1909f56bfc062723c751e8b465ee728b) (PreviewImporter) -> (artifact id: '4ff74f469112a87e9933eba5c4c90fa9') in 0.0079858 seconds
Number of updated asset objects reloaded before import = 0Number of asset objects unloaded after import = 3

========================================================================
Received Import Request.
  Time since last request: 0.000037 seconds.
  path: Assets/Asset/Map/TileMap/Object Tile/Objects_6.asset
  artifactKey: Guid(671d3f32f5de0d74ab5497de1c23213e) Importer(815301076,1909f56bfc062723c751e8b465ee728b)
Start importing Assets/Asset/Map/TileMap/Object Tile/Objects_6.asset using Guid(671d3f32f5de0d74ab5497de1c23213e) Importer(815301076,1909f56bfc062723c751e8b465ee728b) (PreviewImporter) -> (artifact id: 'fd0c8bba8565c75bfe01329ced10a532') in 0.0082873 seconds
Number of updated asset objects reloaded before import = 0Number of asset objects unloaded after import = 3

========================================================================
Received Import Request.
  Time since last request: 0.000058 seconds.
  path: Assets/Asset/Map/TileMap/Object Tile/Objects_17.asset
  artifactKey: Guid(3e7100cac94543247a86fe79bc3c7e09) Importer(815301076,1909f56bfc062723c751e8b465ee728b)
Start importing Assets/Asset/Map/TileMap/Object Tile/Objects_17.asset using Guid(3e7100cac94543247a86fe79bc3c7e09) Importer(815301076,1909f56bfc062723c751e8b465ee728b) (PreviewImporter) -> (artifact id: 'f37eea5a9e3856b34b9c5699c0669d69') in 0.009835 seconds
Number of updated asset objects reloaded before import = 0Number of asset objects unloaded after import = 3

========================================================================
Received Import Request.
  Time since last request: 0.000033 seconds.
  path: Assets/Asset/Map/TileMap/Object Tile/Objects_5.asset
  artifactKey: Guid(9163953d2722b3343b694e60bb87ed9e) Importer(815301076,1909f56bfc062723c751e8b465ee728b)
Start importing Assets/Asset/Map/TileMap/Object Tile/Objects_5.asset using Guid(9163953d2722b3343b694e60bb87ed9e) Importer(815301076,1909f56bfc062723c751e8b465ee728b) (PreviewImporter) -> (artifact id: '0fbe2ca51972b08126afc0f7e656f90d') in 0.0089526 seconds
Number of updated asset objects reloaded before import = 0Number of asset objects unloaded after import = 3

========================================================================
Received Import Request.
  Time since last request: 0.000036 seconds.
  path: Assets/Asset/Map/TileMap/Object Tile/Objects_24.asset
  artifactKey: Guid(77d315a003a4d5942b38ab09ff95bf58) Importer(815301076,1909f56bfc062723c751e8b465ee728b)
Start importing Assets/Asset/Map/TileMap/Object Tile/Objects_24.asset using Guid(77d315a003a4d5942b38ab09ff95bf58) Importer(815301076,1909f56bfc062723c751e8b465ee728b) (PreviewImporter) -> (artifact id: '537b4158224c435e6b8cb64efdc59b6b') in 0.0087464 seconds
Number of updated asset objects reloaded before import = 0Number of asset objects unloaded after import = 3

========================================================================
Received Import Request.
  Time since last request: 0.000022 seconds.
  path: Assets/Asset/Map/TileMap/Object Tile/Objects_26.asset
  artifactKey: Guid(bddc571d2f760294cadd0c5cb8d93ea7) Importer(815301076,1909f56bfc062723c751e8b465ee728b)
Start importing Assets/Asset/Map/TileMap/Object Tile/Objects_26.asset using Guid(bddc571d2f760294cadd0c5cb8d93ea7) Importer(815301076,1909f56bfc062723c751e8b465ee728b) (PreviewImporter) -> (artifact id: '91ca044b2afd9cde903990f177e1cd8c') in 0.0071971 seconds
Number of updated asset objects reloaded before import = 0Number of asset objects unloaded after import = 3

========================================================================
Received Import Request.
  Time since last request: 0.000029 seconds.
  path: Assets/Asset/Map/TileMap/Object Tile/Objects_2.asset
  artifactKey: Guid(280669813b5f0b442aa3b66c6b11f6f8) Importer(815301076,1909f56bfc062723c751e8b465ee728b)
Start importing Assets/Asset/Map/TileMap/Object Tile/Objects_2.asset using Guid(280669813b5f0b442aa3b66c6b11f6f8) Importer(815301076,1909f56bfc062723c751e8b465ee728b) (PreviewImporter) -> (artifact id: 'cb955ef328d4ff53bc3a6bff767c8abd') in 0.0247602 seconds
Number of updated asset objects reloaded before import = 0Number of asset objects unloaded after import = 3

========================================================================
Received Import Request.
  Time since last request: 0.000017 seconds.
  path: Assets/Asset/Map/TileMap/Object Tile/Objects_41.asset
  artifactKey: Guid(d261971d5cb687f4baeea3bea2afcd1f) Importer(815301076,1909f56bfc062723c751e8b465ee728b)
Start importing Assets/Asset/Map/TileMap/Object Tile/Objects_41.asset using Guid(d261971d5cb687f4baeea3bea2afcd1f) Importer(815301076,1909f56bfc062723c751e8b465ee728b) (PreviewImporter) -> (artifact id: '4c690828381447a59525b68663115a2c') in 0.0237179 seconds
Number of updated asset objects reloaded before import = 0Number of asset objects unloaded after import = 3

========================================================================
Received Import Request.
  Time since last request: 0.000031 seconds.
  path: Assets/Asset/Map/TileMap/Object Tile/Objects_52.asset
  artifactKey: Guid(1a46c935be88d4e4e9b027e40a9122c5) Importer(815301076,1909f56bfc062723c751e8b465ee728b)
Start importing Assets/Asset/Map/TileMap/Object Tile/Objects_52.asset using Guid(1a46c935be88d4e4e9b027e40a9122c5) Importer(815301076,1909f56bfc062723c751e8b465ee728b) (PreviewImporter) -> (artifact id: '114945cc508b9e96c40cfa9ddaafca56') in 0.0201821 seconds
Number of updated asset objects reloaded before import = 0Number of asset objects unloaded after import = 3

========================================================================
Received Import Request.
  Time since last request: 0.000051 seconds.
  path: Assets/Asset/Map/TileMap/Object Tile/Objects_47.asset
  artifactKey: Guid(a064717f495985c469ad0ea2ad2f4213) Importer(815301076,1909f56bfc062723c751e8b465ee728b)
Start importing Assets/Asset/Map/TileMap/Object Tile/Objects_47.asset using Guid(a064717f495985c469ad0ea2ad2f4213) Importer(815301076,1909f56bfc062723c751e8b465ee728b) (PreviewImporter) -> (artifact id: '92dd3c54feb201f8ff2e7c63d3af286a') in 0.0249795 seconds
Number of updated asset objects reloaded before import = 0Number of asset objects unloaded after import = 3

========================================================================
Received Import Request.
  Time since last request: 0.000040 seconds.
  path: Assets/Asset/Map/TileMap/Object Tile/Objects_31.asset
  artifactKey: Guid(ed6a4e0e1b98b8a48a5b52978916b818) Importer(815301076,1909f56bfc062723c751e8b465ee728b)
Start importing Assets/Asset/Map/TileMap/Object Tile/Objects_31.asset using Guid(ed6a4e0e1b98b8a48a5b52978916b818) Importer(815301076,1909f56bfc062723c751e8b465ee728b) (PreviewImporter) -> (artifact id: '70a69420b1c033afacb3f0121f684db0') in 0.0217661 seconds
Number of updated asset objects reloaded before import = 0Number of asset objects unloaded after import = 3

========================================================================
Received Import Request.
  Time since last request: 0.000051 seconds.
  path: Assets/Asset/Map/TileMap/Object Tile/Objects_49.asset
  artifactKey: Guid(33764eb1fd46f1146834c5df6a4415e9) Importer(815301076,1909f56bfc062723c751e8b465ee728b)
Start importing Assets/Asset/Map/TileMap/Object Tile/Objects_49.asset using Guid(33764eb1fd46f1146834c5df6a4415e9) Importer(815301076,1909f56bfc062723c751e8b465ee728b) (PreviewImporter) -> (artifact id: 'f1acda52816e8377fcc34b4c696803d2') in 0.0236626 seconds
Number of updated asset objects reloaded before import = 0Number of asset objects unloaded after import = 3

========================================================================
Received Import Request.
  Time since last request: 0.000037 seconds.
  path: Assets/Asset/Map/TileMap/Object Tile/Objects_30.asset
  artifactKey: Guid(1a526d31f7301e24f88a825925a72446) Importer(815301076,1909f56bfc062723c751e8b465ee728b)
Start importing Assets/Asset/Map/TileMap/Object Tile/Objects_30.asset using Guid(1a526d31f7301e24f88a825925a72446) Importer(815301076,1909f56bfc062723c751e8b465ee728b) (PreviewImporter) -> (artifact id: '29d5f6666a2a57471ce9005064964800') in 0.0225806 seconds
Number of updated asset objects reloaded before import = 0Number of asset objects unloaded after import = 3

========================================================================
Received Import Request.
  Time since last request: 0.000031 seconds.
  path: Assets/Asset/Map/TileMap/Object Tile/Objects_32.asset
  artifactKey: Guid(2cc5f3bf8173dd24a8d1677de9cf7fb8) Importer(815301076,1909f56bfc062723c751e8b465ee728b)
Start importing Assets/Asset/Map/TileMap/Object Tile/Objects_32.asset using Guid(2cc5f3bf8173dd24a8d1677de9cf7fb8) Importer(815301076,1909f56bfc062723c751e8b465ee728b) (PreviewImporter) -> (artifact id: '4a9b7b90de3d3be072da8c41fa2e87c0') in 0.0228175 seconds
Number of updated asset objects reloaded before import = 0Number of asset objects unloaded after import = 3

========================================================================
Received Import Request.
  Time since last request: 0.000018 seconds.
  path: Assets/Asset/Map/TileMap/Object Tile/Objects_46.asset
  artifactKey: Guid(e959b22031e6df64dac9978483d11eb8) Importer(815301076,1909f56bfc062723c751e8b465ee728b)
Start importing Assets/Asset/Map/TileMap/Object Tile/Objects_46.asset using Guid(e959b22031e6df64dac9978483d11eb8) Importer(815301076,1909f56bfc062723c751e8b465ee728b) (PreviewImporter) -> (artifact id: '2a7a65df9a8b602cf763a6810343ba29') in 0.0059598 seconds
Number of updated asset objects reloaded before import = 0Number of asset objects unloaded after import = 3

========================================================================
Received Import Request.
  Time since last request: 0.000031 seconds.
  path: Assets/Asset/Map/TileMap/Object Tile/Objects_44.asset
  artifactKey: Guid(01c18b36d76d0fe4fa573a11c4f0ed6c) Importer(815301076,1909f56bfc062723c751e8b465ee728b)
Start importing Assets/Asset/Map/TileMap/Object Tile/Objects_44.asset using Guid(01c18b36d76d0fe4fa573a11c4f0ed6c) Importer(815301076,1909f56bfc062723c751e8b465ee728b) (PreviewImporter) -> (artifact id: '4d0dd83f2cf14ced3f9b78de735eda0b') in 0.0236756 seconds
Number of updated asset objects reloaded before import = 0Number of asset objects unloaded after import = 3

========================================================================
Received Import Request.
  Time since last request: 0.000019 seconds.
  path: Assets/Asset/Map/TileMap/Object Tile/Objects_15.asset
  artifactKey: Guid(ea7f4609d8d61134285b4a4ef4d2b606) Importer(815301076,1909f56bfc062723c751e8b465ee728b)
Start importing Assets/Asset/Map/TileMap/Object Tile/Objects_15.asset using Guid(ea7f4609d8d61134285b4a4ef4d2b606) Importer(815301076,1909f56bfc062723c751e8b465ee728b) (PreviewImporter) -> (artifact id: '6df552ecf4d89b50646aa0873761ad62') in 0.005762 seconds
Number of updated asset objects reloaded before import = 0Number of asset objects unloaded after import = 3

========================================================================
Received Import Request.
  Time since last request: 0.000016 seconds.
  path: Assets/Asset/Map/TileMap/Object Tile/Objects_33.asset
  artifactKey: Guid(59d6ab7df098b4f42a1d9f3381c3ae05) Importer(815301076,1909f56bfc062723c751e8b465ee728b)
Start importing Assets/Asset/Map/TileMap/Object Tile/Objects_33.asset using Guid(59d6ab7df098b4f42a1d9f3381c3ae05) Importer(815301076,1909f56bfc062723c751e8b465ee728b) (PreviewImporter) -> (artifact id: '57747bc1cf8c3d2a6d44067c2395f7b3') in 0.0216653 seconds
Number of updated asset objects reloaded before import = 0Number of asset objects unloaded after import = 3

========================================================================
Received Import Request.
  Time since last request: 0.000037 seconds.
  path: Assets/Asset/Map/TileMap/Object Tile/Objects_11.asset
  artifactKey: Guid(80afb89a495432140b1925c7ce99a883) Importer(815301076,1909f56bfc062723c751e8b465ee728b)
Start importing Assets/Asset/Map/TileMap/Object Tile/Objects_11.asset using Guid(80afb89a495432140b1925c7ce99a883) Importer(815301076,1909f56bfc062723c751e8b465ee728b) (PreviewImporter) -> (artifact id: '840bca114e7000b618033bd9ab0720b9') in 0.0228148 seconds
Number of updated asset objects reloaded before import = 0Number of asset objects unloaded after import = 3

========================================================================
Received Import Request.
  Time since last request: 0.000026 seconds.
  path: Assets/Asset/Map/TileMap/Object Tile/Objects_1.asset
  artifactKey: Guid(e51e95fb2a64b7a44a615880c441e368) Importer(815301076,1909f56bfc062723c751e8b465ee728b)
Start importing Assets/Asset/Map/TileMap/Object Tile/Objects_1.asset using Guid(e51e95fb2a64b7a44a615880c441e368) Importer(815301076,1909f56bfc062723c751e8b465ee728b) (PreviewImporter) -> (artifact id: 'e3bff3829872f7cbcc55baf79beb84e4') in 0.0206415 seconds
Number of updated asset objects reloaded before import = 0Number of asset objects unloaded after import = 3

========================================================================
Received Import Request.
  Time since last request: 0.000032 seconds.
  path: Assets/Asset/Map/TileMap/Object Tile/Objects_34.asset
  artifactKey: Guid(1da8207f5f21a9549bea30f435995ef2) Importer(815301076,1909f56bfc062723c751e8b465ee728b)
Start importing Assets/Asset/Map/TileMap/Object Tile/Objects_34.asset using Guid(1da8207f5f21a9549bea30f435995ef2) Importer(815301076,1909f56bfc062723c751e8b465ee728b) (PreviewImporter) -> (artifact id: '4984619775824daf897f3467054a6238') in 0.0241846 seconds
Number of updated asset objects reloaded before import = 0Number of asset objects unloaded after import = 3

========================================================================
Received Import Request.
  Time since last request: 1.375710 seconds.
  path: Assets/Asset/Map/TileMap/Wall Tile/Sand_ground_644.asset
  artifactKey: Guid(6b3bcebaabb4aaf46bd6cab61493aeba) Importer(815301076,1909f56bfc062723c751e8b465ee728b)
Start importing Assets/Asset/Map/TileMap/Wall Tile/Sand_ground_644.asset using Guid(6b3bcebaabb4aaf46bd6cab61493aeba) Importer(815301076,1909f56bfc062723c751e8b465ee728b) (PreviewImporter) -> (artifact id: '0e2f2d2e508614ab04b1e1d1ff3ca178') in 0.0243132 seconds
Number of updated asset objects reloaded before import = 0Number of asset objects unloaded after import = 3

========================================================================
Received Import Request.
  Time since last request: 0.000033 seconds.
  path: Assets/Asset/Map/TileMap/Wall Tile/Sand_ground_649.asset
  artifactKey: Guid(38fc4180777ee8444837850589267330) Importer(815301076,1909f56bfc062723c751e8b465ee728b)
Start importing Assets/Asset/Map/TileMap/Wall Tile/Sand_ground_649.asset using Guid(38fc4180777ee8444837850589267330) Importer(815301076,1909f56bfc062723c751e8b465ee728b) (PreviewImporter) -> (artifact id: '5dbce3e559d5b8631d39caaf3223f6ff') in 0.0244704 seconds
Number of updated asset objects reloaded before import = 0Number of asset objects unloaded after import = 3

========================================================================
Received Import Request.
  Time since last request: 0.000019 seconds.
  path: Assets/Asset/Map/TileMap/Wall Tile/Sand_ground_645.asset
  artifactKey: Guid(d00453d4e39c9464e80cc21d4c438e55) Importer(815301076,1909f56bfc062723c751e8b465ee728b)
Start importing Assets/Asset/Map/TileMap/Wall Tile/Sand_ground_645.asset using Guid(d00453d4e39c9464e80cc21d4c438e55) Importer(815301076,1909f56bfc062723c751e8b465ee728b) (PreviewImporter) -> (artifact id: '2b2932bb8489aaa1cdd71b17a7353bbc') in 0.0067468 seconds
Number of updated asset objects reloaded before import = 0Number of asset objects unloaded after import = 3

========================================================================
Received Import Request.
  Time since last request: 0.000034 seconds.
  path: Assets/Asset/Map/TileMap/Wall Tile/Sand_ground_690.asset
  artifactKey: Guid(2b191ab40cbcd2b4993ae64698ae68c9) Importer(815301076,1909f56bfc062723c751e8b465ee728b)
Start importing Assets/Asset/Map/TileMap/Wall Tile/Sand_ground_690.asset using Guid(2b191ab40cbcd2b4993ae64698ae68c9) Importer(815301076,1909f56bfc062723c751e8b465ee728b) (PreviewImporter) -> (artifact id: '0943c9b10a19abf3f5dd4a5877d1431c') in 0.0072925 seconds
Number of updated asset objects reloaded before import = 0Number of asset objects unloaded after import = 3

========================================================================
Received Import Request.
  Time since last request: 0.000035 seconds.
  path: Assets/Asset/Map/TileMap/Wall Tile/Sand_ground_702.asset
  artifactKey: Guid(e5b3c484e43e9694ebc798a0b9079ed1) Importer(815301076,1909f56bfc062723c751e8b465ee728b)
Start importing Assets/Asset/Map/TileMap/Wall Tile/Sand_ground_702.asset using Guid(e5b3c484e43e9694ebc798a0b9079ed1) Importer(815301076,1909f56bfc062723c751e8b465ee728b) (PreviewImporter) -> (artifact id: 'be65e9a98467b572d093f309d2f5ef46') in 0.0244528 seconds
Number of updated asset objects reloaded before import = 0Number of asset objects unloaded after import = 3

========================================================================
Received Import Request.
  Time since last request: 0.000028 seconds.
  path: Assets/Asset/Map/TileMap/Wall Tile/Sand_ground_704.asset
  artifactKey: Guid(a897c7636d6598844836b16cf495c7bc) Importer(815301076,1909f56bfc062723c751e8b465ee728b)
Start importing Assets/Asset/Map/TileMap/Wall Tile/Sand_ground_704.asset using Guid(a897c7636d6598844836b16cf495c7bc) Importer(815301076,1909f56bfc062723c751e8b465ee728b) (PreviewImporter) -> (artifact id: 'b93de0c475d9a6be49e8ed55b7969cb4') in 0.0257935 seconds
Number of updated asset objects reloaded before import = 0Number of asset objects unloaded after import = 3

========================================================================
Received Import Request.
  Time since last request: 0.000020 seconds.
  path: Assets/Asset/Map/TileMap/Wall Tile/Sand_ground_647.asset
  artifactKey: Guid(f529de5561786c04a80c392d06f1d82c) Importer(815301076,1909f56bfc062723c751e8b465ee728b)
Start importing Assets/Asset/Map/TileMap/Wall Tile/Sand_ground_647.asset using Guid(f529de5561786c04a80c392d06f1d82c) Importer(815301076,1909f56bfc062723c751e8b465ee728b) (PreviewImporter) -> (artifact id: 'dde0f5a13e122373a9a32ab160df46a7') in 0.0241102 seconds
Number of updated asset objects reloaded before import = 0Number of asset objects unloaded after import = 3

========================================================================
Received Import Request.
  Time since last request: 0.000035 seconds.
  path: Assets/Asset/Map/TileMap/Wall Tile/Sand_ground_697.asset
  artifactKey: Guid(6e2720240fac1f74fbe9b0e60329a9ef) Importer(815301076,1909f56bfc062723c751e8b465ee728b)
Start importing Assets/Asset/Map/TileMap/Wall Tile/Sand_ground_697.asset using Guid(6e2720240fac1f74fbe9b0e60329a9ef) Importer(815301076,1909f56bfc062723c751e8b465ee728b) (PreviewImporter) -> (artifact id: '02b52fd8aa6f0ef64e7215558187c87e') in 0.0085724 seconds
Number of updated asset objects reloaded before import = 0Number of asset objects unloaded after import = 3

========================================================================
Received Import Request.
  Time since last request: 0.000036 seconds.
  path: Assets/Asset/Map/TileMap/Wall Tile/Sand_ground_686.asset
  artifactKey: Guid(184a851d9ee487e479b739ad01d80373) Importer(815301076,1909f56bfc062723c751e8b465ee728b)
Start importing Assets/Asset/Map/TileMap/Wall Tile/Sand_ground_686.asset using Guid(184a851d9ee487e479b739ad01d80373) Importer(815301076,1909f56bfc062723c751e8b465ee728b) (PreviewImporter) -> (artifact id: '6781bfeff7d1f60558aa8fa8fa39f31f') in 0.0076176 seconds
Number of updated asset objects reloaded before import = 0Number of asset objects unloaded after import = 3

========================================================================
Received Import Request.
  Time since last request: 0.000023 seconds.
  path: Assets/Asset/Map/TileMap/Wall Tile/Sand_ground_701.asset
  artifactKey: Guid(f19b9e36f8ae4be4b84a198f763674b2) Importer(815301076,1909f56bfc062723c751e8b465ee728b)
Start importing Assets/Asset/Map/TileMap/Wall Tile/Sand_ground_701.asset using Guid(f19b9e36f8ae4be4b84a198f763674b2) Importer(815301076,1909f56bfc062723c751e8b465ee728b) (PreviewImporter) -> (artifact id: '27f5262aec2b7341a63b8d8e44f99d32') in 0.0082474 seconds
Number of updated asset objects reloaded before import = 0Number of asset objects unloaded after import = 3

========================================================================
Received Import Request.
  Time since last request: 0.000028 seconds.
  path: Assets/Asset/Map/TileMap/Wall Tile/Sand_ground_773.asset
  artifactKey: Guid(7767c40ba6fdb1e4a9c66da2f4df7d31) Importer(815301076,1909f56bfc062723c751e8b465ee728b)
Start importing Assets/Asset/Map/TileMap/Wall Tile/Sand_ground_773.asset using Guid(7767c40ba6fdb1e4a9c66da2f4df7d31) Importer(815301076,1909f56bfc062723c751e8b465ee728b) (PreviewImporter) -> (artifact id: '230a1b0d38b16b0aeceabc9f32e63bcb') in 0.0248076 seconds
Number of updated asset objects reloaded before import = 0Number of asset objects unloaded after import = 3

========================================================================
Received Import Request.
  Time since last request: 0.000031 seconds.
  path: Assets/Asset/Map/TileMap/Wall Tile/Sand_ground_771.asset
  artifactKey: Guid(ac7918875ce156440aa49cbea1db3cca) Importer(815301076,1909f56bfc062723c751e8b465ee728b)
Start importing Assets/Asset/Map/TileMap/Wall Tile/Sand_ground_771.asset using Guid(ac7918875ce156440aa49cbea1db3cca) Importer(815301076,1909f56bfc062723c751e8b465ee728b) (PreviewImporter) -> (artifact id: '5006679a3e899ad7745c1cbaf8dd45e0') in 0.0077464 seconds
Number of updated asset objects reloaded before import = 0Number of asset objects unloaded after import = 3

========================================================================
Received Import Request.
  Time since last request: 0.000035 seconds.
  path: Assets/Asset/Map/TileMap/Wall Tile/Sand_ground_692.asset
  artifactKey: Guid(1071ed1a4e0fa7949bf18ab85bc73513) Importer(815301076,1909f56bfc062723c751e8b465ee728b)
Start importing Assets/Asset/Map/TileMap/Wall Tile/Sand_ground_692.asset using Guid(1071ed1a4e0fa7949bf18ab85bc73513) Importer(815301076,1909f56bfc062723c751e8b465ee728b) (PreviewImporter) -> (artifact id: 'f83604ffe2c08a1fc21807abb112413a') in 0.0228786 seconds
Number of updated asset objects reloaded before import = 0Number of asset objects unloaded after import = 3

========================================================================
Received Import Request.
  Time since last request: 0.000022 seconds.
  path: Assets/Asset/Map/TileMap/Wall Tile/Sand_ground_648.asset
  artifactKey: Guid(d94ae38cd97d0994eb193828f5094286) Importer(815301076,1909f56bfc062723c751e8b465ee728b)
Start importing Assets/Asset/Map/TileMap/Wall Tile/Sand_ground_648.asset using Guid(d94ae38cd97d0994eb193828f5094286) Importer(815301076,1909f56bfc062723c751e8b465ee728b) (PreviewImporter) -> (artifact id: '82d2299cb12956828eb9704638ae0739') in 0.0221554 seconds
Number of updated asset objects reloaded before import = 0Number of asset objects unloaded after import = 3

========================================================================
Received Import Request.
  Time since last request: 0.000023 seconds.
  path: Assets/Asset/Map/TileMap/Wall Tile/Sand_ground_695.asset
  artifactKey: Guid(2a42f15642c3a034ea15bfa75f6b7bc9) Importer(815301076,1909f56bfc062723c751e8b465ee728b)
Start importing Assets/Asset/Map/TileMap/Wall Tile/Sand_ground_695.asset using Guid(2a42f15642c3a034ea15bfa75f6b7bc9) Importer(815301076,1909f56bfc062723c751e8b465ee728b) (PreviewImporter) -> (artifact id: '4adeadbc831f79ad15e24c100bc52a64') in 0.0219844 seconds
Number of updated asset objects reloaded before import = 0Number of asset objects unloaded after import = 3

========================================================================
Received Import Request.
  Time since last request: 0.000028 seconds.
  path: Assets/Asset/Map/TileMap/Wall Tile/Sand_ground_705.asset
  artifactKey: Guid(fd93bc3c8f1e1184a8e69dbb598feffc) Importer(815301076,1909f56bfc062723c751e8b465ee728b)
Start importing Assets/Asset/Map/TileMap/Wall Tile/Sand_ground_705.asset using Guid(fd93bc3c8f1e1184a8e69dbb598feffc) Importer(815301076,1909f56bfc062723c751e8b465ee728b) (PreviewImporter) -> (artifact id: '713c1c0fdf693793652c29578ba1e8ef') in 0.0215012 seconds
Number of updated asset objects reloaded before import = 0Number of asset objects unloaded after import = 3

========================================================================
Received Import Request.
  Time since last request: 0.000034 seconds.
  path: Assets/Asset/Map/TileMap/Wall Tile/Sand_ground_696.asset
  artifactKey: Guid(df0e8351a2ebf6c459a430cb7d35dd93) Importer(815301076,1909f56bfc062723c751e8b465ee728b)
Start importing Assets/Asset/Map/TileMap/Wall Tile/Sand_ground_696.asset using Guid(df0e8351a2ebf6c459a430cb7d35dd93) Importer(815301076,1909f56bfc062723c751e8b465ee728b) (PreviewImporter) -> (artifact id: 'c684ae4d274e5717ece77be51f0de09f') in 0.0077292 seconds
Number of updated asset objects reloaded before import = 0Number of asset objects unloaded after import = 3

========================================================================
Received Import Request.
  Time since last request: 0.000041 seconds.
  path: Assets/Asset/Map/TileMap/Wall Tile/Sand_ground_688.asset
  artifactKey: Guid(7a516e2bbb8e69046b3ae41beab1b430) Importer(815301076,1909f56bfc062723c751e8b465ee728b)
Start importing Assets/Asset/Map/TileMap/Wall Tile/Sand_ground_688.asset using Guid(7a516e2bbb8e69046b3ae41beab1b430) Importer(815301076,1909f56bfc062723c751e8b465ee728b) (PreviewImporter) -> (artifact id: '4d218733b1a3f4e74d2b513d12e2b345') in 0.0080665 seconds
Number of updated asset objects reloaded before import = 0Number of asset objects unloaded after import = 3

========================================================================
Received Import Request.
  Time since last request: 0.000043 seconds.
  path: Assets/Asset/Map/TileMap/Wall Tile/Sand_ground_652.asset
  artifactKey: Guid(01bf600b36e23564588ac20c8e1594b0) Importer(815301076,1909f56bfc062723c751e8b465ee728b)
Start importing Assets/Asset/Map/TileMap/Wall Tile/Sand_ground_652.asset using Guid(01bf600b36e23564588ac20c8e1594b0) Importer(815301076,1909f56bfc062723c751e8b465ee728b) (PreviewImporter) -> (artifact id: 'a36aa692c3ea35326ca364af511e2370') in 0.0077432 seconds
Number of updated asset objects reloaded before import = 0Number of asset objects unloaded after import = 3

========================================================================
Received Import Request.
  Time since last request: 0.000025 seconds.
  path: Assets/Asset/Map/TileMap/Wall Tile/Sand_ground_699.asset
  artifactKey: Guid(cf90fec16ab79ac49a13e56ff79c0d32) Importer(815301076,1909f56bfc062723c751e8b465ee728b)
Start importing Assets/Asset/Map/TileMap/Wall Tile/Sand_ground_699.asset using Guid(cf90fec16ab79ac49a13e56ff79c0d32) Importer(815301076,1909f56bfc062723c751e8b465ee728b) (PreviewImporter) -> (artifact id: '76738a8207c4f459bde9538338c76476') in 0.0053375 seconds
Number of updated asset objects reloaded before import = 0Number of asset objects unloaded after import = 3

========================================================================
Received Import Request.
  Time since last request: 894.826605 seconds.
  path: Assets/Asset/Map/TileMap/Object Tile/Objects_55.asset
  artifactKey: Guid(015a00ad555fb4f4ab9eb91262d67ab0) Importer(815301076,1909f56bfc062723c751e8b465ee728b)
Start importing Assets/Asset/Map/TileMap/Object Tile/Objects_55.asset using Guid(015a00ad555fb4f4ab9eb91262d67ab0) Importer(815301076,1909f56bfc062723c751e8b465ee728b) (PreviewImporter) -> (artifact id: 'bac150077f0045a65c8c75fc40943cef') in 0.0288658 seconds
Number of updated asset objects reloaded before import = 0Number of asset objects unloaded after import = 3

========================================================================
Received Import Request.
  Time since last request: 0.000026 seconds.
  path: Assets/Asset/Map/TileMap/Object Tile/Objects_59.asset
  artifactKey: Guid(9ded2d041722d90429335788c46bf52e) Importer(815301076,1909f56bfc062723c751e8b465ee728b)
Start importing Assets/Asset/Map/TileMap/Object Tile/Objects_59.asset using Guid(9ded2d041722d90429335788c46bf52e) Importer(815301076,1909f56bfc062723c751e8b465ee728b) (PreviewImporter) -> (artifact id: '854a9986034c4a9ef3a7b63737ba5991') in 0.02309 seconds
Number of updated asset objects reloaded before import = 0Number of asset objects unloaded after import = 3

========================================================================
Received Import Request.
  Time since last request: 0.000016 seconds.
  path: Assets/Asset/Map/TileMap/Object Tile/Objects_56.asset
  artifactKey: Guid(e054b47052c00ee439260c9e34aacfd2) Importer(815301076,1909f56bfc062723c751e8b465ee728b)
Start importing Assets/Asset/Map/TileMap/Object Tile/Objects_56.asset using Guid(e054b47052c00ee439260c9e34aacfd2) Importer(815301076,1909f56bfc062723c751e8b465ee728b) (PreviewImporter) -> (artifact id: 'ca19c365fe5a25e5b994f93c980d79e5') in 0.0203003 seconds
Number of updated asset objects reloaded before import = 0Number of asset objects unloaded after import = 3

========================================================================
Received Import Request.
  Time since last request: 0.000023 seconds.
  path: Assets/Asset/Map/TileMap/Object Tile/Objects_76.asset
  artifactKey: Guid(37c8ac0cd42f0284aaa0bef6e5f8d1a8) Importer(815301076,1909f56bfc062723c751e8b465ee728b)
Start importing Assets/Asset/Map/TileMap/Object Tile/Objects_76.asset using Guid(37c8ac0cd42f0284aaa0bef6e5f8d1a8) Importer(815301076,1909f56bfc062723c751e8b465ee728b) (PreviewImporter) -> (artifact id: '63f627eb62e9574f2e7ef8db50a60d53') in 0.0191507 seconds
Number of updated asset objects reloaded before import = 0Number of asset objects unloaded after import = 3

========================================================================
Received Import Request.
  Time since last request: 0.000025 seconds.
  path: Assets/Asset/Map/TileMap/Object Tile/Objects_80.asset
  artifactKey: Guid(92bf919ab84ac8049afac4f29f6425ed) Importer(815301076,1909f56bfc062723c751e8b465ee728b)
Start importing Assets/Asset/Map/TileMap/Object Tile/Objects_80.asset using Guid(92bf919ab84ac8049afac4f29f6425ed) Importer(815301076,1909f56bfc062723c751e8b465ee728b) (PreviewImporter) -> (artifact id: '2ec5c199b21712363a7109097e8a5c5f') in 0.0277067 seconds
Number of updated asset objects reloaded before import = 0Number of asset objects unloaded after import = 3

========================================================================
Received Import Request.
  Time since last request: 0.000045 seconds.
  path: Assets/Asset/Map/TileMap/Object Tile/Objects_64.asset
  artifactKey: Guid(6990f89af77d3ad40b8f5e886a0b15dc) Importer(815301076,1909f56bfc062723c751e8b465ee728b)
Start importing Assets/Asset/Map/TileMap/Object Tile/Objects_64.asset using Guid(6990f89af77d3ad40b8f5e886a0b15dc) Importer(815301076,1909f56bfc062723c751e8b465ee728b) (PreviewImporter) -> (artifact id: 'ad56a539569b6b43e196b8787fd9c5ad') in 0.023899 seconds
Number of updated asset objects reloaded before import = 0Number of asset objects unloaded after import = 3

========================================================================
Received Import Request.
  Time since last request: 0.000037 seconds.
  path: Assets/Asset/Map/TileMap/Object Tile/Objects_89.asset
  artifactKey: Guid(d9951027ed22c674f8ac37b867d1e138) Importer(815301076,1909f56bfc062723c751e8b465ee728b)
Start importing Assets/Asset/Map/TileMap/Object Tile/Objects_89.asset using Guid(d9951027ed22c674f8ac37b867d1e138) Importer(815301076,1909f56bfc062723c751e8b465ee728b) (PreviewImporter) -> (artifact id: 'f986580824b4b79b1a89636122945572') in 0.023019 seconds
Number of updated asset objects reloaded before import = 0Number of asset objects unloaded after import = 3

========================================================================
Received Import Request.
  Time since last request: 0.000022 seconds.
  path: Assets/Asset/Map/TileMap/Object Tile/Objects_108.asset
  artifactKey: Guid(036e5ea48c5c978448e57d3124944a0a) Importer(815301076,1909f56bfc062723c751e8b465ee728b)
Start importing Assets/Asset/Map/TileMap/Object Tile/Objects_108.asset using Guid(036e5ea48c5c978448e57d3124944a0a) Importer(815301076,1909f56bfc062723c751e8b465ee728b) (PreviewImporter) -> (artifact id: '359e2378821749099c853c44910ba72a') in 0.023788 seconds
Number of updated asset objects reloaded before import = 0Number of asset objects unloaded after import = 3

========================================================================
Received Import Request.
  Time since last request: 0.000034 seconds.
  path: Assets/Asset/Map/TileMap/Object Tile/Objects_112.asset
  artifactKey: Guid(b5f08d36d49e7734fa67b06939489ce3) Importer(815301076,1909f56bfc062723c751e8b465ee728b)
Start importing Assets/Asset/Map/TileMap/Object Tile/Objects_112.asset using Guid(b5f08d36d49e7734fa67b06939489ce3) Importer(815301076,1909f56bfc062723c751e8b465ee728b) (PreviewImporter) -> (artifact id: 'c91fcd08249833d869d25fa64260ff7a') in 0.0232807 seconds
Number of updated asset objects reloaded before import = 0Number of asset objects unloaded after import = 3

========================================================================
Received Import Request.
  Time since last request: 0.000019 seconds.
  path: Assets/Asset/Map/TileMap/Object Tile/Objects_116.asset
  artifactKey: Guid(85c957b7e2ffff74b99c7bce17d8a5ad) Importer(815301076,1909f56bfc062723c751e8b465ee728b)
Start importing Assets/Asset/Map/TileMap/Object Tile/Objects_116.asset using Guid(85c957b7e2ffff74b99c7bce17d8a5ad) Importer(815301076,1909f56bfc062723c751e8b465ee728b) (PreviewImporter) -> (artifact id: 'c164cb1b359176c429048b3f92f6dae4') in 0.0219156 seconds
Number of updated asset objects reloaded before import = 0Number of asset objects unloaded after import = 3

========================================================================
Received Import Request.
  Time since last request: 0.000024 seconds.
  path: Assets/Asset/Map/TileMap/Object Tile/Objects_119.asset
  artifactKey: Guid(6791ce037d1cb1740bbc550bac4cc74d) Importer(815301076,1909f56bfc062723c751e8b465ee728b)
Start importing Assets/Asset/Map/TileMap/Object Tile/Objects_119.asset using Guid(6791ce037d1cb1740bbc550bac4cc74d) Importer(815301076,1909f56bfc062723c751e8b465ee728b) (PreviewImporter) -> (artifact id: 'e3a5010bbe13f30fec9838c741747e26') in 0.0235088 seconds
Number of updated asset objects reloaded before import = 0Number of asset objects unloaded after import = 3

========================================================================
Received Import Request.
  Time since last request: 0.000035 seconds.
  path: Assets/Asset/Map/TileMap/Object Tile/Objects_138.asset
  artifactKey: Guid(6579e06d776bd6a419bc1d62000c6c35) Importer(815301076,1909f56bfc062723c751e8b465ee728b)
Start importing Assets/Asset/Map/TileMap/Object Tile/Objects_138.asset using Guid(6579e06d776bd6a419bc1d62000c6c35) Importer(815301076,1909f56bfc062723c751e8b465ee728b) (PreviewImporter) -> (artifact id: 'd2074d3d603c8a7be05d3f3b2ecc9f4e') in 0.0209068 seconds
Number of updated asset objects reloaded before import = 0Number of asset objects unloaded after import = 3

========================================================================
Received Import Request.
  Time since last request: 0.000023 seconds.
  path: Assets/Asset/Map/TileMap/Object Tile/Objects_141.asset
  artifactKey: Guid(b230a57149d4b3f4380642b60fa6ccea) Importer(815301076,1909f56bfc062723c751e8b465ee728b)
Start importing Assets/Asset/Map/TileMap/Object Tile/Objects_141.asset using Guid(b230a57149d4b3f4380642b60fa6ccea) Importer(815301076,1909f56bfc062723c751e8b465ee728b) (PreviewImporter) -> (artifact id: 'c9331c41b6f96f4f1aca15071f2b0160') in 0.0226094 seconds
Number of updated asset objects reloaded before import = 0Number of asset objects unloaded after import = 3

========================================================================
Received Import Request.
  Time since last request: 0.000033 seconds.
  path: Assets/Asset/Map/TileMap/Object Tile/Objects_150.asset
  artifactKey: Guid(1726c16de7c5f3943879709c311d621e) Importer(815301076,1909f56bfc062723c751e8b465ee728b)
Start importing Assets/Asset/Map/TileMap/Object Tile/Objects_150.asset using Guid(1726c16de7c5f3943879709c311d621e) Importer(815301076,1909f56bfc062723c751e8b465ee728b) (PreviewImporter) -> (artifact id: '814c6786925a79007a46949c6636c442') in 0.0248832 seconds
Number of updated asset objects reloaded before import = 0Number of asset objects unloaded after import = 3

========================================================================
Received Import Request.
  Time since last request: 0.000032 seconds.
  path: Assets/Asset/Map/TileMap/Object Tile/Objects_121.asset
  artifactKey: Guid(edf9d349ce6ef1047b9066c5044b0c69) Importer(815301076,1909f56bfc062723c751e8b465ee728b)
Start importing Assets/Asset/Map/TileMap/Object Tile/Objects_121.asset using Guid(edf9d349ce6ef1047b9066c5044b0c69) Importer(815301076,1909f56bfc062723c751e8b465ee728b) (PreviewImporter) -> (artifact id: 'd9ed7e84c087556d311f8a42c2f94480') in 0.0208462 seconds
Number of updated asset objects reloaded before import = 0Number of asset objects unloaded after import = 3

========================================================================
Received Import Request.
  Time since last request: 0.000031 seconds.
  path: Assets/Asset/Map/TileMap/Object Tile/Objects_143.asset
  artifactKey: Guid(cea2a6409e0e51144be54e8e3af2161f) Importer(815301076,1909f56bfc062723c751e8b465ee728b)
Start importing Assets/Asset/Map/TileMap/Object Tile/Objects_143.asset using Guid(cea2a6409e0e51144be54e8e3af2161f) Importer(815301076,1909f56bfc062723c751e8b465ee728b) (PreviewImporter) -> (artifact id: '736d0a49689e59c7854db368054bcd1d') in 0.0236868 seconds
Number of updated asset objects reloaded before import = 0Number of asset objects unloaded after import = 3

========================================================================
Received Import Request.
  Time since last request: 0.000042 seconds.
  path: Assets/Asset/Map/TileMap/Object Tile/Objects_126.asset
  artifactKey: Guid(56abe49d2ad6f1a45abaeae03af8033e) Importer(815301076,1909f56bfc062723c751e8b465ee728b)
Start importing Assets/Asset/Map/TileMap/Object Tile/Objects_126.asset using Guid(56abe49d2ad6f1a45abaeae03af8033e) Importer(815301076,1909f56bfc062723c751e8b465ee728b) (PreviewImporter) -> (artifact id: 'f2f97042196601ef24896bbaad8a4783') in 0.0221683 seconds
Number of updated asset objects reloaded before import = 0Number of asset objects unloaded after import = 3

========================================================================
Received Import Request.
  Time since last request: 0.000035 seconds.
  path: Assets/Asset/Map/TileMap/Object Tile/Objects_94.asset
  artifactKey: Guid(dc446842921d8bb44ad1990e06cbbd0d) Importer(815301076,1909f56bfc062723c751e8b465ee728b)
Start importing Assets/Asset/Map/TileMap/Object Tile/Objects_94.asset using Guid(dc446842921d8bb44ad1990e06cbbd0d) Importer(815301076,1909f56bfc062723c751e8b465ee728b) (PreviewImporter) -> (artifact id: '86a2d3e7a1f701a6564935e1ecdbf377') in 0.0088157 seconds
Number of updated asset objects reloaded before import = 0Number of asset objects unloaded after import = 3

========================================================================
Received Import Request.
  Time since last request: 0.000041 seconds.
  path: Assets/Asset/Map/TileMap/Object Tile/Objects_132.asset
  artifactKey: Guid(ed1f77053ffc1034eb61717c46d9ccf2) Importer(815301076,1909f56bfc062723c751e8b465ee728b)
Start importing Assets/Asset/Map/TileMap/Object Tile/Objects_132.asset using Guid(ed1f77053ffc1034eb61717c46d9ccf2) Importer(815301076,1909f56bfc062723c751e8b465ee728b) (PreviewImporter) -> (artifact id: 'b5dd5fdabed2a520a98b6b3f2ed27f83') in 0.024874 seconds
Number of updated asset objects reloaded before import = 0Number of asset objects unloaded after import = 3

========================================================================
Received Import Request.
  Time since last request: 0.000039 seconds.
  path: Assets/Asset/Map/TileMap/Object Tile/Objects_75.asset
  artifactKey: Guid(5e3f8017d84841d4a9fb22fa4344e05a) Importer(815301076,1909f56bfc062723c751e8b465ee728b)
Start importing Assets/Asset/Map/TileMap/Object Tile/Objects_75.asset using Guid(5e3f8017d84841d4a9fb22fa4344e05a) Importer(815301076,1909f56bfc062723c751e8b465ee728b) (PreviewImporter) -> (artifact id: 'b0cedc91becc1d54766d74e93aa3686a') in 0.0225524 seconds
Number of updated asset objects reloaded before import = 0Number of asset objects unloaded after import = 3

========================================================================
Received Import Request.
  Time since last request: 0.000028 seconds.
  path: Assets/Asset/Map/TileMap/Object Tile/Objects_90.asset
  artifactKey: Guid(303845fc9009c054482427fc0fd37a96) Importer(815301076,1909f56bfc062723c751e8b465ee728b)
Start importing Assets/Asset/Map/TileMap/Object Tile/Objects_90.asset using Guid(303845fc9009c054482427fc0fd37a96) Importer(815301076,1909f56bfc062723c751e8b465ee728b) (PreviewImporter) -> (artifact id: 'a2737b6876c34c0b52ee16b32e784e47') in 0.023059 seconds
Number of updated asset objects reloaded before import = 0Number of asset objects unloaded after import = 3

========================================================================
Received Import Request.
  Time since last request: 0.000030 seconds.
  path: Assets/Asset/Map/TileMap/Object Tile/Objects_77.asset
  artifactKey: Guid(652c56da7910df04389682cd0c3438c2) Importer(815301076,1909f56bfc062723c751e8b465ee728b)
Start importing Assets/Asset/Map/TileMap/Object Tile/Objects_77.asset using Guid(652c56da7910df04389682cd0c3438c2) Importer(815301076,1909f56bfc062723c751e8b465ee728b) (PreviewImporter) -> (artifact id: '2948e2b659dc48bfc65c30f968ab7693') in 0.0202296 seconds
Number of updated asset objects reloaded before import = 0Number of asset objects unloaded after import = 3

========================================================================
Received Import Request.
  Time since last request: 0.000028 seconds.
  path: Assets/Asset/Map/TileMap/Object Tile/Objects_148.asset
  artifactKey: Guid(93042f6768d6ebc49ab88543abfd2609) Importer(815301076,1909f56bfc062723c751e8b465ee728b)
Start importing Assets/Asset/Map/TileMap/Object Tile/Objects_148.asset using Guid(93042f6768d6ebc49ab88543abfd2609) Importer(815301076,1909f56bfc062723c751e8b465ee728b) (PreviewImporter) -> (artifact id: 'dd29a62bfdcbd8839d5288afa5a419fa') in 0.0237976 seconds
Number of updated asset objects reloaded before import = 0Number of asset objects unloaded after import = 3

========================================================================
Received Import Request.
  Time since last request: 0.000020 seconds.
  path: Assets/Asset/Map/TileMap/Object Tile/Objects_95.asset
  artifactKey: Guid(a6689cca047e8464796b82b36d385bb3) Importer(815301076,1909f56bfc062723c751e8b465ee728b)
Start importing Assets/Asset/Map/TileMap/Object Tile/Objects_95.asset using Guid(a6689cca047e8464796b82b36d385bb3) Importer(815301076,1909f56bfc062723c751e8b465ee728b) (PreviewImporter) -> (artifact id: 'f9fe73a9bb2001ecf9ad8ad01526fdb4') in 0.0062116 seconds
Number of updated asset objects reloaded before import = 0Number of asset objects unloaded after import = 3

========================================================================
Received Import Request.
  Time since last request: 0.000035 seconds.
  path: Assets/Asset/Map/TileMap/Object Tile/Objects_73.asset
  artifactKey: Guid(55ed1f2ca759f8b43a3e48cff08d2064) Importer(815301076,1909f56bfc062723c751e8b465ee728b)
Start importing Assets/Asset/Map/TileMap/Object Tile/Objects_73.asset using Guid(55ed1f2ca759f8b43a3e48cff08d2064) Importer(815301076,1909f56bfc062723c751e8b465ee728b) (PreviewImporter) -> (artifact id: '262d3dbf3fe9f005780a58aa642a84df') in 0.0223325 seconds
Number of updated asset objects reloaded before import = 0Number of asset objects unloaded after import = 3

========================================================================
Received Import Request.
  Time since last request: 0.000022 seconds.
  path: Assets/Asset/Map/TileMap/Object Tile/Objects_135.asset
  artifactKey: Guid(0258c6cae9c23e244b0789af928d0c0b) Importer(815301076,1909f56bfc062723c751e8b465ee728b)
Start importing Assets/Asset/Map/TileMap/Object Tile/Objects_135.asset using Guid(0258c6cae9c23e244b0789af928d0c0b) Importer(815301076,1909f56bfc062723c751e8b465ee728b) (PreviewImporter) -> (artifact id: 'd4a0804552f4db190729c25861cce74c') in 0.0208285 seconds
Number of updated asset objects reloaded before import = 0Number of asset objects unloaded after import = 3

========================================================================
Received Import Request.
  Time since last request: 0.000056 seconds.
  path: Assets/Asset/Map/TileMap/Object Tile/Objects_145.asset
  artifactKey: Guid(c1455aab7276ebf429cef69b68902448) Importer(815301076,1909f56bfc062723c751e8b465ee728b)
Start importing Assets/Asset/Map/TileMap/Object Tile/Objects_145.asset using Guid(c1455aab7276ebf429cef69b68902448) Importer(815301076,1909f56bfc062723c751e8b465ee728b) (PreviewImporter) -> (artifact id: 'b5abdbb4101550db140dbce039b77584') in 0.0325316 seconds
Number of updated asset objects reloaded before import = 0Number of asset objects unloaded after import = 3

========================================================================
Received Import Request.
  Time since last request: 0.000034 seconds.
  path: Assets/Asset/Map/TileMap/Object Tile/Objects_72.asset
  artifactKey: Guid(2ed3f2238fabae442aeb2a69cb6d989b) Importer(815301076,1909f56bfc062723c751e8b465ee728b)
Start importing Assets/Asset/Map/TileMap/Object Tile/Objects_72.asset using Guid(2ed3f2238fabae442aeb2a69cb6d989b) Importer(815301076,1909f56bfc062723c751e8b465ee728b) (PreviewImporter) -> (artifact id: '31a8db3ec3446237a18fe6a2df0e1dc1') in 0.0068769 seconds
Number of updated asset objects reloaded before import = 0Number of asset objects unloaded after import = 3

========================================================================
Received Import Request.
  Time since last request: 0.000018 seconds.
  path: Assets/Asset/Map/TileMap/Object Tile/Objects_105.asset
  artifactKey: Guid(cd313af6c6e39234b887ba21add1d800) Importer(815301076,1909f56bfc062723c751e8b465ee728b)
Start importing Assets/Asset/Map/TileMap/Object Tile/Objects_105.asset using Guid(cd313af6c6e39234b887ba21add1d800) Importer(815301076,1909f56bfc062723c751e8b465ee728b) (PreviewImporter) -> (artifact id: 'd781b8246be60c2ba2de2b2ee00225cc') in 0.0076531 seconds
Number of updated asset objects reloaded before import = 0Number of asset objects unloaded after import = 3

========================================================================
Received Import Request.
  Time since last request: 0.000018 seconds.
  path: Assets/Asset/Map/TileMap/Object Tile/Objects_66.asset
  artifactKey: Guid(d4a0fe9a07ecdfa48a3b1a7db54859d9) Importer(815301076,1909f56bfc062723c751e8b465ee728b)
Start importing Assets/Asset/Map/TileMap/Object Tile/Objects_66.asset using Guid(d4a0fe9a07ecdfa48a3b1a7db54859d9) Importer(815301076,1909f56bfc062723c751e8b465ee728b) (PreviewImporter) -> (artifact id: 'f7ff13600741ede157615bd9557872a0') in 0.0227062 seconds
Number of updated asset objects reloaded before import = 0Number of asset objects unloaded after import = 3

========================================================================
Received Import Request.
  Time since last request: 0.000047 seconds.
  path: Assets/Asset/Map/TileMap/Object Tile/Objects_87.asset
  artifactKey: Guid(e17669523071458449dbce3460f63f5e) Importer(815301076,1909f56bfc062723c751e8b465ee728b)
Start importing Assets/Asset/Map/TileMap/Object Tile/Objects_87.asset using Guid(e17669523071458449dbce3460f63f5e) Importer(815301076,1909f56bfc062723c751e8b465ee728b) (PreviewImporter) -> (artifact id: 'bbf281808b4286c1944234664b610415') in 0.0078084 seconds
Number of updated asset objects reloaded before import = 0Number of asset objects unloaded after import = 3

========================================================================
Received Import Request.
  Time since last request: 0.000025 seconds.
  path: Assets/Asset/Map/TileMap/Object Tile/Objects_99.asset
  artifactKey: Guid(d472d6bb947c24e47be6337907bed5cd) Importer(815301076,1909f56bfc062723c751e8b465ee728b)
Start importing Assets/Asset/Map/TileMap/Object Tile/Objects_99.asset using Guid(d472d6bb947c24e47be6337907bed5cd) Importer(815301076,1909f56bfc062723c751e8b465ee728b) (PreviewImporter) -> (artifact id: 'c15bfde84a8f886910f6da2440fd0ca4') in 0.0077472 seconds
Number of updated asset objects reloaded before import = 0Number of asset objects unloaded after import = 3

========================================================================
Received Import Request.
  Time since last request: 0.000032 seconds.
  path: Assets/Asset/Map/TileMap/Object Tile/Objects_151.asset
  artifactKey: Guid(8889925c33b7bff4298d1ed942847d1f) Importer(815301076,1909f56bfc062723c751e8b465ee728b)
Start importing Assets/Asset/Map/TileMap/Object Tile/Objects_151.asset using Guid(8889925c33b7bff4298d1ed942847d1f) Importer(815301076,1909f56bfc062723c751e8b465ee728b) (PreviewImporter) -> (artifact id: '5fdfd622ef498ca43898898ab9839114') in 0.0258498 seconds
Number of updated asset objects reloaded before import = 0Number of asset objects unloaded after import = 3

========================================================================
Received Import Request.
  Time since last request: 0.000026 seconds.
  path: Assets/Asset/Map/TileMap/Object Tile/Objects_86.asset
  artifactKey: Guid(e4b1627fde2ff9a4c81beee66aab8309) Importer(815301076,1909f56bfc062723c751e8b465ee728b)
Start importing Assets/Asset/Map/TileMap/Object Tile/Objects_86.asset using Guid(e4b1627fde2ff9a4c81beee66aab8309) Importer(815301076,1909f56bfc062723c751e8b465ee728b) (PreviewImporter) -> (artifact id: '54a592ee3200acc757e90daa02bb1ab6') in 0.0074809 seconds
Number of updated asset objects reloaded before import = 0Number of asset objects unloaded after import = 3

========================================================================
Received Import Request.
  Time since last request: 0.000032 seconds.
  path: Assets/Asset/Map/TileMap/Object Tile/Objects_93.asset
  artifactKey: Guid(f1f51659dc70f0040910962ad6ae630f) Importer(815301076,1909f56bfc062723c751e8b465ee728b)
Start importing Assets/Asset/Map/TileMap/Object Tile/Objects_93.asset using Guid(f1f51659dc70f0040910962ad6ae630f) Importer(815301076,1909f56bfc062723c751e8b465ee728b) (PreviewImporter) -> (artifact id: 'da91f1adaaa0bf80b58790f1090598aa') in 0.0066147 seconds
Number of updated asset objects reloaded before import = 0Number of asset objects unloaded after import = 3

========================================================================
Received Import Request.
  Time since last request: 0.000041 seconds.
  path: Assets/Asset/Map/TileMap/Object Tile/Objects_133.asset
  artifactKey: Guid(b02a89d764aefc84ea682cd19c88e708) Importer(815301076,1909f56bfc062723c751e8b465ee728b)
Start importing Assets/Asset/Map/TileMap/Object Tile/Objects_133.asset using Guid(b02a89d764aefc84ea682cd19c88e708) Importer(815301076,1909f56bfc062723c751e8b465ee728b) (PreviewImporter) -> (artifact id: '83c2da5257a391bc202368e00d30dc28') in 0.0253607 seconds
Number of updated asset objects reloaded before import = 0Number of asset objects unloaded after import = 3

========================================================================
Received Import Request.
  Time since last request: 0.000027 seconds.
  path: Assets/Asset/Map/TileMap/Object Tile/Objects_111.asset
  artifactKey: Guid(f2ea3178191410541b8e8c8cffdd6e07) Importer(815301076,1909f56bfc062723c751e8b465ee728b)
Start importing Assets/Asset/Map/TileMap/Object Tile/Objects_111.asset using Guid(f2ea3178191410541b8e8c8cffdd6e07) Importer(815301076,1909f56bfc062723c751e8b465ee728b) (PreviewImporter) -> (artifact id: '2db9ba6ebc9b1311490480f9cef80b47') in 0.0219665 seconds
Number of updated asset objects reloaded before import = 0Number of asset objects unloaded after import = 3

========================================================================
Received Import Request.
  Time since last request: 0.000030 seconds.
  path: Assets/Asset/Map/TileMap/Object Tile/Objects_102.asset
  artifactKey: Guid(058555b540c72984693c91312a2a6247) Importer(815301076,1909f56bfc062723c751e8b465ee728b)
Start importing Assets/Asset/Map/TileMap/Object Tile/Objects_102.asset using Guid(058555b540c72984693c91312a2a6247) Importer(815301076,1909f56bfc062723c751e8b465ee728b) (PreviewImporter) -> (artifact id: '401a4f01dca0640361f184af331b7181') in 0.0194814 seconds
Number of updated asset objects reloaded before import = 0Number of asset objects unloaded after import = 3

========================================================================
Received Import Request.
  Time since last request: 0.000034 seconds.
  path: Assets/Asset/Map/TileMap/Object Tile/Objects_57.asset
  artifactKey: Guid(4f814cf1df15b4d49a147504ef5ab24d) Importer(815301076,1909f56bfc062723c751e8b465ee728b)
Start importing Assets/Asset/Map/TileMap/Object Tile/Objects_57.asset using Guid(4f814cf1df15b4d49a147504ef5ab24d) Importer(815301076,1909f56bfc062723c751e8b465ee728b) (PreviewImporter) -> (artifact id: '864d4d920b3c48e9dc646b8e5721cf24') in 0.0062933 seconds
Number of updated asset objects reloaded before import = 0Number of asset objects unloaded after import = 3

========================================================================
Received Import Request.
  Time since last request: 0.000032 seconds.
  path: Assets/Asset/Map/TileMap/Object Tile/Objects_120.asset
  artifactKey: Guid(c2e2e6745f7d80c46bfa528b48dae92e) Importer(815301076,1909f56bfc062723c751e8b465ee728b)
Start importing Assets/Asset/Map/TileMap/Object Tile/Objects_120.asset using Guid(c2e2e6745f7d80c46bfa528b48dae92e) Importer(815301076,1909f56bfc062723c751e8b465ee728b) (PreviewImporter) -> (artifact id: '7b8cf61f0c47bcc3a0199fe36a0395b6') in 0.0219798 seconds
Number of updated asset objects reloaded before import = 0Number of asset objects unloaded after import = 3

========================================================================
Received Import Request.
  Time since last request: 0.000038 seconds.
  path: Assets/Asset/Map/TileMap/Object Tile/Objects_79.asset
  artifactKey: Guid(9b44b4fc324c88d4e87e99966b8e2b12) Importer(815301076,1909f56bfc062723c751e8b465ee728b)
Start importing Assets/Asset/Map/TileMap/Object Tile/Objects_79.asset using Guid(9b44b4fc324c88d4e87e99966b8e2b12) Importer(815301076,1909f56bfc062723c751e8b465ee728b) (PreviewImporter) -> (artifact id: '5607f3b4ec0f8403511d15fb55bf2632') in 0.0079815 seconds
Number of updated asset objects reloaded before import = 0Number of asset objects unloaded after import = 3

========================================================================
Received Import Request.
  Time since last request: 0.000033 seconds.
  path: Assets/Asset/Map/TileMap/Object Tile/Objects_117.asset
  artifactKey: Guid(37d5f2b144876694e87526e718615ca0) Importer(815301076,1909f56bfc062723c751e8b465ee728b)
Start importing Assets/Asset/Map/TileMap/Object Tile/Objects_117.asset using Guid(37d5f2b144876694e87526e718615ca0) Importer(815301076,1909f56bfc062723c751e8b465ee728b) (PreviewImporter) -> (artifact id: '8e76958c7e8f857ffc16b0c30564f2a6') in 0.0235381 seconds
Number of updated asset objects reloaded before import = 0Number of asset objects unloaded after import = 3

========================================================================
Received Import Request.
  Time since last request: 0.000020 seconds.
  path: Assets/Asset/Map/TileMap/Object Tile/Objects_139.asset
  artifactKey: Guid(f0ba6cdae2ed14d4783fe9cb2389f74d) Importer(815301076,1909f56bfc062723c751e8b465ee728b)
Start importing Assets/Asset/Map/TileMap/Object Tile/Objects_139.asset using Guid(f0ba6cdae2ed14d4783fe9cb2389f74d) Importer(815301076,1909f56bfc062723c751e8b465ee728b) (PreviewImporter) -> (artifact id: '6db5edf7575b072e65491ed0651a8b8f') in 0.0225222 seconds
Number of updated asset objects reloaded before import = 0Number of asset objects unloaded after import = 3

========================================================================
Received Import Request.
  Time since last request: 0.000022 seconds.
  path: Assets/Asset/Map/TileMap/Object Tile/Objects_109.asset
  artifactKey: Guid(b1293c3e5c5d0a24f9f7ccda31369276) Importer(815301076,1909f56bfc062723c751e8b465ee728b)
Start importing Assets/Asset/Map/TileMap/Object Tile/Objects_109.asset using Guid(b1293c3e5c5d0a24f9f7ccda31369276) Importer(815301076,1909f56bfc062723c751e8b465ee728b) (PreviewImporter) -> (artifact id: 'f482bbb6fe9a3c42b222522bca030920') in 0.0218441 seconds
Number of updated asset objects reloaded before import = 0Number of asset objects unloaded after import = 3

========================================================================
Received Import Request.
  Time since last request: 0.000015 seconds.
  path: Assets/Asset/Map/TileMap/Object Tile/Objects_124.asset
  artifactKey: Guid(ac0880c95e80947408e49645fad9aa03) Importer(815301076,1909f56bfc062723c751e8b465ee728b)
Start importing Assets/Asset/Map/TileMap/Object Tile/Objects_124.asset using Guid(ac0880c95e80947408e49645fad9aa03) Importer(815301076,1909f56bfc062723c751e8b465ee728b) (PreviewImporter) -> (artifact id: 'ff0813ea760638089c3ccf9bc0895877') in 0.007557 seconds
Number of updated asset objects reloaded before import = 0Number of asset objects unloaded after import = 3

========================================================================
Received Import Request.
  Time since last request: 0.000042 seconds.
  path: Assets/Asset/Map/TileMap/Object Tile/Objects_98.asset
  artifactKey: Guid(9b4d253c68c4b704eb6934542fbbdc60) Importer(815301076,1909f56bfc062723c751e8b465ee728b)
Start importing Assets/Asset/Map/TileMap/Object Tile/Objects_98.asset using Guid(9b4d253c68c4b704eb6934542fbbdc60) Importer(815301076,1909f56bfc062723c751e8b465ee728b) (PreviewImporter) -> (artifact id: '7dc1be40b314cc363026f3abf98979f1') in 0.0241284 seconds
Number of updated asset objects reloaded before import = 0Number of asset objects unloaded after import = 3

========================================================================
Received Import Request.
  Time since last request: 0.000034 seconds.
  path: Assets/Asset/Map/TileMap/Object Tile/Objects_114.asset
  artifactKey: Guid(d808076b630ad1a40bf817446927b012) Importer(815301076,1909f56bfc062723c751e8b465ee728b)
Start importing Assets/Asset/Map/TileMap/Object Tile/Objects_114.asset using Guid(d808076b630ad1a40bf817446927b012) Importer(815301076,1909f56bfc062723c751e8b465ee728b) (PreviewImporter) -> (artifact id: '79dccd769639dbaafd7e62c155694198') in 0.0084974 seconds
Number of updated asset objects reloaded before import = 0Number of asset objects unloaded after import = 3

========================================================================
Received Import Request.
  Time since last request: 0.000026 seconds.
  path: Assets/Asset/Map/TileMap/Object Tile/Objects_65.asset
  artifactKey: Guid(affe5b959403b8f40a230fafc2a7a37b) Importer(815301076,1909f56bfc062723c751e8b465ee728b)
Start importing Assets/Asset/Map/TileMap/Object Tile/Objects_65.asset using Guid(affe5b959403b8f40a230fafc2a7a37b) Importer(815301076,1909f56bfc062723c751e8b465ee728b) (PreviewImporter) -> (artifact id: 'd58d34a4499772770f61b980b30c30e6') in 0.0246097 seconds
Number of updated asset objects reloaded before import = 0Number of asset objects unloaded after import = 3

========================================================================
Received Import Request.
  Time since last request: 0.000018 seconds.
  path: Assets/Asset/Map/TileMap/Object Tile/Objects_128.asset
  artifactKey: Guid(f2b38e18064c9a14abd23beb29555021) Importer(815301076,1909f56bfc062723c751e8b465ee728b)
Start importing Assets/Asset/Map/TileMap/Object Tile/Objects_128.asset using Guid(f2b38e18064c9a14abd23beb29555021) Importer(815301076,1909f56bfc062723c751e8b465ee728b) (PreviewImporter) -> (artifact id: '74a273d24f91258d68b97a6e31eeae25') in 0.0257702 seconds
Number of updated asset objects reloaded before import = 0Number of asset objects unloaded after import = 3

Editor requested this worker to shutdown with reason: Scaling down because of idle timeout
AssetImportWorker is now disconnected from the server
Process exiting
Exiting without the bug reporter. Application will terminate with return code 0