[Licensing::Module] Trying to connect to existing licensing client channel...
Built from '6000.3/respin/6000.3.1f1-f56f53296c2c' branch; Version is '6000.3.1f1 (37142da19a94) revision 3609645'; Using compiler version '194234433'; Build Type 'Release'
[Licensing::IpcConnector] Successfully connected to: "LicenseClient-신명근" at "2025-12-17T19:27:50.3123567Z"
OS: 'Windows 11  (10.0.26100) 64bit Core' Language: 'ko' Physical Memory: 32491 MB
BatchMode: 1, IsHumanControllingUs: 0, StartBugReporterOnCrash: 0, Is64bit: 1
Date: 2025-12-17T19:27:50Z

COMMAND LINE ARGUMENTS:
C:\Unity Editor\6000.3.1f1\Editor\Unity.exe
-adb2
-batchMode
-noUpm
-name
AssetImportWorker45
-projectPath
C:/Unity Project/GamZem
-logFile
Logs/AssetImportWorker45.log
-srvPort
58655
-licensingIpc
LicenseClient-신명근
-job-worker-count
15
-background-job-worker-count
8
-gc-helper-count
1
-name
AssetImport
Successfully changed project path to: C:/Unity Project/GamZem
C:/Unity Project/GamZem
[UnityMemory] Configuration Parameters - Can be set up in boot.config
    "memorysetup-temp-allocator-size-nav-mesh-worker=65536"
    "memorysetup-temp-allocator-size-audio-worker=65536"
    "memorysetup-temp-allocator-size-gfx=262144"
    "memorysetup-allocator-temp-initial-block-size-main=262144"
    "memorysetup-allocator-temp-initial-block-size-worker=262144"
    "memorysetup-temp-allocator-size-background-worker=32768"
    "memorysetup-temp-allocator-size-job-worker=262144"
    "memorysetup-temp-allocator-size-preload-manager=33554432"
    "memorysetup-temp-allocator-size-gi-baking-worker=262144"
    "memorysetup-temp-allocator-size-gi-baking-worker=262144"
    "memorysetup-temp-allocator-size-gi-baking-worker=262144"
    "memorysetup-temp-allocator-size-gi-baking-worker=262144"
    "memorysetup-temp-allocator-size-gi-baking-worker=262144"
    "memorysetup-bucket-allocator-granularity=16"
    "memorysetup-bucket-allocator-bucket-count=8"
    "memorysetup-bucket-allocator-block-size=33554432"
    "memorysetup-bucket-allocator-block-count=8"
    "memorysetup-main-allocator-block-size=16777216"
    "memorysetup-thread-allocator-block-size=16777216"
    "memorysetup-gfx-main-allocator-block-size=16777216"
    "memorysetup-gfx-thread-allocator-block-size=16777216"
    "memorysetup-cache-allocator-block-size=4194304"
    "memorysetup-typetree-allocator-block-size=2097152"
    "memorysetup-profiler-bucket-allocator-granularity=16"
    "memorysetup-profiler-bucket-allocator-bucket-count=8"
    "memorysetup-profiler-bucket-allocator-block-size=33554432"
    "memorysetup-profiler-bucket-allocator-block-count=8"
    "memorysetup-profiler-allocator-block-size=16777216"
    "memorysetup-profiler-editor-allocator-block-size=1048576"
    "memorysetup-temp-allocator-size-main=16777216"
    "memorysetup-job-temp-allocator-block-size=2097152"
    "memorysetup-job-temp-allocator-block-size-background=1048576"
    "memorysetup-job-temp-allocator-reduction-small-platforms=262144"
    "memorysetup-temp-allocator-size-cloud-worker=32768"
Player connection [46184]  Target information:

Player connection [46184]  * "[IP] 172.17.105.77 [Port] 0 [Flags] 2 [Guid] 3249068027 [EditorId] 3249068027 [Version] 1048832 [Id] WindowsEditor(7,TTingGS) [Debug] 1 [PackageName] WindowsEditor [ProjectName] Editor" 

Player connection [46184]  * "[IP] 192.168.137.1 [Port] 0 [Flags] 2 [Guid] 3249068027 [EditorId] 3249068027 [Version] 1048832 [Id] WindowsEditor(7,TTingGS) [Debug] 1 [PackageName] WindowsEditor [ProjectName] Editor" 

Player connection [46184] Host joined multi-casting on [225.0.0.222:54997]...
Player connection [46184] Host joined alternative multi-casting on [225.0.0.222:34997]...
JobSystem: Creating JobQueue using job-worker-count value 15
Input System module state changed to: Initialized.
[Physics::Module] Initialized fallback backend.
[Physics::Module] Id: 0xdecafbad
Library Redirect Path: Library/
[Physics::Module] Selected backend.
[Physics::Module] Name: PhysX
[Physics::Module] Id: 0xf2b8ea05
[Physics::Module] SDK Version: 4.1.2
[Physics::Module] Integration Version: 1.0.0
[Physics::Module] Threading Mode: Multi-Threaded
Refreshing native plugins compatible for Editor in 6.35 ms, found 4 plugins.
Preloading 0 native plugins for Editor in 0.00 ms.
Initialize engine version: 6000.3.1f1 (37142da19a94)
[Subsystems] Discovering subsystems at path C:/Unity Editor/6000.3.1f1/Editor/Data/Resources/UnitySubsystems
[Subsystems] Discovering subsystems at path C:/Unity Project/GamZem/Assets
GfxDevice: creating device client; kGfxThreadingModeNonThreaded
Direct3D:
    Version:  Direct3D 11.0 [level 11.1]
    Renderer: NVIDIA GeForce RTX 4070 Laptop GPU (ID=0x2860)
    Vendor:   NVIDIA
    VRAM:     7948 MB
    Driver:   32.0.15.6094
Initialize mono
Mono path[0] = 'C:/Unity Editor/6000.3.1f1/Editor/Data/Managed'
Mono path[1] = 'C:/Unity Editor/6000.3.1f1/Editor/Data/MonoBleedingEdge/lib/mono/unityjit-win32'
Mono config path = 'C:/Unity Editor/6000.3.1f1/Editor/Data/MonoBleedingEdge/etc'
Using monoOptions --debugger-agent=transport=dt_socket,embedding=1,server=y,suspend=n,address=127.0.0.1:56696
Begin MonoManager ReloadAssembly
Registering precompiled unity dll's ...
Register platform support module: C:/Unity Editor/6000.3.1f1/Editor/Data/PlaybackEngines/WindowsStandaloneSupport/UnityEditor.WindowsStandalone.Extensions.dll
[Licensing::Module] Licensing is not yet initialized.
[Licensing::Client] Error: HandshakeResponse reported an error:
	ResponseCode: 505
	ResponseStatus: Unsupported protocol version '1.17.4'.
[Licensing::Module] Error: Failed to handshake to channel: "LicenseClient-신명근"
[Licensing::IpcConnector] LicenseClient-신명근 channel disconnected successfully.
[Licensing::IpcConnector] Successfully connected to: "LicenseClient-신명근-6000.3.1" at "2025-12-17T19:27:51.7718038Z"
[Licensing::Client] Handshaking with LicensingClient:
  Version:                 1.17.4+4293ba1
  Session Id:              4381ea98cb434b96b04d7f7d86a64a24
  Correlation Id:          59de42ca91f0245af30488d335f8a9f5
  External correlation Id: 7951818267692974757
  Machine Id:              0M/ABMMGBGM+hP/9vJJ0T88awfw=
[Licensing::Module] Successfully connected to LicensingClient on channel: "LicenseClient-신명근-6000.3.1" (connect: 0.00s, validation: 0.00s, handshake: 0.98s)
[Licensing::IpcConnector] Successfully connected to: "LicenseClient-신명근-6000.3.1-notifications" at "2025-12-17T19:27:52.7562273Z"
[Licensing::Module] Licensing Background thread has ended after 2.44s
[Licensing::Module] Licensing is initialized (took 1.18s).
[Licensing::Client] Successfully resolved entitlement details
[Licensing::Module] License group:
  Id: 14569682563822-gwichana-UnityProStuXXXX
  Product: Unity Student
  Type: Assigned
  Expiration: 2026-10-04T14:32:33Z
Register platform support module: C:/Unity Editor/6000.3.1f1/Editor/Data/PlaybackEngines/AndroidPlayer/UnityEditor.Android.Extensions.dll
Registered in 1.179868 seconds.
- Loaded All Assemblies, in  1.663 seconds
Native extension for Android target not found
Android Extension - Scanning For ADB Devices 867 ms
Native extension for WindowsStandalone target not found
Mono: successfully reloaded assembly
- Finished resetting the current domain, in  1.454 seconds
Domain Reload Profiling: 3115ms
	BeginReloadAssembly (142ms)
		ExecutionOrderSort (0ms)
		DisableScriptedObjects (0ms)
		BackupInstance (0ms)
		ReleaseScriptingObjects (0ms)
		CreateAndSetChildDomain (1ms)
	RebuildCommonClasses (56ms)
	RebuildNativeTypeToScriptingClass (20ms)
	initialDomainReloadingComplete (1227ms)
	LoadAllAssembliesAndSetupDomain (215ms)
		LoadAssemblies (136ms)
		RebuildTransferFunctionScriptingTraits (0ms)
		AnalyzeDomain (212ms)
			TypeCache.Refresh (209ms)
				TypeCache.ScanAssembly (196ms)
			BuildScriptInfoCaches (0ms)
			ResolveRequiredComponents (1ms)
	FinalizeReload (1454ms)
		ReleaseScriptCaches (0ms)
		RebuildScriptCaches (0ms)
		SetupLoadedEditorAssemblies (1387ms)
			LogAssemblyErrors (0ms)
			InitializePlatformSupportModulesInManaged (981ms)
			SetLoadedEditorAssemblies (8ms)
			BeforeProcessingInitializeOnLoad (125ms)
			ProcessInitializeOnLoadAttributes (195ms)
			ProcessInitializeOnLoadMethodAttributes (78ms)
			AfterProcessingInitializeOnLoad (0ms)
			EditorAssembliesLoaded (0ms)
		ExecutionOrderSort2 (0ms)
		AwakeInstancesAfterBackupRestoration (0ms)
Assembly reference Packages/com.unity.cinemachine/Editor/Samples/ExposeHDRPInternals/HDRP-Editor-ref.asmref has no target assembly definition
========================================================================
Worker process is ready to serve import requests
Import Worker Mode flag is 0x00
Assembly reference Packages/com.unity.cinemachine/Editor/Samples/ExposeHDRPInternals/HDRP-Editor-ref.asmref has no target assembly definition
Assembly reference Packages/com.unity.cinemachine/Editor/Samples/ExposeHDRPInternals/HDRP-Editor-ref.asmref has no target assembly definition
Begin MonoManager ReloadAssembly
[Licensing::Client] Successfully resolved entitlement details
- Loaded All Assemblies, in  1.042 seconds
Assembly reference Packages/com.unity.cinemachine/Editor/Samples/ExposeHDRPInternals/HDRP-Editor-ref.asmref has no target assembly definition
'Packages/com.unity.cinemachine/Editor/Obsolete/CinemachineVirtualCameraBaseEditor.cs' contains partial class of Unity.Object, exactly 1 of the partial classes needs to be in a file with the same filename. This is to know the one that can be referenced from ie. GameObjects
'Packages/com.unity.cinemachine/Editor/Editors/CinemachineVirtualCameraBaseEditor.cs' contains partial class of Unity.Object, exactly 1 of the partial classes needs to be in a file with the same filename. This is to know the one that can be referenced from ie. GameObjects
Refreshing native plugins compatible for Editor in 1.39 ms, found 4 plugins.
Native extension for Android target not found
Native extension for WindowsStandalone target not found
Assembly reference Packages/com.unity.cinemachine/Editor/Samples/ExposeHDRPInternals/HDRP-Editor-ref.asmref has no target assembly definition
Package Manager log level set to [2]
[Package Manager] Failed to launch server process. Reason: Unity was launched with the -noUpm command-line argument
[Package Manager] Unable to send message (not connected to server process).
[Package Manager] Cannot connect to Unity Package Manager local server
[Package Manager] Failed to launch server process. Reason: Unity was launched with the -noUpm command-line argument
[Package Manager] Unable to send message (not connected to server process).
[Package Manager] Cannot connect to Unity Package Manager local server
Mono: successfully reloaded assembly
- Finished resetting the current domain, in  1.155 seconds
Domain Reload Profiling: 2187ms
	BeginReloadAssembly (205ms)
		ExecutionOrderSort (0ms)
		DisableScriptedObjects (6ms)
		BackupInstance (0ms)
		ReleaseScriptingObjects (0ms)
		CreateAndSetChildDomain (44ms)
	RebuildCommonClasses (46ms)
	RebuildNativeTypeToScriptingClass (15ms)
	initialDomainReloadingComplete (46ms)
	LoadAllAssembliesAndSetupDomain (720ms)
		LoadAssemblies (449ms)
		RebuildTransferFunctionScriptingTraits (0ms)
		AnalyzeDomain (360ms)
			TypeCache.Refresh (268ms)
				TypeCache.ScanAssembly (249ms)
			BuildScriptInfoCaches (67ms)
			ResolveRequiredComponents (17ms)
	FinalizeReload (1155ms)
		ReleaseScriptCaches (0ms)
		RebuildScriptCaches (0ms)
		SetupLoadedEditorAssemblies (942ms)
			LogAssemblyErrors (0ms)
			InitializePlatformSupportModulesInManaged (12ms)
			SetLoadedEditorAssemblies (10ms)
			BeforeProcessingInitializeOnLoad (248ms)
			ProcessInitializeOnLoadAttributes (498ms)
			ProcessInitializeOnLoadMethodAttributes (164ms)
			AfterProcessingInitializeOnLoad (10ms)
			EditorAssembliesLoaded (0ms)
		ExecutionOrderSort2 (0ms)
		AwakeInstancesAfterBackupRestoration (9ms)
Launched and connected shader compiler UnityShaderCompiler.exe after 0.08 seconds
Refreshing native plugins compatible for Editor in 2.90 ms, found 4 plugins.
Preloading 0 native plugins for Editor in 0.00 ms.
Unloading 17 Unused Serialized files (Serialized files now loaded: 0)
Unloading 7264 unused Assets / (5.0 MB). Loaded Objects now: 8084.
Memory consumption went from 168.0 MB to 163.0 MB.
Total: 15.936600 ms (FindLiveObjects: 0.842400 ms CreateObjectMapping: 0.954400 ms MarkObjects: 10.136800 ms  DeleteObjects: 4.000800 ms)

========================================================================
Received Import Request.
  Time since last request: 407025.654790 seconds.
  path: Assets/Asset/Map/TileMap/Wall Tile/Sand_ground_250.asset
  artifactKey: Guid(a0041270a738a0240b4b98a360463a34) Importer(815301076,1909f56bfc062723c751e8b465ee728b)
Start importing Assets/Asset/Map/TileMap/Wall Tile/Sand_ground_250.asset using Guid(a0041270a738a0240b4b98a360463a34) Importer(815301076,1909f56bfc062723c751e8b465ee728b) (PreviewImporter) -> (artifact id: '041657fe4b64014593973d8cde43b84a') in 0.0334999 seconds
Number of updated asset objects reloaded before import = 0Number of asset objects unloaded after import = 1

========================================================================
Received Import Request.
  Time since last request: 0.000014 seconds.
  path: Assets/Asset/Map/TileMap/Wall Tile/Sand_ground_333.asset
  artifactKey: Guid(7fa66ef1bc9e47c438157cfd43625152) Importer(815301076,1909f56bfc062723c751e8b465ee728b)
Start importing Assets/Asset/Map/TileMap/Wall Tile/Sand_ground_333.asset using Guid(7fa66ef1bc9e47c438157cfd43625152) Importer(815301076,1909f56bfc062723c751e8b465ee728b) (PreviewImporter) -> (artifact id: '392adf75ebdde8fe74785de6af316f21') in 0.0025915 seconds
Number of updated asset objects reloaded before import = 0Number of asset objects unloaded after import = 1

========================================================================
Received Import Request.
  Time since last request: 0.000015 seconds.
  path: Assets/Asset/Map/TileMap/Wall Tile/Sand_ground_330.asset
  artifactKey: Guid(cc31cd267d7afb846809e3e775dc3ecb) Importer(815301076,1909f56bfc062723c751e8b465ee728b)
Start importing Assets/Asset/Map/TileMap/Wall Tile/Sand_ground_330.asset using Guid(cc31cd267d7afb846809e3e775dc3ecb) Importer(815301076,1909f56bfc062723c751e8b465ee728b) (PreviewImporter) -> (artifact id: '2fc37271b3d683fd36d48c0b223605f3') in 0.0022299 seconds
Number of updated asset objects reloaded before import = 0Number of asset objects unloaded after import = 1

========================================================================
Received Import Request.
  Time since last request: 0.000015 seconds.
  path: Assets/Asset/Map/TileMap/Wall Tile/Sand_ground_480.asset
  artifactKey: Guid(55dda3f7c64bb214996b802a3324a25d) Importer(815301076,1909f56bfc062723c751e8b465ee728b)
Start importing Assets/Asset/Map/TileMap/Wall Tile/Sand_ground_480.asset using Guid(55dda3f7c64bb214996b802a3324a25d) Importer(815301076,1909f56bfc062723c751e8b465ee728b) (PreviewImporter) -> (artifact id: '7df0c9c064e224c030bce99e5823dc15') in 0.0019794 seconds
Number of updated asset objects reloaded before import = 0Number of asset objects unloaded after import = 1

========================================================================
Received Import Request.
  Time since last request: 0.000016 seconds.
  path: Assets/Asset/Map/TileMap/Wall Tile/Sand_ground_442.asset
  artifactKey: Guid(a2886b58f7573104383a9468d01993c2) Importer(815301076,1909f56bfc062723c751e8b465ee728b)
Start importing Assets/Asset/Map/TileMap/Wall Tile/Sand_ground_442.asset using Guid(a2886b58f7573104383a9468d01993c2) Importer(815301076,1909f56bfc062723c751e8b465ee728b) (PreviewImporter) -> (artifact id: '1a73c3ff609a4b00531c98e7cae3e80c') in 0.002182 seconds
Number of updated asset objects reloaded before import = 0Number of asset objects unloaded after import = 1

========================================================================
Received Import Request.
  Time since last request: 0.000021 seconds.
  path: Assets/Asset/Map/TileMap/Wall Tile/Sand_ground_517.asset
  artifactKey: Guid(60916a92736223d4390470291f0966f8) Importer(815301076,1909f56bfc062723c751e8b465ee728b)
Start importing Assets/Asset/Map/TileMap/Wall Tile/Sand_ground_517.asset using Guid(60916a92736223d4390470291f0966f8) Importer(815301076,1909f56bfc062723c751e8b465ee728b) (PreviewImporter) -> (artifact id: '75590108c0f23a7cf35dc6dda1fbfaf2') in 0.0024137 seconds
Number of updated asset objects reloaded before import = 0Number of asset objects unloaded after import = 1

========================================================================
Received Import Request.
  Time since last request: 0.000014 seconds.
  path: Assets/Asset/Map/TileMap/Wall Tile/Sand_ground_602.asset
  artifactKey: Guid(4e8b8165df4452149bc30433f17e59de) Importer(815301076,1909f56bfc062723c751e8b465ee728b)
Start importing Assets/Asset/Map/TileMap/Wall Tile/Sand_ground_602.asset using Guid(4e8b8165df4452149bc30433f17e59de) Importer(815301076,1909f56bfc062723c751e8b465ee728b) (PreviewImporter) -> (artifact id: 'e5289ff7688c9ce7b29b411ed245c3a8') in 0.0020358 seconds
Number of updated asset objects reloaded before import = 0Number of asset objects unloaded after import = 1

========================================================================
Received Import Request.
  Time since last request: 0.000018 seconds.
  path: Assets/Asset/Map/TileMap/Wall Tile/Sand_ground_629.asset
  artifactKey: Guid(e583a306ab410194aad8728eff982f61) Importer(815301076,1909f56bfc062723c751e8b465ee728b)
Start importing Assets/Asset/Map/TileMap/Wall Tile/Sand_ground_629.asset using Guid(e583a306ab410194aad8728eff982f61) Importer(815301076,1909f56bfc062723c751e8b465ee728b) (PreviewImporter) -> (artifact id: '747d9651783c4a416fc847e855fc0189') in 0.0019938 seconds
Number of updated asset objects reloaded before import = 0Number of asset objects unloaded after import = 1

========================================================================
Received Import Request.
  Time since last request: 0.000016 seconds.
  path: Assets/Asset/Map/TileMap/Wall Tile/Sand_ground_607.asset
  artifactKey: Guid(77eb0573b5ba9f047af656b28508c252) Importer(815301076,1909f56bfc062723c751e8b465ee728b)
Start importing Assets/Asset/Map/TileMap/Wall Tile/Sand_ground_607.asset using Guid(77eb0573b5ba9f047af656b28508c252) Importer(815301076,1909f56bfc062723c751e8b465ee728b) (PreviewImporter) -> (artifact id: '79618c74a503b4168189c462c1b30156') in 0.0031442 seconds
Number of updated asset objects reloaded before import = 0Number of asset objects unloaded after import = 1

========================================================================
Received Import Request.
  Time since last request: 0.000017 seconds.
  path: Assets/Asset/Map/TileMap/Wall Tile/Sand_ground_656.asset
  artifactKey: Guid(cb8a8505443f86f4caad93777ca9cd4c) Importer(815301076,1909f56bfc062723c751e8b465ee728b)
Start importing Assets/Asset/Map/TileMap/Wall Tile/Sand_ground_656.asset using Guid(cb8a8505443f86f4caad93777ca9cd4c) Importer(815301076,1909f56bfc062723c751e8b465ee728b) (PreviewImporter) -> (artifact id: 'c2671ad104b7d529b1cd972e1ffa39cd') in 0.0026026 seconds
Number of updated asset objects reloaded before import = 0Number of asset objects unloaded after import = 1

========================================================================
Received Import Request.
  Time since last request: 0.000019 seconds.
  path: Assets/Asset/Map/TileMap/Wall Tile/Sand_ground_271.asset
  artifactKey: Guid(60c1bc8b733b3a0469fab3290ddc31a1) Importer(815301076,1909f56bfc062723c751e8b465ee728b)
Start importing Assets/Asset/Map/TileMap/Wall Tile/Sand_ground_271.asset using Guid(60c1bc8b733b3a0469fab3290ddc31a1) Importer(815301076,1909f56bfc062723c751e8b465ee728b) (PreviewImporter) -> (artifact id: '5f645e250e8a4e31f4d43c734a0c58a6') in 0.0020765 seconds
Number of updated asset objects reloaded before import = 0Number of asset objects unloaded after import = 1

========================================================================
Received Import Request.
  Time since last request: 0.000026 seconds.
  path: Assets/Asset/Map/TileMap/Wall Tile/Sand_ground_300.asset
  artifactKey: Guid(9b55fea72933d9c42ad5efb41bd4cae3) Importer(815301076,1909f56bfc062723c751e8b465ee728b)
Start importing Assets/Asset/Map/TileMap/Wall Tile/Sand_ground_300.asset using Guid(9b55fea72933d9c42ad5efb41bd4cae3) Importer(815301076,1909f56bfc062723c751e8b465ee728b) (PreviewImporter) -> (artifact id: '16b5db5d1ea4526a740fbcd77f0ce38d') in 0.0025031 seconds
Number of updated asset objects reloaded before import = 0Number of asset objects unloaded after import = 1

========================================================================
Received Import Request.
  Time since last request: 0.000015 seconds.
  path: Assets/Asset/Map/TileMap/Wall Tile/Sand_ground_672.asset
  artifactKey: Guid(19e9b9179473de04fa87a8ec398070df) Importer(815301076,1909f56bfc062723c751e8b465ee728b)
Start importing Assets/Asset/Map/TileMap/Wall Tile/Sand_ground_672.asset using Guid(19e9b9179473de04fa87a8ec398070df) Importer(815301076,1909f56bfc062723c751e8b465ee728b) (PreviewImporter) -> (artifact id: '7f8afa41c1e8cddac0ad34884ea2213f') in 0.0027455 seconds
Number of updated asset objects reloaded before import = 0Number of asset objects unloaded after import = 1

========================================================================
Received Import Request.
  Time since last request: 0.000016 seconds.
  path: Assets/Asset/Map/TileMap/Wall Tile/Sand_ground_686.asset
  artifactKey: Guid(184a851d9ee487e479b739ad01d80373) Importer(815301076,1909f56bfc062723c751e8b465ee728b)
Start importing Assets/Asset/Map/TileMap/Wall Tile/Sand_ground_686.asset using Guid(184a851d9ee487e479b739ad01d80373) Importer(815301076,1909f56bfc062723c751e8b465ee728b) (PreviewImporter) -> (artifact id: '4a0b9dc00c1ecf8d6c268a3d61d02aee') in 0.002053 seconds
Number of updated asset objects reloaded before import = 0Number of asset objects unloaded after import = 1

========================================================================
Received Import Request.
  Time since last request: 0.000017 seconds.
  path: Assets/Asset/Map/TileMap/Wall Tile/Sand_ground_713.asset
  artifactKey: Guid(568bc39873e0c6f4ebb7800f84acc05d) Importer(815301076,1909f56bfc062723c751e8b465ee728b)
Start importing Assets/Asset/Map/TileMap/Wall Tile/Sand_ground_713.asset using Guid(568bc39873e0c6f4ebb7800f84acc05d) Importer(815301076,1909f56bfc062723c751e8b465ee728b) (PreviewImporter) -> (artifact id: 'a22c1e4290a97d5ed5a57e079a7d34f2') in 0.002104 seconds
Number of updated asset objects reloaded before import = 0Number of asset objects unloaded after import = 1

========================================================================
Received Import Request.
  Time since last request: 0.000015 seconds.
  path: Assets/Asset/Map/TileMap/Wall Tile/Sand_ground_728.asset
  artifactKey: Guid(063aef13ba765144eb14dd54a4e8e16a) Importer(815301076,1909f56bfc062723c751e8b465ee728b)
Start importing Assets/Asset/Map/TileMap/Wall Tile/Sand_ground_728.asset using Guid(063aef13ba765144eb14dd54a4e8e16a) Importer(815301076,1909f56bfc062723c751e8b465ee728b) (PreviewImporter) -> (artifact id: '718a00f93d22c26aa14f8735aaac750b') in 0.0039852 seconds
Number of updated asset objects reloaded before import = 0Number of asset objects unloaded after import = 1

========================================================================
Received Import Request.
  Time since last request: 0.000015 seconds.
  path: Assets/Asset/Map/TileMap/Wall Tile/Sand_ground_770.asset
  artifactKey: Guid(cab302b561a3a0a408a5e669ffc81442) Importer(815301076,1909f56bfc062723c751e8b465ee728b)
Start importing Assets/Asset/Map/TileMap/Wall Tile/Sand_ground_770.asset using Guid(cab302b561a3a0a408a5e669ffc81442) Importer(815301076,1909f56bfc062723c751e8b465ee728b) (PreviewImporter) -> (artifact id: '4bbe36a5fc26ee895d60e95b8ac8d459') in 0.0026954 seconds
Number of updated asset objects reloaded before import = 0Number of asset objects unloaded after import = 1

========================================================================
Received Import Request.
  Time since last request: 0.000022 seconds.
  path: Assets/Asset/Map/TileMap/Wall Tile/Sand_ground_762.asset
  artifactKey: Guid(c58f37f48722eca47b429b9f9347b5b4) Importer(815301076,1909f56bfc062723c751e8b465ee728b)
Start importing Assets/Asset/Map/TileMap/Wall Tile/Sand_ground_762.asset using Guid(c58f37f48722eca47b429b9f9347b5b4) Importer(815301076,1909f56bfc062723c751e8b465ee728b) (PreviewImporter) -> (artifact id: 'd4f0f52628869d2c18a206b454215acc') in 0.0025958 seconds
Number of updated asset objects reloaded before import = 0Number of asset objects unloaded after import = 1

========================================================================
Received Import Request.
  Time since last request: 0.000014 seconds.
  path: Assets/Asset/Map/TileMap/Wall Tile/Sand_ground_810.asset
  artifactKey: Guid(9d331db00d2db3e41883f01ab8603e1c) Importer(815301076,1909f56bfc062723c751e8b465ee728b)
Start importing Assets/Asset/Map/TileMap/Wall Tile/Sand_ground_810.asset using Guid(9d331db00d2db3e41883f01ab8603e1c) Importer(815301076,1909f56bfc062723c751e8b465ee728b) (PreviewImporter) -> (artifact id: 'bc44e243040c1e2aa142b011be49e6b4') in 0.0023997 seconds
Number of updated asset objects reloaded before import = 0Number of asset objects unloaded after import = 1

========================================================================
Received Import Request.
  Time since last request: 0.000015 seconds.
  path: Assets/Asset/Map/TileMap/Wall Tile/Sand_ground_821.asset
  artifactKey: Guid(fa91901a06555af4dae011b5a0bc1e02) Importer(815301076,1909f56bfc062723c751e8b465ee728b)
Start importing Assets/Asset/Map/TileMap/Wall Tile/Sand_ground_821.asset using Guid(fa91901a06555af4dae011b5a0bc1e02) Importer(815301076,1909f56bfc062723c751e8b465ee728b) (PreviewImporter) -> (artifact id: '9c2cc30ddc577f7e482d68a71e052bb3') in 0.0027135 seconds
Number of updated asset objects reloaded before import = 0Number of asset objects unloaded after import = 1

========================================================================
Received Import Request.
  Time since last request: 0.000016 seconds.
  path: Assets/Asset/Map/TileMap/Wall Tile/Sand_ground_846.asset
  artifactKey: Guid(9e9bce372e34a4f43bd9e33e64f821fd) Importer(815301076,1909f56bfc062723c751e8b465ee728b)
Start importing Assets/Asset/Map/TileMap/Wall Tile/Sand_ground_846.asset using Guid(9e9bce372e34a4f43bd9e33e64f821fd) Importer(815301076,1909f56bfc062723c751e8b465ee728b) (PreviewImporter) -> (artifact id: '448878ff897c919ec780844afddef564') in 0.0023383 seconds
Number of updated asset objects reloaded before import = 0Number of asset objects unloaded after import = 1

========================================================================
Received Import Request.
  Time since last request: 0.000027 seconds.
  path: Assets/Asset/Map/TileMap/Wall Tile/Sand_ground_724.asset
  artifactKey: Guid(a7ce649d6a6424c41aa62f690e283c13) Importer(815301076,1909f56bfc062723c751e8b465ee728b)
Start importing Assets/Asset/Map/TileMap/Wall Tile/Sand_ground_724.asset using Guid(a7ce649d6a6424c41aa62f690e283c13) Importer(815301076,1909f56bfc062723c751e8b465ee728b) (PreviewImporter) -> (artifact id: '44b4a46a4a12e522a132b3155aafa90e') in 0.0022008 seconds
Number of updated asset objects reloaded before import = 0Number of asset objects unloaded after import = 1

========================================================================
Received Import Request.
  Time since last request: 0.000018 seconds.
  path: Assets/Asset/Map/TileMap/Wall Tile/Sand_ground_730.asset
  artifactKey: Guid(de89353d5e93a864b8544bb503f202a8) Importer(815301076,1909f56bfc062723c751e8b465ee728b)
Start importing Assets/Asset/Map/TileMap/Wall Tile/Sand_ground_730.asset using Guid(de89353d5e93a864b8544bb503f202a8) Importer(815301076,1909f56bfc062723c751e8b465ee728b) (PreviewImporter) -> (artifact id: '5e7bbc3b85574a4b4ab677df30d00b93') in 0.0025142 seconds
Number of updated asset objects reloaded before import = 0Number of asset objects unloaded after import = 1

========================================================================
Received Import Request.
  Time since last request: 0.000025 seconds.
  path: Assets/Asset/Map/TileMap/Wall Tile/Sand_ground_708.asset
  artifactKey: Guid(35fd6f2666a1ad040967e7d4d823cbfa) Importer(815301076,1909f56bfc062723c751e8b465ee728b)
Start importing Assets/Asset/Map/TileMap/Wall Tile/Sand_ground_708.asset using Guid(35fd6f2666a1ad040967e7d4d823cbfa) Importer(815301076,1909f56bfc062723c751e8b465ee728b) (PreviewImporter) -> (artifact id: '3fe56b4b6dec9ab66f9ae7ce15fb03ab') in 0.0025302 seconds
Number of updated asset objects reloaded before import = 0Number of asset objects unloaded after import = 1

========================================================================
Received Import Request.
  Time since last request: 0.000017 seconds.
  path: Assets/Asset/Map/TileMap/Wall Tile/Sand_ground_506.asset
  artifactKey: Guid(d4c90da417fad7f4db88fc48cdccca07) Importer(815301076,1909f56bfc062723c751e8b465ee728b)
Start importing Assets/Asset/Map/TileMap/Wall Tile/Sand_ground_506.asset using Guid(d4c90da417fad7f4db88fc48cdccca07) Importer(815301076,1909f56bfc062723c751e8b465ee728b) (PreviewImporter) -> (artifact id: 'e855d6cccbadf4d942e498f9f0256169') in 0.0026122 seconds
Number of updated asset objects reloaded before import = 0Number of asset objects unloaded after import = 1

========================================================================
Received Import Request.
  Time since last request: 0.000018 seconds.
  path: Assets/Asset/Map/TileMap/Wall Tile/Sand_ground_652.asset
  artifactKey: Guid(01bf600b36e23564588ac20c8e1594b0) Importer(815301076,1909f56bfc062723c751e8b465ee728b)
Start importing Assets/Asset/Map/TileMap/Wall Tile/Sand_ground_652.asset using Guid(01bf600b36e23564588ac20c8e1594b0) Importer(815301076,1909f56bfc062723c751e8b465ee728b) (PreviewImporter) -> (artifact id: '3357df0d382934b972e44bac2c3bc067') in 0.0029656 seconds
Number of updated asset objects reloaded before import = 0Number of asset objects unloaded after import = 1

========================================================================
Received Import Request.
  Time since last request: 0.000015 seconds.
  path: Assets/Asset/Map/TileMap/Wall Tile/Sand_ground_694.asset
  artifactKey: Guid(57baeacc733639e4ca4d3c1c73654d23) Importer(815301076,1909f56bfc062723c751e8b465ee728b)
Start importing Assets/Asset/Map/TileMap/Wall Tile/Sand_ground_694.asset using Guid(57baeacc733639e4ca4d3c1c73654d23) Importer(815301076,1909f56bfc062723c751e8b465ee728b) (PreviewImporter) -> (artifact id: 'fac55b48cf2e373456820903410865e3') in 0.0023486 seconds
Number of updated asset objects reloaded before import = 0Number of asset objects unloaded after import = 1

========================================================================
Received Import Request.
  Time since last request: 0.000027 seconds.
  path: Assets/Asset/Map/TileMap/Wall Tile/WallTile.prefab
  artifactKey: Guid(7b6c39ed5c3fa3043b734d06e665c59f) Importer(815301076,1909f56bfc062723c751e8b465ee728b)
Start importing Assets/Asset/Map/TileMap/Wall Tile/WallTile.prefab using Guid(7b6c39ed5c3fa3043b734d06e665c59f) Importer(815301076,1909f56bfc062723c751e8b465ee728b) (PreviewImporter) -> (artifact id: '0b822876d985f6118bb63565b1f38d79') in 0.8592126 seconds
Number of updated asset objects reloaded before import = 0Number of asset objects unloaded after import = 1075

========================================================================
Received Import Request.
  Time since last request: 0.000034 seconds.
  path: Assets/Asset/Map/TileMap/Wall Tile/Sand_ground_502.asset
  artifactKey: Guid(beffe980cea955649ab18141d0a1f38e) Importer(815301076,1909f56bfc062723c751e8b465ee728b)
Start importing Assets/Asset/Map/TileMap/Wall Tile/Sand_ground_502.asset using Guid(beffe980cea955649ab18141d0a1f38e) Importer(815301076,1909f56bfc062723c751e8b465ee728b) (PreviewImporter) -> (artifact id: 'daf95d99d61de9a99ec0f735d76c1600') in 0.0034196 seconds
Number of updated asset objects reloaded before import = 0Number of asset objects unloaded after import = 1

========================================================================
Received Import Request.
  Time since last request: 0.000031 seconds.
  path: Assets/Asset/Map/TileMap/Wall Tile/Sand_ground_452.asset
  artifactKey: Guid(b0ce255822a1de44e82ac81ac5506183) Importer(815301076,1909f56bfc062723c751e8b465ee728b)
Start importing Assets/Asset/Map/TileMap/Wall Tile/Sand_ground_452.asset using Guid(b0ce255822a1de44e82ac81ac5506183) Importer(815301076,1909f56bfc062723c751e8b465ee728b) (PreviewImporter) -> (artifact id: '23a8c0799ee9089f4fd85593f64f48ed') in 0.0020581 seconds
Number of updated asset objects reloaded before import = 0Number of asset objects unloaded after import = 1

========================================================================
Received Import Request.
  Time since last request: 0.000036 seconds.
  path: Assets/Asset/Map/TileMap/Wall Tile/Sand_ground_806.asset
  artifactKey: Guid(a00f33fd192e4744d8061c5c22a7cdad) Importer(815301076,1909f56bfc062723c751e8b465ee728b)
Start importing Assets/Asset/Map/TileMap/Wall Tile/Sand_ground_806.asset using Guid(a00f33fd192e4744d8061c5c22a7cdad) Importer(815301076,1909f56bfc062723c751e8b465ee728b) (PreviewImporter) -> (artifact id: '9b4ac3c38a18468ea01ec006cb291959') in 0.0026984 seconds
Number of updated asset objects reloaded before import = 0Number of asset objects unloaded after import = 1

========================================================================
Received Import Request.
  Time since last request: 0.000027 seconds.
  path: Assets/Asset/Map/TileMap/Wall Tile/Sand_ground_304.asset
  artifactKey: Guid(6163cafcda165b642aad8c923811bf31) Importer(815301076,1909f56bfc062723c751e8b465ee728b)
Start importing Assets/Asset/Map/TileMap/Wall Tile/Sand_ground_304.asset using Guid(6163cafcda165b642aad8c923811bf31) Importer(815301076,1909f56bfc062723c751e8b465ee728b) (PreviewImporter) -> (artifact id: 'ca56cf36aa9e39a601c9eb73eb4b45ac') in 0.0022272 seconds
Number of updated asset objects reloaded before import = 0Number of asset objects unloaded after import = 1

========================================================================
Received Import Request.
  Time since last request: 0.000021 seconds.
  path: Assets/Asset/Map/TileMap/Wall Tile/Sand_ground_691.asset
  artifactKey: Guid(ab0d1a6d96c8a6d47932404f9b54a336) Importer(815301076,1909f56bfc062723c751e8b465ee728b)
Start importing Assets/Asset/Map/TileMap/Wall Tile/Sand_ground_691.asset using Guid(ab0d1a6d96c8a6d47932404f9b54a336) Importer(815301076,1909f56bfc062723c751e8b465ee728b) (PreviewImporter) -> (artifact id: 'f62434c257a50781bb4b3fdec3faee0f') in 0.0023463 seconds
Number of updated asset objects reloaded before import = 0Number of asset objects unloaded after import = 1

========================================================================
Received Import Request.
  Time since last request: 0.779089 seconds.
  path: Assets/Asset/Map/TileMap/Wall Tile/Sand_ground_786.asset
  artifactKey: Guid(f04965e46f058ef498c543a2e70dcb11) Importer(815301076,1909f56bfc062723c751e8b465ee728b)
Start importing Assets/Asset/Map/TileMap/Wall Tile/Sand_ground_786.asset using Guid(f04965e46f058ef498c543a2e70dcb11) Importer(815301076,1909f56bfc062723c751e8b465ee728b) (PreviewImporter) -> (artifact id: 'f7e9a3654d78f3ddc6ec21ad5e0b65b9') in 0.0016678 seconds
Number of updated asset objects reloaded before import = 0Number of asset objects unloaded after import = 1

========================================================================
Received Import Request.
  Time since last request: 0.275514 seconds.
  path: Assets/Asset/Map/TileMap/Wall Tile/Sand_ground_738.asset
  artifactKey: Guid(e63b7a0c8d2620549b72752af74fd4f9) Importer(815301076,1909f56bfc062723c751e8b465ee728b)
Start importing Assets/Asset/Map/TileMap/Wall Tile/Sand_ground_738.asset using Guid(e63b7a0c8d2620549b72752af74fd4f9) Importer(815301076,1909f56bfc062723c751e8b465ee728b) (PreviewImporter) -> (artifact id: '06cf1d53ebffcb0bcaa13c38d31c4638') in 0.0019356 seconds
Number of updated asset objects reloaded before import = 0Number of asset objects unloaded after import = 1

========================================================================
Received Import Request.
  Time since last request: 6.665111 seconds.
  path: Assets/Asset/Map/TileMap/Wall Tile/Sand_ground_593.asset
  artifactKey: Guid(f7e83c880f6afeb499b83f58aa2f6c4c) Importer(815301076,1909f56bfc062723c751e8b465ee728b)
Start importing Assets/Asset/Map/TileMap/Wall Tile/Sand_ground_593.asset using Guid(f7e83c880f6afeb499b83f58aa2f6c4c) Importer(815301076,1909f56bfc062723c751e8b465ee728b) (PreviewImporter) -> (artifact id: '55c2500f05ab9450a750472ac79e1acb') in 0.0024988 seconds
Number of updated asset objects reloaded before import = 0Number of asset objects unloaded after import = 1

========================================================================
Received Import Request.
  Time since last request: 0.206404 seconds.
  path: Assets/Asset/Map/TileMap/Wall Tile/Sand_ground_585.asset
  artifactKey: Guid(6d3a5ed61f232174f90af20bd52d6a0e) Importer(815301076,1909f56bfc062723c751e8b465ee728b)
Start importing Assets/Asset/Map/TileMap/Wall Tile/Sand_ground_585.asset using Guid(6d3a5ed61f232174f90af20bd52d6a0e) Importer(815301076,1909f56bfc062723c751e8b465ee728b) (PreviewImporter) -> (artifact id: '0c3b56e846979e213801a817727de5dd') in 0.002052 seconds
Number of updated asset objects reloaded before import = 0Number of asset objects unloaded after import = 1

========================================================================
Received Import Request.
  Time since last request: 0.000019 seconds.
  path: Assets/Asset/Map/TileMap/Wall Tile/Sand_ground_580.asset
  artifactKey: Guid(72c638f479806f14ab81e3c3a7c278b4) Importer(815301076,1909f56bfc062723c751e8b465ee728b)
Start importing Assets/Asset/Map/TileMap/Wall Tile/Sand_ground_580.asset using Guid(72c638f479806f14ab81e3c3a7c278b4) Importer(815301076,1909f56bfc062723c751e8b465ee728b) (PreviewImporter) -> (artifact id: '585790ae1595e08e5fc3e93dc7d9e770') in 0.0023107 seconds
Number of updated asset objects reloaded before import = 0Number of asset objects unloaded after import = 1

========================================================================
Received Import Request.
  Time since last request: 0.000023 seconds.
  path: Assets/Asset/Map/TileMap/Wall Tile/Sand_ground_560.asset
  artifactKey: Guid(363f6b65c024f324a961edaf28cb0f77) Importer(815301076,1909f56bfc062723c751e8b465ee728b)
Start importing Assets/Asset/Map/TileMap/Wall Tile/Sand_ground_560.asset using Guid(363f6b65c024f324a961edaf28cb0f77) Importer(815301076,1909f56bfc062723c751e8b465ee728b) (PreviewImporter) -> (artifact id: 'a55f0b65ea8720e56217a789a29214df') in 0.0029484 seconds
Number of updated asset objects reloaded before import = 0Number of asset objects unloaded after import = 1

========================================================================
Received Import Request.
  Time since last request: 0.000030 seconds.
  path: Assets/Asset/Map/TileMap/Wall Tile/Sand_ground_574.asset
  artifactKey: Guid(26cb568d7bf0ae6439f6581a11d4aad0) Importer(815301076,1909f56bfc062723c751e8b465ee728b)
Start importing Assets/Asset/Map/TileMap/Wall Tile/Sand_ground_574.asset using Guid(26cb568d7bf0ae6439f6581a11d4aad0) Importer(815301076,1909f56bfc062723c751e8b465ee728b) (PreviewImporter) -> (artifact id: '15fe7b498f91f632c129aa61c9fd38da') in 0.001929 seconds
Number of updated asset objects reloaded before import = 0Number of asset objects unloaded after import = 1

========================================================================
Received Import Request.
  Time since last request: 0.117564 seconds.
  path: Assets/Asset/Map/TileMap/Wall Tile/Sand_ground_553.asset
  artifactKey: Guid(68a3eccaac1488d4db8050d20aa6c031) Importer(815301076,1909f56bfc062723c751e8b465ee728b)
Start importing Assets/Asset/Map/TileMap/Wall Tile/Sand_ground_553.asset using Guid(68a3eccaac1488d4db8050d20aa6c031) Importer(815301076,1909f56bfc062723c751e8b465ee728b) (PreviewImporter) -> (artifact id: '627dce7cc6ae64852faa441ec3e60bfe') in 0.0031586 seconds
Number of updated asset objects reloaded before import = 0Number of asset objects unloaded after import = 1

========================================================================
Received Import Request.
  Time since last request: 0.000018 seconds.
  path: Assets/Asset/Map/TileMap/Wall Tile/Sand_ground_550.asset
  artifactKey: Guid(9a5b0f91436695c4dbc43c31c5491285) Importer(815301076,1909f56bfc062723c751e8b465ee728b)
Start importing Assets/Asset/Map/TileMap/Wall Tile/Sand_ground_550.asset using Guid(9a5b0f91436695c4dbc43c31c5491285) Importer(815301076,1909f56bfc062723c751e8b465ee728b) (PreviewImporter) -> (artifact id: 'ecce670ebf5f314482b4578dff826953') in 0.0031467 seconds
Number of updated asset objects reloaded before import = 0Number of asset objects unloaded after import = 1

========================================================================
Received Import Request.
  Time since last request: 0.000030 seconds.
  path: Assets/Asset/Map/TileMap/Wall Tile/Sand_ground_542.asset
  artifactKey: Guid(f9255b42d691e1846aa3707a1f120e1a) Importer(815301076,1909f56bfc062723c751e8b465ee728b)
Start importing Assets/Asset/Map/TileMap/Wall Tile/Sand_ground_542.asset using Guid(f9255b42d691e1846aa3707a1f120e1a) Importer(815301076,1909f56bfc062723c751e8b465ee728b) (PreviewImporter) -> (artifact id: 'ba6fb876ab7500704df92757d50057b3') in 0.0023087 seconds
Number of updated asset objects reloaded before import = 0Number of asset objects unloaded after import = 1

========================================================================
Received Import Request.
  Time since last request: 0.000020 seconds.
  path: Assets/Asset/Map/TileMap/Wall Tile/Sand_ground_530.asset
  artifactKey: Guid(261cdc4ce89c3db47897c59b5cbdeef0) Importer(815301076,1909f56bfc062723c751e8b465ee728b)
Start importing Assets/Asset/Map/TileMap/Wall Tile/Sand_ground_530.asset using Guid(261cdc4ce89c3db47897c59b5cbdeef0) Importer(815301076,1909f56bfc062723c751e8b465ee728b) (PreviewImporter) -> (artifact id: 'd2ce335b3db1f1e92eddffc0af4a409e') in 0.0021956 seconds
Number of updated asset objects reloaded before import = 0Number of asset objects unloaded after import = 1

========================================================================
Received Import Request.
  Time since last request: 1.974168 seconds.
  path: Assets/Asset/Map/TileMap/Wall Tile/Sand_ground_482.asset
  artifactKey: Guid(5b6d759566faabe4aa2b14b1ba6d8aca) Importer(815301076,1909f56bfc062723c751e8b465ee728b)
Start importing Assets/Asset/Map/TileMap/Wall Tile/Sand_ground_482.asset using Guid(5b6d759566faabe4aa2b14b1ba6d8aca) Importer(815301076,1909f56bfc062723c751e8b465ee728b) (PreviewImporter) -> (artifact id: 'bcf95e0036b346c6260364c65d3533d4') in 0.0015378 seconds
Number of updated asset objects reloaded before import = 0Number of asset objects unloaded after import = 1

========================================================================
Received Import Request.
  Time since last request: 0.000018 seconds.
  path: Assets/Asset/Map/TileMap/Wall Tile/Sand_ground_417.asset
  artifactKey: Guid(65d624644b714694295a96e49d1628d4) Importer(815301076,1909f56bfc062723c751e8b465ee728b)
Start importing Assets/Asset/Map/TileMap/Wall Tile/Sand_ground_417.asset using Guid(65d624644b714694295a96e49d1628d4) Importer(815301076,1909f56bfc062723c751e8b465ee728b) (PreviewImporter) -> (artifact id: '9e6858a7e1c3d668ee761f8030089b0d') in 0.0017507 seconds
Number of updated asset objects reloaded before import = 0Number of asset objects unloaded after import = 1

========================================================================
Received Import Request.
  Time since last request: 0.000030 seconds.
  path: Assets/Asset/Map/TileMap/Wall Tile/Sand_ground_434.asset
  artifactKey: Guid(007179a3e1ccdc443958bb86cf8f5202) Importer(815301076,1909f56bfc062723c751e8b465ee728b)
Start importing Assets/Asset/Map/TileMap/Wall Tile/Sand_ground_434.asset using Guid(007179a3e1ccdc443958bb86cf8f5202) Importer(815301076,1909f56bfc062723c751e8b465ee728b) (PreviewImporter) -> (artifact id: '1eb0708eb89dd012e2f8b316dd6d2ff5') in 0.003268 seconds
Number of updated asset objects reloaded before import = 0Number of asset objects unloaded after import = 1

========================================================================
Received Import Request.
  Time since last request: 0.000019 seconds.
  path: Assets/Asset/Map/TileMap/Wall Tile/Sand_ground_439.asset
  artifactKey: Guid(a36d38dfdbb2e2e4da86c309eae2c405) Importer(815301076,1909f56bfc062723c751e8b465ee728b)
Start importing Assets/Asset/Map/TileMap/Wall Tile/Sand_ground_439.asset using Guid(a36d38dfdbb2e2e4da86c309eae2c405) Importer(815301076,1909f56bfc062723c751e8b465ee728b) (PreviewImporter) -> (artifact id: '0bf322c9d98ffe04db52d6a090baaa56') in 0.0025574 seconds
Number of updated asset objects reloaded before import = 0Number of asset objects unloaded after import = 1

========================================================================
Received Import Request.
  Time since last request: 30.963574 seconds.
  path: Assets/Asset/Map/TileMap/Wall Tile/Sand_ground_274.asset
  artifactKey: Guid(444efc76fb804784b889dce222b78108) Importer(815301076,1909f56bfc062723c751e8b465ee728b)
Start importing Assets/Asset/Map/TileMap/Wall Tile/Sand_ground_274.asset using Guid(444efc76fb804784b889dce222b78108) Importer(815301076,1909f56bfc062723c751e8b465ee728b) (PreviewImporter) -> (artifact id: 'c8d4334231f2860b310ee61c8dd4899d') in 0.0020282 seconds
Number of updated asset objects reloaded before import = 0Number of asset objects unloaded after import = 1

========================================================================
Received Import Request.
  Time since last request: 0.000019 seconds.
  path: Assets/Asset/Map/TileMap/Wall Tile/Sand_ground_282.asset
  artifactKey: Guid(c7075e3e8c9fc9c4c9371ae7d9deeba9) Importer(815301076,1909f56bfc062723c751e8b465ee728b)
Start importing Assets/Asset/Map/TileMap/Wall Tile/Sand_ground_282.asset using Guid(c7075e3e8c9fc9c4c9371ae7d9deeba9) Importer(815301076,1909f56bfc062723c751e8b465ee728b) (PreviewImporter) -> (artifact id: '6ce8fb627bf45be737654c9bed84a8ad') in 0.0021346 seconds
Number of updated asset objects reloaded before import = 0Number of asset objects unloaded after import = 1

========================================================================
Received Import Request.
  Time since last request: 0.000034 seconds.
  path: Assets/Asset/Map/TileMap/Wall Tile/Sand_ground_290.asset
  artifactKey: Guid(276e44483c3e30543b7e7115e4747262) Importer(815301076,1909f56bfc062723c751e8b465ee728b)
Start importing Assets/Asset/Map/TileMap/Wall Tile/Sand_ground_290.asset using Guid(276e44483c3e30543b7e7115e4747262) Importer(815301076,1909f56bfc062723c751e8b465ee728b) (PreviewImporter) -> (artifact id: '381bbee739c130b35d1a81d2bf5e4e06') in 0.0034838 seconds
Number of updated asset objects reloaded before import = 0Number of asset objects unloaded after import = 1

========================================================================
Received Import Request.
  Time since last request: 0.899816 seconds.
  path: Assets/Asset/Map/TileMap/Wall Tile/Sand_ground_338.asset
  artifactKey: Guid(c668e23330e668e428c0bf6396d784b5) Importer(815301076,1909f56bfc062723c751e8b465ee728b)
Start importing Assets/Asset/Map/TileMap/Wall Tile/Sand_ground_338.asset using Guid(c668e23330e668e428c0bf6396d784b5) Importer(815301076,1909f56bfc062723c751e8b465ee728b) (PreviewImporter) -> (artifact id: '5c873eaab69edfae24dd9b122459a7b8') in 0.0025353 seconds
Number of updated asset objects reloaded before import = 0Number of asset objects unloaded after import = 1

========================================================================
Received Import Request.
  Time since last request: 0.006352 seconds.
  path: Assets/Asset/Map/TileMap/Wall Tile/Sand_ground_346.asset
  artifactKey: Guid(b4b6361b08f11e3498904adbf149ce2c) Importer(815301076,1909f56bfc062723c751e8b465ee728b)
Start importing Assets/Asset/Map/TileMap/Wall Tile/Sand_ground_346.asset using Guid(b4b6361b08f11e3498904adbf149ce2c) Importer(815301076,1909f56bfc062723c751e8b465ee728b) (PreviewImporter) -> (artifact id: 'd84ac3e48fc4ce7a30c7783282bb04ae') in 0.0042999 seconds
Number of updated asset objects reloaded before import = 0Number of asset objects unloaded after import = 1

========================================================================
Received Import Request.
  Time since last request: 0.190352 seconds.
  path: Assets/Asset/Map/TileMap/Wall Tile/Sand_ground_354.asset
  artifactKey: Guid(0f93848d591813f43abfb0fd71448084) Importer(815301076,1909f56bfc062723c751e8b465ee728b)
Start importing Assets/Asset/Map/TileMap/Wall Tile/Sand_ground_354.asset using Guid(0f93848d591813f43abfb0fd71448084) Importer(815301076,1909f56bfc062723c751e8b465ee728b) (PreviewImporter) -> (artifact id: '2d9be50107811409d3acefd4a7ca8c2f') in 0.003992 seconds
Number of updated asset objects reloaded before import = 0Number of asset objects unloaded after import = 1

========================================================================
Received Import Request.
  Time since last request: 0.000018 seconds.
  path: Assets/Asset/Map/TileMap/Wall Tile/Sand_ground_361.asset
  artifactKey: Guid(9fafad818fc391e4f8daa32fe10653a6) Importer(815301076,1909f56bfc062723c751e8b465ee728b)
Start importing Assets/Asset/Map/TileMap/Wall Tile/Sand_ground_361.asset using Guid(9fafad818fc391e4f8daa32fe10653a6) Importer(815301076,1909f56bfc062723c751e8b465ee728b) (PreviewImporter) -> (artifact id: 'c8b0673c2f7bc6922b949ace9b864b74') in 0.0015662 seconds
Number of updated asset objects reloaded before import = 0Number of asset objects unloaded after import = 1

========================================================================
Received Import Request.
  Time since last request: 0.000024 seconds.
  path: Assets/Asset/Map/TileMap/Wall Tile/Sand_ground_374.asset
  artifactKey: Guid(1d4b0629f1dfd9744a2bb8856c6444fd) Importer(815301076,1909f56bfc062723c751e8b465ee728b)
Start importing Assets/Asset/Map/TileMap/Wall Tile/Sand_ground_374.asset using Guid(1d4b0629f1dfd9744a2bb8856c6444fd) Importer(815301076,1909f56bfc062723c751e8b465ee728b) (PreviewImporter) -> (artifact id: 'cdd61ff637ac549f16ad2ad5a882ba2e') in 0.0016098 seconds
Number of updated asset objects reloaded before import = 0Number of asset objects unloaded after import = 1

========================================================================
Received Import Request.
  Time since last request: 0.000019 seconds.
  path: Assets/Asset/Map/TileMap/Wall Tile/Sand_ground_389.asset
  artifactKey: Guid(539eb2d14fb7bac4f953fb0a861b32e8) Importer(815301076,1909f56bfc062723c751e8b465ee728b)
Start importing Assets/Asset/Map/TileMap/Wall Tile/Sand_ground_389.asset using Guid(539eb2d14fb7bac4f953fb0a861b32e8) Importer(815301076,1909f56bfc062723c751e8b465ee728b) (PreviewImporter) -> (artifact id: 'e8a5d7f31d420accf6765037fb579f3c') in 0.0017908 seconds
Number of updated asset objects reloaded before import = 0Number of asset objects unloaded after import = 1

========================================================================
Received Import Request.
  Time since last request: 0.000024 seconds.
  path: Assets/Asset/Map/TileMap/Wall Tile/Sand_ground_387.asset
  artifactKey: Guid(2034cb073cc73e84ca7bc2cde735cb55) Importer(815301076,1909f56bfc062723c751e8b465ee728b)
Start importing Assets/Asset/Map/TileMap/Wall Tile/Sand_ground_387.asset using Guid(2034cb073cc73e84ca7bc2cde735cb55) Importer(815301076,1909f56bfc062723c751e8b465ee728b) (PreviewImporter) -> (artifact id: '182ee59860ebcd50538c64d381694d90') in 0.0027838 seconds
Number of updated asset objects reloaded before import = 0Number of asset objects unloaded after import = 1

========================================================================
Received Import Request.
  Time since last request: 0.075946 seconds.
  path: Assets/Asset/Map/TileMap/Wall Tile/Sand_ground_394.asset
  artifactKey: Guid(2e94db8f04c4cd149bb8c1d6cddd69c7) Importer(815301076,1909f56bfc062723c751e8b465ee728b)
Start importing Assets/Asset/Map/TileMap/Wall Tile/Sand_ground_394.asset using Guid(2e94db8f04c4cd149bb8c1d6cddd69c7) Importer(815301076,1909f56bfc062723c751e8b465ee728b) (PreviewImporter) -> (artifact id: '16d4bf82a44bc2a6c241c001543ab68f') in 0.002066 seconds
Number of updated asset objects reloaded before import = 0Number of asset objects unloaded after import = 1

========================================================================
Received Import Request.
  Time since last request: 0.000021 seconds.
  path: Assets/Asset/Map/TileMap/Wall Tile/Sand_ground_402.asset
  artifactKey: Guid(247d29caed964fd4cbe41224348920ff) Importer(815301076,1909f56bfc062723c751e8b465ee728b)
Start importing Assets/Asset/Map/TileMap/Wall Tile/Sand_ground_402.asset using Guid(247d29caed964fd4cbe41224348920ff) Importer(815301076,1909f56bfc062723c751e8b465ee728b) (PreviewImporter) -> (artifact id: 'bd4d744e62fa381a12c852307c4776fa') in 0.002567 seconds
Number of updated asset objects reloaded before import = 0Number of asset objects unloaded after import = 1

========================================================================
Received Import Request.
  Time since last request: 0.000025 seconds.
  path: Assets/Asset/Map/TileMap/Wall Tile/Sand_ground_410.asset
  artifactKey: Guid(e7ce7f7011035ec4f992752fe66625d7) Importer(815301076,1909f56bfc062723c751e8b465ee728b)
Start importing Assets/Asset/Map/TileMap/Wall Tile/Sand_ground_410.asset using Guid(e7ce7f7011035ec4f992752fe66625d7) Importer(815301076,1909f56bfc062723c751e8b465ee728b) (PreviewImporter) -> (artifact id: 'c30634ea26d48b28bdd97fd85dcce428') in 0.0019835 seconds
Number of updated asset objects reloaded before import = 0Number of asset objects unloaded after import = 1

Editor requested this worker to shutdown with reason: Scaling down because of idle timeout
AssetImportWorker is now disconnected from the server
Process exiting
Exiting without the bug reporter. Application will terminate with return code 0