[Licensing::Module] Trying to connect to existing licensing client channel...
Built from '6000.3/respin/6000.3.1f1-f56f53296c2c' branch; Version is '6000.3.1f1 (37142da19a94) revision 3609645'; Using compiler version '194234433'; Build Type 'Release'
OS: 'Windows 11  (10.0.26100) 64bit Core' Language: 'ko' Physical Memory: 32491 MB
[Licensing::IpcConnector] Successfully connected to: "LicenseClient-신명근" at "2025-12-17T08:55:31.1842828Z"
BatchMode: 1, IsHumanControllingUs: 0, StartBugReporterOnCrash: 0, Is64bit: 1
Date: 2025-12-17T08:55:31Z

COMMAND LINE ARGUMENTS:
C:\Unity Editor\6000.3.1f1\Editor\Unity.exe
-adb2
-batchMode
-noUpm
-name
AssetImportWorker3
-projectPath
C:/Unity Project/GamZem
-logFile
Logs/AssetImportWorker3.log
-srvPort
61047
-licensingIpc
LicenseClient-신명근
-job-worker-count
15
-background-job-worker-count
8
-gc-helper-count
1
-name
AssetImport
Successfully changed project path to: C:/Unity Project/GamZem
C:/Unity Project/GamZem
[UnityMemory] Configuration Parameters - Can be set up in boot.config
    "memorysetup-temp-allocator-size-nav-mesh-worker=65536"
    "memorysetup-temp-allocator-size-audio-worker=65536"
    "memorysetup-temp-allocator-size-gfx=262144"
    "memorysetup-allocator-temp-initial-block-size-main=262144"
    "memorysetup-allocator-temp-initial-block-size-worker=262144"
    "memorysetup-temp-allocator-size-background-worker=32768"
    "memorysetup-temp-allocator-size-job-worker=262144"
    "memorysetup-temp-allocator-size-preload-manager=33554432"
    "memorysetup-temp-allocator-size-gi-baking-worker=262144"
    "memorysetup-temp-allocator-size-gi-baking-worker=262144"
    "memorysetup-temp-allocator-size-gi-baking-worker=262144"
    "memorysetup-temp-allocator-size-gi-baking-worker=262144"
    "memorysetup-temp-allocator-size-gi-baking-worker=262144"
    "memorysetup-bucket-allocator-granularity=16"
    "memorysetup-bucket-allocator-bucket-count=8"
    "memorysetup-bucket-allocator-block-size=33554432"
    "memorysetup-bucket-allocator-block-count=8"
    "memorysetup-main-allocator-block-size=16777216"
    "memorysetup-thread-allocator-block-size=16777216"
    "memorysetup-gfx-main-allocator-block-size=16777216"
    "memorysetup-gfx-thread-allocator-block-size=16777216"
    "memorysetup-cache-allocator-block-size=4194304"
    "memorysetup-typetree-allocator-block-size=2097152"
    "memorysetup-profiler-bucket-allocator-granularity=16"
    "memorysetup-profiler-bucket-allocator-bucket-count=8"
    "memorysetup-profiler-bucket-allocator-block-size=33554432"
    "memorysetup-profiler-bucket-allocator-block-count=8"
    "memorysetup-profiler-allocator-block-size=16777216"
    "memorysetup-profiler-editor-allocator-block-size=1048576"
    "memorysetup-temp-allocator-size-main=16777216"
    "memorysetup-job-temp-allocator-block-size=2097152"
    "memorysetup-job-temp-allocator-block-size-background=1048576"
    "memorysetup-job-temp-allocator-reduction-small-platforms=262144"
    "memorysetup-temp-allocator-size-cloud-worker=32768"
Player connection [37612]  Target information:

Player connection [37612]  * "[IP] 172.17.105.77 [Port] 0 [Flags] 2 [Guid] 1009386441 [EditorId] 1009386441 [Version] 1048832 [Id] WindowsEditor(7,TTingGS) [Debug] 1 [PackageName] WindowsEditor [ProjectName] Editor" 

Player connection [37612] Host joined multi-casting on [225.0.0.222:54997]...
Player connection [37612] Host joined alternative multi-casting on [225.0.0.222:34997]...
JobSystem: Creating JobQueue using job-worker-count value 15
Input System module state changed to: Initialized.
[Physics::Module] Initialized fallback backend.
[Physics::Module] Id: 0xdecafbad
Library Redirect Path: Library/
[Physics::Module] Selected backend.
[Physics::Module] Name: PhysX
[Physics::Module] Id: 0xf2b8ea05
[Physics::Module] SDK Version: 4.1.2
[Physics::Module] Integration Version: 1.0.0
[Physics::Module] Threading Mode: Multi-Threaded
Refreshing native plugins compatible for Editor in 3.10 ms, found 4 plugins.
Preloading 0 native plugins for Editor in 0.00 ms.
Initialize engine version: 6000.3.1f1 (37142da19a94)
[Subsystems] Discovering subsystems at path C:/Unity Editor/6000.3.1f1/Editor/Data/Resources/UnitySubsystems
[Subsystems] Discovering subsystems at path C:/Unity Project/GamZem/Assets
GfxDevice: creating device client; kGfxThreadingModeNonThreaded
Direct3D:
    Version:  Direct3D 11.0 [level 11.1]
    Renderer: NVIDIA GeForce RTX 4070 Laptop GPU (ID=0x2860)
    Vendor:   NVIDIA
    VRAM:     7948 MB
    Driver:   32.0.15.6094
Initialize mono
Mono path[0] = 'C:/Unity Editor/6000.3.1f1/Editor/Data/Managed'
Mono path[1] = 'C:/Unity Editor/6000.3.1f1/Editor/Data/MonoBleedingEdge/lib/mono/unityjit-win32'
Mono config path = 'C:/Unity Editor/6000.3.1f1/Editor/Data/MonoBleedingEdge/etc'
Using monoOptions --debugger-agent=transport=dt_socket,embedding=1,server=y,suspend=n,address=127.0.0.1:56752
Begin MonoManager ReloadAssembly
[Licensing::Client] Error: HandshakeResponse reported an error:
	ResponseCode: 505
	ResponseStatus: Unsupported protocol version '1.17.4'.
[Licensing::Module] Error: Failed to handshake to channel: "LicenseClient-신명근"
[Licensing::IpcConnector] LicenseClient-신명근 channel disconnected successfully.
[Licensing::IpcConnector] Successfully connected to: "LicenseClient-신명근-6000.3.1" at "2025-12-17T08:55:32.1342236Z"
Registering precompiled unity dll's ...
Register platform support module: C:/Unity Editor/6000.3.1f1/Editor/Data/PlaybackEngines/WindowsStandaloneSupport/UnityEditor.WindowsStandalone.Extensions.dll
[Licensing::Module] Licensing is not yet initialized.
[Licensing::Client] Handshaking with LicensingClient:
  Version:                 1.17.4+4293ba1
  Session Id:              160e6b375efb4d33816794c6004b42ea
  Correlation Id:          fb7c93f9e49ea444670d73d30ba71317
  External correlation Id: 177036967443141057
  Machine Id:              0M/ABMMGBGM+hP/9vJJ0T88awfw=
[Licensing::Module] Successfully connected to LicensingClient on channel: "LicenseClient-신명근-6000.3.1" (connect: 0.00s, validation: 0.00s, handshake: 0.72s)
[Licensing::IpcConnector] Successfully connected to: "LicenseClient-신명근-6000.3.1-notifications" at "2025-12-17T08:55:32.8549481Z"
[Licensing::Module] Licensing Background thread has ended after 1.67s
[Licensing::Module] Licensing is initialized (took 0.55s).
[Licensing::Client] Successfully resolved entitlement details
[Licensing::Module] License group:
  Id: 14569682563822-gwichana-UnityProStuXXXX
  Product: Unity Student
  Type: Assigned
  Expiration: 2026-10-04T14:32:33Z
Register platform support module: C:/Unity Editor/6000.3.1f1/Editor/Data/PlaybackEngines/AndroidPlayer/UnityEditor.Android.Extensions.dll
Registered in 0.558395 seconds.
- Loaded All Assemblies, in  0.943 seconds
Native extension for Android target not found
Android Extension - Scanning For ADB Devices 623 ms
Native extension for WindowsStandalone target not found
Mono: successfully reloaded assembly
- Finished resetting the current domain, in  0.993 seconds
Domain Reload Profiling: 1933ms
	BeginReloadAssembly (138ms)
		ExecutionOrderSort (0ms)
		DisableScriptedObjects (0ms)
		BackupInstance (0ms)
		ReleaseScriptingObjects (0ms)
		CreateAndSetChildDomain (1ms)
	RebuildCommonClasses (37ms)
	RebuildNativeTypeToScriptingClass (11ms)
	initialDomainReloadingComplete (596ms)
	LoadAllAssembliesAndSetupDomain (158ms)
		LoadAssemblies (131ms)
		RebuildTransferFunctionScriptingTraits (0ms)
		AnalyzeDomain (155ms)
			TypeCache.Refresh (154ms)
				TypeCache.ScanAssembly (142ms)
			BuildScriptInfoCaches (0ms)
			ResolveRequiredComponents (0ms)
	FinalizeReload (993ms)
		ReleaseScriptCaches (0ms)
		RebuildScriptCaches (0ms)
		SetupLoadedEditorAssemblies (956ms)
			LogAssemblyErrors (0ms)
			InitializePlatformSupportModulesInManaged (694ms)
			SetLoadedEditorAssemblies (4ms)
			BeforeProcessingInitializeOnLoad (77ms)
			ProcessInitializeOnLoadAttributes (124ms)
			ProcessInitializeOnLoadMethodAttributes (57ms)
			AfterProcessingInitializeOnLoad (0ms)
			EditorAssembliesLoaded (0ms)
		ExecutionOrderSort2 (0ms)
		AwakeInstancesAfterBackupRestoration (0ms)
========================================================================
Worker process is ready to serve import requests
Import Worker Mode flag is 0x00
Begin MonoManager ReloadAssembly
[Licensing::Client] Successfully resolved entitlement details
- Loaded All Assemblies, in  0.678 seconds
Refreshing native plugins compatible for Editor in 1.01 ms, found 4 plugins.
Native extension for Android target not found
Native extension for WindowsStandalone target not found
Package Manager log level set to [2]
[Package Manager] Failed to launch server process. Reason: Unity was launched with the -noUpm command-line argument
[Package Manager] Unable to send message (not connected to server process).
[Package Manager] Cannot connect to Unity Package Manager local server
Mono: successfully reloaded assembly
- Finished resetting the current domain, in  0.671 seconds
Domain Reload Profiling: 1344ms
	BeginReloadAssembly (124ms)
		ExecutionOrderSort (0ms)
		DisableScriptedObjects (4ms)
		BackupInstance (0ms)
		ReleaseScriptingObjects (0ms)
		CreateAndSetChildDomain (25ms)
	RebuildCommonClasses (30ms)
	RebuildNativeTypeToScriptingClass (10ms)
	initialDomainReloadingComplete (34ms)
	LoadAllAssembliesAndSetupDomain (474ms)
		LoadAssemblies (316ms)
		RebuildTransferFunctionScriptingTraits (0ms)
		AnalyzeDomain (219ms)
			TypeCache.Refresh (165ms)
				TypeCache.ScanAssembly (151ms)
			BuildScriptInfoCaches (42ms)
			ResolveRequiredComponents (8ms)
	FinalizeReload (671ms)
		ReleaseScriptCaches (0ms)
		RebuildScriptCaches (0ms)
		SetupLoadedEditorAssemblies (551ms)
			LogAssemblyErrors (0ms)
			InitializePlatformSupportModulesInManaged (9ms)
			SetLoadedEditorAssemblies (3ms)
			BeforeProcessingInitializeOnLoad (140ms)
			ProcessInitializeOnLoadAttributes (294ms)
			ProcessInitializeOnLoadMethodAttributes (100ms)
			AfterProcessingInitializeOnLoad (4ms)
			EditorAssembliesLoaded (0ms)
		ExecutionOrderSort2 (0ms)
		AwakeInstancesAfterBackupRestoration (4ms)
Launched and connected shader compiler UnityShaderCompiler.exe after 0.03 seconds
Refreshing native plugins compatible for Editor in 2.61 ms, found 4 plugins.
Preloading 0 native plugins for Editor in 0.00 ms.
Unloading 16 Unused Serialized files (Serialized files now loaded: 0)
Unloading 6871 unused Assets / (4.3 MB). Loaded Objects now: 7690.
Memory consumption went from 171.7 MB to 167.4 MB.
Total: 13.291800 ms (FindLiveObjects: 0.771200 ms CreateObjectMapping: 0.643800 ms MarkObjects: 8.822100 ms  DeleteObjects: 3.053200 ms)

========================================================================
Received Import Request.
  Time since last request: 369067.472383 seconds.
  path: Assets/Asset/Map/TileMap/Wall Tile/Sand_ground_35.asset
  artifactKey: Guid(37575b995bab6ae40a35004d699583f9) Importer(815301076,1909f56bfc062723c751e8b465ee728b)
Start importing Assets/Asset/Map/TileMap/Wall Tile/Sand_ground_35.asset using Guid(37575b995bab6ae40a35004d699583f9) Importer(815301076,1909f56bfc062723c751e8b465ee728b) (PreviewImporter) -> (artifact id: 'e9c8a5dc4ce29c89dc2199354d8e07ba') in 0.0663704 seconds
Number of updated asset objects reloaded before import = 0Number of asset objects unloaded after import = 3

========================================================================
Received Import Request.
  Time since last request: 0.000021 seconds.
  path: Assets/Asset/Map/TileMap/Wall Tile/Sand_ground_48.asset
  artifactKey: Guid(78b6b0cc1f9af8e44815b0f54adf87ef) Importer(815301076,1909f56bfc062723c751e8b465ee728b)
Start importing Assets/Asset/Map/TileMap/Wall Tile/Sand_ground_48.asset using Guid(78b6b0cc1f9af8e44815b0f54adf87ef) Importer(815301076,1909f56bfc062723c751e8b465ee728b) (PreviewImporter) -> (artifact id: '22e09f6a07b7fbbb9af4e9dd8a6d6de0') in 0.0249291 seconds
Number of updated asset objects reloaded before import = 0Number of asset objects unloaded after import = 3

========================================================================
Received Import Request.
  Time since last request: 0.000018 seconds.
  path: Assets/Asset/Map/TileMap/Wall Tile/Sand_ground_47.asset
  artifactKey: Guid(e2a74549d58df754ca1a1665ddcb260e) Importer(815301076,1909f56bfc062723c751e8b465ee728b)
Start importing Assets/Asset/Map/TileMap/Wall Tile/Sand_ground_47.asset using Guid(e2a74549d58df754ca1a1665ddcb260e) Importer(815301076,1909f56bfc062723c751e8b465ee728b) (PreviewImporter) -> (artifact id: '89b07b30deba1144a66a58e55a569e6b') in 0.0309126 seconds
Number of updated asset objects reloaded before import = 0Number of asset objects unloaded after import = 3

========================================================================
Received Import Request.
  Time since last request: 0.053943 seconds.
  path: Assets/Asset/Map/TileMap/Wall Tile/Sand_ground_53.asset
  artifactKey: Guid(d6050ee911204564d864dca0cb40e4bb) Importer(815301076,1909f56bfc062723c751e8b465ee728b)
Start importing Assets/Asset/Map/TileMap/Wall Tile/Sand_ground_53.asset using Guid(d6050ee911204564d864dca0cb40e4bb) Importer(815301076,1909f56bfc062723c751e8b465ee728b) (PreviewImporter) -> (artifact id: '3bbc9ac22598eb61df9499a2f399c0d4') in 0.0227844 seconds
Number of updated asset objects reloaded before import = 0Number of asset objects unloaded after import = 3

========================================================================
Received Import Request.
  Time since last request: 0.000016 seconds.
  path: Assets/Asset/Map/TileMap/Wall Tile/Sand_ground_57.asset
  artifactKey: Guid(7865e245be543b24dacd13f9abd3e33f) Importer(815301076,1909f56bfc062723c751e8b465ee728b)
Start importing Assets/Asset/Map/TileMap/Wall Tile/Sand_ground_57.asset using Guid(7865e245be543b24dacd13f9abd3e33f) Importer(815301076,1909f56bfc062723c751e8b465ee728b) (PreviewImporter) -> (artifact id: 'e06f7166ab5a405e2baa28ecdd5b5286') in 0.025993 seconds
Number of updated asset objects reloaded before import = 0Number of asset objects unloaded after import = 3

========================================================================
Received Import Request.
  Time since last request: 0.000018 seconds.
  path: Assets/Asset/Map/TileMap/Wall Tile/Sand_ground_68.asset
  artifactKey: Guid(ad4778cd770a1b744b8a08d29d2c80ea) Importer(815301076,1909f56bfc062723c751e8b465ee728b)
Start importing Assets/Asset/Map/TileMap/Wall Tile/Sand_ground_68.asset using Guid(ad4778cd770a1b744b8a08d29d2c80ea) Importer(815301076,1909f56bfc062723c751e8b465ee728b) (PreviewImporter) -> (artifact id: '0932ed8136a1c4cfe6acca8e86427fde') in 0.0241936 seconds
Number of updated asset objects reloaded before import = 0Number of asset objects unloaded after import = 3

========================================================================
Received Import Request.
  Time since last request: 0.000021 seconds.
  path: Assets/Asset/Map/TileMap/Wall Tile/Sand_ground_72.asset
  artifactKey: Guid(dd915d24783cbaa49a159cb713f22601) Importer(815301076,1909f56bfc062723c751e8b465ee728b)
Start importing Assets/Asset/Map/TileMap/Wall Tile/Sand_ground_72.asset using Guid(dd915d24783cbaa49a159cb713f22601) Importer(815301076,1909f56bfc062723c751e8b465ee728b) (PreviewImporter) -> (artifact id: '2f7514073b68896f2e31f5702d117bdf') in 0.0228125 seconds
Number of updated asset objects reloaded before import = 0Number of asset objects unloaded after import = 3

========================================================================
Received Import Request.
  Time since last request: 0.170441 seconds.
  path: Assets/Asset/Map/TileMap/Wall Tile/Sand_ground_77.asset
  artifactKey: Guid(b8e4f545e711ae04d946d865af1b0636) Importer(815301076,1909f56bfc062723c751e8b465ee728b)
Start importing Assets/Asset/Map/TileMap/Wall Tile/Sand_ground_77.asset using Guid(b8e4f545e711ae04d946d865af1b0636) Importer(815301076,1909f56bfc062723c751e8b465ee728b) (PreviewImporter) -> (artifact id: '12f2a6296a0f4d314bf0792ca372c3f5') in 0.025478 seconds
Number of updated asset objects reloaded before import = 0Number of asset objects unloaded after import = 3

========================================================================
Received Import Request.
  Time since last request: 0.000022 seconds.
  path: Assets/Asset/Map/TileMap/Wall Tile/Sand_ground_80.asset
  artifactKey: Guid(e534f880416100a49a4c752c0f347603) Importer(815301076,1909f56bfc062723c751e8b465ee728b)
Start importing Assets/Asset/Map/TileMap/Wall Tile/Sand_ground_80.asset using Guid(e534f880416100a49a4c752c0f347603) Importer(815301076,1909f56bfc062723c751e8b465ee728b) (PreviewImporter) -> (artifact id: 'b08d2e8d1240674fd7dbc1cae0c0b35e') in 0.0215788 seconds
Number of updated asset objects reloaded before import = 0Number of asset objects unloaded after import = 3

========================================================================
Received Import Request.
  Time since last request: 0.000027 seconds.
  path: Assets/Asset/Map/TileMap/Wall Tile/Sand_ground_89.asset
  artifactKey: Guid(31b490f528ac0274eaa55814fdeb7fb2) Importer(815301076,1909f56bfc062723c751e8b465ee728b)
Start importing Assets/Asset/Map/TileMap/Wall Tile/Sand_ground_89.asset using Guid(31b490f528ac0274eaa55814fdeb7fb2) Importer(815301076,1909f56bfc062723c751e8b465ee728b) (PreviewImporter) -> (artifact id: 'b4c9e5d6d73c6dae38fe4b96b4f61c6c') in 0.0214995 seconds
Number of updated asset objects reloaded before import = 0Number of asset objects unloaded after import = 3

========================================================================
Received Import Request.
  Time since last request: 0.129920 seconds.
  path: Assets/Asset/Map/TileMap/Wall Tile/Sand_ground_95.asset
  artifactKey: Guid(0f57b701d5963c24ca1850e15d6b28cf) Importer(815301076,1909f56bfc062723c751e8b465ee728b)
Start importing Assets/Asset/Map/TileMap/Wall Tile/Sand_ground_95.asset using Guid(0f57b701d5963c24ca1850e15d6b28cf) Importer(815301076,1909f56bfc062723c751e8b465ee728b) (PreviewImporter) -> (artifact id: '0b390eabb0dd4471ecd73b57cac53a30') in 0.0210675 seconds
Number of updated asset objects reloaded before import = 0Number of asset objects unloaded after import = 3

========================================================================
Received Import Request.
  Time since last request: 0.000039 seconds.
  path: Assets/Asset/Map/TileMap/Wall Tile/Sand_ground_97.asset
  artifactKey: Guid(e531ee5be3e6cdc42a5d9e5068de8bdb) Importer(815301076,1909f56bfc062723c751e8b465ee728b)
Start importing Assets/Asset/Map/TileMap/Wall Tile/Sand_ground_97.asset using Guid(e531ee5be3e6cdc42a5d9e5068de8bdb) Importer(815301076,1909f56bfc062723c751e8b465ee728b) (PreviewImporter) -> (artifact id: '31b072c3bfec7cef8357bb0802f743a2') in 0.0196612 seconds
Number of updated asset objects reloaded before import = 0Number of asset objects unloaded after import = 3

========================================================================
Received Import Request.
  Time since last request: 0.000024 seconds.
  path: Assets/Asset/Map/TileMap/Wall Tile/Sand_ground_103.asset
  artifactKey: Guid(09ca2a369f5674947a751d74f000592e) Importer(815301076,1909f56bfc062723c751e8b465ee728b)
Start importing Assets/Asset/Map/TileMap/Wall Tile/Sand_ground_103.asset using Guid(09ca2a369f5674947a751d74f000592e) Importer(815301076,1909f56bfc062723c751e8b465ee728b) (PreviewImporter) -> (artifact id: 'aad4d9c60ac223c2b42d69d61a79eeb4') in 0.0191656 seconds
Number of updated asset objects reloaded before import = 0Number of asset objects unloaded after import = 3

========================================================================
Received Import Request.
  Time since last request: 0.000021 seconds.
  path: Assets/Asset/Map/TileMap/Wall Tile/Sand_ground_107.asset
  artifactKey: Guid(b19299ff72f679748a88de50da0bc925) Importer(815301076,1909f56bfc062723c751e8b465ee728b)
Start importing Assets/Asset/Map/TileMap/Wall Tile/Sand_ground_107.asset using Guid(b19299ff72f679748a88de50da0bc925) Importer(815301076,1909f56bfc062723c751e8b465ee728b) (PreviewImporter) -> (artifact id: '6c44c8c3a8fecb2d74e192a68f0d8b7b') in 0.0242584 seconds
Number of updated asset objects reloaded before import = 0Number of asset objects unloaded after import = 3

========================================================================
Received Import Request.
  Time since last request: 0.033402 seconds.
  path: Assets/Asset/Map/TileMap/Wall Tile/Sand_ground_119.asset
  artifactKey: Guid(f7380fc5dd639b44d9e17b21b54c2368) Importer(815301076,1909f56bfc062723c751e8b465ee728b)
Start importing Assets/Asset/Map/TileMap/Wall Tile/Sand_ground_119.asset using Guid(f7380fc5dd639b44d9e17b21b54c2368) Importer(815301076,1909f56bfc062723c751e8b465ee728b) (PreviewImporter) -> (artifact id: 'd05c218b4a5fd3aa13bae8c59eb961e7') in 0.0175068 seconds
Number of updated asset objects reloaded before import = 0Number of asset objects unloaded after import = 3

========================================================================
Received Import Request.
  Time since last request: 0.000020 seconds.
  path: Assets/Asset/Map/TileMap/Wall Tile/Sand_ground_125.asset
  artifactKey: Guid(cd388e74c13eb7844a0bebc80ee07f04) Importer(815301076,1909f56bfc062723c751e8b465ee728b)
Start importing Assets/Asset/Map/TileMap/Wall Tile/Sand_ground_125.asset using Guid(cd388e74c13eb7844a0bebc80ee07f04) Importer(815301076,1909f56bfc062723c751e8b465ee728b) (PreviewImporter) -> (artifact id: '37f8d66fc8ee71f1b61d9a7d45ca6db9') in 0.0325969 seconds
Number of updated asset objects reloaded before import = 0Number of asset objects unloaded after import = 3

========================================================================
Received Import Request.
  Time since last request: 0.000026 seconds.
  path: Assets/Asset/Map/TileMap/Wall Tile/Sand_ground_134.asset
  artifactKey: Guid(10178b941ff6b4c46a6f507e7ffbd1b3) Importer(815301076,1909f56bfc062723c751e8b465ee728b)
Start importing Assets/Asset/Map/TileMap/Wall Tile/Sand_ground_134.asset using Guid(10178b941ff6b4c46a6f507e7ffbd1b3) Importer(815301076,1909f56bfc062723c751e8b465ee728b) (PreviewImporter) -> (artifact id: 'd36fe44bc4fd36de906e3107e34f9688') in 0.0197481 seconds
Number of updated asset objects reloaded before import = 0Number of asset objects unloaded after import = 3

========================================================================
Received Import Request.
  Time since last request: 0.000020 seconds.
  path: Assets/Asset/Map/TileMap/Wall Tile/Sand_ground_131.asset
  artifactKey: Guid(522d53ac1372ebf439b9582e3f00b240) Importer(815301076,1909f56bfc062723c751e8b465ee728b)
Start importing Assets/Asset/Map/TileMap/Wall Tile/Sand_ground_131.asset using Guid(522d53ac1372ebf439b9582e3f00b240) Importer(815301076,1909f56bfc062723c751e8b465ee728b) (PreviewImporter) -> (artifact id: 'b78febda24093030d926fc51a5fc799a') in 0.0070446 seconds
Number of updated asset objects reloaded before import = 0Number of asset objects unloaded after import = 3

========================================================================
Received Import Request.
  Time since last request: 0.077608 seconds.
  path: Assets/Asset/Map/TileMap/Wall Tile/Sand_ground_143.asset
  artifactKey: Guid(f28407b86e0c1da46bdd4bcd034a1ca6) Importer(815301076,1909f56bfc062723c751e8b465ee728b)
Start importing Assets/Asset/Map/TileMap/Wall Tile/Sand_ground_143.asset using Guid(f28407b86e0c1da46bdd4bcd034a1ca6) Importer(815301076,1909f56bfc062723c751e8b465ee728b) (PreviewImporter) -> (artifact id: 'a179750dd3141ec1d083684a745755e0') in 0.0218406 seconds
Number of updated asset objects reloaded before import = 0Number of asset objects unloaded after import = 3

========================================================================
Received Import Request.
  Time since last request: 0.000025 seconds.
  path: Assets/Asset/Map/TileMap/Wall Tile/Sand_ground_148.asset
  artifactKey: Guid(e069be3bf9581a64091dfe804e38647c) Importer(815301076,1909f56bfc062723c751e8b465ee728b)
Start importing Assets/Asset/Map/TileMap/Wall Tile/Sand_ground_148.asset using Guid(e069be3bf9581a64091dfe804e38647c) Importer(815301076,1909f56bfc062723c751e8b465ee728b) (PreviewImporter) -> (artifact id: '27a51cac38221c4a3712e7982bbc98e1') in 0.0222636 seconds
Number of updated asset objects reloaded before import = 0Number of asset objects unloaded after import = 3

========================================================================
Received Import Request.
  Time since last request: 0.000029 seconds.
  path: Assets/Asset/Map/TileMap/Wall Tile/Sand_ground_156.asset
  artifactKey: Guid(9f350d633fe6d954882e510ab5b3490b) Importer(815301076,1909f56bfc062723c751e8b465ee728b)
Start importing Assets/Asset/Map/TileMap/Wall Tile/Sand_ground_156.asset using Guid(9f350d633fe6d954882e510ab5b3490b) Importer(815301076,1909f56bfc062723c751e8b465ee728b) (PreviewImporter) -> (artifact id: 'd37271b49d1773b1852679194fb8a12e') in 0.0073463 seconds
Number of updated asset objects reloaded before import = 0Number of asset objects unloaded after import = 3

========================================================================
Received Import Request.
  Time since last request: 0.158876 seconds.
  path: Assets/Asset/Map/TileMap/Wall Tile/Sand_ground_161.asset
  artifactKey: Guid(0f77416c96ff4c04ab423cf9a72984ae) Importer(815301076,1909f56bfc062723c751e8b465ee728b)
Start importing Assets/Asset/Map/TileMap/Wall Tile/Sand_ground_161.asset using Guid(0f77416c96ff4c04ab423cf9a72984ae) Importer(815301076,1909f56bfc062723c751e8b465ee728b) (PreviewImporter) -> (artifact id: 'af7589b44722509d7448ef4d3d611cf5') in 0.0224993 seconds
Number of updated asset objects reloaded before import = 0Number of asset objects unloaded after import = 3

========================================================================
Received Import Request.
  Time since last request: 0.000029 seconds.
  path: Assets/Asset/Map/TileMap/Wall Tile/Sand_ground_166.asset
  artifactKey: Guid(607fc63369c6b8d4f970783a032964ea) Importer(815301076,1909f56bfc062723c751e8b465ee728b)
Start importing Assets/Asset/Map/TileMap/Wall Tile/Sand_ground_166.asset using Guid(607fc63369c6b8d4f970783a032964ea) Importer(815301076,1909f56bfc062723c751e8b465ee728b) (PreviewImporter) -> (artifact id: '0ea1f20170b7afd16d0d5c610b6bf420') in 0.0046661 seconds
Number of updated asset objects reloaded before import = 0Number of asset objects unloaded after import = 3

========================================================================
Received Import Request.
  Time since last request: 0.000031 seconds.
  path: Assets/Asset/Map/TileMap/Wall Tile/Sand_ground_173.asset
  artifactKey: Guid(7eb3998c0f4283d4d9043f2939e6e2c5) Importer(815301076,1909f56bfc062723c751e8b465ee728b)
Start importing Assets/Asset/Map/TileMap/Wall Tile/Sand_ground_173.asset using Guid(7eb3998c0f4283d4d9043f2939e6e2c5) Importer(815301076,1909f56bfc062723c751e8b465ee728b) (PreviewImporter) -> (artifact id: '79e241dae5af9e5c43f0e5dfd690f788') in 0.0081815 seconds
Number of updated asset objects reloaded before import = 0Number of asset objects unloaded after import = 3

========================================================================
Received Import Request.
  Time since last request: 0.121530 seconds.
  path: Assets/Asset/Map/TileMap/Wall Tile/Sand_ground_179.asset
  artifactKey: Guid(75c37bb3c839fa74a86e8770c0b7e589) Importer(815301076,1909f56bfc062723c751e8b465ee728b)
Start importing Assets/Asset/Map/TileMap/Wall Tile/Sand_ground_179.asset using Guid(75c37bb3c839fa74a86e8770c0b7e589) Importer(815301076,1909f56bfc062723c751e8b465ee728b) (PreviewImporter) -> (artifact id: 'e9d175d0bdff064f2ed31bc5975829c0') in 0.021601 seconds
Number of updated asset objects reloaded before import = 0Number of asset objects unloaded after import = 3

========================================================================
Received Import Request.
  Time since last request: 0.000043 seconds.
  path: Assets/Asset/Map/TileMap/Wall Tile/Sand_ground_185.asset
  artifactKey: Guid(a4bc9848a5872a54d9649d7612dfe9e4) Importer(815301076,1909f56bfc062723c751e8b465ee728b)
Start importing Assets/Asset/Map/TileMap/Wall Tile/Sand_ground_185.asset using Guid(a4bc9848a5872a54d9649d7612dfe9e4) Importer(815301076,1909f56bfc062723c751e8b465ee728b) (PreviewImporter) -> (artifact id: 'b68056cdb6fa930f57a3fbfda9e2495a') in 0.0199766 seconds
Number of updated asset objects reloaded before import = 0Number of asset objects unloaded after import = 3

========================================================================
Received Import Request.
  Time since last request: 0.000020 seconds.
  path: Assets/Asset/Map/TileMap/Wall Tile/Sand_ground_192.asset
  artifactKey: Guid(559b83c0dc6029148bb2d8192ea6d62d) Importer(815301076,1909f56bfc062723c751e8b465ee728b)
Start importing Assets/Asset/Map/TileMap/Wall Tile/Sand_ground_192.asset using Guid(559b83c0dc6029148bb2d8192ea6d62d) Importer(815301076,1909f56bfc062723c751e8b465ee728b) (PreviewImporter) -> (artifact id: 'dc81c2c697d9ec056e3fcf9805a288b6') in 0.0195331 seconds
Number of updated asset objects reloaded before import = 0Number of asset objects unloaded after import = 3

========================================================================
Received Import Request.
  Time since last request: 0.000028 seconds.
  path: Assets/Asset/Map/TileMap/Wall Tile/Sand_ground_196.asset
  artifactKey: Guid(b1d415e42b370934d8f779f50384fa31) Importer(815301076,1909f56bfc062723c751e8b465ee728b)
Start importing Assets/Asset/Map/TileMap/Wall Tile/Sand_ground_196.asset using Guid(b1d415e42b370934d8f779f50384fa31) Importer(815301076,1909f56bfc062723c751e8b465ee728b) (PreviewImporter) -> (artifact id: '845452b67a39983276729b463c2d491e') in 0.0229919 seconds
Number of updated asset objects reloaded before import = 0Number of asset objects unloaded after import = 3

========================================================================
Received Import Request.
  Time since last request: 0.128090 seconds.
  path: Assets/Asset/Map/TileMap/Wall Tile/Sand_ground_203.asset
  artifactKey: Guid(b8992fcce057c1746a5fdf4f44700a85) Importer(815301076,1909f56bfc062723c751e8b465ee728b)
Start importing Assets/Asset/Map/TileMap/Wall Tile/Sand_ground_203.asset using Guid(b8992fcce057c1746a5fdf4f44700a85) Importer(815301076,1909f56bfc062723c751e8b465ee728b) (PreviewImporter) -> (artifact id: 'cea5f1530db8e7f1b5ceb3a24327762c') in 0.0245897 seconds
Number of updated asset objects reloaded before import = 0Number of asset objects unloaded after import = 3

========================================================================
Received Import Request.
  Time since last request: 0.000018 seconds.
  path: Assets/Asset/Map/TileMap/Wall Tile/Sand_ground_209.asset
  artifactKey: Guid(be77e981be420d647a349f009506ba71) Importer(815301076,1909f56bfc062723c751e8b465ee728b)
Start importing Assets/Asset/Map/TileMap/Wall Tile/Sand_ground_209.asset using Guid(be77e981be420d647a349f009506ba71) Importer(815301076,1909f56bfc062723c751e8b465ee728b) (PreviewImporter) -> (artifact id: '66b3e62ece34f9b34df941b756326718') in 0.018016 seconds
Number of updated asset objects reloaded before import = 0Number of asset objects unloaded after import = 3

========================================================================
Received Import Request.
  Time since last request: 0.000057 seconds.
  path: Assets/Asset/Map/TileMap/Wall Tile/Sand_ground_214.asset
  artifactKey: Guid(0167b92776148b6498b7a95f0af8fdbd) Importer(815301076,1909f56bfc062723c751e8b465ee728b)
Start importing Assets/Asset/Map/TileMap/Wall Tile/Sand_ground_214.asset using Guid(0167b92776148b6498b7a95f0af8fdbd) Importer(815301076,1909f56bfc062723c751e8b465ee728b) (PreviewImporter) -> (artifact id: 'd12246c16b71998812292a09e9b436a1') in 0.0209756 seconds
Number of updated asset objects reloaded before import = 0Number of asset objects unloaded after import = 3

========================================================================
Received Import Request.
  Time since last request: 0.000018 seconds.
  path: Assets/Asset/Map/TileMap/Wall Tile/Sand_ground_220.asset
  artifactKey: Guid(5a5037d4ee05ae34183cdfef0012b920) Importer(815301076,1909f56bfc062723c751e8b465ee728b)
Start importing Assets/Asset/Map/TileMap/Wall Tile/Sand_ground_220.asset using Guid(5a5037d4ee05ae34183cdfef0012b920) Importer(815301076,1909f56bfc062723c751e8b465ee728b) (PreviewImporter) -> (artifact id: '506ef4576b040091fe411d1ff712d293') in 0.0055519 seconds
Number of updated asset objects reloaded before import = 0Number of asset objects unloaded after import = 3

========================================================================
Received Import Request.
  Time since last request: 0.181717 seconds.
  path: Assets/Asset/Map/TileMap/Wall Tile/Sand_ground_227.asset
  artifactKey: Guid(d2d9557d535ca0743976a52eeb485135) Importer(815301076,1909f56bfc062723c751e8b465ee728b)
Start importing Assets/Asset/Map/TileMap/Wall Tile/Sand_ground_227.asset using Guid(d2d9557d535ca0743976a52eeb485135) Importer(815301076,1909f56bfc062723c751e8b465ee728b) (PreviewImporter) -> (artifact id: '1d0dccfe07f0ed7eb684e653e29a41f2') in 0.0215223 seconds
Number of updated asset objects reloaded before import = 0Number of asset objects unloaded after import = 3

========================================================================
Received Import Request.
  Time since last request: 0.000030 seconds.
  path: Assets/Asset/Map/TileMap/Wall Tile/Sand_ground_229.asset
  artifactKey: Guid(3840499b033122c42836da0bd912a2e2) Importer(815301076,1909f56bfc062723c751e8b465ee728b)
Start importing Assets/Asset/Map/TileMap/Wall Tile/Sand_ground_229.asset using Guid(3840499b033122c42836da0bd912a2e2) Importer(815301076,1909f56bfc062723c751e8b465ee728b) (PreviewImporter) -> (artifact id: '396fae53c465db79b5d3d77d997c5b70') in 0.0066524 seconds
Number of updated asset objects reloaded before import = 0Number of asset objects unloaded after import = 3

========================================================================
Received Import Request.
  Time since last request: 0.000019 seconds.
  path: Assets/Asset/Map/TileMap/Wall Tile/Sand_ground_243.asset
  artifactKey: Guid(dfe276528c3af95409a7e64387f6c2a5) Importer(815301076,1909f56bfc062723c751e8b465ee728b)
Start importing Assets/Asset/Map/TileMap/Wall Tile/Sand_ground_243.asset using Guid(dfe276528c3af95409a7e64387f6c2a5) Importer(815301076,1909f56bfc062723c751e8b465ee728b) (PreviewImporter) -> (artifact id: '41de4454bbc27029767dcba22988e367') in 0.0220221 seconds
Number of updated asset objects reloaded before import = 0Number of asset objects unloaded after import = 3

========================================================================
Received Import Request.
  Time since last request: 0.000067 seconds.
  path: Assets/Asset/Map/TileMap/Wall Tile/Sand_ground_238.asset
  artifactKey: Guid(093658c6a77ceed42809b24dbd97d5b9) Importer(815301076,1909f56bfc062723c751e8b465ee728b)
Start importing Assets/Asset/Map/TileMap/Wall Tile/Sand_ground_238.asset using Guid(093658c6a77ceed42809b24dbd97d5b9) Importer(815301076,1909f56bfc062723c751e8b465ee728b) (PreviewImporter) -> (artifact id: '8ebd03718682a428cd614c9a4e1f4f4b') in 0.0214271 seconds
Number of updated asset objects reloaded before import = 0Number of asset objects unloaded after import = 3

========================================================================
Received Import Request.
  Time since last request: 0.125071 seconds.
  path: Assets/Asset/Map/TileMap/Wall Tile/Sand_ground_251.asset
  artifactKey: Guid(2aef060e275ddf841a44c7ebe5d3fa11) Importer(815301076,1909f56bfc062723c751e8b465ee728b)
Start importing Assets/Asset/Map/TileMap/Wall Tile/Sand_ground_251.asset using Guid(2aef060e275ddf841a44c7ebe5d3fa11) Importer(815301076,1909f56bfc062723c751e8b465ee728b) (PreviewImporter) -> (artifact id: '8300686640c4753e874e98abdf8c2817') in 0.0067994 seconds
Number of updated asset objects reloaded before import = 0Number of asset objects unloaded after import = 3

========================================================================
Received Import Request.
  Time since last request: 0.000017 seconds.
  path: Assets/Asset/Map/TileMap/Wall Tile/Sand_ground_255.asset
  artifactKey: Guid(89b3c948edb2f2445a1665a919cc4050) Importer(815301076,1909f56bfc062723c751e8b465ee728b)
Start importing Assets/Asset/Map/TileMap/Wall Tile/Sand_ground_255.asset using Guid(89b3c948edb2f2445a1665a919cc4050) Importer(815301076,1909f56bfc062723c751e8b465ee728b) (PreviewImporter) -> (artifact id: '2ccc047073021903ac47a49aeecbac18') in 0.00557 seconds
Number of updated asset objects reloaded before import = 0Number of asset objects unloaded after import = 3

========================================================================
Received Import Request.
  Time since last request: 0.000020 seconds.
  path: Assets/Asset/Map/TileMap/Wall Tile/Sand_ground_263.asset
  artifactKey: Guid(5fd3e5e458e282242ba23e7adda4f83d) Importer(815301076,1909f56bfc062723c751e8b465ee728b)
Start importing Assets/Asset/Map/TileMap/Wall Tile/Sand_ground_263.asset using Guid(5fd3e5e458e282242ba23e7adda4f83d) Importer(815301076,1909f56bfc062723c751e8b465ee728b) (PreviewImporter) -> (artifact id: 'bbab1fa3122ba9f0e4c095bb1b78ae93') in 0.0074226 seconds
Number of updated asset objects reloaded before import = 0Number of asset objects unloaded after import = 3

========================================================================
Received Import Request.
  Time since last request: 0.000042 seconds.
  path: Assets/Asset/Map/TileMap/Wall Tile/Sand_ground_270.asset
  artifactKey: Guid(54e66f6e183b6444e8b63441a8892fb4) Importer(815301076,1909f56bfc062723c751e8b465ee728b)
Start importing Assets/Asset/Map/TileMap/Wall Tile/Sand_ground_270.asset using Guid(54e66f6e183b6444e8b63441a8892fb4) Importer(815301076,1909f56bfc062723c751e8b465ee728b) (PreviewImporter) -> (artifact id: 'ec6fb2b3d6467c6ae12f3c6d4588a4df') in 0.0088331 seconds
Number of updated asset objects reloaded before import = 0Number of asset objects unloaded after import = 3

========================================================================
Received Import Request.
  Time since last request: 0.127034 seconds.
  path: Assets/Asset/Map/TileMap/Wall Tile/Sand_ground_275.asset
  artifactKey: Guid(ff432d9e68fe9a14b9408a93a39d2e4e) Importer(815301076,1909f56bfc062723c751e8b465ee728b)
Start importing Assets/Asset/Map/TileMap/Wall Tile/Sand_ground_275.asset using Guid(ff432d9e68fe9a14b9408a93a39d2e4e) Importer(815301076,1909f56bfc062723c751e8b465ee728b) (PreviewImporter) -> (artifact id: 'ed396761dd2fe4582189a1ba60dbbaaa') in 0.0205588 seconds
Number of updated asset objects reloaded before import = 0Number of asset objects unloaded after import = 3

========================================================================
Received Import Request.
  Time since last request: 0.000018 seconds.
  path: Assets/Asset/Map/TileMap/Wall Tile/Sand_ground_281.asset
  artifactKey: Guid(ddd0dd081cae00c4c9ee5c5cd600c960) Importer(815301076,1909f56bfc062723c751e8b465ee728b)
Start importing Assets/Asset/Map/TileMap/Wall Tile/Sand_ground_281.asset using Guid(ddd0dd081cae00c4c9ee5c5cd600c960) Importer(815301076,1909f56bfc062723c751e8b465ee728b) (PreviewImporter) -> (artifact id: 'e47c9d7f8772ccabf9030bdcc3c521cb') in 0.0105751 seconds
Number of updated asset objects reloaded before import = 0Number of asset objects unloaded after import = 3

========================================================================
Received Import Request.
  Time since last request: 0.000050 seconds.
  path: Assets/Asset/Map/TileMap/Wall Tile/Sand_ground_283.asset
  artifactKey: Guid(876312cf259725a4ea33a1478111c3b9) Importer(815301076,1909f56bfc062723c751e8b465ee728b)
Start importing Assets/Asset/Map/TileMap/Wall Tile/Sand_ground_283.asset using Guid(876312cf259725a4ea33a1478111c3b9) Importer(815301076,1909f56bfc062723c751e8b465ee728b) (PreviewImporter) -> (artifact id: '38b68a883ca0bd6f578a7290fd3c0bdc') in 0.0077349 seconds
Number of updated asset objects reloaded before import = 0Number of asset objects unloaded after import = 3

========================================================================
Received Import Request.
  Time since last request: 0.191465 seconds.
  path: Assets/Asset/Map/TileMap/Wall Tile/Sand_ground_293.asset
  artifactKey: Guid(531b73c0b8f1263498e7df7095b5a44f) Importer(815301076,1909f56bfc062723c751e8b465ee728b)
Start importing Assets/Asset/Map/TileMap/Wall Tile/Sand_ground_293.asset using Guid(531b73c0b8f1263498e7df7095b5a44f) Importer(815301076,1909f56bfc062723c751e8b465ee728b) (PreviewImporter) -> (artifact id: '568571df1abf8df7939e80f45b7bd4ec') in 0.0224939 seconds
Number of updated asset objects reloaded before import = 0Number of asset objects unloaded after import = 3

========================================================================
Received Import Request.
  Time since last request: 0.000032 seconds.
  path: Assets/Asset/Map/TileMap/Wall Tile/Sand_ground_299.asset
  artifactKey: Guid(5bd51c42ac8c2204384c46b6c8148513) Importer(815301076,1909f56bfc062723c751e8b465ee728b)
Start importing Assets/Asset/Map/TileMap/Wall Tile/Sand_ground_299.asset using Guid(5bd51c42ac8c2204384c46b6c8148513) Importer(815301076,1909f56bfc062723c751e8b465ee728b) (PreviewImporter) -> (artifact id: '390a05eff7bb78cb093fdfef4aa12889') in 0.0057911 seconds
Number of updated asset objects reloaded before import = 0Number of asset objects unloaded after import = 3

========================================================================
Received Import Request.
  Time since last request: 0.000017 seconds.
  path: Assets/Asset/Map/TileMap/Wall Tile/Sand_ground_307.asset
  artifactKey: Guid(b8167e5854a6a754dbe503d16fe8a3ac) Importer(815301076,1909f56bfc062723c751e8b465ee728b)
Start importing Assets/Asset/Map/TileMap/Wall Tile/Sand_ground_307.asset using Guid(b8167e5854a6a754dbe503d16fe8a3ac) Importer(815301076,1909f56bfc062723c751e8b465ee728b) (PreviewImporter) -> (artifact id: '7189df1706225105467bea23cb3e284d') in 0.0077009 seconds
Number of updated asset objects reloaded before import = 0Number of asset objects unloaded after import = 3

========================================================================
Received Import Request.
  Time since last request: 0.563367 seconds.
  path: Assets/Asset/Map/TileMap/Wall Tile/Sand_ground_317.asset
  artifactKey: Guid(0811387554a3912479bc2a89ecc8a049) Importer(815301076,1909f56bfc062723c751e8b465ee728b)
Start importing Assets/Asset/Map/TileMap/Wall Tile/Sand_ground_317.asset using Guid(0811387554a3912479bc2a89ecc8a049) Importer(815301076,1909f56bfc062723c751e8b465ee728b) (PreviewImporter) -> (artifact id: '0b59850637e136226b1586c0a9f9df0e') in 0.0060928 seconds
Number of updated asset objects reloaded before import = 0Number of asset objects unloaded after import = 3

========================================================================
Received Import Request.
  Time since last request: 0.000021 seconds.
  path: Assets/Asset/Map/TileMap/Wall Tile/Sand_ground_322.asset
  artifactKey: Guid(ff31fbb5d1530484d8b049df27a2e903) Importer(815301076,1909f56bfc062723c751e8b465ee728b)
Start importing Assets/Asset/Map/TileMap/Wall Tile/Sand_ground_322.asset using Guid(ff31fbb5d1530484d8b049df27a2e903) Importer(815301076,1909f56bfc062723c751e8b465ee728b) (PreviewImporter) -> (artifact id: 'b35cfcfe3bbf0e33da27fc199ba423fb') in 0.0229402 seconds
Number of updated asset objects reloaded before import = 0Number of asset objects unloaded after import = 3

========================================================================
Received Import Request.
  Time since last request: 0.000059 seconds.
  path: Assets/Asset/Map/TileMap/Wall Tile/Sand_ground_329.asset
  artifactKey: Guid(4d0bfeb4d8d5a4145947c1d739c50701) Importer(815301076,1909f56bfc062723c751e8b465ee728b)
Start importing Assets/Asset/Map/TileMap/Wall Tile/Sand_ground_329.asset using Guid(4d0bfeb4d8d5a4145947c1d739c50701) Importer(815301076,1909f56bfc062723c751e8b465ee728b) (PreviewImporter) -> (artifact id: 'cf139e0b0756642c12a603dc7b3ad186') in 0.0244514 seconds
Number of updated asset objects reloaded before import = 0Number of asset objects unloaded after import = 3

========================================================================
Received Import Request.
  Time since last request: 0.284640 seconds.
  path: Assets/Asset/Map/TileMap/Wall Tile/Sand_ground_335.asset
  artifactKey: Guid(078074f3c7596464f9dd6eb4c00f7d28) Importer(815301076,1909f56bfc062723c751e8b465ee728b)
Start importing Assets/Asset/Map/TileMap/Wall Tile/Sand_ground_335.asset using Guid(078074f3c7596464f9dd6eb4c00f7d28) Importer(815301076,1909f56bfc062723c751e8b465ee728b) (PreviewImporter) -> (artifact id: '15e72af3bda34751eb3aeeb58ab187ac') in 0.0198215 seconds
Number of updated asset objects reloaded before import = 0Number of asset objects unloaded after import = 3

========================================================================
Received Import Request.
  Time since last request: 0.000028 seconds.
  path: Assets/Asset/Map/TileMap/Wall Tile/Sand_ground_341.asset
  artifactKey: Guid(fd5617ad6cbfe9341ab72069ff39950b) Importer(815301076,1909f56bfc062723c751e8b465ee728b)
Start importing Assets/Asset/Map/TileMap/Wall Tile/Sand_ground_341.asset using Guid(fd5617ad6cbfe9341ab72069ff39950b) Importer(815301076,1909f56bfc062723c751e8b465ee728b) (PreviewImporter) -> (artifact id: '11cacaf6e2f35a48960bada813a65e70') in 0.0178433 seconds
Number of updated asset objects reloaded before import = 0Number of asset objects unloaded after import = 3

========================================================================
Received Import Request.
  Time since last request: 2.063905 seconds.
  path: Assets/Asset/Map/TileMap/Wall Tile/Sand_ground_348.asset
  artifactKey: Guid(18e79e8c320038445abe3f6c1e637053) Importer(815301076,1909f56bfc062723c751e8b465ee728b)
Start importing Assets/Asset/Map/TileMap/Wall Tile/Sand_ground_348.asset using Guid(18e79e8c320038445abe3f6c1e637053) Importer(815301076,1909f56bfc062723c751e8b465ee728b) (PreviewImporter) -> (artifact id: '15ad88a52bb87940a73f0489f7b2151d') in 0.0264276 seconds
Number of updated asset objects reloaded before import = 0Number of asset objects unloaded after import = 3

========================================================================
Received Import Request.
  Time since last request: 0.000017 seconds.
  path: Assets/Asset/Map/TileMap/Wall Tile/Sand_ground_352.asset
  artifactKey: Guid(88eed3ea659df244383106aae00bf856) Importer(815301076,1909f56bfc062723c751e8b465ee728b)
Start importing Assets/Asset/Map/TileMap/Wall Tile/Sand_ground_352.asset using Guid(88eed3ea659df244383106aae00bf856) Importer(815301076,1909f56bfc062723c751e8b465ee728b) (PreviewImporter) -> (artifact id: 'e329c7dbbbd6e90cada102ba3dd21aed') in 0.0294256 seconds
Number of updated asset objects reloaded before import = 0Number of asset objects unloaded after import = 3

========================================================================
Received Import Request.
  Time since last request: 1.114477 seconds.
  path: Assets/Asset/Map/TileMap/Wall Tile/Sand_ground_360.asset
  artifactKey: Guid(0874706646cbb4b4eaee8694453fe54f) Importer(815301076,1909f56bfc062723c751e8b465ee728b)
Start importing Assets/Asset/Map/TileMap/Wall Tile/Sand_ground_360.asset using Guid(0874706646cbb4b4eaee8694453fe54f) Importer(815301076,1909f56bfc062723c751e8b465ee728b) (PreviewImporter) -> (artifact id: '474e8395a57f11d6b30214946c3975bc') in 0.0252868 seconds
Number of updated asset objects reloaded before import = 0Number of asset objects unloaded after import = 3

========================================================================
Received Import Request.
  Time since last request: 0.000030 seconds.
  path: Assets/Asset/Map/TileMap/Wall Tile/Sand_ground_365.asset
  artifactKey: Guid(2030303320f5b654883ae9fbf72dc177) Importer(815301076,1909f56bfc062723c751e8b465ee728b)
Start importing Assets/Asset/Map/TileMap/Wall Tile/Sand_ground_365.asset using Guid(2030303320f5b654883ae9fbf72dc177) Importer(815301076,1909f56bfc062723c751e8b465ee728b) (PreviewImporter) -> (artifact id: '2d21f768ba801281723a4e449e0c1492') in 0.0123765 seconds
Number of updated asset objects reloaded before import = 0Number of asset objects unloaded after import = 3

========================================================================
Received Import Request.
  Time since last request: 0.268658 seconds.
  path: Assets/Asset/Map/TileMap/Wall Tile/Sand_ground_372.asset
  artifactKey: Guid(7885dfa3261d0eb4d950283fba4ada22) Importer(815301076,1909f56bfc062723c751e8b465ee728b)
Start importing Assets/Asset/Map/TileMap/Wall Tile/Sand_ground_372.asset using Guid(7885dfa3261d0eb4d950283fba4ada22) Importer(815301076,1909f56bfc062723c751e8b465ee728b) (PreviewImporter) -> (artifact id: 'c0c4986723c997fbfa77b863b274b581') in 0.0086579 seconds
Number of updated asset objects reloaded before import = 0Number of asset objects unloaded after import = 3

========================================================================
Received Import Request.
  Time since last request: 0.582439 seconds.
  path: Assets/Asset/Map/TileMap/Wall Tile/Sand_ground_384.asset
  artifactKey: Guid(c22740b16d1516f45add82736fb1aaee) Importer(815301076,1909f56bfc062723c751e8b465ee728b)
Start importing Assets/Asset/Map/TileMap/Wall Tile/Sand_ground_384.asset using Guid(c22740b16d1516f45add82736fb1aaee) Importer(815301076,1909f56bfc062723c751e8b465ee728b) (PreviewImporter) -> (artifact id: '5a2490e76a56fddb5c49946d739c2cde') in 0.0312392 seconds
Number of updated asset objects reloaded before import = 0Number of asset objects unloaded after import = 3

========================================================================
Received Import Request.
  Time since last request: 0.322405 seconds.
  path: Assets/Asset/Map/TileMap/Wall Tile/Sand_ground_396.asset
  artifactKey: Guid(bb2f7013f121182429fdcbfec2795b51) Importer(815301076,1909f56bfc062723c751e8b465ee728b)
Start importing Assets/Asset/Map/TileMap/Wall Tile/Sand_ground_396.asset using Guid(bb2f7013f121182429fdcbfec2795b51) Importer(815301076,1909f56bfc062723c751e8b465ee728b) (PreviewImporter) -> (artifact id: '3183347ca089a8c3349d953e571a5f4c') in 0.0205261 seconds
Number of updated asset objects reloaded before import = 0Number of asset objects unloaded after import = 3

========================================================================
Received Import Request.
  Time since last request: 0.000015 seconds.
  path: Assets/Asset/Map/TileMap/Wall Tile/Sand_ground_402.asset
  artifactKey: Guid(247d29caed964fd4cbe41224348920ff) Importer(815301076,1909f56bfc062723c751e8b465ee728b)
Start importing Assets/Asset/Map/TileMap/Wall Tile/Sand_ground_402.asset using Guid(247d29caed964fd4cbe41224348920ff) Importer(815301076,1909f56bfc062723c751e8b465ee728b) (PreviewImporter) -> (artifact id: '303f870c515b1f3de71314dfd5a618f4') in 0.0215988 seconds
Number of updated asset objects reloaded before import = 0Number of asset objects unloaded after import = 3

========================================================================
Received Import Request.
  Time since last request: 0.295691 seconds.
  path: Assets/Asset/Map/TileMap/Wall Tile/Sand_ground_414.asset
  artifactKey: Guid(0597e19b475a7d44093b80f1a8aea272) Importer(815301076,1909f56bfc062723c751e8b465ee728b)
Start importing Assets/Asset/Map/TileMap/Wall Tile/Sand_ground_414.asset using Guid(0597e19b475a7d44093b80f1a8aea272) Importer(815301076,1909f56bfc062723c751e8b465ee728b) (PreviewImporter) -> (artifact id: '28d53fd651ebce8cd0595ed328129ada') in 0.0217374 seconds
Number of updated asset objects reloaded before import = 0Number of asset objects unloaded after import = 3

========================================================================
Received Import Request.
  Time since last request: 0.000014 seconds.
  path: Assets/Asset/Map/TileMap/Wall Tile/Sand_ground_423.asset
  artifactKey: Guid(a8d3b6e56d5b5de419315673cb1178a4) Importer(815301076,1909f56bfc062723c751e8b465ee728b)
Start importing Assets/Asset/Map/TileMap/Wall Tile/Sand_ground_423.asset using Guid(a8d3b6e56d5b5de419315673cb1178a4) Importer(815301076,1909f56bfc062723c751e8b465ee728b) (PreviewImporter) -> (artifact id: '94b31a22331b006ddd59cba10b701007') in 0.0196371 seconds
Number of updated asset objects reloaded before import = 0Number of asset objects unloaded after import = 3

========================================================================
Received Import Request.
  Time since last request: 0.000016 seconds.
  path: Assets/Asset/Map/TileMap/Wall Tile/Sand_ground_431.asset
  artifactKey: Guid(9110cb661cae36d45b6ab0d950f45522) Importer(815301076,1909f56bfc062723c751e8b465ee728b)
Start importing Assets/Asset/Map/TileMap/Wall Tile/Sand_ground_431.asset using Guid(9110cb661cae36d45b6ab0d950f45522) Importer(815301076,1909f56bfc062723c751e8b465ee728b) (PreviewImporter) -> (artifact id: 'a647ee3d1d4c33257e65fd6eef7ba634') in 0.0195926 seconds
Number of updated asset objects reloaded before import = 0Number of asset objects unloaded after import = 3

========================================================================
Received Import Request.
  Time since last request: 0.206326 seconds.
  path: Assets/Asset/Map/TileMap/Wall Tile/Sand_ground_438.asset
  artifactKey: Guid(c977c2713eff97a41bfedc66e9fbc5a4) Importer(815301076,1909f56bfc062723c751e8b465ee728b)
Start importing Assets/Asset/Map/TileMap/Wall Tile/Sand_ground_438.asset using Guid(c977c2713eff97a41bfedc66e9fbc5a4) Importer(815301076,1909f56bfc062723c751e8b465ee728b) (PreviewImporter) -> (artifact id: 'aacd9d2c267418ff0fc2411ff29ed2db') in 0.0261648 seconds
Number of updated asset objects reloaded before import = 0Number of asset objects unloaded after import = 3

========================================================================
Received Import Request.
  Time since last request: 0.291912 seconds.
  path: Assets/Asset/Map/TileMap/Wall Tile/Sand_ground_450.asset
  artifactKey: Guid(f2e1d9a0b6c7f1c429cd0b4773dfc7d8) Importer(815301076,1909f56bfc062723c751e8b465ee728b)
Start importing Assets/Asset/Map/TileMap/Wall Tile/Sand_ground_450.asset using Guid(f2e1d9a0b6c7f1c429cd0b4773dfc7d8) Importer(815301076,1909f56bfc062723c751e8b465ee728b) (PreviewImporter) -> (artifact id: 'e77f493ce871d8de1571960986f692f8') in 0.0215693 seconds
Number of updated asset objects reloaded before import = 0Number of asset objects unloaded after import = 3

========================================================================
Received Import Request.
  Time since last request: 0.000014 seconds.
  path: Assets/Asset/Map/TileMap/Wall Tile/Sand_ground_456.asset
  artifactKey: Guid(ba8418653c132764a9ac7f4b9e5ea648) Importer(815301076,1909f56bfc062723c751e8b465ee728b)
Start importing Assets/Asset/Map/TileMap/Wall Tile/Sand_ground_456.asset using Guid(ba8418653c132764a9ac7f4b9e5ea648) Importer(815301076,1909f56bfc062723c751e8b465ee728b) (PreviewImporter) -> (artifact id: '955acf79cf8c33ef042ba4b2f2356fe4') in 0.0226776 seconds
Number of updated asset objects reloaded before import = 0Number of asset objects unloaded after import = 3

========================================================================
Received Import Request.
  Time since last request: 0.414670 seconds.
  path: Assets/Asset/Map/TileMap/Wall Tile/Sand_ground_468.asset
  artifactKey: Guid(94f624075d87de444947aca6f81522a8) Importer(815301076,1909f56bfc062723c751e8b465ee728b)
Start importing Assets/Asset/Map/TileMap/Wall Tile/Sand_ground_468.asset using Guid(94f624075d87de444947aca6f81522a8) Importer(815301076,1909f56bfc062723c751e8b465ee728b) (PreviewImporter) -> (artifact id: 'e9e920125a6614738a6522a38043248d') in 0.0184736 seconds
Number of updated asset objects reloaded before import = 0Number of asset objects unloaded after import = 3

========================================================================
Received Import Request.
  Time since last request: 0.000016 seconds.
  path: Assets/Asset/Map/TileMap/Wall Tile/Sand_ground_471.asset
  artifactKey: Guid(9a09cbd4fc78ca64aa866ab97fe42275) Importer(815301076,1909f56bfc062723c751e8b465ee728b)
Start importing Assets/Asset/Map/TileMap/Wall Tile/Sand_ground_471.asset using Guid(9a09cbd4fc78ca64aa866ab97fe42275) Importer(815301076,1909f56bfc062723c751e8b465ee728b) (PreviewImporter) -> (artifact id: '27f7bc67e8850328de797e57cab9a6ea') in 0.0169019 seconds
Number of updated asset objects reloaded before import = 0Number of asset objects unloaded after import = 3

========================================================================
Received Import Request.
  Time since last request: 0.007493 seconds.
  path: Assets/Asset/Map/TileMap/Wall Tile/Sand_ground_480.asset
  artifactKey: Guid(55dda3f7c64bb214996b802a3324a25d) Importer(815301076,1909f56bfc062723c751e8b465ee728b)
Start importing Assets/Asset/Map/TileMap/Wall Tile/Sand_ground_480.asset using Guid(55dda3f7c64bb214996b802a3324a25d) Importer(815301076,1909f56bfc062723c751e8b465ee728b) (PreviewImporter) -> (artifact id: '4a99ac0a71f98bec2b48ff4b7bce4c1e') in 0.0071782 seconds
Number of updated asset objects reloaded before import = 0Number of asset objects unloaded after import = 3

========================================================================
Received Import Request.
  Time since last request: 0.284600 seconds.
  path: Assets/Asset/Map/TileMap/Wall Tile/Sand_ground_486.asset
  artifactKey: Guid(fa9299259be26d445a139e1f204805d7) Importer(815301076,1909f56bfc062723c751e8b465ee728b)
Start importing Assets/Asset/Map/TileMap/Wall Tile/Sand_ground_486.asset using Guid(fa9299259be26d445a139e1f204805d7) Importer(815301076,1909f56bfc062723c751e8b465ee728b) (PreviewImporter) -> (artifact id: 'b9ba2e6e274394791384ed7a0aaac876') in 0.0079356 seconds
Number of updated asset objects reloaded before import = 0Number of asset objects unloaded after import = 3

========================================================================
Received Import Request.
  Time since last request: 0.007686 seconds.
  path: Assets/Asset/Map/TileMap/Wall Tile/Sand_ground_492.asset
  artifactKey: Guid(d2492894bd19752438d6df892c89896f) Importer(815301076,1909f56bfc062723c751e8b465ee728b)
Start importing Assets/Asset/Map/TileMap/Wall Tile/Sand_ground_492.asset using Guid(d2492894bd19752438d6df892c89896f) Importer(815301076,1909f56bfc062723c751e8b465ee728b) (PreviewImporter) -> (artifact id: 'da0d81cffe747425d79c829db2190e41') in 0.0198417 seconds
Number of updated asset objects reloaded before import = 0Number of asset objects unloaded after import = 3

========================================================================
Received Import Request.
  Time since last request: 11.172619 seconds.
  path: Assets/Asset/Map/TileMap/Wall Tile/Sand_ground_498.asset
  artifactKey: Guid(c8a5d4d2c8bf0b94d8092aa0d92ecbf6) Importer(815301076,1909f56bfc062723c751e8b465ee728b)
Start importing Assets/Asset/Map/TileMap/Wall Tile/Sand_ground_498.asset using Guid(c8a5d4d2c8bf0b94d8092aa0d92ecbf6) Importer(815301076,1909f56bfc062723c751e8b465ee728b) (PreviewImporter) -> (artifact id: '8e84543f8e31b197e938cce979a6982c') in 0.0067723 seconds
Number of updated asset objects reloaded before import = 0Number of asset objects unloaded after import = 3

========================================================================
Received Import Request.
  Time since last request: 0.223029 seconds.
  path: Assets/Asset/Map/TileMap/Wall Tile/Sand_ground_504.asset
  artifactKey: Guid(615e5a41dfe8d9f49b6c7af1384ead52) Importer(815301076,1909f56bfc062723c751e8b465ee728b)
Start importing Assets/Asset/Map/TileMap/Wall Tile/Sand_ground_504.asset using Guid(615e5a41dfe8d9f49b6c7af1384ead52) Importer(815301076,1909f56bfc062723c751e8b465ee728b) (PreviewImporter) -> (artifact id: '2462013d0636a0df7fbe0f803fddaec6') in 0.0086609 seconds
Number of updated asset objects reloaded before import = 0Number of asset objects unloaded after import = 3

========================================================================
Received Import Request.
  Time since last request: 0.000015 seconds.
  path: Assets/Asset/Map/TileMap/Wall Tile/Sand_ground_507.asset
  artifactKey: Guid(4b72b3a7b1aac5b438e06056fe753241) Importer(815301076,1909f56bfc062723c751e8b465ee728b)
Start importing Assets/Asset/Map/TileMap/Wall Tile/Sand_ground_507.asset using Guid(4b72b3a7b1aac5b438e06056fe753241) Importer(815301076,1909f56bfc062723c751e8b465ee728b) (PreviewImporter) -> (artifact id: '4ce9f98a5d2a0f4be8f247db5c1c4458') in 0.0224978 seconds
Number of updated asset objects reloaded before import = 0Number of asset objects unloaded after import = 3

========================================================================
Received Import Request.
  Time since last request: 0.000020 seconds.
  path: Assets/Asset/Map/TileMap/Wall Tile/Sand_ground_528.asset
  artifactKey: Guid(ade74829e75c9734dbd7d856da684af8) Importer(815301076,1909f56bfc062723c751e8b465ee728b)
Start importing Assets/Asset/Map/TileMap/Wall Tile/Sand_ground_528.asset using Guid(ade74829e75c9734dbd7d856da684af8) Importer(815301076,1909f56bfc062723c751e8b465ee728b) (PreviewImporter) -> (artifact id: '1fca48a276a68b55fbc8074887ebf90f') in 0.0057823 seconds
Number of updated asset objects reloaded before import = 0Number of asset objects unloaded after import = 3

========================================================================
Received Import Request.
  Time since last request: 0.000061 seconds.
  path: Assets/Asset/Map/TileMap/Wall Tile/Sand_ground_523.asset
  artifactKey: Guid(c0c8a17da3154aa4eb7aa2ccbb4b5d16) Importer(815301076,1909f56bfc062723c751e8b465ee728b)
Start importing Assets/Asset/Map/TileMap/Wall Tile/Sand_ground_523.asset using Guid(c0c8a17da3154aa4eb7aa2ccbb4b5d16) Importer(815301076,1909f56bfc062723c751e8b465ee728b) (PreviewImporter) -> (artifact id: 'e75252d7b9a6d03450a100071c2eb92c') in 0.0233166 seconds
Number of updated asset objects reloaded before import = 0Number of asset objects unloaded after import = 3

========================================================================
Received Import Request.
  Time since last request: 0.072378 seconds.
  path: Assets/Asset/Map/TileMap/Wall Tile/Sand_ground_534.asset
  artifactKey: Guid(ae3094dfb5b731c4ea57226afd4a3b2c) Importer(815301076,1909f56bfc062723c751e8b465ee728b)
Start importing Assets/Asset/Map/TileMap/Wall Tile/Sand_ground_534.asset using Guid(ae3094dfb5b731c4ea57226afd4a3b2c) Importer(815301076,1909f56bfc062723c751e8b465ee728b) (PreviewImporter) -> (artifact id: '3cbc782c8a2e66828633173b8a243031') in 0.006573 seconds
Number of updated asset objects reloaded before import = 0Number of asset objects unloaded after import = 3

========================================================================
Received Import Request.
  Time since last request: 0.000012 seconds.
  path: Assets/Asset/Map/TileMap/Wall Tile/Sand_ground_538.asset
  artifactKey: Guid(2da7a03ac6dd4134ab9b677519e19502) Importer(815301076,1909f56bfc062723c751e8b465ee728b)
Start importing Assets/Asset/Map/TileMap/Wall Tile/Sand_ground_538.asset using Guid(2da7a03ac6dd4134ab9b677519e19502) Importer(815301076,1909f56bfc062723c751e8b465ee728b) (PreviewImporter) -> (artifact id: '233c7dcadd7123041e086e8920108ed7') in 0.0077557 seconds
Number of updated asset objects reloaded before import = 0Number of asset objects unloaded after import = 3

========================================================================
Received Import Request.
  Time since last request: 0.000017 seconds.
  path: Assets/Asset/Map/TileMap/Wall Tile/Sand_ground_545.asset
  artifactKey: Guid(636476a893b95a149b32a3a924d2cdd0) Importer(815301076,1909f56bfc062723c751e8b465ee728b)
Start importing Assets/Asset/Map/TileMap/Wall Tile/Sand_ground_545.asset using Guid(636476a893b95a149b32a3a924d2cdd0) Importer(815301076,1909f56bfc062723c751e8b465ee728b) (PreviewImporter) -> (artifact id: '9ae36b9c4e55bc47fc8b8c9d78b57182') in 0.017838 seconds
Number of updated asset objects reloaded before import = 0Number of asset objects unloaded after import = 3

========================================================================
Received Import Request.
  Time since last request: 0.469812 seconds.
  path: Assets/Asset/Map/TileMap/Wall Tile/Sand_ground_552.asset
  artifactKey: Guid(be16600b58a6cca45a866fa6de436405) Importer(815301076,1909f56bfc062723c751e8b465ee728b)
Start importing Assets/Asset/Map/TileMap/Wall Tile/Sand_ground_552.asset using Guid(be16600b58a6cca45a866fa6de436405) Importer(815301076,1909f56bfc062723c751e8b465ee728b) (PreviewImporter) -> (artifact id: '331cb58d6a42c1fd9e187c82e3ca0067') in 0.0182703 seconds
Number of updated asset objects reloaded before import = 0Number of asset objects unloaded after import = 3

========================================================================
Received Import Request.
  Time since last request: 0.010161 seconds.
  path: Assets/Asset/Map/TileMap/Wall Tile/Sand_ground_558.asset
  artifactKey: Guid(84acbfb1eacde6f46b421e8b357433b5) Importer(815301076,1909f56bfc062723c751e8b465ee728b)
Start importing Assets/Asset/Map/TileMap/Wall Tile/Sand_ground_558.asset using Guid(84acbfb1eacde6f46b421e8b357433b5) Importer(815301076,1909f56bfc062723c751e8b465ee728b) (PreviewImporter) -> (artifact id: 'eb546e3fe680988a58e5c7d356283b95') in 0.0204608 seconds
Number of updated asset objects reloaded before import = 0Number of asset objects unloaded after import = 3

========================================================================
Received Import Request.
  Time since last request: 0.000014 seconds.
  path: Assets/Asset/Map/TileMap/Wall Tile/Sand_ground_567.asset
  artifactKey: Guid(b387d0b1fb25ced4bb2b6927f43751f9) Importer(815301076,1909f56bfc062723c751e8b465ee728b)
Start importing Assets/Asset/Map/TileMap/Wall Tile/Sand_ground_567.asset using Guid(b387d0b1fb25ced4bb2b6927f43751f9) Importer(815301076,1909f56bfc062723c751e8b465ee728b) (PreviewImporter) -> (artifact id: 'e79dc815d8856a2877041609058d7d60') in 0.0227769 seconds
Number of updated asset objects reloaded before import = 0Number of asset objects unloaded after import = 3

========================================================================
Received Import Request.
  Time since last request: 0.000034 seconds.
  path: Assets/Asset/Map/TileMap/Wall Tile/Sand_ground_728.asset
  artifactKey: Guid(063aef13ba765144eb14dd54a4e8e16a) Importer(815301076,1909f56bfc062723c751e8b465ee728b)
Start importing Assets/Asset/Map/TileMap/Wall Tile/Sand_ground_728.asset using Guid(063aef13ba765144eb14dd54a4e8e16a) Importer(815301076,1909f56bfc062723c751e8b465ee728b) (PreviewImporter) -> (artifact id: 'cf0249efe096a3c0dbf58a7a57e9cd29') in 0.0071005 seconds
Number of updated asset objects reloaded before import = 0Number of asset objects unloaded after import = 3

========================================================================
Received Import Request.
  Time since last request: 0.000023 seconds.
  path: Assets/Asset/Map/TileMap/Wall Tile/Sand_ground_729.asset
  artifactKey: Guid(510f7a36923733f4a91c1fc559dc42c1) Importer(815301076,1909f56bfc062723c751e8b465ee728b)
Start importing Assets/Asset/Map/TileMap/Wall Tile/Sand_ground_729.asset using Guid(510f7a36923733f4a91c1fc559dc42c1) Importer(815301076,1909f56bfc062723c751e8b465ee728b) (PreviewImporter) -> (artifact id: 'a7cb0a8b54231fed2eb6d250b51a1afd') in 0.0267721 seconds
Number of updated asset objects reloaded before import = 0Number of asset objects unloaded after import = 3

========================================================================
Received Import Request.
  Time since last request: 0.000016 seconds.
  path: Assets/Asset/Map/TileMap/Wall Tile/Sand_ground_810.asset
  artifactKey: Guid(9d331db00d2db3e41883f01ab8603e1c) Importer(815301076,1909f56bfc062723c751e8b465ee728b)
Start importing Assets/Asset/Map/TileMap/Wall Tile/Sand_ground_810.asset using Guid(9d331db00d2db3e41883f01ab8603e1c) Importer(815301076,1909f56bfc062723c751e8b465ee728b) (PreviewImporter) -> (artifact id: 'ccf75fbc7a6727cd297ed8ed502b8c84') in 0.0230572 seconds
Number of updated asset objects reloaded before import = 0Number of asset objects unloaded after import = 3

========================================================================
Received Import Request.
  Time since last request: 0.000028 seconds.
  path: Assets/Asset/Map/TileMap/Wall Tile/Sand_ground_847.asset
  artifactKey: Guid(2047fec0ea80acd4db4e53b2043de32d) Importer(815301076,1909f56bfc062723c751e8b465ee728b)
Start importing Assets/Asset/Map/TileMap/Wall Tile/Sand_ground_847.asset using Guid(2047fec0ea80acd4db4e53b2043de32d) Importer(815301076,1909f56bfc062723c751e8b465ee728b) (PreviewImporter) -> (artifact id: 'e975eac918917b88481d51211e09a8f0') in 0.0239644 seconds
Number of updated asset objects reloaded before import = 0Number of asset objects unloaded after import = 3

========================================================================
Received Import Request.
  Time since last request: 0.000031 seconds.
  path: Assets/Asset/Map/TileMap/Wall Tile/Sand_ground_625.asset
  artifactKey: Guid(98d3ce0156bd7004880e03770cac5abc) Importer(815301076,1909f56bfc062723c751e8b465ee728b)
Start importing Assets/Asset/Map/TileMap/Wall Tile/Sand_ground_625.asset using Guid(98d3ce0156bd7004880e03770cac5abc) Importer(815301076,1909f56bfc062723c751e8b465ee728b) (PreviewImporter) -> (artifact id: 'fa55fbc102586a5ca3f2f32d579a6a06') in 0.007372 seconds
Number of updated asset objects reloaded before import = 0Number of asset objects unloaded after import = 3

========================================================================
Received Import Request.
  Time since last request: 0.000022 seconds.
  path: Assets/Asset/Map/TileMap/Wall Tile/Sand_ground_837.asset
  artifactKey: Guid(2f4b1914cdb3c3a4c9fa0a57cb8cf626) Importer(815301076,1909f56bfc062723c751e8b465ee728b)
Start importing Assets/Asset/Map/TileMap/Wall Tile/Sand_ground_837.asset using Guid(2f4b1914cdb3c3a4c9fa0a57cb8cf626) Importer(815301076,1909f56bfc062723c751e8b465ee728b) (PreviewImporter) -> (artifact id: 'ecabd2dc21f81d90bc356e322bd76b69') in 0.0106458 seconds
Number of updated asset objects reloaded before import = 0Number of asset objects unloaded after import = 3

========================================================================
Received Import Request.
  Time since last request: 0.000027 seconds.
  path: Assets/Asset/Map/TileMap/Wall Tile/Sand_ground_832.asset
  artifactKey: Guid(fb8831026bb4526458bb82b2eb44d6ba) Importer(815301076,1909f56bfc062723c751e8b465ee728b)
Start importing Assets/Asset/Map/TileMap/Wall Tile/Sand_ground_832.asset using Guid(fb8831026bb4526458bb82b2eb44d6ba) Importer(815301076,1909f56bfc062723c751e8b465ee728b) (PreviewImporter) -> (artifact id: '2c8e2929018a3d89e9ac8ca4324b7a8e') in 0.007102 seconds
Number of updated asset objects reloaded before import = 0Number of asset objects unloaded after import = 3

========================================================================
Received Import Request.
  Time since last request: 0.000016 seconds.
  path: Assets/Asset/Map/TileMap/Wall Tile/Sand_ground_614.asset
  artifactKey: Guid(4acd22c3e05e4dc48b91f1cea3e7e6e6) Importer(815301076,1909f56bfc062723c751e8b465ee728b)
Start importing Assets/Asset/Map/TileMap/Wall Tile/Sand_ground_614.asset using Guid(4acd22c3e05e4dc48b91f1cea3e7e6e6) Importer(815301076,1909f56bfc062723c751e8b465ee728b) (PreviewImporter) -> (artifact id: '53d2496894b66f6dbc6b124267c36c57') in 0.0236617 seconds
Number of updated asset objects reloaded before import = 0Number of asset objects unloaded after import = 3

========================================================================
Received Import Request.
  Time since last request: 0.000017 seconds.
  path: Assets/Asset/Map/TileMap/Wall Tile/Sand_ground_736.asset
  artifactKey: Guid(7cbbac56e03e0be419d5eaecf6742b83) Importer(815301076,1909f56bfc062723c751e8b465ee728b)
Start importing Assets/Asset/Map/TileMap/Wall Tile/Sand_ground_736.asset using Guid(7cbbac56e03e0be419d5eaecf6742b83) Importer(815301076,1909f56bfc062723c751e8b465ee728b) (PreviewImporter) -> (artifact id: '3ae7aaa5142fcb6b85b180bee76418f2') in 0.0075162 seconds
Number of updated asset objects reloaded before import = 0Number of asset objects unloaded after import = 3

========================================================================
Received Import Request.
  Time since last request: 0.000029 seconds.
  path: Assets/Asset/Map/TileMap/Wall Tile/Sand_ground_811.asset
  artifactKey: Guid(5ac145aae28dfa648b3020baae5e0b1f) Importer(815301076,1909f56bfc062723c751e8b465ee728b)
Start importing Assets/Asset/Map/TileMap/Wall Tile/Sand_ground_811.asset using Guid(5ac145aae28dfa648b3020baae5e0b1f) Importer(815301076,1909f56bfc062723c751e8b465ee728b) (PreviewImporter) -> (artifact id: '6bb3584890e3c6e04dad397068952b58') in 0.021632 seconds
Number of updated asset objects reloaded before import = 0Number of asset objects unloaded after import = 3

========================================================================
Received Import Request.
  Time since last request: 0.000020 seconds.
  path: Assets/Asset/Map/TileMap/Wall Tile/Sand_ground_787.asset
  artifactKey: Guid(e886c4445bf2d6a4fab4f5f98211f138) Importer(815301076,1909f56bfc062723c751e8b465ee728b)
Start importing Assets/Asset/Map/TileMap/Wall Tile/Sand_ground_787.asset using Guid(e886c4445bf2d6a4fab4f5f98211f138) Importer(815301076,1909f56bfc062723c751e8b465ee728b) (PreviewImporter) -> (artifact id: '9848c04e26d5ccfdeabb4cc04c02d9cb') in 0.0065552 seconds
Number of updated asset objects reloaded before import = 0Number of asset objects unloaded after import = 3

========================================================================
Received Import Request.
  Time since last request: 0.000045 seconds.
  path: Assets/Asset/Map/TileMap/Wall Tile/Sand_ground_795.asset
  artifactKey: Guid(79bd29145a7e96a42822f6619c8e71b3) Importer(815301076,1909f56bfc062723c751e8b465ee728b)
Start importing Assets/Asset/Map/TileMap/Wall Tile/Sand_ground_795.asset using Guid(79bd29145a7e96a42822f6619c8e71b3) Importer(815301076,1909f56bfc062723c751e8b465ee728b) (PreviewImporter) -> (artifact id: '99d28c237c79fa879ac15d2d665e3525') in 0.0064329 seconds
Number of updated asset objects reloaded before import = 0Number of asset objects unloaded after import = 3

========================================================================
Received Import Request.
  Time since last request: 0.000019 seconds.
  path: Assets/Asset/Map/TileMap/Wall Tile/Sand_ground_563.asset
  artifactKey: Guid(49083924ddb86344abcaedd223085801) Importer(815301076,1909f56bfc062723c751e8b465ee728b)
Start importing Assets/Asset/Map/TileMap/Wall Tile/Sand_ground_563.asset using Guid(49083924ddb86344abcaedd223085801) Importer(815301076,1909f56bfc062723c751e8b465ee728b) (PreviewImporter) -> (artifact id: '012660ffb47a236754f523b9a4466eb2') in 0.0225921 seconds
Number of updated asset objects reloaded before import = 0Number of asset objects unloaded after import = 3

========================================================================
Received Import Request.
  Time since last request: 0.000018 seconds.
  path: Assets/Asset/Map/TileMap/Wall Tile/Sand_ground_716.asset
  artifactKey: Guid(efe6f4daeceacf8429293b36886a19fd) Importer(815301076,1909f56bfc062723c751e8b465ee728b)
Start importing Assets/Asset/Map/TileMap/Wall Tile/Sand_ground_716.asset using Guid(efe6f4daeceacf8429293b36886a19fd) Importer(815301076,1909f56bfc062723c751e8b465ee728b) (PreviewImporter) -> (artifact id: '3f8196902ee16bc44a321beee30ed856') in 0.0069956 seconds
Number of updated asset objects reloaded before import = 0Number of asset objects unloaded after import = 3

========================================================================
Received Import Request.
  Time since last request: 0.000060 seconds.
  path: Assets/Asset/Map/TileMap/Wall Tile/Sand_ground_568.asset
  artifactKey: Guid(ad3330ef39877df409bf621661ab9087) Importer(815301076,1909f56bfc062723c751e8b465ee728b)
Start importing Assets/Asset/Map/TileMap/Wall Tile/Sand_ground_568.asset using Guid(ad3330ef39877df409bf621661ab9087) Importer(815301076,1909f56bfc062723c751e8b465ee728b) (PreviewImporter) -> (artifact id: '5e35a524fb18d3ae93c7824d9396e47f') in 0.0221958 seconds
Number of updated asset objects reloaded before import = 0Number of asset objects unloaded after import = 3

========================================================================
Received Import Request.
  Time since last request: 0.000025 seconds.
  path: Assets/Asset/Map/TileMap/Wall Tile/Sand_ground_589.asset
  artifactKey: Guid(0fd010f37bdfcaa4fbf42283092f2384) Importer(815301076,1909f56bfc062723c751e8b465ee728b)
Start importing Assets/Asset/Map/TileMap/Wall Tile/Sand_ground_589.asset using Guid(0fd010f37bdfcaa4fbf42283092f2384) Importer(815301076,1909f56bfc062723c751e8b465ee728b) (PreviewImporter) -> (artifact id: '2fc9434e54d03a2f3b355d853ab8a2cb') in 0.0230745 seconds
Number of updated asset objects reloaded before import = 0Number of asset objects unloaded after import = 3

========================================================================
Received Import Request.
  Time since last request: 0.000028 seconds.
  path: Assets/Asset/Map/TileMap/Wall Tile/Sand_ground_617.asset
  artifactKey: Guid(a475f3a7510558e499c01d70751eb153) Importer(815301076,1909f56bfc062723c751e8b465ee728b)
Start importing Assets/Asset/Map/TileMap/Wall Tile/Sand_ground_617.asset using Guid(a475f3a7510558e499c01d70751eb153) Importer(815301076,1909f56bfc062723c751e8b465ee728b) (PreviewImporter) -> (artifact id: 'da4ee92535b462b12037cf7710c42684') in 0.0069116 seconds
Number of updated asset objects reloaded before import = 0Number of asset objects unloaded after import = 3

========================================================================
Received Import Request.
  Time since last request: 0.000016 seconds.
  path: Assets/Asset/Map/TileMap/Wall Tile/Sand_ground_621.asset
  artifactKey: Guid(7674b5532e5b9324aaa234ece0a2ea1e) Importer(815301076,1909f56bfc062723c751e8b465ee728b)
Start importing Assets/Asset/Map/TileMap/Wall Tile/Sand_ground_621.asset using Guid(7674b5532e5b9324aaa234ece0a2ea1e) Importer(815301076,1909f56bfc062723c751e8b465ee728b) (PreviewImporter) -> (artifact id: '18d2e98e7eda7ac5c270b6143292de79') in 0.0052551 seconds
Number of updated asset objects reloaded before import = 0Number of asset objects unloaded after import = 3

Editor requested this worker to shutdown with reason: Scaling down because of idle timeout
AssetImportWorker is now disconnected from the server
Process exiting
Exiting without the bug reporter. Application will terminate with return code 0