[Licensing::Module] Trying to connect to existing licensing client channel...
Built from '6000.3/respin/6000.3.1f1-f56f53296c2c' branch; Version is '6000.3.1f1 (37142da19a94) revision 3609645'; Using compiler version '194234433'; Build Type 'Release'
OS: 'Windows 11  (10.0.26100) 64bit Core' Language: 'ko' Physical Memory: 32491 MB
[Licensing::IpcConnector] Successfully connected to: "LicenseClient-신명근" at "2025-12-17T08:55:45.0322748Z"
BatchMode: 1, IsHumanControllingUs: 0, StartBugReporterOnCrash: 0, Is64bit: 1
Date: 2025-12-17T08:55:45Z

COMMAND LINE ARGUMENTS:
C:\Unity Editor\6000.3.1f1\Editor\Unity.exe
-adb2
-batchMode
-noUpm
-name
AssetImportWorker6
-projectPath
C:/Unity Project/GamZem
-logFile
Logs/AssetImportWorker6.log
-srvPort
61047
-licensingIpc
LicenseClient-신명근
-job-worker-count
15
-background-job-worker-count
8
-gc-helper-count
1
-name
AssetImport
Successfully changed project path to: C:/Unity Project/GamZem
C:/Unity Project/GamZem
[UnityMemory] Configuration Parameters - Can be set up in boot.config
    "memorysetup-temp-allocator-size-nav-mesh-worker=65536"
    "memorysetup-temp-allocator-size-audio-worker=65536"
    "memorysetup-temp-allocator-size-gfx=262144"
    "memorysetup-allocator-temp-initial-block-size-main=262144"
    "memorysetup-allocator-temp-initial-block-size-worker=262144"
    "memorysetup-temp-allocator-size-background-worker=32768"
    "memorysetup-temp-allocator-size-job-worker=262144"
    "memorysetup-temp-allocator-size-preload-manager=33554432"
    "memorysetup-temp-allocator-size-gi-baking-worker=262144"
    "memorysetup-temp-allocator-size-gi-baking-worker=262144"
    "memorysetup-temp-allocator-size-gi-baking-worker=262144"
    "memorysetup-temp-allocator-size-gi-baking-worker=262144"
    "memorysetup-temp-allocator-size-gi-baking-worker=262144"
    "memorysetup-bucket-allocator-granularity=16"
    "memorysetup-bucket-allocator-bucket-count=8"
    "memorysetup-bucket-allocator-block-size=33554432"
    "memorysetup-bucket-allocator-block-count=8"
    "memorysetup-main-allocator-block-size=16777216"
    "memorysetup-thread-allocator-block-size=16777216"
    "memorysetup-gfx-main-allocator-block-size=16777216"
    "memorysetup-gfx-thread-allocator-block-size=16777216"
    "memorysetup-cache-allocator-block-size=4194304"
    "memorysetup-typetree-allocator-block-size=2097152"
    "memorysetup-profiler-bucket-allocator-granularity=16"
    "memorysetup-profiler-bucket-allocator-bucket-count=8"
    "memorysetup-profiler-bucket-allocator-block-size=33554432"
    "memorysetup-profiler-bucket-allocator-block-count=8"
    "memorysetup-profiler-allocator-block-size=16777216"
    "memorysetup-profiler-editor-allocator-block-size=1048576"
    "memorysetup-temp-allocator-size-main=16777216"
    "memorysetup-job-temp-allocator-block-size=2097152"
    "memorysetup-job-temp-allocator-block-size-background=1048576"
    "memorysetup-job-temp-allocator-reduction-small-platforms=262144"
    "memorysetup-temp-allocator-size-cloud-worker=32768"
Player connection [40664]  Target information:

Player connection [40664]  * "[IP] 172.17.105.77 [Port] 0 [Flags] 2 [Guid] 3404933752 [EditorId] 3404933752 [Version] 1048832 [Id] WindowsEditor(7,TTingGS) [Debug] 1 [PackageName] WindowsEditor [ProjectName] Editor" 

Player connection [40664] Host joined multi-casting on [225.0.0.222:54997]...
Player connection [40664] Host joined alternative multi-casting on [225.0.0.222:34997]...
JobSystem: Creating JobQueue using job-worker-count value 15
Input System module state changed to: Initialized.
[Physics::Module] Initialized fallback backend.
[Physics::Module] Id: 0xdecafbad
Library Redirect Path: Library/
[Physics::Module] Selected backend.
[Physics::Module] Name: PhysX
[Physics::Module] Id: 0xf2b8ea05
[Physics::Module] SDK Version: 4.1.2
[Physics::Module] Integration Version: 1.0.0
[Physics::Module] Threading Mode: Multi-Threaded
Refreshing native plugins compatible for Editor in 2.35 ms, found 4 plugins.
Preloading 0 native plugins for Editor in 0.00 ms.
Initialize engine version: 6000.3.1f1 (37142da19a94)
[Subsystems] Discovering subsystems at path C:/Unity Editor/6000.3.1f1/Editor/Data/Resources/UnitySubsystems
[Subsystems] Discovering subsystems at path C:/Unity Project/GamZem/Assets
GfxDevice: creating device client; kGfxThreadingModeNonThreaded
Direct3D:
    Version:  Direct3D 11.0 [level 11.1]
    Renderer: NVIDIA GeForce RTX 4070 Laptop GPU (ID=0x2860)
    Vendor:   NVIDIA
    VRAM:     7948 MB
    Driver:   32.0.15.6094
Initialize mono
Mono path[0] = 'C:/Unity Editor/6000.3.1f1/Editor/Data/Managed'
Mono path[1] = 'C:/Unity Editor/6000.3.1f1/Editor/Data/MonoBleedingEdge/lib/mono/unityjit-win32'
Mono config path = 'C:/Unity Editor/6000.3.1f1/Editor/Data/MonoBleedingEdge/etc'
Using monoOptions --debugger-agent=transport=dt_socket,embedding=1,server=y,suspend=n,address=127.0.0.1:56440
Begin MonoManager ReloadAssembly
Registering precompiled unity dll's ...
Register platform support module: C:/Unity Editor/6000.3.1f1/Editor/Data/PlaybackEngines/WindowsStandaloneSupport/UnityEditor.WindowsStandalone.Extensions.dll
[Licensing::Module] Licensing is not yet initialized.
[Licensing::Client] Error: HandshakeResponse reported an error:
	ResponseCode: 505
	ResponseStatus: Unsupported protocol version '1.17.4'.
[Licensing::Module] Error: Failed to handshake to channel: "LicenseClient-신명근"
[Licensing::IpcConnector] LicenseClient-신명근 channel disconnected successfully.
[Licensing::IpcConnector] Successfully connected to: "LicenseClient-신명근-6000.3.1" at "2025-12-17T08:55:45.9011817Z"
[Licensing::Client] Handshaking with LicensingClient:
  Version:                 1.17.4+4293ba1
  Session Id:              3ce3ec05ecff4964aca360b6a014b234
  Correlation Id:          fb7c93f9e49ea444670d73d30ba71317
  External correlation Id: 7239884758280878120
  Machine Id:              0M/ABMMGBGM+hP/9vJJ0T88awfw=
[Licensing::Module] Successfully connected to LicensingClient on channel: "LicenseClient-신명근-6000.3.1" (connect: 0.00s, validation: 0.00s, handshake: 0.82s)
[Licensing::IpcConnector] Successfully connected to: "LicenseClient-신명근-6000.3.1-notifications" at "2025-12-17T08:55:46.7231516Z"
[Licensing::Module] Licensing Background thread has ended after 1.69s
[Licensing::Module] Licensing is initialized (took 0.83s).
[Licensing::Client] Successfully resolved entitlement details
[Licensing::Module] License group:
  Id: 14569682563822-gwichana-UnityProStuXXXX
  Product: Unity Student
  Type: Assigned
  Expiration: 2026-10-04T14:32:33Z
Register platform support module: C:/Unity Editor/6000.3.1f1/Editor/Data/PlaybackEngines/AndroidPlayer/UnityEditor.Android.Extensions.dll
Registered in 0.837969 seconds.
- Loaded All Assemblies, in  1.183 seconds
Native extension for Android target not found
Android Extension - Scanning For ADB Devices 754 ms
Native extension for WindowsStandalone target not found
Mono: successfully reloaded assembly
- Finished resetting the current domain, in  1.176 seconds
Domain Reload Profiling: 2358ms
	BeginReloadAssembly (85ms)
		ExecutionOrderSort (0ms)
		DisableScriptedObjects (0ms)
		BackupInstance (0ms)
		ReleaseScriptingObjects (0ms)
		CreateAndSetChildDomain (1ms)
	RebuildCommonClasses (32ms)
	RebuildNativeTypeToScriptingClass (20ms)
	initialDomainReloadingComplete (881ms)
	LoadAllAssembliesAndSetupDomain (163ms)
		LoadAssemblies (82ms)
		RebuildTransferFunctionScriptingTraits (0ms)
		AnalyzeDomain (160ms)
			TypeCache.Refresh (159ms)
				TypeCache.ScanAssembly (145ms)
			BuildScriptInfoCaches (0ms)
			ResolveRequiredComponents (0ms)
	FinalizeReload (1176ms)
		ReleaseScriptCaches (0ms)
		RebuildScriptCaches (0ms)
		SetupLoadedEditorAssemblies (1122ms)
			LogAssemblyErrors (0ms)
			InitializePlatformSupportModulesInManaged (835ms)
			SetLoadedEditorAssemblies (3ms)
			BeforeProcessingInitializeOnLoad (55ms)
			ProcessInitializeOnLoadAttributes (147ms)
			ProcessInitializeOnLoadMethodAttributes (83ms)
			AfterProcessingInitializeOnLoad (0ms)
			EditorAssembliesLoaded (0ms)
		ExecutionOrderSort2 (0ms)
		AwakeInstancesAfterBackupRestoration (0ms)
========================================================================
Worker process is ready to serve import requests
Import Worker Mode flag is 0x00
Begin MonoManager ReloadAssembly
[Licensing::Client] Successfully resolved entitlement details
- Loaded All Assemblies, in  0.809 seconds
Refreshing native plugins compatible for Editor in 1.06 ms, found 4 plugins.
Native extension for Android target not found
Native extension for WindowsStandalone target not found
Package Manager log level set to [2]
[Package Manager] Failed to launch server process. Reason: Unity was launched with the -noUpm command-line argument
[Package Manager] Unable to send message (not connected to server process).
[Package Manager] Cannot connect to Unity Package Manager local server
Mono: successfully reloaded assembly
- Finished resetting the current domain, in  0.638 seconds
Domain Reload Profiling: 1442ms
	BeginReloadAssembly (136ms)
		ExecutionOrderSort (0ms)
		DisableScriptedObjects (8ms)
		BackupInstance (0ms)
		ReleaseScriptingObjects (0ms)
		CreateAndSetChildDomain (26ms)
	RebuildCommonClasses (25ms)
	RebuildNativeTypeToScriptingClass (12ms)
	initialDomainReloadingComplete (45ms)
	LoadAllAssembliesAndSetupDomain (586ms)
		LoadAssemblies (313ms)
		RebuildTransferFunctionScriptingTraits (0ms)
		AnalyzeDomain (327ms)
			TypeCache.Refresh (252ms)
				TypeCache.ScanAssembly (234ms)
			BuildScriptInfoCaches (64ms)
			ResolveRequiredComponents (8ms)
	FinalizeReload (639ms)
		ReleaseScriptCaches (0ms)
		RebuildScriptCaches (0ms)
		SetupLoadedEditorAssemblies (548ms)
			LogAssemblyErrors (0ms)
			InitializePlatformSupportModulesInManaged (6ms)
			SetLoadedEditorAssemblies (2ms)
			BeforeProcessingInitializeOnLoad (99ms)
			ProcessInitializeOnLoadAttributes (356ms)
			ProcessInitializeOnLoadMethodAttributes (80ms)
			AfterProcessingInitializeOnLoad (4ms)
			EditorAssembliesLoaded (0ms)
		ExecutionOrderSort2 (0ms)
		AwakeInstancesAfterBackupRestoration (4ms)
Launched and connected shader compiler UnityShaderCompiler.exe after 0.06 seconds
Refreshing native plugins compatible for Editor in 1.72 ms, found 4 plugins.
Preloading 0 native plugins for Editor in 0.00 ms.
Unloading 16 Unused Serialized files (Serialized files now loaded: 0)
Unloading 6871 unused Assets / (3.1 MB). Loaded Objects now: 7690.
Memory consumption went from 169.6 MB to 166.5 MB.
Total: 10.592200 ms (FindLiveObjects: 0.582300 ms CreateObjectMapping: 0.463200 ms MarkObjects: 7.224500 ms  DeleteObjects: 2.319300 ms)

========================================================================
Received Import Request.
  Time since last request: 369075.007057 seconds.
  path: Assets/Asset/Map/TileMap/Wall Tile/Sand_ground_347.asset
  artifactKey: Guid(4ea695dceb87b144295f0c23d380f77f) Importer(815301076,1909f56bfc062723c751e8b465ee728b)
Start importing Assets/Asset/Map/TileMap/Wall Tile/Sand_ground_347.asset using Guid(4ea695dceb87b144295f0c23d380f77f) Importer(815301076,1909f56bfc062723c751e8b465ee728b) (PreviewImporter) -> (artifact id: 'fc58946d4b48198d52474ac5abd1bf4b') in 0.0683861 seconds
Number of updated asset objects reloaded before import = 0Number of asset objects unloaded after import = 3

========================================================================
Received Import Request.
  Time since last request: 1.130699 seconds.
  path: Assets/Asset/Map/TileMap/Wall Tile/Sand_ground_359.asset
  artifactKey: Guid(da1b33f01447029479142478c88bf751) Importer(815301076,1909f56bfc062723c751e8b465ee728b)
Start importing Assets/Asset/Map/TileMap/Wall Tile/Sand_ground_359.asset using Guid(da1b33f01447029479142478c88bf751) Importer(815301076,1909f56bfc062723c751e8b465ee728b) (PreviewImporter) -> (artifact id: '256a2f9482f2b25b91bbc8a8550ae12f') in 0.0272738 seconds
Number of updated asset objects reloaded before import = 0Number of asset objects unloaded after import = 3

========================================================================
Received Import Request.
  Time since last request: 0.000018 seconds.
  path: Assets/Asset/Map/TileMap/Wall Tile/Sand_ground_364.asset
  artifactKey: Guid(fd2ae34e84bde4845b4f17991ec3dff1) Importer(815301076,1909f56bfc062723c751e8b465ee728b)
Start importing Assets/Asset/Map/TileMap/Wall Tile/Sand_ground_364.asset using Guid(fd2ae34e84bde4845b4f17991ec3dff1) Importer(815301076,1909f56bfc062723c751e8b465ee728b) (PreviewImporter) -> (artifact id: '4706a21967d3ae50e764f63cb236fe05') in 0.0079079 seconds
Number of updated asset objects reloaded before import = 0Number of asset objects unloaded after import = 3

========================================================================
Received Import Request.
  Time since last request: 0.266984 seconds.
  path: Assets/Asset/Map/TileMap/Wall Tile/Sand_ground_371.asset
  artifactKey: Guid(d5896b55d74d13041ba82fb7d23e5f28) Importer(815301076,1909f56bfc062723c751e8b465ee728b)
Start importing Assets/Asset/Map/TileMap/Wall Tile/Sand_ground_371.asset using Guid(d5896b55d74d13041ba82fb7d23e5f28) Importer(815301076,1909f56bfc062723c751e8b465ee728b) (PreviewImporter) -> (artifact id: 'f27ce8d847488862720daeae01d3a3a9') in 0.0057572 seconds
Number of updated asset objects reloaded before import = 0Number of asset objects unloaded after import = 3

========================================================================
Received Import Request.
  Time since last request: 0.000029 seconds.
  path: Assets/Asset/Map/TileMap/Wall Tile/Sand_ground_376.asset
  artifactKey: Guid(0784ef7033b95864f9806bdac0a5b8a0) Importer(815301076,1909f56bfc062723c751e8b465ee728b)
Start importing Assets/Asset/Map/TileMap/Wall Tile/Sand_ground_376.asset using Guid(0784ef7033b95864f9806bdac0a5b8a0) Importer(815301076,1909f56bfc062723c751e8b465ee728b) (PreviewImporter) -> (artifact id: '2f9c7c0144b7c4a312bded5ea1bf8046') in 0.0095998 seconds
Number of updated asset objects reloaded before import = 0Number of asset objects unloaded after import = 3

========================================================================
Received Import Request.
  Time since last request: 0.551842 seconds.
  path: Assets/Asset/Map/TileMap/Wall Tile/Sand_ground_383.asset
  artifactKey: Guid(390737f8557291b44b3bc590db218c23) Importer(815301076,1909f56bfc062723c751e8b465ee728b)
Start importing Assets/Asset/Map/TileMap/Wall Tile/Sand_ground_383.asset using Guid(390737f8557291b44b3bc590db218c23) Importer(815301076,1909f56bfc062723c751e8b465ee728b) (PreviewImporter) -> (artifact id: '028dd55e83842aa3bfed7cf1c43fb0fd') in 0.0289052 seconds
Number of updated asset objects reloaded before import = 0Number of asset objects unloaded after import = 3

========================================================================
Received Import Request.
  Time since last request: 0.321758 seconds.
  path: Assets/Asset/Map/TileMap/Wall Tile/Sand_ground_395.asset
  artifactKey: Guid(e1d777d91651db74799235c871a6d556) Importer(815301076,1909f56bfc062723c751e8b465ee728b)
Start importing Assets/Asset/Map/TileMap/Wall Tile/Sand_ground_395.asset using Guid(e1d777d91651db74799235c871a6d556) Importer(815301076,1909f56bfc062723c751e8b465ee728b) (PreviewImporter) -> (artifact id: '2087555f70736db15d3e0a4f7e4329d8') in 0.0280562 seconds
Number of updated asset objects reloaded before import = 0Number of asset objects unloaded after import = 3

========================================================================
Received Import Request.
  Time since last request: 0.000015 seconds.
  path: Assets/Asset/Map/TileMap/Wall Tile/Sand_ground_401.asset
  artifactKey: Guid(9b53c6e02b9c6334b890a3f0c2734e1b) Importer(815301076,1909f56bfc062723c751e8b465ee728b)
Start importing Assets/Asset/Map/TileMap/Wall Tile/Sand_ground_401.asset using Guid(9b53c6e02b9c6334b890a3f0c2734e1b) Importer(815301076,1909f56bfc062723c751e8b465ee728b) (PreviewImporter) -> (artifact id: '38f7740c576fb566e3db451f73d7ee47') in 0.0207687 seconds
Number of updated asset objects reloaded before import = 0Number of asset objects unloaded after import = 3

========================================================================
Received Import Request.
  Time since last request: 0.286922 seconds.
  path: Assets/Asset/Map/TileMap/Wall Tile/Sand_ground_413.asset
  artifactKey: Guid(f4199f4f8feacb241ada84448f470566) Importer(815301076,1909f56bfc062723c751e8b465ee728b)
Start importing Assets/Asset/Map/TileMap/Wall Tile/Sand_ground_413.asset using Guid(f4199f4f8feacb241ada84448f470566) Importer(815301076,1909f56bfc062723c751e8b465ee728b) (PreviewImporter) -> (artifact id: '863ce4cf33f12515b3567d95f9371078') in 0.0229058 seconds
Number of updated asset objects reloaded before import = 0Number of asset objects unloaded after import = 3

========================================================================
Received Import Request.
  Time since last request: 0.000014 seconds.
  path: Assets/Asset/Map/TileMap/Wall Tile/Sand_ground_422.asset
  artifactKey: Guid(64ad05e3751cecf4eae39f851269d9d7) Importer(815301076,1909f56bfc062723c751e8b465ee728b)
Start importing Assets/Asset/Map/TileMap/Wall Tile/Sand_ground_422.asset using Guid(64ad05e3751cecf4eae39f851269d9d7) Importer(815301076,1909f56bfc062723c751e8b465ee728b) (PreviewImporter) -> (artifact id: 'b1f10ecde0aba319514546d0b3325dd5') in 0.0210621 seconds
Number of updated asset objects reloaded before import = 0Number of asset objects unloaded after import = 3

========================================================================
Received Import Request.
  Time since last request: 0.256964 seconds.
  path: Assets/Asset/Map/TileMap/Wall Tile/Sand_ground_437.asset
  artifactKey: Guid(d9f601cecd6444e498ec56187813b784) Importer(815301076,1909f56bfc062723c751e8b465ee728b)
Start importing Assets/Asset/Map/TileMap/Wall Tile/Sand_ground_437.asset using Guid(d9f601cecd6444e498ec56187813b784) Importer(815301076,1909f56bfc062723c751e8b465ee728b) (PreviewImporter) -> (artifact id: '9f9345c7c781eddb8d7411f55d64fc28') in 0.026091 seconds
Number of updated asset objects reloaded before import = 0Number of asset objects unloaded after import = 3

========================================================================
Received Import Request.
  Time since last request: 0.000014 seconds.
  path: Assets/Asset/Map/TileMap/Wall Tile/Sand_ground_442.asset
  artifactKey: Guid(a2886b58f7573104383a9468d01993c2) Importer(815301076,1909f56bfc062723c751e8b465ee728b)
Start importing Assets/Asset/Map/TileMap/Wall Tile/Sand_ground_442.asset using Guid(a2886b58f7573104383a9468d01993c2) Importer(815301076,1909f56bfc062723c751e8b465ee728b) (PreviewImporter) -> (artifact id: '0cd4e9bb97cd410064a12d33b0e4b41d') in 0.0053933 seconds
Number of updated asset objects reloaded before import = 0Number of asset objects unloaded after import = 3

========================================================================
Received Import Request.
  Time since last request: 0.261078 seconds.
  path: Assets/Asset/Map/TileMap/Wall Tile/Sand_ground_449.asset
  artifactKey: Guid(916a2beaadd6ed54e8c113c8d8a5eee7) Importer(815301076,1909f56bfc062723c751e8b465ee728b)
Start importing Assets/Asset/Map/TileMap/Wall Tile/Sand_ground_449.asset using Guid(916a2beaadd6ed54e8c113c8d8a5eee7) Importer(815301076,1909f56bfc062723c751e8b465ee728b) (PreviewImporter) -> (artifact id: '2b122bc11cba8ca6cca320dfc1135660') in 0.0222877 seconds
Number of updated asset objects reloaded before import = 0Number of asset objects unloaded after import = 3

========================================================================
Received Import Request.
  Time since last request: 0.000015 seconds.
  path: Assets/Asset/Map/TileMap/Wall Tile/Sand_ground_455.asset
  artifactKey: Guid(d0196ca7b2b33864bac0c4bc297277b1) Importer(815301076,1909f56bfc062723c751e8b465ee728b)
Start importing Assets/Asset/Map/TileMap/Wall Tile/Sand_ground_455.asset using Guid(d0196ca7b2b33864bac0c4bc297277b1) Importer(815301076,1909f56bfc062723c751e8b465ee728b) (PreviewImporter) -> (artifact id: '381d334ce0b16e1a0c5ec4615efea6c7') in 0.0203045 seconds
Number of updated asset objects reloaded before import = 0Number of asset objects unloaded after import = 3

========================================================================
Received Import Request.
  Time since last request: 0.420233 seconds.
  path: Assets/Asset/Map/TileMap/Wall Tile/Sand_ground_467.asset
  artifactKey: Guid(fe53f362e213db244aec649bdc880cc1) Importer(815301076,1909f56bfc062723c751e8b465ee728b)
Start importing Assets/Asset/Map/TileMap/Wall Tile/Sand_ground_467.asset using Guid(fe53f362e213db244aec649bdc880cc1) Importer(815301076,1909f56bfc062723c751e8b465ee728b) (PreviewImporter) -> (artifact id: 'b34c890d0a708ce78263fbdd2d06788c') in 0.0206396 seconds
Number of updated asset objects reloaded before import = 0Number of asset objects unloaded after import = 3

========================================================================
Received Import Request.
  Time since last request: 0.052198 seconds.
  path: Assets/Asset/Map/TileMap/Wall Tile/Sand_ground_479.asset
  artifactKey: Guid(050dac75e401dc944808714143b0180f) Importer(815301076,1909f56bfc062723c751e8b465ee728b)
Start importing Assets/Asset/Map/TileMap/Wall Tile/Sand_ground_479.asset using Guid(050dac75e401dc944808714143b0180f) Importer(815301076,1909f56bfc062723c751e8b465ee728b) (PreviewImporter) -> (artifact id: '1e4c8c2a0c3dc5c1b93b298451f92331') in 0.0075775 seconds
Number of updated asset objects reloaded before import = 0Number of asset objects unloaded after import = 3

========================================================================
Received Import Request.
  Time since last request: 0.281902 seconds.
  path: Assets/Asset/Map/TileMap/Wall Tile/Sand_ground_485.asset
  artifactKey: Guid(0fddd5a85caf7324f920b98a741b8833) Importer(815301076,1909f56bfc062723c751e8b465ee728b)
Start importing Assets/Asset/Map/TileMap/Wall Tile/Sand_ground_485.asset using Guid(0fddd5a85caf7324f920b98a741b8833) Importer(815301076,1909f56bfc062723c751e8b465ee728b) (PreviewImporter) -> (artifact id: '7c207fc1291a818c57540f81876bc486') in 0.0081532 seconds
Number of updated asset objects reloaded before import = 0Number of asset objects unloaded after import = 3

========================================================================
Received Import Request.
  Time since last request: 0.008217 seconds.
  path: Assets/Asset/Map/TileMap/Wall Tile/Sand_ground_491.asset
  artifactKey: Guid(704363a7a85bc4c4aa2b194f3df85bfc) Importer(815301076,1909f56bfc062723c751e8b465ee728b)
Start importing Assets/Asset/Map/TileMap/Wall Tile/Sand_ground_491.asset using Guid(704363a7a85bc4c4aa2b194f3df85bfc) Importer(815301076,1909f56bfc062723c751e8b465ee728b) (PreviewImporter) -> (artifact id: 'd1998b5e1a2dc051b99d579238896be7') in 0.0204371 seconds
Number of updated asset objects reloaded before import = 0Number of asset objects unloaded after import = 3

========================================================================
Received Import Request.
  Time since last request: 11.166499 seconds.
  path: Assets/Asset/Map/TileMap/Wall Tile/Sand_ground_497.asset
  artifactKey: Guid(3b5da5c31f4912e44b3515772dfc8952) Importer(815301076,1909f56bfc062723c751e8b465ee728b)
Start importing Assets/Asset/Map/TileMap/Wall Tile/Sand_ground_497.asset using Guid(3b5da5c31f4912e44b3515772dfc8952) Importer(815301076,1909f56bfc062723c751e8b465ee728b) (PreviewImporter) -> (artifact id: 'f97014053576d5473438b80d251fd8b3') in 0.0065194 seconds
Number of updated asset objects reloaded before import = 0Number of asset objects unloaded after import = 3

========================================================================
Received Import Request.
  Time since last request: 0.219666 seconds.
  path: Assets/Asset/Map/TileMap/Wall Tile/Sand_ground_503.asset
  artifactKey: Guid(3c22fff8579124148902e3c9f5db09fb) Importer(815301076,1909f56bfc062723c751e8b465ee728b)
Start importing Assets/Asset/Map/TileMap/Wall Tile/Sand_ground_503.asset using Guid(3c22fff8579124148902e3c9f5db09fb) Importer(815301076,1909f56bfc062723c751e8b465ee728b) (PreviewImporter) -> (artifact id: '9243f65b89bc390ea9534bf675e03e3b') in 0.004519 seconds
Number of updated asset objects reloaded before import = 0Number of asset objects unloaded after import = 3

========================================================================
Received Import Request.
  Time since last request: 0.000017 seconds.
  path: Assets/Asset/Map/TileMap/Wall Tile/Sand_ground_508.asset
  artifactKey: Guid(948ad030d9e49584daf75274cfea5d98) Importer(815301076,1909f56bfc062723c751e8b465ee728b)
Start importing Assets/Asset/Map/TileMap/Wall Tile/Sand_ground_508.asset using Guid(948ad030d9e49584daf75274cfea5d98) Importer(815301076,1909f56bfc062723c751e8b465ee728b) (PreviewImporter) -> (artifact id: 'e99af5706d020c8a6d124dd98fb3591c') in 0.023751 seconds
Number of updated asset objects reloaded before import = 0Number of asset objects unloaded after import = 3

========================================================================
Received Import Request.
  Time since last request: 0.000030 seconds.
  path: Assets/Asset/Map/TileMap/Wall Tile/Sand_ground_517.asset
  artifactKey: Guid(60916a92736223d4390470291f0966f8) Importer(815301076,1909f56bfc062723c751e8b465ee728b)
Start importing Assets/Asset/Map/TileMap/Wall Tile/Sand_ground_517.asset using Guid(60916a92736223d4390470291f0966f8) Importer(815301076,1909f56bfc062723c751e8b465ee728b) (PreviewImporter) -> (artifact id: 'df49506d8851a3e68e4ad8bb98f5f071') in 0.020344 seconds
Number of updated asset objects reloaded before import = 0Number of asset objects unloaded after import = 3

========================================================================
Received Import Request.
  Time since last request: 0.000018 seconds.
  path: Assets/Asset/Map/TileMap/Wall Tile/Sand_ground_525.asset
  artifactKey: Guid(a162ba104b5223f428a41c72a4cd2e54) Importer(815301076,1909f56bfc062723c751e8b465ee728b)
Start importing Assets/Asset/Map/TileMap/Wall Tile/Sand_ground_525.asset using Guid(a162ba104b5223f428a41c72a4cd2e54) Importer(815301076,1909f56bfc062723c751e8b465ee728b) (PreviewImporter) -> (artifact id: 'dc9400f1185e4cd77debd5c7054d6ad8') in 0.0215498 seconds
Number of updated asset objects reloaded before import = 0Number of asset objects unloaded after import = 3

========================================================================
Received Import Request.
  Time since last request: 0.072858 seconds.
  path: Assets/Asset/Map/TileMap/Wall Tile/Sand_ground_533.asset
  artifactKey: Guid(60056eb2894d0b04da3b06b4ff679e90) Importer(815301076,1909f56bfc062723c751e8b465ee728b)
Start importing Assets/Asset/Map/TileMap/Wall Tile/Sand_ground_533.asset using Guid(60056eb2894d0b04da3b06b4ff679e90) Importer(815301076,1909f56bfc062723c751e8b465ee728b) (PreviewImporter) -> (artifact id: '9371e76c2a140c26f708156728ff9914') in 0.006573 seconds
Number of updated asset objects reloaded before import = 0Number of asset objects unloaded after import = 3

========================================================================
Received Import Request.
  Time since last request: 0.000016 seconds.
  path: Assets/Asset/Map/TileMap/Wall Tile/Sand_ground_540.asset
  artifactKey: Guid(6c61485cdb8753a4ab57630bac975c1a) Importer(815301076,1909f56bfc062723c751e8b465ee728b)
Start importing Assets/Asset/Map/TileMap/Wall Tile/Sand_ground_540.asset using Guid(6c61485cdb8753a4ab57630bac975c1a) Importer(815301076,1909f56bfc062723c751e8b465ee728b) (PreviewImporter) -> (artifact id: '199b6ba91462856a862c57523102c0c9') in 0.0095274 seconds
Number of updated asset objects reloaded before import = 0Number of asset objects unloaded after import = 3

========================================================================
Received Import Request.
  Time since last request: 0.509418 seconds.
  path: Assets/Asset/Map/TileMap/Wall Tile/Sand_ground_551.asset
  artifactKey: Guid(c5aebed615436e24abf02f38efa7c1ee) Importer(815301076,1909f56bfc062723c751e8b465ee728b)
Start importing Assets/Asset/Map/TileMap/Wall Tile/Sand_ground_551.asset using Guid(c5aebed615436e24abf02f38efa7c1ee) Importer(815301076,1909f56bfc062723c751e8b465ee728b) (PreviewImporter) -> (artifact id: '90a653071e1d91ced136a406e7829e3d') in 0.0050089 seconds
Number of updated asset objects reloaded before import = 0Number of asset objects unloaded after import = 3

========================================================================
Received Import Request.
  Time since last request: 0.023502 seconds.
  path: Assets/Asset/Map/TileMap/Wall Tile/Sand_ground_557.asset
  artifactKey: Guid(51b64bfe0b981dd4eacd0452b8939abe) Importer(815301076,1909f56bfc062723c751e8b465ee728b)
Start importing Assets/Asset/Map/TileMap/Wall Tile/Sand_ground_557.asset using Guid(51b64bfe0b981dd4eacd0452b8939abe) Importer(815301076,1909f56bfc062723c751e8b465ee728b) (PreviewImporter) -> (artifact id: '875b2fe116012f104aeb5455f6d45d69') in 0.0192989 seconds
Number of updated asset objects reloaded before import = 0Number of asset objects unloaded after import = 3

========================================================================
Received Import Request.
  Time since last request: 0.000016 seconds.
  path: Assets/Asset/Map/TileMap/Wall Tile/Sand_ground_561.asset
  artifactKey: Guid(5a75342389146c64eb80520d2d58e58a) Importer(815301076,1909f56bfc062723c751e8b465ee728b)
Start importing Assets/Asset/Map/TileMap/Wall Tile/Sand_ground_561.asset using Guid(5a75342389146c64eb80520d2d58e58a) Importer(815301076,1909f56bfc062723c751e8b465ee728b) (PreviewImporter) -> (artifact id: '223154af4daeebf03a720cf31ac8924c') in 0.0240707 seconds
Number of updated asset objects reloaded before import = 0Number of asset objects unloaded after import = 3

========================================================================
Received Import Request.
  Time since last request: 0.000024 seconds.
  path: Assets/Asset/Map/TileMap/Wall Tile/Sand_ground_628.asset
  artifactKey: Guid(69665370e73bd954cb5178ce89a9fdee) Importer(815301076,1909f56bfc062723c751e8b465ee728b)
Start importing Assets/Asset/Map/TileMap/Wall Tile/Sand_ground_628.asset using Guid(69665370e73bd954cb5178ce89a9fdee) Importer(815301076,1909f56bfc062723c751e8b465ee728b) (PreviewImporter) -> (artifact id: '0645ea5080bf76f5a95938299de6b41f') in 0.0072073 seconds
Number of updated asset objects reloaded before import = 0Number of asset objects unloaded after import = 3

========================================================================
Received Import Request.
  Time since last request: 0.000017 seconds.
  path: Assets/Asset/Map/TileMap/Wall Tile/Sand_ground_616.asset
  artifactKey: Guid(1b7665ada82b6e94a88c9732a3bccf48) Importer(815301076,1909f56bfc062723c751e8b465ee728b)
Start importing Assets/Asset/Map/TileMap/Wall Tile/Sand_ground_616.asset using Guid(1b7665ada82b6e94a88c9732a3bccf48) Importer(815301076,1909f56bfc062723c751e8b465ee728b) (PreviewImporter) -> (artifact id: 'c39cbbd0a9c7a8320834540310c9bce4') in 0.007325 seconds
Number of updated asset objects reloaded before import = 0Number of asset objects unloaded after import = 3

========================================================================
Received Import Request.
  Time since last request: 0.000017 seconds.
  path: Assets/Asset/Map/TileMap/Wall Tile/Sand_ground_844.asset
  artifactKey: Guid(77c179e6793dd714b8374b24ec7105e5) Importer(815301076,1909f56bfc062723c751e8b465ee728b)
Start importing Assets/Asset/Map/TileMap/Wall Tile/Sand_ground_844.asset using Guid(77c179e6793dd714b8374b24ec7105e5) Importer(815301076,1909f56bfc062723c751e8b465ee728b) (PreviewImporter) -> (artifact id: 'bad0a4888cff357a94e0bdfdf02d1009') in 0.0222458 seconds
Number of updated asset objects reloaded before import = 0Number of asset objects unloaded after import = 3

========================================================================
Received Import Request.
  Time since last request: 0.000016 seconds.
  path: Assets/Asset/Map/TileMap/Wall Tile/Sand_ground_722.asset
  artifactKey: Guid(6824c9f168c89b24eb81ff38a0ef29c8) Importer(815301076,1909f56bfc062723c751e8b465ee728b)
Start importing Assets/Asset/Map/TileMap/Wall Tile/Sand_ground_722.asset using Guid(6824c9f168c89b24eb81ff38a0ef29c8) Importer(815301076,1909f56bfc062723c751e8b465ee728b) (PreviewImporter) -> (artifact id: 'd86d07cd1bef6c76f4a8bf4cca724ab8') in 0.0077319 seconds
Number of updated asset objects reloaded before import = 0Number of asset objects unloaded after import = 3

========================================================================
Received Import Request.
  Time since last request: 0.000019 seconds.
  path: Assets/Asset/Map/TileMap/Wall Tile/Sand_ground_565.asset
  artifactKey: Guid(b672fbe1e5cd80444ae963528ac31c39) Importer(815301076,1909f56bfc062723c751e8b465ee728b)
Start importing Assets/Asset/Map/TileMap/Wall Tile/Sand_ground_565.asset using Guid(b672fbe1e5cd80444ae963528ac31c39) Importer(815301076,1909f56bfc062723c751e8b465ee728b) (PreviewImporter) -> (artifact id: '9958ae33dcffd0d58d77e7e434d50092') in 0.0231218 seconds
Number of updated asset objects reloaded before import = 0Number of asset objects unloaded after import = 3

========================================================================
Received Import Request.
  Time since last request: 0.000026 seconds.
  path: Assets/Asset/Map/TileMap/Wall Tile/Sand_ground_731.asset
  artifactKey: Guid(548d1000ec8695e4586b3497fe4f0619) Importer(815301076,1909f56bfc062723c751e8b465ee728b)
Start importing Assets/Asset/Map/TileMap/Wall Tile/Sand_ground_731.asset using Guid(548d1000ec8695e4586b3497fe4f0619) Importer(815301076,1909f56bfc062723c751e8b465ee728b) (PreviewImporter) -> (artifact id: '21baf6b0e20cebdcb674046af34234d2') in 0.0055885 seconds
Number of updated asset objects reloaded before import = 0Number of asset objects unloaded after import = 3

========================================================================
Received Import Request.
  Time since last request: 0.000030 seconds.
  path: Assets/Asset/Map/TileMap/Wall Tile/Sand_ground_721.asset
  artifactKey: Guid(d03f98c4d08543e4cbf68568838d1c95) Importer(815301076,1909f56bfc062723c751e8b465ee728b)
Start importing Assets/Asset/Map/TileMap/Wall Tile/Sand_ground_721.asset using Guid(d03f98c4d08543e4cbf68568838d1c95) Importer(815301076,1909f56bfc062723c751e8b465ee728b) (PreviewImporter) -> (artifact id: '3b16f9309440e3dd02c04e5b6474892a') in 0.0087474 seconds
Number of updated asset objects reloaded before import = 0Number of asset objects unloaded after import = 3

========================================================================
Received Import Request.
  Time since last request: 0.000017 seconds.
  path: Assets/Asset/Map/TileMap/Wall Tile/Sand_ground_726.asset
  artifactKey: Guid(211edd8a94921da4e97a541d3896a588) Importer(815301076,1909f56bfc062723c751e8b465ee728b)
Start importing Assets/Asset/Map/TileMap/Wall Tile/Sand_ground_726.asset using Guid(211edd8a94921da4e97a541d3896a588) Importer(815301076,1909f56bfc062723c751e8b465ee728b) (PreviewImporter) -> (artifact id: '87769cb61886f5e963b020f28a555f2c') in 0.0061363 seconds
Number of updated asset objects reloaded before import = 0Number of asset objects unloaded after import = 3

========================================================================
Received Import Request.
  Time since last request: 0.000029 seconds.
  path: Assets/Asset/Map/TileMap/Wall Tile/Sand_ground_833.asset
  artifactKey: Guid(9ec58e55e922ab74db82f24b1d52b1c3) Importer(815301076,1909f56bfc062723c751e8b465ee728b)
Start importing Assets/Asset/Map/TileMap/Wall Tile/Sand_ground_833.asset using Guid(9ec58e55e922ab74db82f24b1d52b1c3) Importer(815301076,1909f56bfc062723c751e8b465ee728b) (PreviewImporter) -> (artifact id: '1e24ba0f65286bcda4b9bd0dadb345c6') in 0.0076514 seconds
Number of updated asset objects reloaded before import = 0Number of asset objects unloaded after import = 3

========================================================================
Received Import Request.
  Time since last request: 0.000034 seconds.
  path: Assets/Asset/Map/TileMap/Wall Tile/Sand_ground_816.asset
  artifactKey: Guid(2e1423124c4228447b5e08b4bda93656) Importer(815301076,1909f56bfc062723c751e8b465ee728b)
Start importing Assets/Asset/Map/TileMap/Wall Tile/Sand_ground_816.asset using Guid(2e1423124c4228447b5e08b4bda93656) Importer(815301076,1909f56bfc062723c751e8b465ee728b) (PreviewImporter) -> (artifact id: '2889082a9f32e7eb01eb112d31214389') in 0.0081021 seconds
Number of updated asset objects reloaded before import = 0Number of asset objects unloaded after import = 3

========================================================================
Received Import Request.
  Time since last request: 0.000025 seconds.
  path: Assets/Asset/Map/TileMap/Wall Tile/Sand_ground_591.asset
  artifactKey: Guid(434053f3f2cd2124fa865c0e0d0231a9) Importer(815301076,1909f56bfc062723c751e8b465ee728b)
Start importing Assets/Asset/Map/TileMap/Wall Tile/Sand_ground_591.asset using Guid(434053f3f2cd2124fa865c0e0d0231a9) Importer(815301076,1909f56bfc062723c751e8b465ee728b) (PreviewImporter) -> (artifact id: '985bb3690e2566bbbd86b22eeb9487fa') in 0.0065151 seconds
Number of updated asset objects reloaded before import = 0Number of asset objects unloaded after import = 3

========================================================================
Received Import Request.
  Time since last request: 0.000016 seconds.
  path: Assets/Asset/Map/TileMap/Wall Tile/Sand_ground_572.asset
  artifactKey: Guid(0c2e5fbf1b2e8a9419beb11a90252966) Importer(815301076,1909f56bfc062723c751e8b465ee728b)
Start importing Assets/Asset/Map/TileMap/Wall Tile/Sand_ground_572.asset using Guid(0c2e5fbf1b2e8a9419beb11a90252966) Importer(815301076,1909f56bfc062723c751e8b465ee728b) (PreviewImporter) -> (artifact id: 'b56b0cf42e2f7dcb97dcce385195835d') in 0.0062809 seconds
Number of updated asset objects reloaded before import = 0Number of asset objects unloaded after import = 3

========================================================================
Received Import Request.
  Time since last request: 0.000020 seconds.
  path: Assets/Asset/Map/TileMap/Wall Tile/Sand_ground_640.asset
  artifactKey: Guid(e7170fa49a0a35e459074f10c5ab8cbc) Importer(815301076,1909f56bfc062723c751e8b465ee728b)
Start importing Assets/Asset/Map/TileMap/Wall Tile/Sand_ground_640.asset using Guid(e7170fa49a0a35e459074f10c5ab8cbc) Importer(815301076,1909f56bfc062723c751e8b465ee728b) (PreviewImporter) -> (artifact id: 'e1a7d5ba4547723c52a017abf448affa') in 0.0088136 seconds
Number of updated asset objects reloaded before import = 0Number of asset objects unloaded after import = 3

========================================================================
Received Import Request.
  Time since last request: 0.000017 seconds.
  path: Assets/Asset/Map/TileMap/Wall Tile/Sand_ground_790.asset
  artifactKey: Guid(c411329d40e8ffa428385643b72a7ad1) Importer(815301076,1909f56bfc062723c751e8b465ee728b)
Start importing Assets/Asset/Map/TileMap/Wall Tile/Sand_ground_790.asset using Guid(c411329d40e8ffa428385643b72a7ad1) Importer(815301076,1909f56bfc062723c751e8b465ee728b) (PreviewImporter) -> (artifact id: '251aebaf5755c13f4cd83256e28fe25d') in 0.0051015 seconds
Number of updated asset objects reloaded before import = 0Number of asset objects unloaded after import = 3

========================================================================
Received Import Request.
  Time since last request: 0.000016 seconds.
  path: Assets/Asset/Map/TileMap/Wall Tile/Sand_ground_786.asset
  artifactKey: Guid(f04965e46f058ef498c543a2e70dcb11) Importer(815301076,1909f56bfc062723c751e8b465ee728b)
Start importing Assets/Asset/Map/TileMap/Wall Tile/Sand_ground_786.asset using Guid(f04965e46f058ef498c543a2e70dcb11) Importer(815301076,1909f56bfc062723c751e8b465ee728b) (PreviewImporter) -> (artifact id: '0b103626fc9f68de24935f5b87a29771') in 0.0070728 seconds
Number of updated asset objects reloaded before import = 0Number of asset objects unloaded after import = 3

========================================================================
Received Import Request.
  Time since last request: 0.000019 seconds.
  path: Assets/Asset/Map/TileMap/Wall Tile/Sand_ground_623.asset
  artifactKey: Guid(2f679eccd879fa04888da7aae370488c) Importer(815301076,1909f56bfc062723c751e8b465ee728b)
Start importing Assets/Asset/Map/TileMap/Wall Tile/Sand_ground_623.asset using Guid(2f679eccd879fa04888da7aae370488c) Importer(815301076,1909f56bfc062723c751e8b465ee728b) (PreviewImporter) -> (artifact id: '55fa42bbc8bb650bedfde9d8652eabb6') in 0.0066991 seconds
Number of updated asset objects reloaded before import = 0Number of asset objects unloaded after import = 3

========================================================================
Received Import Request.
  Time since last request: 0.000030 seconds.
  path: Assets/Asset/Map/TileMap/Wall Tile/Sand_ground_806.asset
  artifactKey: Guid(a00f33fd192e4744d8061c5c22a7cdad) Importer(815301076,1909f56bfc062723c751e8b465ee728b)
Start importing Assets/Asset/Map/TileMap/Wall Tile/Sand_ground_806.asset using Guid(a00f33fd192e4744d8061c5c22a7cdad) Importer(815301076,1909f56bfc062723c751e8b465ee728b) (PreviewImporter) -> (artifact id: '23c5dbaa9a31786f5d4f7fad5914c639') in 0.0227437 seconds
Number of updated asset objects reloaded before import = 0Number of asset objects unloaded after import = 3

========================================================================
Received Import Request.
  Time since last request: 0.000020 seconds.
  path: Assets/Asset/Map/TileMap/Wall Tile/Sand_ground_791.asset
  artifactKey: Guid(9a685f3c58096fd4987d661a16f0b196) Importer(815301076,1909f56bfc062723c751e8b465ee728b)
Start importing Assets/Asset/Map/TileMap/Wall Tile/Sand_ground_791.asset using Guid(9a685f3c58096fd4987d661a16f0b196) Importer(815301076,1909f56bfc062723c751e8b465ee728b) (PreviewImporter) -> (artifact id: 'bd58665db3a9b0f82499cef70be2e726') in 0.0064046 seconds
Number of updated asset objects reloaded before import = 0Number of asset objects unloaded after import = 3

========================================================================
Received Import Request.
  Time since last request: 0.000017 seconds.
  path: Assets/Asset/Map/TileMap/Wall Tile/Sand_ground_793.asset
  artifactKey: Guid(7105d48ef515d1f4ba6fdb3c8f0118e0) Importer(815301076,1909f56bfc062723c751e8b465ee728b)
Start importing Assets/Asset/Map/TileMap/Wall Tile/Sand_ground_793.asset using Guid(7105d48ef515d1f4ba6fdb3c8f0118e0) Importer(815301076,1909f56bfc062723c751e8b465ee728b) (PreviewImporter) -> (artifact id: '94c8d0af3c8faf7a35ec066ff31b89b5') in 0.005491 seconds
Number of updated asset objects reloaded before import = 0Number of asset objects unloaded after import = 3

========================================================================
Received Import Request.
  Time since last request: 0.000017 seconds.
  path: Assets/Asset/Map/TileMap/Wall Tile/Sand_ground_841.asset
  artifactKey: Guid(73b866bf023416847983bd2a5c5ae948) Importer(815301076,1909f56bfc062723c751e8b465ee728b)
Start importing Assets/Asset/Map/TileMap/Wall Tile/Sand_ground_841.asset using Guid(73b866bf023416847983bd2a5c5ae948) Importer(815301076,1909f56bfc062723c751e8b465ee728b) (PreviewImporter) -> (artifact id: '17109c2271ba9fa30fa485ddfacfdf5a') in 0.0176011 seconds
Number of updated asset objects reloaded before import = 0Number of asset objects unloaded after import = 3

========================================================================
Received Import Request.
  Time since last request: 0.000017 seconds.
  path: Assets/Asset/Map/TileMap/Wall Tile/Sand_ground_573.asset
  artifactKey: Guid(cad8216d0e5a0094997ab0841fd4d499) Importer(815301076,1909f56bfc062723c751e8b465ee728b)
Start importing Assets/Asset/Map/TileMap/Wall Tile/Sand_ground_573.asset using Guid(cad8216d0e5a0094997ab0841fd4d499) Importer(815301076,1909f56bfc062723c751e8b465ee728b) (PreviewImporter) -> (artifact id: '0e417529ffc2812425c492e517a15dda') in 0.0182592 seconds
Number of updated asset objects reloaded before import = 0Number of asset objects unloaded after import = 3

========================================================================
Received Import Request.
  Time since last request: 98.362933 seconds.
  path: Assets/Asset/Map/TileMap/Wall Tile/Sand_ground_818.asset
  artifactKey: Guid(05fc13e4ea277944a9e0fb3982aeeba6) Importer(815301076,1909f56bfc062723c751e8b465ee728b)
Start importing Assets/Asset/Map/TileMap/Wall Tile/Sand_ground_818.asset using Guid(05fc13e4ea277944a9e0fb3982aeeba6) Importer(815301076,1909f56bfc062723c751e8b465ee728b) (PreviewImporter) -> (artifact id: '98fe7685093702ccfc49abb8e75bef04') in 0.0223018 seconds
Number of updated asset objects reloaded before import = 0Number of asset objects unloaded after import = 3

========================================================================
Received Import Request.
  Time since last request: 0.000021 seconds.
  path: Assets/Asset/Map/TileMap/Wall Tile/Sand_ground_820.asset
  artifactKey: Guid(b79c708dffb59b540b189221eea7a606) Importer(815301076,1909f56bfc062723c751e8b465ee728b)
Start importing Assets/Asset/Map/TileMap/Wall Tile/Sand_ground_820.asset using Guid(b79c708dffb59b540b189221eea7a606) Importer(815301076,1909f56bfc062723c751e8b465ee728b) (PreviewImporter) -> (artifact id: '8b2a580c0edba01b1b7db900b4c4d07e') in 0.0170874 seconds
Number of updated asset objects reloaded before import = 0Number of asset objects unloaded after import = 3

========================================================================
Received Import Request.
  Time since last request: 1.014905 seconds.
  path: Assets/Asset/Map/TileMap/Wall Tile/Sand_ground_781.asset
  artifactKey: Guid(41a50cb9ab77ae248b5fef232dced703) Importer(815301076,1909f56bfc062723c751e8b465ee728b)
Start importing Assets/Asset/Map/TileMap/Wall Tile/Sand_ground_781.asset using Guid(41a50cb9ab77ae248b5fef232dced703) Importer(815301076,1909f56bfc062723c751e8b465ee728b) (PreviewImporter) -> (artifact id: '8ed2a2480ba11a896916bd866103faec') in 0.0056175 seconds
Number of updated asset objects reloaded before import = 0Number of asset objects unloaded after import = 3

========================================================================
Received Import Request.
  Time since last request: 0.000017 seconds.
  path: Assets/Asset/Map/TileMap/Wall Tile/Sand_ground_774.asset
  artifactKey: Guid(a99ba799a5df1b841b9c6a1034f0a4c2) Importer(815301076,1909f56bfc062723c751e8b465ee728b)
Start importing Assets/Asset/Map/TileMap/Wall Tile/Sand_ground_774.asset using Guid(a99ba799a5df1b841b9c6a1034f0a4c2) Importer(815301076,1909f56bfc062723c751e8b465ee728b) (PreviewImporter) -> (artifact id: 'be0d577c1951f73da2b0bb832d92420a') in 0.0188077 seconds
Number of updated asset objects reloaded before import = 0Number of asset objects unloaded after import = 3

========================================================================
Received Import Request.
  Time since last request: 0.000031 seconds.
  path: Assets/Asset/Map/TileMap/Wall Tile/Sand_ground_778.asset
  artifactKey: Guid(7e508ca9e18661c4895720f02a6801ea) Importer(815301076,1909f56bfc062723c751e8b465ee728b)
Start importing Assets/Asset/Map/TileMap/Wall Tile/Sand_ground_778.asset using Guid(7e508ca9e18661c4895720f02a6801ea) Importer(815301076,1909f56bfc062723c751e8b465ee728b) (PreviewImporter) -> (artifact id: '8c17d0c29b816837f5db88f254cf9c0b') in 0.0074804 seconds
Number of updated asset objects reloaded before import = 0Number of asset objects unloaded after import = 3

========================================================================
Received Import Request.
  Time since last request: 0.000017 seconds.
  path: Assets/Asset/Map/TileMap/Wall Tile/Sand_ground_754.asset
  artifactKey: Guid(b13bab3a08fbc9f4883194bb2c44c4f4) Importer(815301076,1909f56bfc062723c751e8b465ee728b)
Start importing Assets/Asset/Map/TileMap/Wall Tile/Sand_ground_754.asset using Guid(b13bab3a08fbc9f4883194bb2c44c4f4) Importer(815301076,1909f56bfc062723c751e8b465ee728b) (PreviewImporter) -> (artifact id: '70fa1182a914e91cac570ad10b66d28d') in 0.0180953 seconds
Number of updated asset objects reloaded before import = 0Number of asset objects unloaded after import = 3

========================================================================
Received Import Request.
  Time since last request: 0.000017 seconds.
  path: Assets/Asset/Map/TileMap/Wall Tile/Sand_ground_611.asset
  artifactKey: Guid(265fd33f94557ed49b73387053eecfbf) Importer(815301076,1909f56bfc062723c751e8b465ee728b)
Start importing Assets/Asset/Map/TileMap/Wall Tile/Sand_ground_611.asset using Guid(265fd33f94557ed49b73387053eecfbf) Importer(815301076,1909f56bfc062723c751e8b465ee728b) (PreviewImporter) -> (artifact id: 'c26ceb405df00f51596b1e35edf26ac1') in 0.0170025 seconds
Number of updated asset objects reloaded before import = 0Number of asset objects unloaded after import = 3

========================================================================
Received Import Request.
  Time since last request: 0.000022 seconds.
  path: Assets/Asset/Map/TileMap/Wall Tile/Sand_ground_599.asset
  artifactKey: Guid(468d11262bde68745bace6bf56ef1a2f) Importer(815301076,1909f56bfc062723c751e8b465ee728b)
Start importing Assets/Asset/Map/TileMap/Wall Tile/Sand_ground_599.asset using Guid(468d11262bde68745bace6bf56ef1a2f) Importer(815301076,1909f56bfc062723c751e8b465ee728b) (PreviewImporter) -> (artifact id: '5d967f0a5c068f808ab9f7432a0d4bdf') in 0.022277 seconds
Number of updated asset objects reloaded before import = 0Number of asset objects unloaded after import = 3

========================================================================
Received Import Request.
  Time since last request: 0.000021 seconds.
  path: Assets/Asset/Map/TileMap/Wall Tile/Sand_ground_757.asset
  artifactKey: Guid(9c8edae540b41614eb005e1b7c10cef9) Importer(815301076,1909f56bfc062723c751e8b465ee728b)
Start importing Assets/Asset/Map/TileMap/Wall Tile/Sand_ground_757.asset using Guid(9c8edae540b41614eb005e1b7c10cef9) Importer(815301076,1909f56bfc062723c751e8b465ee728b) (PreviewImporter) -> (artifact id: 'e9160fb80fe45ca36b29f4a7fea7f472') in 0.0051741 seconds
Number of updated asset objects reloaded before import = 0Number of asset objects unloaded after import = 3

========================================================================
Received Import Request.
  Time since last request: 0.000037 seconds.
  path: Assets/Asset/Map/TileMap/Wall Tile/Sand_ground_604.asset
  artifactKey: Guid(5ad1c09da0eec73478be94112816d283) Importer(815301076,1909f56bfc062723c751e8b465ee728b)
Start importing Assets/Asset/Map/TileMap/Wall Tile/Sand_ground_604.asset using Guid(5ad1c09da0eec73478be94112816d283) Importer(815301076,1909f56bfc062723c751e8b465ee728b) (PreviewImporter) -> (artifact id: '81d88fa573386c60e9ba4d9a5abf8163') in 0.0244047 seconds
Number of updated asset objects reloaded before import = 0Number of asset objects unloaded after import = 3

========================================================================
Received Import Request.
  Time since last request: 0.000022 seconds.
  path: Assets/Asset/Map/TileMap/Wall Tile/Sand_ground_766.asset
  artifactKey: Guid(15dfdc9e5e83d794f9e3fbe3faa2cd78) Importer(815301076,1909f56bfc062723c751e8b465ee728b)
Start importing Assets/Asset/Map/TileMap/Wall Tile/Sand_ground_766.asset using Guid(15dfdc9e5e83d794f9e3fbe3faa2cd78) Importer(815301076,1909f56bfc062723c751e8b465ee728b) (PreviewImporter) -> (artifact id: '8cc7767b764e3552b99b61beeba021ad') in 0.0074338 seconds
Number of updated asset objects reloaded before import = 0Number of asset objects unloaded after import = 3

========================================================================
Received Import Request.
  Time since last request: 0.000039 seconds.
  path: Assets/Asset/Map/TileMap/Wall Tile/Sand_ground_760.asset
  artifactKey: Guid(55b87f566dc28434a99507417b63faf4) Importer(815301076,1909f56bfc062723c751e8b465ee728b)
Start importing Assets/Asset/Map/TileMap/Wall Tile/Sand_ground_760.asset using Guid(55b87f566dc28434a99507417b63faf4) Importer(815301076,1909f56bfc062723c751e8b465ee728b) (PreviewImporter) -> (artifact id: '6967ff29266a688f76896db3a29b129b') in 0.0075172 seconds
Number of updated asset objects reloaded before import = 0Number of asset objects unloaded after import = 3

========================================================================
Received Import Request.
  Time since last request: 0.000020 seconds.
  path: Assets/Asset/Map/TileMap/Wall Tile/Sand_ground_748.asset
  artifactKey: Guid(8ebc852b2a3f0fc4bba50cc5f77c1016) Importer(815301076,1909f56bfc062723c751e8b465ee728b)
Start importing Assets/Asset/Map/TileMap/Wall Tile/Sand_ground_748.asset using Guid(8ebc852b2a3f0fc4bba50cc5f77c1016) Importer(815301076,1909f56bfc062723c751e8b465ee728b) (PreviewImporter) -> (artifact id: '442eeea1c17f82e69515e23c10b98c86') in 0.0235607 seconds
Number of updated asset objects reloaded before import = 0Number of asset objects unloaded after import = 3

========================================================================
Received Import Request.
  Time since last request: 0.000041 seconds.
  path: Assets/Asset/Map/TileMap/Wall Tile/Sand_ground_610.asset
  artifactKey: Guid(006f335caaf3cdf468663f4024974f70) Importer(815301076,1909f56bfc062723c751e8b465ee728b)
Start importing Assets/Asset/Map/TileMap/Wall Tile/Sand_ground_610.asset using Guid(006f335caaf3cdf468663f4024974f70) Importer(815301076,1909f56bfc062723c751e8b465ee728b) (PreviewImporter) -> (artifact id: '033e206683281f2798a61a8a72d598a3') in 0.0252898 seconds
Number of updated asset objects reloaded before import = 0Number of asset objects unloaded after import = 3

========================================================================
Received Import Request.
  Time since last request: 0.000039 seconds.
  path: Assets/Asset/Map/TileMap/Wall Tile/Sand_ground_759.asset
  artifactKey: Guid(0b1f06c32645bde4da1ad67e59539187) Importer(815301076,1909f56bfc062723c751e8b465ee728b)
Start importing Assets/Asset/Map/TileMap/Wall Tile/Sand_ground_759.asset using Guid(0b1f06c32645bde4da1ad67e59539187) Importer(815301076,1909f56bfc062723c751e8b465ee728b) (PreviewImporter) -> (artifact id: '9db23c1edea8f45ba778621f2c3d9a2a') in 0.0076721 seconds
Number of updated asset objects reloaded before import = 0Number of asset objects unloaded after import = 3

========================================================================
Received Import Request.
  Time since last request: 0.000020 seconds.
  path: Assets/Asset/Map/TileMap/Wall Tile/Sand_ground_755.asset
  artifactKey: Guid(4bdc701570b6f4147bedf1403830b0cd) Importer(815301076,1909f56bfc062723c751e8b465ee728b)
Start importing Assets/Asset/Map/TileMap/Wall Tile/Sand_ground_755.asset using Guid(4bdc701570b6f4147bedf1403830b0cd) Importer(815301076,1909f56bfc062723c751e8b465ee728b) (PreviewImporter) -> (artifact id: '32b037562399481182d1231c96070746') in 0.0067534 seconds
Number of updated asset objects reloaded before import = 0Number of asset objects unloaded after import = 3

========================================================================
Received Import Request.
  Time since last request: 0.000022 seconds.
  path: Assets/Asset/Map/TileMap/Wall Tile/Sand_ground_767.asset
  artifactKey: Guid(88987f908a679334c990c77045fc2846) Importer(815301076,1909f56bfc062723c751e8b465ee728b)
Start importing Assets/Asset/Map/TileMap/Wall Tile/Sand_ground_767.asset using Guid(88987f908a679334c990c77045fc2846) Importer(815301076,1909f56bfc062723c751e8b465ee728b) (PreviewImporter) -> (artifact id: '304c7564b700a7d4389fad65bf41876f') in 0.0085915 seconds
Number of updated asset objects reloaded before import = 0Number of asset objects unloaded after import = 3

========================================================================
Received Import Request.
  Time since last request: 0.000033 seconds.
  path: Assets/Asset/Map/TileMap/Wall Tile/Sand_ground_758.asset
  artifactKey: Guid(f1cedb82deb632a4db6127204b2c99b6) Importer(815301076,1909f56bfc062723c751e8b465ee728b)
Start importing Assets/Asset/Map/TileMap/Wall Tile/Sand_ground_758.asset using Guid(f1cedb82deb632a4db6127204b2c99b6) Importer(815301076,1909f56bfc062723c751e8b465ee728b) (PreviewImporter) -> (artifact id: '8aa6dc422317a0fb0c1e190b7f7c8581') in 0.0062806 seconds
Number of updated asset objects reloaded before import = 0Number of asset objects unloaded after import = 3

========================================================================
Received Import Request.
  Time since last request: 0.000039 seconds.
  path: Assets/Asset/Map/TileMap/Wall Tile/Sand_ground_749.asset
  artifactKey: Guid(268f08b9ab879e04f9606e406329f97c) Importer(815301076,1909f56bfc062723c751e8b465ee728b)
Start importing Assets/Asset/Map/TileMap/Wall Tile/Sand_ground_749.asset using Guid(268f08b9ab879e04f9606e406329f97c) Importer(815301076,1909f56bfc062723c751e8b465ee728b) (PreviewImporter) -> (artifact id: '9bf0ec704df3a275bc77a961868af487') in 0.009431 seconds
Number of updated asset objects reloaded before import = 0Number of asset objects unloaded after import = 3

========================================================================
Received Import Request.
  Time since last request: 0.000037 seconds.
  path: Assets/Asset/Map/TileMap/Wall Tile/Sand_ground_602.asset
  artifactKey: Guid(4e8b8165df4452149bc30433f17e59de) Importer(815301076,1909f56bfc062723c751e8b465ee728b)
Start importing Assets/Asset/Map/TileMap/Wall Tile/Sand_ground_602.asset using Guid(4e8b8165df4452149bc30433f17e59de) Importer(815301076,1909f56bfc062723c751e8b465ee728b) (PreviewImporter) -> (artifact id: '8e39d092a1927ee7b994296c9d9ada5c') in 0.0237831 seconds
Number of updated asset objects reloaded before import = 0Number of asset objects unloaded after import = 3

========================================================================
Received Import Request.
  Time since last request: 0.000037 seconds.
  path: Assets/Asset/Map/TileMap/Wall Tile/Sand_ground_763.asset
  artifactKey: Guid(ec1179d3703e0fd43b3e20e92738f034) Importer(815301076,1909f56bfc062723c751e8b465ee728b)
Start importing Assets/Asset/Map/TileMap/Wall Tile/Sand_ground_763.asset using Guid(ec1179d3703e0fd43b3e20e92738f034) Importer(815301076,1909f56bfc062723c751e8b465ee728b) (PreviewImporter) -> (artifact id: 'c4ba6454105b5ee317d15be68e0da422') in 0.0216197 seconds
Number of updated asset objects reloaded before import = 0Number of asset objects unloaded after import = 3

========================================================================
Received Import Request.
  Time since last request: 0.000031 seconds.
  path: Assets/Asset/Map/TileMap/Wall Tile/Sand_ground_779.asset
  artifactKey: Guid(57f3b4133b23ee9439e5623c2aa49b69) Importer(815301076,1909f56bfc062723c751e8b465ee728b)
Start importing Assets/Asset/Map/TileMap/Wall Tile/Sand_ground_779.asset using Guid(57f3b4133b23ee9439e5623c2aa49b69) Importer(815301076,1909f56bfc062723c751e8b465ee728b) (PreviewImporter) -> (artifact id: 'f023a83b197d8e8525206db4dc0d5451') in 0.0073233 seconds
Number of updated asset objects reloaded before import = 0Number of asset objects unloaded after import = 3

========================================================================
Received Import Request.
  Time since last request: 0.000038 seconds.
  path: Assets/Asset/Map/TileMap/Wall Tile/Sand_ground_750.asset
  artifactKey: Guid(c6ee6d79c0147e340bea04af51dbccc0) Importer(815301076,1909f56bfc062723c751e8b465ee728b)
Start importing Assets/Asset/Map/TileMap/Wall Tile/Sand_ground_750.asset using Guid(c6ee6d79c0147e340bea04af51dbccc0) Importer(815301076,1909f56bfc062723c751e8b465ee728b) (PreviewImporter) -> (artifact id: 'add1d96b234e3495513d2e451f5db9de') in 0.007359 seconds
Number of updated asset objects reloaded before import = 0Number of asset objects unloaded after import = 3

========================================================================
Received Import Request.
  Time since last request: 0.000054 seconds.
  path: Assets/Asset/Map/TileMap/Wall Tile/Sand_ground_751.asset
  artifactKey: Guid(b7ec4c0d9979ba5408e8c47a0a86ca72) Importer(815301076,1909f56bfc062723c751e8b465ee728b)
Start importing Assets/Asset/Map/TileMap/Wall Tile/Sand_ground_751.asset using Guid(b7ec4c0d9979ba5408e8c47a0a86ca72) Importer(815301076,1909f56bfc062723c751e8b465ee728b) (PreviewImporter) -> (artifact id: 'c46f2876c5868b320d256eb0576ede7f') in 0.0071267 seconds
Number of updated asset objects reloaded before import = 0Number of asset objects unloaded after import = 3

========================================================================
Received Import Request.
  Time since last request: 0.000033 seconds.
  path: Assets/Asset/Map/TileMap/Wall Tile/Sand_ground_597.asset
  artifactKey: Guid(97878ec996986c14aaf4d1f9e4260bbd) Importer(815301076,1909f56bfc062723c751e8b465ee728b)
Start importing Assets/Asset/Map/TileMap/Wall Tile/Sand_ground_597.asset using Guid(97878ec996986c14aaf4d1f9e4260bbd) Importer(815301076,1909f56bfc062723c751e8b465ee728b) (PreviewImporter) -> (artifact id: '4c0de802e43c54a2e98d9ddda4e0a875') in 0.0227625 seconds
Number of updated asset objects reloaded before import = 0Number of asset objects unloaded after import = 3

========================================================================
Received Import Request.
  Time since last request: 0.000030 seconds.
  path: Assets/Asset/Map/TileMap/Wall Tile/Sand_ground_739.asset
  artifactKey: Guid(62c77762f43462f4b914d6e25be9d0c9) Importer(815301076,1909f56bfc062723c751e8b465ee728b)
Start importing Assets/Asset/Map/TileMap/Wall Tile/Sand_ground_739.asset using Guid(62c77762f43462f4b914d6e25be9d0c9) Importer(815301076,1909f56bfc062723c751e8b465ee728b) (PreviewImporter) -> (artifact id: 'fbe7001ec01f14f3deabcbdc9756585f') in 0.0058841 seconds
Number of updated asset objects reloaded before import = 0Number of asset objects unloaded after import = 3

========================================================================
Received Import Request.
  Time since last request: 0.000027 seconds.
  path: Assets/Asset/Map/TileMap/Wall Tile/Sand_ground_742.asset
  artifactKey: Guid(b093d9730c91de2459fe678068433486) Importer(815301076,1909f56bfc062723c751e8b465ee728b)
Start importing Assets/Asset/Map/TileMap/Wall Tile/Sand_ground_742.asset using Guid(b093d9730c91de2459fe678068433486) Importer(815301076,1909f56bfc062723c751e8b465ee728b) (PreviewImporter) -> (artifact id: 'a92617ea59305daa5fa7016785d879c0') in 0.007039 seconds
Number of updated asset objects reloaded before import = 0Number of asset objects unloaded after import = 3

========================================================================
Received Import Request.
  Time since last request: 0.000031 seconds.
  path: Assets/Asset/Map/TileMap/Wall Tile/Sand_ground_606.asset
  artifactKey: Guid(9ac4ed093ade4a847843a44f40fc51e0) Importer(815301076,1909f56bfc062723c751e8b465ee728b)
Start importing Assets/Asset/Map/TileMap/Wall Tile/Sand_ground_606.asset using Guid(9ac4ed093ade4a847843a44f40fc51e0) Importer(815301076,1909f56bfc062723c751e8b465ee728b) (PreviewImporter) -> (artifact id: '3c9f2d844c0f65cd4b408b614e15b588') in 0.0070473 seconds
Number of updated asset objects reloaded before import = 0Number of asset objects unloaded after import = 3

========================================================================
Received Import Request.
  Time since last request: 0.000030 seconds.
  path: Assets/Asset/Map/TileMap/Wall Tile/Sand_ground_608.asset
  artifactKey: Guid(a1058ccddf73b2d4cb16c57602cd4cb2) Importer(815301076,1909f56bfc062723c751e8b465ee728b)
Start importing Assets/Asset/Map/TileMap/Wall Tile/Sand_ground_608.asset using Guid(a1058ccddf73b2d4cb16c57602cd4cb2) Importer(815301076,1909f56bfc062723c751e8b465ee728b) (PreviewImporter) -> (artifact id: '6af9e63eb23e9aff37ec7d058facc2e0') in 0.0236193 seconds
Number of updated asset objects reloaded before import = 0Number of asset objects unloaded after import = 3

========================================================================
Received Import Request.
  Time since last request: 0.000020 seconds.
  path: Assets/Asset/Map/TileMap/Wall Tile/Sand_ground_761.asset
  artifactKey: Guid(f12497a4d7cb0d34c92854826df41d31) Importer(815301076,1909f56bfc062723c751e8b465ee728b)
Start importing Assets/Asset/Map/TileMap/Wall Tile/Sand_ground_761.asset using Guid(f12497a4d7cb0d34c92854826df41d31) Importer(815301076,1909f56bfc062723c751e8b465ee728b) (PreviewImporter) -> (artifact id: '2a59d500f4c9f626e94991a4fdcb8dc3') in 0.0210268 seconds
Number of updated asset objects reloaded before import = 0Number of asset objects unloaded after import = 3

========================================================================
Received Import Request.
  Time since last request: 0.000018 seconds.
  path: Assets/Asset/Map/TileMap/Wall Tile/Sand_ground_607.asset
  artifactKey: Guid(77eb0573b5ba9f047af656b28508c252) Importer(815301076,1909f56bfc062723c751e8b465ee728b)
Start importing Assets/Asset/Map/TileMap/Wall Tile/Sand_ground_607.asset using Guid(77eb0573b5ba9f047af656b28508c252) Importer(815301076,1909f56bfc062723c751e8b465ee728b) (PreviewImporter) -> (artifact id: '805e0a1ff7ac7b94c3a668e0922a705c') in 0.0087405 seconds
Number of updated asset objects reloaded before import = 0Number of asset objects unloaded after import = 3

========================================================================
Received Import Request.
  Time since last request: 0.000023 seconds.
  path: Assets/Asset/Map/TileMap/Wall Tile/Sand_ground_596.asset
  artifactKey: Guid(d4b6c9104b2dae542ba5807b08aa1ef9) Importer(815301076,1909f56bfc062723c751e8b465ee728b)
Start importing Assets/Asset/Map/TileMap/Wall Tile/Sand_ground_596.asset using Guid(d4b6c9104b2dae542ba5807b08aa1ef9) Importer(815301076,1909f56bfc062723c751e8b465ee728b) (PreviewImporter) -> (artifact id: 'e72166a713094f8f123cec1c4532786c') in 0.006902 seconds
Number of updated asset objects reloaded before import = 0Number of asset objects unloaded after import = 3

========================================================================
Received Import Request.
  Time since last request: 21.577996 seconds.
  path: Assets/Asset/Map/TileMap/Wall Tile/Sand_ground_658.asset
  artifactKey: Guid(3e41bec0d1e02c24e847ae8a5ab90374) Importer(815301076,1909f56bfc062723c751e8b465ee728b)
Start importing Assets/Asset/Map/TileMap/Wall Tile/Sand_ground_658.asset using Guid(3e41bec0d1e02c24e847ae8a5ab90374) Importer(815301076,1909f56bfc062723c751e8b465ee728b) (PreviewImporter) -> (artifact id: '610083f7efd815318b949b3994f787d7') in 0.0107706 seconds
Number of updated asset objects reloaded before import = 0Number of asset objects unloaded after import = 3

========================================================================
Received Import Request.
  Time since last request: 0.000036 seconds.
  path: Assets/Asset/Map/TileMap/Wall Tile/Sand_ground_671.asset
  artifactKey: Guid(f8adf3eea51a8404ca007391aa21e0a6) Importer(815301076,1909f56bfc062723c751e8b465ee728b)
Start importing Assets/Asset/Map/TileMap/Wall Tile/Sand_ground_671.asset using Guid(f8adf3eea51a8404ca007391aa21e0a6) Importer(815301076,1909f56bfc062723c751e8b465ee728b) (PreviewImporter) -> (artifact id: 'a8055f879500c2fe77f1be88d8887e06') in 0.02062 seconds
Number of updated asset objects reloaded before import = 0Number of asset objects unloaded after import = 3

========================================================================
Received Import Request.
  Time since last request: 0.000062 seconds.
  path: Assets/Asset/Map/TileMap/Wall Tile/Sand_ground_662.asset
  artifactKey: Guid(5edfaa6044bb9df48bae8e243807798a) Importer(815301076,1909f56bfc062723c751e8b465ee728b)
Start importing Assets/Asset/Map/TileMap/Wall Tile/Sand_ground_662.asset using Guid(5edfaa6044bb9df48bae8e243807798a) Importer(815301076,1909f56bfc062723c751e8b465ee728b) (PreviewImporter) -> (artifact id: 'cfa2c1b761e3223227686a347ac6515a') in 0.0227004 seconds
Number of updated asset objects reloaded before import = 0Number of asset objects unloaded after import = 3

========================================================================
Received Import Request.
  Time since last request: 0.000017 seconds.
  path: Assets/Asset/Map/TileMap/Wall Tile/Sand_ground_679.asset
  artifactKey: Guid(4dd1c7ca2511b324b9bf7d503b15c0d7) Importer(815301076,1909f56bfc062723c751e8b465ee728b)
Start importing Assets/Asset/Map/TileMap/Wall Tile/Sand_ground_679.asset using Guid(4dd1c7ca2511b324b9bf7d503b15c0d7) Importer(815301076,1909f56bfc062723c751e8b465ee728b) (PreviewImporter) -> (artifact id: '7d5a2e20e811d5d2f8a97e030cc2b557') in 0.006332 seconds
Number of updated asset objects reloaded before import = 0Number of asset objects unloaded after import = 3

========================================================================
Received Import Request.
  Time since last request: 0.000017 seconds.
  path: Assets/Asset/Map/TileMap/Wall Tile/Sand_ground_673.asset
  artifactKey: Guid(35ef75af53f43064f8e456cf7ad1d5f5) Importer(815301076,1909f56bfc062723c751e8b465ee728b)
Start importing Assets/Asset/Map/TileMap/Wall Tile/Sand_ground_673.asset using Guid(35ef75af53f43064f8e456cf7ad1d5f5) Importer(815301076,1909f56bfc062723c751e8b465ee728b) (PreviewImporter) -> (artifact id: 'ccc56b93a071efa314a8b39e136f4d84') in 0.0064693 seconds
Number of updated asset objects reloaded before import = 0Number of asset objects unloaded after import = 3

Editor requested this worker to shutdown with reason: Scaling down because of idle timeout
AssetImportWorker is now disconnected from the server
Process exiting
Exiting without the bug reporter. Application will terminate with return code 0